1775266368.760146 client started (4097): version 3.2a, socket /tmp/tmux-0/default, protocol 8
1775266368.760160 on Linux 6.8.0-90-generic #91~22.04.1-Ubuntu SMP PREEMPT_DYNAMIC Thu Nov 20 15:20:45 UTC 2
1775266368.760162 using libevent 2.1.12-stable (poll); ncurses 6.3
1775266368.760171 flags are 0x18010000
1775266368.760172 socket is /tmp/tmux-0/default
1775266368.760179 trying connect
1775266368.760190 connect failed: No such file or directory
1775266368.760194 lock file is /tmp/tmux-0/default.lock
1775266368.760204 flock succeeded
1775266368.760206 got lock (6)
1775266368.760208 trying connect
1775266368.760211 connect failed: No such file or directory
1775266368.760367 add peer 0x61c278a4bb20: 7 ((nil))
1775266368.760667 sending message 100 to peer 0x61c278a4bb20 (4 bytes)
1775266368.760673 sending message 111 to peer 0x61c278a4bb20 (8 bytes)
1775266368.760675 sending message 101 to peer 0x61c278a4bb20 (15 bytes)
1775266368.760676 sending message 109 to peer 0x61c278a4bb20 (4 bytes)
1775266368.760677 sending message 102 to peer 0x61c278a4bb20 (11 bytes)
1775266368.760679 sending message 108 to peer 0x61c278a4bb20 (17 bytes)
1775266368.760680 sending message 112 to peer 0x61c278a4bb20 (58 bytes)
1775266368.760682 sending message 112 to peer 0x61c278a4bb20 (5 bytes)
1775266368.760683 sending message 112 to peer 0x61c278a4bb20 (5 bytes)
1775266368.760685 sending message 112 to peer 0x61c278a4bb20 (6 bytes)
1775266368.760686 sending message 112 to peer 0x61c278a4bb20 (6 bytes)
1775266368.760688 sending message 112 to peer 0x61c278a4bb20 (11 bytes)
1775266368.760689 sending message 112 to peer 0x61c278a4bb20 (10 bytes)
1775266368.760690 sending message 112 to peer 0x61c278a4bb20 (13 bytes)
1775266368.760692 sending message 112 to peer 0x61c278a4bb20 (14 bytes)
1775266368.760693 sending message 112 to peer 0x61c278a4bb20 (19 bytes)
1775266368.760695 sending message 112 to peer 0x61c278a4bb20 (11 bytes)
1775266368.760696 sending message 112 to peer 0x61c278a4bb20 (10 bytes)
1775266368.760697 sending message 112 to peer 0x61c278a4bb20 (15 bytes)
1775266368.760699 sending message 112 to peer 0x61c278a4bb20 (21 bytes)
1775266368.760700 sending message 112 to peer 0x61c278a4bb20 (13 bytes)
1775266368.760701 sending message 112 to peer 0x61c278a4bb20 (7 bytes)
1775266368.760703 sending message 112 to peer 0x61c278a4bb20 (13 bytes)
1775266368.760704 sending message 112 to peer 0x61c278a4bb20 (7 bytes)
1775266368.760706 sending message 112 to peer 0x61c278a4bb20 (13 bytes)
1775266368.760707 sending message 112 to peer 0x61c278a4bb20 (9 bytes)
1775266368.760708 sending message 112 to peer 0x61c278a4bb20 (21 bytes)
1775266368.760710 sending message 112 to peer 0x61c278a4bb20 (13 bytes)
1775266368.760711 sending message 112 to peer 0x61c278a4bb20 (9 bytes)
1775266368.760713 sending message 112 to peer 0x61c278a4bb20 (16 bytes)
1775266368.760714 sending message 112 to peer 0x61c278a4bb20 (13 bytes)
1775266368.760716 sending message 112 to peer 0x61c278a4bb20 (9 bytes)
1775266368.760717 sending message 112 to peer 0x61c278a4bb20 (9 bytes)
1775266368.760718 sending message 112 to peer 0x61c278a4bb20 (12 bytes)
1775266368.760720 sending message 112 to peer 0x61c278a4bb20 (8 bytes)
1775266368.760721 sending message 112 to peer 0x61c278a4bb20 (8 bytes)
1775266368.760722 sending message 112 to peer 0x61c278a4bb20 (13 bytes)
1775266368.760724 sending message 112 to peer 0x61c278a4bb20 (7 bytes)
1775266368.760725 sending message 112 to peer 0x61c278a4bb20 (7 bytes)
1775266368.760727 sending message 112 to peer 0x61c278a4bb20 (9 bytes)
1775266368.760728 sending message 112 to peer 0x61c278a4bb20 (9 bytes)
1775266368.760729 sending message 112 to peer 0x61c278a4bb20 (15 bytes)
1775266368.760731 sending message 112 to peer 0x61c278a4bb20 (13 bytes)
1775266368.760732 sending message 112 to peer 0x61c278a4bb20 (12 bytes)
1775266368.760733 sending message 112 to peer 0x61c278a4bb20 (8 bytes)
1775266368.760735 sending message 112 to peer 0x61c278a4bb20 (14 bytes)
1775266368.760736 sending message 112 to peer 0x61c278a4bb20 (11 bytes)
1775266368.760737 sending message 112 to peer 0x61c278a4bb20 (9 bytes)
1775266368.760744 sending message 112 to peer 0x61c278a4bb20 (10 bytes)
1775266368.760746 sending message 112 to peer 0x61c278a4bb20 (10 bytes)
1775266368.760747 sending message 112 to peer 0x61c278a4bb20 (10 bytes)
1775266368.760748 sending message 112 to peer 0x61c278a4bb20 (10 bytes)
1775266368.760750 sending message 112 to peer 0x61c278a4bb20 (11 bytes)
1775266368.760751 sending message 112 to peer 0x61c278a4bb20 (12 bytes)
1775266368.760753 sending message 112 to peer 0x61c278a4bb20 (12 bytes)
1775266368.760754 sending message 112 to peer 0x61c278a4bb20 (12 bytes)
1775266368.760755 sending message 112 to peer 0x61c278a4bb20 (12 bytes)
1775266368.760757 sending message 112 to peer 0x61c278a4bb20 (12 bytes)
1775266368.760758 sending message 112 to peer 0x61c278a4bb20 (11 bytes)
1775266368.760759 sending message 112 to peer 0x61c278a4bb20 (11 bytes)
1775266368.760761 sending message 112 to peer 0x61c278a4bb20 (12 bytes)
1775266368.760762 sending message 112 to peer 0x61c278a4bb20 (12 bytes)
1775266368.760763 sending message 112 to peer 0x61c278a4bb20 (12 bytes)
1775266368.760765 sending message 112 to peer 0x61c278a4bb20 (12 bytes)
1775266368.760766 sending message 112 to peer 0x61c278a4bb20 (12 bytes)
1775266368.760767 sending message 112 to peer 0x61c278a4bb20 (9 bytes)
1775266368.760769 sending message 112 to peer 0x61c278a4bb20 (12 bytes)
1775266368.760770 sending message 112 to peer 0x61c278a4bb20 (13 bytes)
1775266368.760771 sending message 112 to peer 0x61c278a4bb20 (13 bytes)
1775266368.760773 sending message 112 to peer 0x61c278a4bb20 (13 bytes)
1775266368.760774 sending message 112 to peer 0x61c278a4bb20 (13 bytes)
1775266368.760775 sending message 112 to peer 0x61c278a4bb20 (13 bytes)
1775266368.760777 sending message 112 to peer 0x61c278a4bb20 (8 bytes)
1775266368.760778 sending message 112 to peer 0x61c278a4bb20 (11 bytes)
1775266368.760779 sending message 112 to peer 0x61c278a4bb20 (11 bytes)
1775266368.760781 sending message 112 to peer 0x61c278a4bb20 (11 bytes)
1775266368.760782 sending message 112 to peer 0x61c278a4bb20 (12 bytes)
1775266368.760783 sending message 112 to peer 0x61c278a4bb20 (12 bytes)
1775266368.760785 sending message 112 to peer 0x61c278a4bb20 (12 bytes)
1775266368.760786 sending message 112 to peer 0x61c278a4bb20 (12 bytes)
1775266368.760787 sending message 112 to peer 0x61c278a4bb20 (13 bytes)
1775266368.760789 sending message 112 to peer 0x61c278a4bb20 (13 bytes)
1775266368.760790 sending message 112 to peer 0x61c278a4bb20 (13 bytes)
1775266368.760791 sending message 112 to peer 0x61c278a4bb20 (8 bytes)
1775266368.760793 sending message 112 to peer 0x61c278a4bb20 (13 bytes)
1775266368.760794 sending message 112 to peer 0x61c278a4bb20 (13 bytes)
1775266368.760795 sending message 112 to peer 0x61c278a4bb20 (13 bytes)
1775266368.760797 sending message 112 to peer 0x61c278a4bb20 (13 bytes)
1775266368.760798 sending message 112 to peer 0x61c278a4bb20 (13 bytes)
1775266368.760799 sending message 112 to peer 0x61c278a4bb20 (12 bytes)
1775266368.760801 sending message 112 to peer 0x61c278a4bb20 (12 bytes)
1775266368.760802 sending message 112 to peer 0x61c278a4bb20 (12 bytes)
1775266368.760803 sending message 112 to peer 0x61c278a4bb20 (12 bytes)
1775266368.760805 sending message 112 to peer 0x61c278a4bb20 (13 bytes)
1775266368.760806 sending message 112 to peer 0x61c278a4bb20 (8 bytes)
1775266368.760807 sending message 112 to peer 0x61c278a4bb20 (13 bytes)
1775266368.760809 sending message 112 to peer 0x61c278a4bb20 (13 bytes)
1775266368.760810 sending message 112 to peer 0x61c278a4bb20 (13 bytes)
1775266368.760811 sending message 112 to peer 0x61c278a4bb20 (13 bytes)
1775266368.760812 sending message 112 to peer 0x61c278a4bb20 (13 bytes)
1775266368.760814 sending message 112 to peer 0x61c278a4bb20 (13 bytes)
1775266368.760815 sending message 112 to peer 0x61c278a4bb20 (13 bytes)
1775266368.760816 sending message 112 to peer 0x61c278a4bb20 (12 bytes)
1775266368.760818 sending message 112 to peer 0x61c278a4bb20 (12 bytes)
1775266368.760819 sending message 112 to peer 0x61c278a4bb20 (12 bytes)
1775266368.760822 sending message 112 to peer 0x61c278a4bb20 (8 bytes)
1775266368.760824 sending message 112 to peer 0x61c278a4bb20 (12 bytes)
1775266368.760825 sending message 112 to peer 0x61c278a4bb20 (13 bytes)
1775266368.760826 sending message 112 to peer 0x61c278a4bb20 (13 bytes)
1775266368.760828 sending message 112 to peer 0x61c278a4bb20 (13 bytes)
1775266368.760829 sending message 112 to peer 0x61c278a4bb20 (13 bytes)
1775266368.760831 sending message 112 to peer 0x61c278a4bb20 (13 bytes)
1775266368.760832 sending message 112 to peer 0x61c278a4bb20 (13 bytes)
1775266368.760833 sending message 112 to peer 0x61c278a4bb20 (13 bytes)
1775266368.760835 sending message 112 to peer 0x61c278a4bb20 (13 bytes)
1775266368.760836 sending message 112 to peer 0x61c278a4bb20 (12 bytes)
1775266368.760837 sending message 112 to peer 0x61c278a4bb20 (10 bytes)
1775266368.760839 sending message 112 to peer 0x61c278a4bb20 (12 bytes)
1775266368.760840 sending message 112 to peer 0x61c278a4bb20 (12 bytes)
1775266368.760841 sending message 112 to peer 0x61c278a4bb20 (12 bytes)
1775266368.760842 sending message 112 to peer 0x61c278a4bb20 (13 bytes)
1775266368.760844 sending message 112 to peer 0x61c278a4bb20 (13 bytes)
1775266368.760845 sending message 112 to peer 0x61c278a4bb20 (13 bytes)
1775266368.760846 sending message 112 to peer 0x61c278a4bb20 (13 bytes)
1775266368.760848 sending message 112 to peer 0x61c278a4bb20 (13 bytes)
1775266368.760849 sending message 112 to peer 0x61c278a4bb20 (13 bytes)
1775266368.760850 sending message 112 to peer 0x61c278a4bb20 (13 bytes)
1775266368.760852 sending message 112 to peer 0x61c278a4bb20 (10 bytes)
1775266368.760853 sending message 112 to peer 0x61c278a4bb20 (13 bytes)
1775266368.760854 sending message 112 to peer 0x61c278a4bb20 (12 bytes)
1775266368.760856 sending message 112 to peer 0x61c278a4bb20 (12 bytes)
1775266368.760857 sending message 112 to peer 0x61c278a4bb20 (12 bytes)
1775266368.760858 sending message 112 to peer 0x61c278a4bb20 (10 bytes)
1775266368.760860 sending message 112 to peer 0x61c278a4bb20 (10 bytes)
1775266368.760861 sending message 112 to peer 0x61c278a4bb20 (10 bytes)
1775266368.760862 sending message 112 to peer 0x61c278a4bb20 (12 bytes)
1775266368.760864 sending message 112 to peer 0x61c278a4bb20 (13 bytes)
1775266368.760865 sending message 112 to peer 0x61c278a4bb20 (13 bytes)
1775266368.760866 sending message 112 to peer 0x61c278a4bb20 (13 bytes)
1775266368.760868 sending message 112 to peer 0x61c278a4bb20 (13 bytes)
1775266368.760869 sending message 112 to peer 0x61c278a4bb20 (13 bytes)
1775266368.760870 sending message 112 to peer 0x61c278a4bb20 (10 bytes)
1775266368.760871 sending message 112 to peer 0x61c278a4bb20 (11 bytes)
1775266368.760873 sending message 112 to peer 0x61c278a4bb20 (12 bytes)
1775266368.760874 sending message 112 to peer 0x61c278a4bb20 (12 bytes)
1775266368.760875 sending message 112 to peer 0x61c278a4bb20 (12 bytes)
1775266368.760877 sending message 112 to peer 0x61c278a4bb20 (12 bytes)
1775266368.760878 sending message 112 to peer 0x61c278a4bb20 (12 bytes)
1775266368.760879 sending message 112 to peer 0x61c278a4bb20 (11 bytes)
1775266368.760881 sending message 112 to peer 0x61c278a4bb20 (12 bytes)
1775266368.760882 sending message 112 to peer 0x61c278a4bb20 (12 bytes)
1775266368.760883 sending message 112 to peer 0x61c278a4bb20 (13 bytes)
1775266368.760885 sending message 112 to peer 0x61c278a4bb20 (13 bytes)
1775266368.760886 sending message 112 to peer 0x61c278a4bb20 (13 bytes)
1775266368.760887 sending message 112 to peer 0x61c278a4bb20 (13 bytes)
1775266368.760889 sending message 112 to peer 0x61c278a4bb20 (13 bytes)
1775266368.760890 sending message 112 to peer 0x61c278a4bb20 (10 bytes)
1775266368.760891 sending message 112 to peer 0x61c278a4bb20 (9 bytes)
1775266368.760893 sending message 112 to peer 0x61c278a4bb20 (12 bytes)
1775266368.760894 sending message 112 to peer 0x61c278a4bb20 (13 bytes)
1775266368.760895 sending message 112 to peer 0x61c278a4bb20 (13 bytes)
1775266368.760897 sending message 112 to peer 0x61c278a4bb20 (13 bytes)
1775266368.760900 sending message 112 to peer 0x61c278a4bb20 (13 bytes)
1775266368.760901 sending message 112 to peer 0x61c278a4bb20 (13 bytes)
1775266368.760902 sending message 112 to peer 0x61c278a4bb20 (9 bytes)
1775266368.760904 sending message 112 to peer 0x61c278a4bb20 (12 bytes)
1775266368.760905 sending message 112 to peer 0x61c278a4bb20 (13 bytes)
1775266368.760906 sending message 112 to peer 0x61c278a4bb20 (13 bytes)
1775266368.760908 sending message 112 to peer 0x61c278a4bb20 (13 bytes)
1775266368.760909 sending message 112 to peer 0x61c278a4bb20 (13 bytes)
1775266368.760911 sending message 112 to peer 0x61c278a4bb20 (13 bytes)
1775266368.760912 sending message 112 to peer 0x61c278a4bb20 (11 bytes)
1775266368.760913 sending message 112 to peer 0x61c278a4bb20 (12 bytes)
1775266368.760914 sending message 112 to peer 0x61c278a4bb20 (13 bytes)
1775266368.760917 sending message 112 to peer 0x61c278a4bb20 (13 bytes)
1775266368.760919 sending message 112 to peer 0x61c278a4bb20 (13 bytes)
1775266368.760920 sending message 112 to peer 0x61c278a4bb20 (13 bytes)
1775266368.760921 sending message 112 to peer 0x61c278a4bb20 (13 bytes)
1775266368.760922 sending message 112 to peer 0x61c278a4bb20 (11 bytes)
1775266368.760924 sending message 112 to peer 0x61c278a4bb20 (12 bytes)
1775266368.760925 sending message 112 to peer 0x61c278a4bb20 (12 bytes)
1775266368.760926 sending message 112 to peer 0x61c278a4bb20 (12 bytes)
1775266368.760927 sending message 112 to peer 0x61c278a4bb20 (12 bytes)
1775266368.760929 sending message 112 to peer 0x61c278a4bb20 (12 bytes)
1775266368.760930 sending message 112 to peer 0x61c278a4bb20 (21 bytes)
1775266368.760931 sending message 112 to peer 0x61c278a4bb20 (12 bytes)
1775266368.760932 sending message 112 to peer 0x61c278a4bb20 (9 bytes)
1775266368.760934 sending message 112 to peer 0x61c278a4bb20 (6 bytes)
1775266368.760935 sending message 112 to peer 0x61c278a4bb20 (13 bytes)
1775266368.760936 sending message 112 to peer 0x61c278a4bb20 (10 bytes)
1775266368.760939 sending message 112 to peer 0x61c278a4bb20 (24 bytes)
1775266368.760940 sending message 112 to peer 0x61c278a4bb20 (13 bytes)
1775266368.760941 sending message 112 to peer 0x61c278a4bb20 (9 bytes)
1775266368.760943 sending message 112 to peer 0x61c278a4bb20 (70 bytes)
1775266368.760944 sending message 112 to peer 0x61c278a4bb20 (69 bytes)
1775266368.760945 sending message 112 to peer 0x61c278a4bb20 (12 bytes)
1775266368.760947 sending message 112 to peer 0x61c278a4bb20 (10 bytes)
1775266368.760948 sending message 112 to peer 0x61c278a4bb20 (10 bytes)
1775266368.760949 sending message 112 to peer 0x61c278a4bb20 (24 bytes)
1775266368.760950 sending message 112 to peer 0x61c278a4bb20 (13 bytes)
1775266368.760952 sending message 112 to peer 0x61c278a4bb20 (10 bytes)
1775266368.760953 sending message 112 to peer 0x61c278a4bb20 (10 bytes)
1775266368.760954 sending message 112 to peer 0x61c278a4bb20 (10 bytes)
1775266368.760955 sending message 112 to peer 0x61c278a4bb20 (13 bytes)
1775266368.760957 sending message 112 to peer 0x61c278a4bb20 (15 bytes)
1775266368.760958 sending message 112 to peer 0x61c278a4bb20 (5 bytes)
1775266368.760962 sending message 104 to peer 0x61c278a4bb20 (0 bytes)
1775266368.760964 sending message 110 to peer 0x61c278a4bb20 (0 bytes)
1775266368.760966 sending message 107 to peer 0x61c278a4bb20 (4 bytes)
1775266368.760967 sending message 105 to peer 0x61c278a4bb20 (16 bytes)
1775266368.760968 sending message 105 to peer 0x61c278a4bb20 (20 bytes)
1775266368.760970 sending message 105 to peer 0x61c278a4bb20 (29 bytes)
1775266368.760971 sending message 105 to peer 0x61c278a4bb20 (32 bytes)
1775266368.760972 sending message 105 to peer 0x61c278a4bb20 (7 bytes)
1775266368.760974 sending message 105 to peer 0x61c278a4bb20 (18 bytes)
1775266368.760975 sending message 105 to peer 0x61c278a4bb20 (21 bytes)
1775266368.760976 sending message 105 to peer 0x61c278a4bb20 (13 bytes)
1775266368.760978 sending message 105 to peer 0x61c278a4bb20 (21 bytes)
1775266368.760979 sending message 105 to peer 0x61c278a4bb20 (35 bytes)
1775266368.760982 sending message 105 to peer 0x61c278a4bb20 (117 bytes)
1775266368.760983 sending message 105 to peer 0x61c278a4bb20 (15 bytes)
1775266368.760986 sending message 105 to peer 0x61c278a4bb20 (11 bytes)
1775266368.760987 sending message 105 to peer 0x61c278a4bb20 (17 bytes)
1775266368.760989 sending message 105 to peer 0x61c278a4bb20 (1519 bytes)
1775266368.760999 sending message 105 to peer 0x61c278a4bb20 (30 bytes)
1775266368.761001 sending message 105 to peer 0x61c278a4bb20 (131 bytes)
1775266368.761002 sending message 105 to peer 0x61c278a4bb20 (51 bytes)
1775266368.761004 sending message 105 to peer 0x61c278a4bb20 (31 bytes)
1775266368.761005 sending message 105 to peer 0x61c278a4bb20 (35 bytes)
1775266368.761007 sending message 105 to peer 0x61c278a4bb20 (33 bytes)
1775266368.761008 sending message 105 to peer 0x61c278a4bb20 (34 bytes)
1775266368.761009 sending message 105 to peer 0x61c278a4bb20 (24 bytes)
1775266368.761011 sending message 105 to peer 0x61c278a4bb20 (23 bytes)
1775266368.761012 sending message 105 to peer 0x61c278a4bb20 (20 bytes)
1775266368.761013 sending message 105 to peer 0x61c278a4bb20 (11 bytes)
1775266368.761015 sending message 105 to peer 0x61c278a4bb20 (32 bytes)
1775266368.761016 sending message 105 to peer 0x61c278a4bb20 (10 bytes)
1775266368.761017 sending message 105 to peer 0x61c278a4bb20 (61 bytes)
1775266368.761019 sending message 105 to peer 0x61c278a4bb20 (14 bytes)
1775266368.761020 sending message 105 to peer 0x61c278a4bb20 (8 bytes)
1775266368.761021 sending message 105 to peer 0x61c278a4bb20 (18 bytes)
1775266368.761023 sending message 105 to peer 0x61c278a4bb20 (40 bytes)
1775266368.761024 sending message 105 to peer 0x61c278a4bb20 (43 bytes)
1775266368.761025 sending message 105 to peer 0x61c278a4bb20 (28 bytes)
1775266368.761027 sending message 105 to peer 0x61c278a4bb20 (33 bytes)
1775266368.761028 sending message 105 to peer 0x61c278a4bb20 (23 bytes)
1775266368.761029 sending message 105 to peer 0x61c278a4bb20 (17 bytes)
1775266368.761031 sending message 105 to peer 0x61c278a4bb20 (148 bytes)
1775266368.761032 sending message 105 to peer 0x61c278a4bb20 (82 bytes)
1775266368.761034 sending message 105 to peer 0x61c278a4bb20 (119 bytes)
1775266368.761035 sending message 105 to peer 0x61c278a4bb20 (155 bytes)
1775266368.761037 sending message 105 to peer 0x61c278a4bb20 (51 bytes)
1775266368.761038 sending message 105 to peer 0x61c278a4bb20 (27 bytes)
1775266368.761039 sending message 105 to peer 0x61c278a4bb20 (13 bytes)
1775266368.761041 sending message 105 to peer 0x61c278a4bb20 (20 bytes)
1775266368.761042 sending message 105 to peer 0x61c278a4bb20 (85 bytes)
1775266368.761043 sending message 105 to peer 0x61c278a4bb20 (16 bytes)
1775266368.761045 sending message 106 to peer 0x61c278a4bb20 (0 bytes)
1775266368.761048 sending message 200 to peer 0x61c278a4bb20 (4 bytes)
1775266368.761049 client loop enter
1775266368.761074 client_signal: Child exited
1775266368.785045 peer 0x61c278a4bb20 message 207
1775266368.785050 sending message 208 to peer 0x61c278a4bb20 (0 bytes)
1775266380.005864 peer 0x61c278a4bb20 message 203
1775266380.005879 sending message 205 to peer 0x61c278a4bb20 (0 bytes)
1775266380.006121 peer 0x61c278a4bb20 message 204
1775266380.006125 client loop exit
