2026-04-03 21:36:00,025 - INFO - Log directory: ./libcity/log
2026-04-03 21:36:00,026 - INFO - Begin pipeline, task=traffic_state_pred, model_name=MCSTMamba, dataset_name=PEMSD4, exp_id=exp001, epoch=0
2026-04-03 21:36:00,026 - INFO - {'task': 'traffic_state_pred', 'model': 'MCSTMamba', 'dataset': 'PEMSD4', 'saved_model': True, 'train': True, 'exp_id': 'exp001', 'seed': 0, 'dataset_class': 'TrafficStatePointDataset', 'executor': 'TrafficStateExecutor', 'evaluator': 'TrafficStateEvaluator', 'd_model': 96, 'd_state': 96, 'd_conv': 4, 'expand': 2, 'max_epoch': 300, 'batch_size': 96, 'learner': 'adam', 'learning_rate': 0.001, 'lr_decay': True, 'lr_scheduler': 'cosineannealinglr', 'input_window': 12, 'output_window': 12, 'early_stop': True, 'patience': 15, 'weight_decay': 0.0001, 'input_embedding_dim': 24, 'tod_embedding_dim': 24, 'dow_embedding_dim': 24, 'spatial_embedding_dim': 16, 'adaptive_embedding_dim': 80, 'add_time_in_day': True, 'add_day_in_week': True, 'steps_per_day': 288, 'dropout': 0.1, 'cache_dataset': True, 'num_workers': 0, 'pad_with_last_sample': True, 'train_rate': 0.7, 'eval_rate': 0.1, 'scaler': 'none', 'load_external': False, 'normal_external': False, 'ext_scaler': 'none', 'robustness_test': False, 'noise_type': 'gaussian', 'disturb_rate': 0.5, 'noise_mean': [5], 'noise_SD': [10], 'gpu': True, 'gpu_id': 0, 'train_loss': 'none', 'epoch': 0, 'lr_epsilon': 1e-08, 'lr_beta1': 0.9, 'lr_beta2': 0.999, 'lr_alpha': 0.99, 'lr_momentum': 0, 'lr_decay_ratio': 0.1, 'steps': [5, 20, 40, 70], 'step_size': 10, 'lr_T_max': 30, 'lr_eta_min': 0, 'lr_patience': 10, 'lr_threshold': 0.0001, 'clip_grad_norm': False, 'max_grad_norm': 1.0, 'use_early_stop': False, 'log_level': 'INFO', 'log_every': 1, 'load_best_epoch': True, 'hyper_tune': False, 'metrics': ['MAE', 'MAPE', 'MSE', 'RMSE', 'masked_MAE', 'masked_MAPE', 'masked_MSE', 'masked_RMSE', 'R2', 'EVAR'], 'evaluator_mode': 'single', 'save_mode': ['csv'], 'geo': {'including_types': ['Point'], 'Point': {}}, 'rel': {'including_types': ['geo'], 'geo': {'cost': 'num'}}, 'dyna': {'including_types': ['state'], 'state': {'entity_id': 'geo_id', 'traffic_flow': 'num', 'traffic_occupancy': 'num', 'traffic_speed': 'num'}}, 'data_col': ['traffic_flow', 'traffic_occupancy', 'traffic_speed'], 'weight_col': 'cost', 'data_files': ['PEMSD4'], 'geo_file': 'PEMSD4', 'rel_file': 'PEMSD4', 'output_dim': 3, 'time_intervals': 300, 'init_weight_inf_or_zero': 'zero', 'set_weight_link_or_dist': 'link', 'calculate_weight_adj': False, 'weight_adj_epsilon': 0.1, 'device': device(type='cuda', index=0)}
2026-04-03 21:36:00,528 - INFO - Loaded file PEMSD4.geo, num_nodes=307
2026-04-03 21:36:00,530 - INFO - set_weight_link_or_dist: link
2026-04-03 21:36:00,530 - INFO - init_weight_inf_or_zero: zero
2026-04-03 21:36:00,532 - INFO - Loaded file PEMSD4.rel, shape=(307, 307)
2026-04-03 21:36:00,532 - INFO - Loading ./libcity/cache/dataset_cache/point_based_PEMSD4_12_12_0.7_0.1_none_96_False_True_True_True.npz
2026-04-03 21:36:12,866 - INFO - train	x: (11878, 12, 307, 3), y: (11878, 12, 307, 3)
2026-04-03 21:36:12,866 - INFO - eval	x: (1697, 12, 307, 3), y: (1697, 12, 307, 3)
2026-04-03 21:36:12,866 - INFO - test	x: (3394, 12, 307, 3), y: (3394, 12, 307, 3)
2026-04-03 21:36:12,866 - INFO - NoneScaler
2026-04-03 21:36:12,866 - INFO - NoneScaler
2026-04-03 21:36:18,842 - INFO - Building simplified MCSTMamba model with just two Mamba blocks
2026-04-03 21:36:18,855 - INFO - Simplified MCSTMamba model configured for device: cuda:0
2026-04-03 21:36:19,581 - INFO - MCSTMamba(
  (input_proj): Linear(in_features=3, out_features=24, bias=True)
  (tod_embedding): Embedding(288, 24)
  (dow_embedding): Embedding(7, 24)
  (mamba_input_proj): Linear(in_features=168, out_features=96, bias=True)
  (temporal_block): SimpleMambaBlock(
    (layer_norm): LayerNorm((96,), eps=1e-05, elementwise_affine=True)
    (mamba): Mamba(
      (in_proj): Linear(in_features=96, out_features=384, bias=False)
      (conv1d): Conv1d(192, 192, kernel_size=(4,), stride=(1,), padding=(3,), groups=192)
      (act): SiLU()
      (x_proj): Linear(in_features=192, out_features=198, bias=False)
      (dt_proj): Linear(in_features=6, out_features=192, bias=True)
      (out_proj): Linear(in_features=192, out_features=96, bias=False)
    )
    (dropout): Dropout(p=0.1, inplace=False)
    (feed_forward): Sequential(
      (0): Linear(in_features=96, out_features=384, bias=True)
      (1): GELU(approximate='none')
      (2): Dropout(p=0.1, inplace=False)
      (3): Linear(in_features=384, out_features=96, bias=True)
    )
    (ff_norm): LayerNorm((96,), eps=1e-05, elementwise_affine=True)
    (ff_dropout): Dropout(p=0.1, inplace=False)
  )
  (spatial_block): SimpleMambaBlock(
    (layer_norm): LayerNorm((96,), eps=1e-05, elementwise_affine=True)
    (mamba): Mamba(
      (in_proj): Linear(in_features=96, out_features=384, bias=False)
      (conv1d): Conv1d(192, 192, kernel_size=(4,), stride=(1,), padding=(3,), groups=192)
      (act): SiLU()
      (x_proj): Linear(in_features=192, out_features=198, bias=False)
      (dt_proj): Linear(in_features=6, out_features=192, bias=True)
      (out_proj): Linear(in_features=192, out_features=96, bias=False)
    )
    (dropout): Dropout(p=0.1, inplace=False)
    (feed_forward): Sequential(
      (0): Linear(in_features=96, out_features=384, bias=True)
      (1): GELU(approximate='none')
      (2): Dropout(p=0.1, inplace=False)
      (3): Linear(in_features=384, out_features=96, bias=True)
    )
    (ff_norm): LayerNorm((96,), eps=1e-05, elementwise_affine=True)
    (ff_dropout): Dropout(p=0.1, inplace=False)
  )
  (output_proj): Linear(in_features=96, out_features=3, bias=True)
  (final_layer_norm): LayerNorm((96,), eps=1e-05, elementwise_affine=True)
)
2026-04-03 21:36:19,582 - INFO - spatial_embedding	torch.Size([307, 16])	cuda:0	True
2026-04-03 21:36:19,582 - INFO - adaptive_embedding	torch.Size([12, 307, 80])	cuda:0	True
2026-04-03 21:36:19,582 - INFO - combine_weights	torch.Size([2, 96])	cuda:0	True
2026-04-03 21:36:19,583 - INFO - input_proj.weight	torch.Size([24, 3])	cuda:0	True
2026-04-03 21:36:19,583 - INFO - input_proj.bias	torch.Size([24])	cuda:0	True
2026-04-03 21:36:19,583 - INFO - tod_embedding.weight	torch.Size([288, 24])	cuda:0	True
2026-04-03 21:36:19,583 - INFO - dow_embedding.weight	torch.Size([7, 24])	cuda:0	True
2026-04-03 21:36:19,583 - INFO - mamba_input_proj.weight	torch.Size([96, 168])	cuda:0	True
2026-04-03 21:36:19,583 - INFO - mamba_input_proj.bias	torch.Size([96])	cuda:0	True
2026-04-03 21:36:19,583 - INFO - temporal_block.layer_norm.weight	torch.Size([96])	cuda:0	True
2026-04-03 21:36:19,583 - INFO - temporal_block.layer_norm.bias	torch.Size([96])	cuda:0	True
2026-04-03 21:36:19,583 - INFO - temporal_block.mamba.A_log	torch.Size([192, 96])	cuda:0	True
2026-04-03 21:36:19,583 - INFO - temporal_block.mamba.D	torch.Size([192])	cuda:0	True
2026-04-03 21:36:19,583 - INFO - temporal_block.mamba.in_proj.weight	torch.Size([384, 96])	cuda:0	True
2026-04-03 21:36:19,583 - INFO - temporal_block.mamba.conv1d.weight	torch.Size([192, 1, 4])	cuda:0	True
2026-04-03 21:36:19,583 - INFO - temporal_block.mamba.conv1d.bias	torch.Size([192])	cuda:0	True
2026-04-03 21:36:19,584 - INFO - temporal_block.mamba.x_proj.weight	torch.Size([198, 192])	cuda:0	True
2026-04-03 21:36:19,584 - INFO - temporal_block.mamba.dt_proj.weight	torch.Size([192, 6])	cuda:0	True
2026-04-03 21:36:19,584 - INFO - temporal_block.mamba.dt_proj.bias	torch.Size([192])	cuda:0	True
2026-04-03 21:36:19,584 - INFO - temporal_block.mamba.out_proj.weight	torch.Size([96, 192])	cuda:0	True
2026-04-03 21:36:19,584 - INFO - temporal_block.feed_forward.0.weight	torch.Size([384, 96])	cuda:0	True
2026-04-03 21:36:19,584 - INFO - temporal_block.feed_forward.0.bias	torch.Size([384])	cuda:0	True
2026-04-03 21:36:19,584 - INFO - temporal_block.feed_forward.3.weight	torch.Size([96, 384])	cuda:0	True
2026-04-03 21:36:19,584 - INFO - temporal_block.feed_forward.3.bias	torch.Size([96])	cuda:0	True
2026-04-03 21:36:19,584 - INFO - temporal_block.ff_norm.weight	torch.Size([96])	cuda:0	True
2026-04-03 21:36:19,584 - INFO - temporal_block.ff_norm.bias	torch.Size([96])	cuda:0	True
2026-04-03 21:36:19,584 - INFO - spatial_block.layer_norm.weight	torch.Size([96])	cuda:0	True
2026-04-03 21:36:19,584 - INFO - spatial_block.layer_norm.bias	torch.Size([96])	cuda:0	True
2026-04-03 21:36:19,585 - INFO - spatial_block.mamba.A_log	torch.Size([192, 96])	cuda:0	True
2026-04-03 21:36:19,585 - INFO - spatial_block.mamba.D	torch.Size([192])	cuda:0	True
2026-04-03 21:36:19,585 - INFO - spatial_block.mamba.in_proj.weight	torch.Size([384, 96])	cuda:0	True
2026-04-03 21:36:19,585 - INFO - spatial_block.mamba.conv1d.weight	torch.Size([192, 1, 4])	cuda:0	True
2026-04-03 21:36:19,585 - INFO - spatial_block.mamba.conv1d.bias	torch.Size([192])	cuda:0	True
2026-04-03 21:36:19,585 - INFO - spatial_block.mamba.x_proj.weight	torch.Size([198, 192])	cuda:0	True
2026-04-03 21:36:19,585 - INFO - spatial_block.mamba.dt_proj.weight	torch.Size([192, 6])	cuda:0	True
2026-04-03 21:36:19,585 - INFO - spatial_block.mamba.dt_proj.bias	torch.Size([192])	cuda:0	True
2026-04-03 21:36:19,585 - INFO - spatial_block.mamba.out_proj.weight	torch.Size([96, 192])	cuda:0	True
2026-04-03 21:36:19,585 - INFO - spatial_block.feed_forward.0.weight	torch.Size([384, 96])	cuda:0	True
2026-04-03 21:36:19,585 - INFO - spatial_block.feed_forward.0.bias	torch.Size([384])	cuda:0	True
2026-04-03 21:36:19,585 - INFO - spatial_block.feed_forward.3.weight	torch.Size([96, 384])	cuda:0	True
2026-04-03 21:36:19,585 - INFO - spatial_block.feed_forward.3.bias	torch.Size([96])	cuda:0	True
2026-04-03 21:36:19,585 - INFO - spatial_block.ff_norm.weight	torch.Size([96])	cuda:0	True
2026-04-03 21:36:19,586 - INFO - spatial_block.ff_norm.bias	torch.Size([96])	cuda:0	True
2026-04-03 21:36:19,586 - INFO - output_proj.weight	torch.Size([3, 96])	cuda:0	True
2026-04-03 21:36:19,586 - INFO - output_proj.bias	torch.Size([3])	cuda:0	True
2026-04-03 21:36:19,586 - INFO - final_layer_norm.weight	torch.Size([96])	cuda:0	True
2026-04-03 21:36:19,586 - INFO - final_layer_norm.bias	torch.Size([96])	cuda:0	True
2026-04-03 21:36:19,586 - INFO - Total parameter numbers: 701371
2026-04-03 21:36:19,586 - INFO - You select `adam` optimizer.
2026-04-03 21:36:19,586 - INFO - You select `cosineannealinglr` lr_scheduler.
2026-04-03 21:36:19,587 - WARNING - Received none train loss func and will use the loss func defined in the model.
2026-04-03 21:36:19,587 - INFO - Start training ...
2026-04-03 21:36:19,587 - INFO - num_batches:124
2026-04-03 21:46:56,208 - INFO - epoch complete!
2026-04-03 21:46:56,227 - INFO - evaluating now!
2026-04-03 21:47:36,000 - INFO - Epoch [0/300] train_loss: 85.0906, val_loss: 82.1941, lr: 0.000997, 676.41s
2026-04-03 21:47:36,038 - INFO - Saved model at 0
2026-04-03 21:47:36,038 - INFO - Val loss decrease from inf to 82.1941, saving to ./libcity/cache/exp001/model_cache/MCSTMamba_PEMSD4_epoch0.tar
2026-04-03 21:59:01,706 - INFO - epoch complete!
2026-04-03 21:59:01,732 - INFO - evaluating now!
2026-04-03 21:59:45,729 - INFO - Epoch [1/300] train_loss: 70.6710, val_loss: 65.7981, lr: 0.000989, 729.69s
2026-04-03 21:59:45,761 - INFO - Saved model at 1
2026-04-03 21:59:45,761 - INFO - Val loss decrease from 82.1941 to 65.7981, saving to ./libcity/cache/exp001/model_cache/MCSTMamba_PEMSD4_epoch1.tar
2026-04-03 22:10:55,125 - INFO - epoch complete!
2026-04-03 22:10:55,125 - INFO - evaluating now!
2026-04-03 22:11:40,251 - INFO - Epoch [2/300] train_loss: 55.5210, val_loss: 55.1050, lr: 0.000976, 714.49s
2026-04-03 22:11:40,282 - INFO - Saved model at 2
2026-04-03 22:11:40,282 - INFO - Val loss decrease from 65.7981 to 55.1050, saving to ./libcity/cache/exp001/model_cache/MCSTMamba_PEMSD4_epoch2.tar
2026-04-03 22:22:35,029 - INFO - epoch complete!
2026-04-03 22:22:35,030 - INFO - evaluating now!
2026-04-03 22:23:20,301 - INFO - Epoch [3/300] train_loss: 48.2805, val_loss: 47.9879, lr: 0.000957, 700.02s
2026-04-03 22:23:20,360 - INFO - Saved model at 3
2026-04-03 22:23:20,361 - INFO - Val loss decrease from 55.1050 to 47.9879, saving to ./libcity/cache/exp001/model_cache/MCSTMamba_PEMSD4_epoch3.tar
2026-04-03 22:33:49,999 - INFO - epoch complete!
2026-04-03 22:33:50,000 - INFO - evaluating now!
2026-04-03 22:34:30,412 - INFO - Epoch [4/300] train_loss: 40.8370, val_loss: 39.9556, lr: 0.000933, 670.05s
2026-04-03 22:34:30,439 - INFO - Saved model at 4
2026-04-03 22:34:30,439 - INFO - Val loss decrease from 47.9879 to 39.9556, saving to ./libcity/cache/exp001/model_cache/MCSTMamba_PEMSD4_epoch4.tar
2026-04-03 22:45:24,656 - INFO - epoch complete!
2026-04-03 22:45:24,657 - INFO - evaluating now!
2026-04-03 22:46:07,231 - INFO - Epoch [5/300] train_loss: 33.4574, val_loss: 32.7613, lr: 0.000905, 696.79s
2026-04-03 22:46:07,261 - INFO - Saved model at 5
2026-04-03 22:46:07,261 - INFO - Val loss decrease from 39.9556 to 32.7613, saving to ./libcity/cache/exp001/model_cache/MCSTMamba_PEMSD4_epoch5.tar
2026-04-03 22:56:58,591 - INFO - epoch complete!
2026-04-03 22:56:58,592 - INFO - evaluating now!
2026-04-03 22:57:39,390 - INFO - Epoch [6/300] train_loss: 27.4733, val_loss: 27.0733, lr: 0.000872, 692.13s
2026-04-03 22:57:39,417 - INFO - Saved model at 6
2026-04-03 22:57:39,417 - INFO - Val loss decrease from 32.7613 to 27.0733, saving to ./libcity/cache/exp001/model_cache/MCSTMamba_PEMSD4_epoch6.tar
2026-04-03 23:08:35,421 - INFO - epoch complete!
2026-04-03 23:08:35,421 - INFO - evaluating now!
2026-04-03 23:09:16,273 - INFO - Epoch [7/300] train_loss: 22.9346, val_loss: 22.9662, lr: 0.000835, 696.86s
2026-04-03 23:09:16,304 - INFO - Saved model at 7
2026-04-03 23:09:16,304 - INFO - Val loss decrease from 27.0733 to 22.9662, saving to ./libcity/cache/exp001/model_cache/MCSTMamba_PEMSD4_epoch7.tar
2026-04-03 23:20:23,120 - INFO - epoch complete!
2026-04-03 23:20:23,121 - INFO - evaluating now!
2026-04-03 23:21:04,201 - INFO - Epoch [8/300] train_loss: 19.4832, val_loss: 19.5257, lr: 0.000794, 707.90s
2026-04-03 23:21:04,230 - INFO - Saved model at 8
2026-04-03 23:21:04,230 - INFO - Val loss decrease from 22.9662 to 19.5257, saving to ./libcity/cache/exp001/model_cache/MCSTMamba_PEMSD4_epoch8.tar
2026-04-03 23:31:59,429 - INFO - epoch complete!
2026-04-03 23:31:59,431 - INFO - evaluating now!
2026-04-03 23:32:40,506 - INFO - Epoch [9/300] train_loss: 16.9708, val_loss: 17.0490, lr: 0.000750, 696.28s
2026-04-03 23:32:40,534 - INFO - Saved model at 9
2026-04-03 23:32:40,534 - INFO - Val loss decrease from 19.5257 to 17.0490, saving to ./libcity/cache/exp001/model_cache/MCSTMamba_PEMSD4_epoch9.tar
2026-04-03 23:43:15,810 - INFO - epoch complete!
2026-04-03 23:43:15,811 - INFO - evaluating now!
2026-04-03 23:43:56,460 - INFO - Epoch [10/300] train_loss: 15.2149, val_loss: 15.3772, lr: 0.000703, 675.93s
2026-04-03 23:43:56,493 - INFO - Saved model at 10
2026-04-03 23:43:56,493 - INFO - Val loss decrease from 17.0490 to 15.3772, saving to ./libcity/cache/exp001/model_cache/MCSTMamba_PEMSD4_epoch10.tar
2026-04-03 23:54:22,668 - INFO - epoch complete!
2026-04-03 23:54:22,668 - INFO - evaluating now!
2026-04-03 23:55:04,716 - INFO - Epoch [11/300] train_loss: 13.9274, val_loss: 14.2314, lr: 0.000655, 668.22s
2026-04-03 23:55:04,749 - INFO - Saved model at 11
2026-04-03 23:55:04,749 - INFO - Val loss decrease from 15.3772 to 14.2314, saving to ./libcity/cache/exp001/model_cache/MCSTMamba_PEMSD4_epoch11.tar
2026-04-04 00:06:07,568 - INFO - epoch complete!
2026-04-04 00:06:07,568 - INFO - evaluating now!
2026-04-04 00:06:47,337 - INFO - Epoch [12/300] train_loss: 13.0412, val_loss: 13.4781, lr: 0.000604, 702.59s
2026-04-04 00:06:47,365 - INFO - Saved model at 12
2026-04-04 00:06:47,365 - INFO - Val loss decrease from 14.2314 to 13.4781, saving to ./libcity/cache/exp001/model_cache/MCSTMamba_PEMSD4_epoch12.tar
2026-04-04 00:17:25,809 - INFO - epoch complete!
2026-04-04 00:17:25,810 - INFO - evaluating now!
2026-04-04 00:18:05,810 - INFO - Epoch [13/300] train_loss: 12.4304, val_loss: 12.9071, lr: 0.000552, 678.44s
2026-04-04 00:18:05,838 - INFO - Saved model at 13
2026-04-04 00:18:05,839 - INFO - Val loss decrease from 13.4781 to 12.9071, saving to ./libcity/cache/exp001/model_cache/MCSTMamba_PEMSD4_epoch13.tar
2026-04-04 00:28:55,051 - INFO - epoch complete!
2026-04-04 00:28:55,052 - INFO - evaluating now!
2026-04-04 00:29:36,273 - INFO - Epoch [14/300] train_loss: 11.9640, val_loss: 12.4730, lr: 0.000500, 690.43s
2026-04-04 00:29:36,300 - INFO - Saved model at 14
2026-04-04 00:29:36,300 - INFO - Val loss decrease from 12.9071 to 12.4730, saving to ./libcity/cache/exp001/model_cache/MCSTMamba_PEMSD4_epoch14.tar
2026-04-04 00:40:28,731 - INFO - epoch complete!
2026-04-04 00:40:28,731 - INFO - evaluating now!
2026-04-04 00:41:09,147 - INFO - Epoch [15/300] train_loss: 11.6215, val_loss: 12.0566, lr: 0.000448, 692.85s
2026-04-04 00:41:09,173 - INFO - Saved model at 15
2026-04-04 00:41:09,174 - INFO - Val loss decrease from 12.4730 to 12.0566, saving to ./libcity/cache/exp001/model_cache/MCSTMamba_PEMSD4_epoch15.tar
2026-04-04 00:51:35,606 - INFO - epoch complete!
2026-04-04 00:51:35,606 - INFO - evaluating now!
2026-04-04 00:52:15,269 - INFO - Epoch [16/300] train_loss: 11.3361, val_loss: 11.7463, lr: 0.000396, 666.09s
2026-04-04 00:52:15,294 - INFO - Saved model at 16
2026-04-04 00:52:15,294 - INFO - Val loss decrease from 12.0566 to 11.7463, saving to ./libcity/cache/exp001/model_cache/MCSTMamba_PEMSD4_epoch16.tar
2026-04-04 01:02:59,759 - INFO - epoch complete!
2026-04-04 01:02:59,760 - INFO - evaluating now!
2026-04-04 01:03:39,464 - INFO - Epoch [17/300] train_loss: 11.1566, val_loss: 11.5202, lr: 0.000345, 684.17s
2026-04-04 01:03:39,490 - INFO - Saved model at 17
2026-04-04 01:03:39,490 - INFO - Val loss decrease from 11.7463 to 11.5202, saving to ./libcity/cache/exp001/model_cache/MCSTMamba_PEMSD4_epoch17.tar
2026-04-04 01:14:19,722 - INFO - epoch complete!
2026-04-04 01:14:19,723 - INFO - evaluating now!
2026-04-04 01:14:59,700 - INFO - Epoch [18/300] train_loss: 10.9704, val_loss: 11.3316, lr: 0.000297, 680.21s
2026-04-04 01:14:59,728 - INFO - Saved model at 18
2026-04-04 01:14:59,728 - INFO - Val loss decrease from 11.5202 to 11.3316, saving to ./libcity/cache/exp001/model_cache/MCSTMamba_PEMSD4_epoch18.tar
2026-04-04 01:25:27,798 - INFO - epoch complete!
2026-04-04 01:25:27,798 - INFO - evaluating now!
2026-04-04 01:26:07,830 - INFO - Epoch [19/300] train_loss: 10.8265, val_loss: 11.1930, lr: 0.000250, 668.10s
2026-04-04 01:26:07,857 - INFO - Saved model at 19
2026-04-04 01:26:07,857 - INFO - Val loss decrease from 11.3316 to 11.1930, saving to ./libcity/cache/exp001/model_cache/MCSTMamba_PEMSD4_epoch19.tar
2026-04-04 01:37:02,944 - INFO - epoch complete!
2026-04-04 01:37:02,945 - INFO - evaluating now!
2026-04-04 01:37:43,258 - INFO - Epoch [20/300] train_loss: 10.7300, val_loss: 11.1365, lr: 0.000206, 695.40s
2026-04-04 01:37:43,284 - INFO - Saved model at 20
2026-04-04 01:37:43,285 - INFO - Val loss decrease from 11.1930 to 11.1365, saving to ./libcity/cache/exp001/model_cache/MCSTMamba_PEMSD4_epoch20.tar
2026-04-04 01:48:18,105 - INFO - epoch complete!
2026-04-04 01:48:18,106 - INFO - evaluating now!
2026-04-04 01:48:58,394 - INFO - Epoch [21/300] train_loss: 10.6285, val_loss: 11.0251, lr: 0.000165, 675.11s
2026-04-04 01:48:58,423 - INFO - Saved model at 21
2026-04-04 01:48:58,423 - INFO - Val loss decrease from 11.1365 to 11.0251, saving to ./libcity/cache/exp001/model_cache/MCSTMamba_PEMSD4_epoch21.tar
2026-04-04 01:59:25,486 - INFO - epoch complete!
2026-04-04 01:59:25,486 - INFO - evaluating now!
2026-04-04 02:00:05,856 - INFO - Epoch [22/300] train_loss: 10.5463, val_loss: 10.9130, lr: 0.000128, 667.43s
2026-04-04 02:00:05,881 - INFO - Saved model at 22
2026-04-04 02:00:05,881 - INFO - Val loss decrease from 11.0251 to 10.9130, saving to ./libcity/cache/exp001/model_cache/MCSTMamba_PEMSD4_epoch22.tar
2026-04-04 02:10:46,951 - INFO - epoch complete!
2026-04-04 02:10:46,952 - INFO - evaluating now!
2026-04-04 02:11:32,410 - INFO - Epoch [23/300] train_loss: 10.4899, val_loss: 10.8957, lr: 0.000095, 686.53s
2026-04-04 02:11:32,441 - INFO - Saved model at 23
2026-04-04 02:11:32,441 - INFO - Val loss decrease from 10.9130 to 10.8957, saving to ./libcity/cache/exp001/model_cache/MCSTMamba_PEMSD4_epoch23.tar
2026-04-04 02:22:02,284 - INFO - epoch complete!
2026-04-04 02:22:02,284 - INFO - evaluating now!
2026-04-04 02:22:41,967 - INFO - Epoch [24/300] train_loss: 10.4429, val_loss: 10.8423, lr: 0.000067, 669.53s
2026-04-04 02:22:41,993 - INFO - Saved model at 24
2026-04-04 02:22:41,993 - INFO - Val loss decrease from 10.8957 to 10.8423, saving to ./libcity/cache/exp001/model_cache/MCSTMamba_PEMSD4_epoch24.tar
2026-04-04 02:33:03,646 - INFO - epoch complete!
2026-04-04 02:33:03,647 - INFO - evaluating now!
2026-04-04 02:33:43,754 - INFO - Epoch [25/300] train_loss: 10.4113, val_loss: 10.8150, lr: 0.000043, 661.76s
2026-04-04 02:33:43,782 - INFO - Saved model at 25
2026-04-04 02:33:43,782 - INFO - Val loss decrease from 10.8423 to 10.8150, saving to ./libcity/cache/exp001/model_cache/MCSTMamba_PEMSD4_epoch25.tar
2026-04-04 02:44:04,305 - INFO - epoch complete!
2026-04-04 02:44:04,305 - INFO - evaluating now!
2026-04-04 02:44:44,397 - INFO - Epoch [26/300] train_loss: 10.3886, val_loss: 10.7716, lr: 0.000024, 660.61s
2026-04-04 02:44:44,425 - INFO - Saved model at 26
2026-04-04 02:44:44,425 - INFO - Val loss decrease from 10.8150 to 10.7716, saving to ./libcity/cache/exp001/model_cache/MCSTMamba_PEMSD4_epoch26.tar
2026-04-04 02:55:08,286 - INFO - epoch complete!
2026-04-04 02:55:08,287 - INFO - evaluating now!
2026-04-04 02:55:48,033 - INFO - Epoch [27/300] train_loss: 10.3684, val_loss: 10.7834, lr: 0.000011, 663.61s
2026-04-04 03:06:32,558 - INFO - epoch complete!
2026-04-04 03:06:32,559 - INFO - evaluating now!
2026-04-04 03:07:13,122 - INFO - Epoch [28/300] train_loss: 10.3592, val_loss: 10.7621, lr: 0.000003, 685.09s
2026-04-04 03:07:13,157 - INFO - Saved model at 28
2026-04-04 03:07:13,157 - INFO - Val loss decrease from 10.7716 to 10.7621, saving to ./libcity/cache/exp001/model_cache/MCSTMamba_PEMSD4_epoch28.tar
2026-04-04 03:17:57,099 - INFO - epoch complete!
2026-04-04 03:17:57,099 - INFO - evaluating now!
2026-04-04 03:18:37,713 - INFO - Epoch [29/300] train_loss: 10.3534, val_loss: 10.7572, lr: 0.000000, 684.55s
2026-04-04 03:18:37,739 - INFO - Saved model at 29
2026-04-04 03:18:37,740 - INFO - Val loss decrease from 10.7621 to 10.7572, saving to ./libcity/cache/exp001/model_cache/MCSTMamba_PEMSD4_epoch29.tar
2026-04-04 03:29:26,187 - INFO - epoch complete!
2026-04-04 03:29:26,188 - INFO - evaluating now!
2026-04-04 03:30:07,878 - INFO - Epoch [30/300] train_loss: 10.3531, val_loss: 10.7600, lr: 0.000003, 690.14s
2026-04-04 03:41:02,926 - INFO - epoch complete!
2026-04-04 03:41:02,927 - INFO - evaluating now!
2026-04-04 03:41:44,412 - INFO - Epoch [31/300] train_loss: 10.3526, val_loss: 10.7540, lr: 0.000011, 696.53s
2026-04-04 03:41:44,446 - INFO - Saved model at 31
2026-04-04 03:41:44,446 - INFO - Val loss decrease from 10.7572 to 10.7540, saving to ./libcity/cache/exp001/model_cache/MCSTMamba_PEMSD4_epoch31.tar
2026-04-04 03:52:28,012 - INFO - epoch complete!
2026-04-04 03:52:28,013 - INFO - evaluating now!
2026-04-04 03:53:08,525 - INFO - Epoch [32/300] train_loss: 10.3516, val_loss: 10.7570, lr: 0.000024, 684.08s
2026-04-04 04:03:54,334 - INFO - epoch complete!
2026-04-04 04:03:54,336 - INFO - evaluating now!
2026-04-04 04:04:35,195 - INFO - Epoch [33/300] train_loss: 10.3461, val_loss: 10.7428, lr: 0.000043, 686.67s
2026-04-04 04:04:35,222 - INFO - Saved model at 33
2026-04-04 04:04:35,223 - INFO - Val loss decrease from 10.7540 to 10.7428, saving to ./libcity/cache/exp001/model_cache/MCSTMamba_PEMSD4_epoch33.tar
2026-04-04 04:15:15,058 - INFO - epoch complete!
2026-04-04 04:15:15,059 - INFO - evaluating now!
2026-04-04 04:15:55,495 - INFO - Epoch [34/300] train_loss: 10.3410, val_loss: 10.7246, lr: 0.000067, 680.27s
2026-04-04 04:15:55,522 - INFO - Saved model at 34
2026-04-04 04:15:55,522 - INFO - Val loss decrease from 10.7428 to 10.7246, saving to ./libcity/cache/exp001/model_cache/MCSTMamba_PEMSD4_epoch34.tar
2026-04-04 04:26:20,769 - INFO - epoch complete!
2026-04-04 04:26:20,770 - INFO - evaluating now!
2026-04-04 04:27:01,100 - INFO - Epoch [35/300] train_loss: 10.3110, val_loss: 10.6855, lr: 0.000095, 665.58s
2026-04-04 04:27:01,127 - INFO - Saved model at 35
2026-04-04 04:27:01,127 - INFO - Val loss decrease from 10.7246 to 10.6855, saving to ./libcity/cache/exp001/model_cache/MCSTMamba_PEMSD4_epoch35.tar
2026-04-04 04:37:47,420 - INFO - epoch complete!
2026-04-04 04:37:47,421 - INFO - evaluating now!
2026-04-04 04:38:27,967 - INFO - Epoch [36/300] train_loss: 10.2900, val_loss: 10.6469, lr: 0.000128, 686.84s
2026-04-04 04:38:27,996 - INFO - Saved model at 36
2026-04-04 04:38:27,996 - INFO - Val loss decrease from 10.6855 to 10.6469, saving to ./libcity/cache/exp001/model_cache/MCSTMamba_PEMSD4_epoch36.tar
2026-04-04 04:48:58,240 - INFO - epoch complete!
2026-04-04 04:48:58,241 - INFO - evaluating now!
2026-04-04 04:49:38,295 - INFO - Epoch [37/300] train_loss: 10.2461, val_loss: 10.6667, lr: 0.000165, 670.30s
2026-04-04 05:00:18,265 - INFO - epoch complete!
2026-04-04 05:00:18,265 - INFO - evaluating now!
2026-04-04 05:00:58,687 - INFO - Epoch [38/300] train_loss: 10.1988, val_loss: 10.5494, lr: 0.000206, 680.39s
2026-04-04 05:00:58,713 - INFO - Saved model at 38
2026-04-04 05:00:58,713 - INFO - Val loss decrease from 10.6469 to 10.5494, saving to ./libcity/cache/exp001/model_cache/MCSTMamba_PEMSD4_epoch38.tar
2026-04-04 05:11:25,868 - INFO - epoch complete!
2026-04-04 05:11:25,868 - INFO - evaluating now!
2026-04-04 05:12:06,054 - INFO - Epoch [39/300] train_loss: 10.1316, val_loss: 10.4680, lr: 0.000250, 667.34s
2026-04-04 05:12:06,083 - INFO - Saved model at 39
2026-04-04 05:12:06,083 - INFO - Val loss decrease from 10.5494 to 10.4680, saving to ./libcity/cache/exp001/model_cache/MCSTMamba_PEMSD4_epoch39.tar
2026-04-04 05:22:36,682 - INFO - epoch complete!
2026-04-04 05:22:36,682 - INFO - evaluating now!
2026-04-04 05:23:17,324 - INFO - Epoch [40/300] train_loss: 10.0797, val_loss: 10.4149, lr: 0.000297, 671.24s
2026-04-04 05:23:17,351 - INFO - Saved model at 40
2026-04-04 05:23:17,352 - INFO - Val loss decrease from 10.4680 to 10.4149, saving to ./libcity/cache/exp001/model_cache/MCSTMamba_PEMSD4_epoch40.tar
2026-04-04 05:33:49,762 - INFO - epoch complete!
2026-04-04 05:33:49,762 - INFO - evaluating now!
2026-04-04 05:34:30,407 - INFO - Epoch [41/300] train_loss: 10.0112, val_loss: 10.3613, lr: 0.000345, 673.06s
2026-04-04 05:34:30,440 - INFO - Saved model at 41
2026-04-04 05:34:30,440 - INFO - Val loss decrease from 10.4149 to 10.3613, saving to ./libcity/cache/exp001/model_cache/MCSTMamba_PEMSD4_epoch41.tar
2026-04-04 05:45:19,732 - INFO - epoch complete!
2026-04-04 05:45:19,733 - INFO - evaluating now!
2026-04-04 05:46:00,038 - INFO - Epoch [42/300] train_loss: 9.9233, val_loss: 10.2509, lr: 0.000396, 689.60s
2026-04-04 05:46:00,071 - INFO - Saved model at 42
2026-04-04 05:46:00,071 - INFO - Val loss decrease from 10.3613 to 10.2509, saving to ./libcity/cache/exp001/model_cache/MCSTMamba_PEMSD4_epoch42.tar
2026-04-04 05:56:40,894 - INFO - epoch complete!
2026-04-04 05:56:40,895 - INFO - evaluating now!
2026-04-04 05:57:20,464 - INFO - Epoch [43/300] train_loss: 9.8927, val_loss: 10.1076, lr: 0.000448, 680.39s
2026-04-04 05:57:20,491 - INFO - Saved model at 43
2026-04-04 05:57:20,491 - INFO - Val loss decrease from 10.2509 to 10.1076, saving to ./libcity/cache/exp001/model_cache/MCSTMamba_PEMSD4_epoch43.tar
2026-04-04 06:07:48,938 - INFO - epoch complete!
2026-04-04 06:07:48,938 - INFO - evaluating now!
2026-04-04 06:08:30,057 - INFO - Epoch [44/300] train_loss: 9.8020, val_loss: 9.9873, lr: 0.000500, 669.57s
2026-04-04 06:08:30,085 - INFO - Saved model at 44
2026-04-04 06:08:30,086 - INFO - Val loss decrease from 10.1076 to 9.9873, saving to ./libcity/cache/exp001/model_cache/MCSTMamba_PEMSD4_epoch44.tar
2026-04-04 06:19:24,698 - INFO - epoch complete!
2026-04-04 06:19:24,700 - INFO - evaluating now!
2026-04-04 06:20:05,366 - INFO - Epoch [45/300] train_loss: 9.7216, val_loss: 10.0136, lr: 0.000552, 695.28s
2026-04-04 06:30:43,010 - INFO - epoch complete!
2026-04-04 06:30:43,011 - INFO - evaluating now!
2026-04-04 06:31:28,158 - INFO - Epoch [46/300] train_loss: 9.6523, val_loss: 9.8510, lr: 0.000604, 682.79s
2026-04-04 06:31:28,192 - INFO - Saved model at 46
2026-04-04 06:31:28,192 - INFO - Val loss decrease from 9.9873 to 9.8510, saving to ./libcity/cache/exp001/model_cache/MCSTMamba_PEMSD4_epoch46.tar
2026-04-04 06:42:09,594 - INFO - epoch complete!
2026-04-04 06:42:09,595 - INFO - evaluating now!
2026-04-04 06:42:49,477 - INFO - Epoch [47/300] train_loss: 9.6167, val_loss: 9.7973, lr: 0.000655, 681.28s
2026-04-04 06:42:49,504 - INFO - Saved model at 47
2026-04-04 06:42:49,504 - INFO - Val loss decrease from 9.8510 to 9.7973, saving to ./libcity/cache/exp001/model_cache/MCSTMamba_PEMSD4_epoch47.tar
2026-04-04 06:53:21,214 - INFO - epoch complete!
2026-04-04 06:53:21,215 - INFO - evaluating now!
2026-04-04 06:54:01,295 - INFO - Epoch [48/300] train_loss: 9.5227, val_loss: 9.7794, lr: 0.000703, 671.79s
2026-04-04 06:54:01,321 - INFO - Saved model at 48
2026-04-04 06:54:01,321 - INFO - Val loss decrease from 9.7973 to 9.7794, saving to ./libcity/cache/exp001/model_cache/MCSTMamba_PEMSD4_epoch48.tar
