2026-04-04 10:23:24,839 - INFO - Log directory: ./libcity/log
2026-04-04 10:23:24,840 - INFO - Begin pipeline, task=traffic_state_pred, model_name=MCSTMamba, dataset_name=PEMSD4, exp_id=exp001, epoch=52
2026-04-04 10:23:24,840 - INFO - {'task': 'traffic_state_pred', 'model': 'MCSTMamba', 'dataset': 'PEMSD4', 'saved_model': True, 'train': True, 'exp_id': 'exp001', 'seed': 0, 'resume': 'auto', 'dataset_class': 'TrafficStatePointDataset', 'executor': 'TrafficStateExecutor', 'evaluator': 'TrafficStateEvaluator', 'd_model': 96, 'd_state': 96, 'd_conv': 4, 'expand': 2, 'max_epoch': 300, 'learner': 'adam', 'learning_rate': 0.001, 'lr_decay': True, 'lr_scheduler': 'cosineannealinglr', 'input_window': 12, 'output_window': 12, 'early_stop': True, 'patience': 15, 'weight_decay': 0.0001, 'input_embedding_dim': 24, 'tod_embedding_dim': 24, 'dow_embedding_dim': 24, 'spatial_embedding_dim': 16, 'adaptive_embedding_dim': 80, 'add_time_in_day': True, 'add_day_in_week': True, 'steps_per_day': 288, 'dropout': 0.1, 'batch_size': 200, 'num_workers': 8, 'pin_memory': True, 'fp16': True, 'gpu': True, 'cache_dataset': True, 'pad_with_last_sample': True, 'train_rate': 0.7, 'eval_rate': 0.1, 'scaler': 'none', 'load_external': False, 'normal_external': False, 'ext_scaler': 'none', 'robustness_test': False, 'noise_type': 'gaussian', 'disturb_rate': 0.5, 'noise_mean': [5], 'noise_SD': [10], 'gpu_id': 0, 'train_loss': 'none', 'epoch': 52, 'lr_epsilon': 1e-08, 'lr_beta1': 0.9, 'lr_beta2': 0.999, 'lr_alpha': 0.99, 'lr_momentum': 0, 'lr_decay_ratio': 0.1, 'steps': [5, 20, 40, 70], 'step_size': 10, 'lr_T_max': 30, 'lr_eta_min': 0, 'lr_patience': 10, 'lr_threshold': 0.0001, 'clip_grad_norm': False, 'max_grad_norm': 1.0, 'use_early_stop': False, 'log_level': 'INFO', 'log_every': 1, 'load_best_epoch': True, 'hyper_tune': False, 'metrics': ['MAE', 'MAPE', 'MSE', 'RMSE', 'masked_MAE', 'masked_MAPE', 'masked_MSE', 'masked_RMSE', 'R2', 'EVAR'], 'evaluator_mode': 'single', 'save_mode': ['csv'], 'geo': {'including_types': ['Point'], 'Point': {}}, 'rel': {'including_types': ['geo'], 'geo': {'cost': 'num'}}, 'dyna': {'including_types': ['state'], 'state': {'entity_id': 'geo_id', 'traffic_flow': 'num', 'traffic_occupancy': 'num', 'traffic_speed': 'num'}}, 'data_col': ['traffic_flow', 'traffic_occupancy', 'traffic_speed'], 'weight_col': 'cost', 'data_files': ['PEMSD4'], 'geo_file': 'PEMSD4', 'rel_file': 'PEMSD4', 'output_dim': 3, 'time_intervals': 300, 'init_weight_inf_or_zero': 'zero', 'set_weight_link_or_dist': 'link', 'calculate_weight_adj': False, 'weight_adj_epsilon': 0.1, 'device': device(type='cuda', index=0)}
2026-04-04 10:23:25,168 - INFO - Loaded file PEMSD4.geo, num_nodes=307
2026-04-04 10:23:25,170 - INFO - set_weight_link_or_dist: link
2026-04-04 10:23:25,170 - INFO - init_weight_inf_or_zero: zero
2026-04-04 10:23:25,171 - INFO - Loaded file PEMSD4.rel, shape=(307, 307)
2026-04-04 10:23:25,171 - INFO - Loading file PEMSD4.dyna
2026-04-04 10:23:28,295 - INFO - Loaded file PEMSD4.dyna, shape=(16992, 307, 3)
2026-04-04 10:23:32,085 - INFO - Dataset created
2026-04-04 10:23:32,085 - INFO - x shape: (16969, 12, 307, 3), y shape: (16969, 12, 307, 3)
2026-04-04 10:23:32,094 - INFO - train	x: (11878, 12, 307, 3), y: (11878, 12, 307, 3)
2026-04-04 10:23:32,094 - INFO - eval	x: (1697, 12, 307, 3), y: (1697, 12, 307, 3)
2026-04-04 10:23:32,094 - INFO - test	x: (3394, 12, 307, 3), y: (3394, 12, 307, 3)
2026-04-04 10:25:24,963 - INFO - Saved at ./libcity/cache/dataset_cache/point_based_PEMSD4_12_12_0.7_0.1_none_200_False_True_True_True.npz
2026-04-04 10:25:24,964 - INFO - NoneScaler
2026-04-04 10:25:24,964 - INFO - NoneScaler
2026-04-04 10:25:29,113 - INFO - Building simplified MCSTMamba model with just two Mamba blocks
2026-04-04 10:25:29,120 - INFO - Simplified MCSTMamba model configured for device: cuda:0
2026-04-04 10:25:29,602 - INFO - MCSTMamba(
  (input_proj): Linear(in_features=3, out_features=24, bias=True)
  (tod_embedding): Embedding(288, 24)
  (dow_embedding): Embedding(7, 24)
  (mamba_input_proj): Linear(in_features=168, out_features=96, bias=True)
  (temporal_block): SimpleMambaBlock(
    (layer_norm): LayerNorm((96,), eps=1e-05, elementwise_affine=True)
    (mamba): Mamba(
      (in_proj): Linear(in_features=96, out_features=384, bias=False)
      (conv1d): Conv1d(192, 192, kernel_size=(4,), stride=(1,), padding=(3,), groups=192)
      (act): SiLU()
      (x_proj): Linear(in_features=192, out_features=198, bias=False)
      (dt_proj): Linear(in_features=6, out_features=192, bias=True)
      (out_proj): Linear(in_features=192, out_features=96, bias=False)
    )
    (dropout): Dropout(p=0.1, inplace=False)
    (feed_forward): Sequential(
      (0): Linear(in_features=96, out_features=384, bias=True)
      (1): GELU(approximate='none')
      (2): Dropout(p=0.1, inplace=False)
      (3): Linear(in_features=384, out_features=96, bias=True)
    )
    (ff_norm): LayerNorm((96,), eps=1e-05, elementwise_affine=True)
    (ff_dropout): Dropout(p=0.1, inplace=False)
  )
  (spatial_block): SimpleMambaBlock(
    (layer_norm): LayerNorm((96,), eps=1e-05, elementwise_affine=True)
    (mamba): Mamba(
      (in_proj): Linear(in_features=96, out_features=384, bias=False)
      (conv1d): Conv1d(192, 192, kernel_size=(4,), stride=(1,), padding=(3,), groups=192)
      (act): SiLU()
      (x_proj): Linear(in_features=192, out_features=198, bias=False)
      (dt_proj): Linear(in_features=6, out_features=192, bias=True)
      (out_proj): Linear(in_features=192, out_features=96, bias=False)
    )
    (dropout): Dropout(p=0.1, inplace=False)
    (feed_forward): Sequential(
      (0): Linear(in_features=96, out_features=384, bias=True)
      (1): GELU(approximate='none')
      (2): Dropout(p=0.1, inplace=False)
      (3): Linear(in_features=384, out_features=96, bias=True)
    )
    (ff_norm): LayerNorm((96,), eps=1e-05, elementwise_affine=True)
    (ff_dropout): Dropout(p=0.1, inplace=False)
  )
  (output_proj): Linear(in_features=96, out_features=3, bias=True)
  (final_layer_norm): LayerNorm((96,), eps=1e-05, elementwise_affine=True)
)
2026-04-04 10:25:29,603 - INFO - spatial_embedding	torch.Size([307, 16])	cuda:0	True
2026-04-04 10:25:29,603 - INFO - adaptive_embedding	torch.Size([12, 307, 80])	cuda:0	True
2026-04-04 10:25:29,603 - INFO - combine_weights	torch.Size([2, 96])	cuda:0	True
2026-04-04 10:25:29,603 - INFO - input_proj.weight	torch.Size([24, 3])	cuda:0	True
2026-04-04 10:25:29,603 - INFO - input_proj.bias	torch.Size([24])	cuda:0	True
2026-04-04 10:25:29,603 - INFO - tod_embedding.weight	torch.Size([288, 24])	cuda:0	True
2026-04-04 10:25:29,603 - INFO - dow_embedding.weight	torch.Size([7, 24])	cuda:0	True
2026-04-04 10:25:29,603 - INFO - mamba_input_proj.weight	torch.Size([96, 168])	cuda:0	True
2026-04-04 10:25:29,603 - INFO - mamba_input_proj.bias	torch.Size([96])	cuda:0	True
2026-04-04 10:25:29,604 - INFO - temporal_block.layer_norm.weight	torch.Size([96])	cuda:0	True
2026-04-04 10:25:29,604 - INFO - temporal_block.layer_norm.bias	torch.Size([96])	cuda:0	True
2026-04-04 10:25:29,604 - INFO - temporal_block.mamba.A_log	torch.Size([192, 96])	cuda:0	True
2026-04-04 10:25:29,604 - INFO - temporal_block.mamba.D	torch.Size([192])	cuda:0	True
2026-04-04 10:25:29,604 - INFO - temporal_block.mamba.in_proj.weight	torch.Size([384, 96])	cuda:0	True
2026-04-04 10:25:29,604 - INFO - temporal_block.mamba.conv1d.weight	torch.Size([192, 1, 4])	cuda:0	True
2026-04-04 10:25:29,604 - INFO - temporal_block.mamba.conv1d.bias	torch.Size([192])	cuda:0	True
2026-04-04 10:25:29,604 - INFO - temporal_block.mamba.x_proj.weight	torch.Size([198, 192])	cuda:0	True
2026-04-04 10:25:29,604 - INFO - temporal_block.mamba.dt_proj.weight	torch.Size([192, 6])	cuda:0	True
2026-04-04 10:25:29,604 - INFO - temporal_block.mamba.dt_proj.bias	torch.Size([192])	cuda:0	True
2026-04-04 10:25:29,604 - INFO - temporal_block.mamba.out_proj.weight	torch.Size([96, 192])	cuda:0	True
2026-04-04 10:25:29,604 - INFO - temporal_block.feed_forward.0.weight	torch.Size([384, 96])	cuda:0	True
2026-04-04 10:25:29,604 - INFO - temporal_block.feed_forward.0.bias	torch.Size([384])	cuda:0	True
2026-04-04 10:25:29,604 - INFO - temporal_block.feed_forward.3.weight	torch.Size([96, 384])	cuda:0	True
2026-04-04 10:25:29,604 - INFO - temporal_block.feed_forward.3.bias	torch.Size([96])	cuda:0	True
2026-04-04 10:25:29,604 - INFO - temporal_block.ff_norm.weight	torch.Size([96])	cuda:0	True
2026-04-04 10:25:29,604 - INFO - temporal_block.ff_norm.bias	torch.Size([96])	cuda:0	True
2026-04-04 10:25:29,604 - INFO - spatial_block.layer_norm.weight	torch.Size([96])	cuda:0	True
2026-04-04 10:25:29,604 - INFO - spatial_block.layer_norm.bias	torch.Size([96])	cuda:0	True
2026-04-04 10:25:29,604 - INFO - spatial_block.mamba.A_log	torch.Size([192, 96])	cuda:0	True
2026-04-04 10:25:29,604 - INFO - spatial_block.mamba.D	torch.Size([192])	cuda:0	True
2026-04-04 10:25:29,604 - INFO - spatial_block.mamba.in_proj.weight	torch.Size([384, 96])	cuda:0	True
2026-04-04 10:25:29,604 - INFO - spatial_block.mamba.conv1d.weight	torch.Size([192, 1, 4])	cuda:0	True
2026-04-04 10:25:29,604 - INFO - spatial_block.mamba.conv1d.bias	torch.Size([192])	cuda:0	True
2026-04-04 10:25:29,604 - INFO - spatial_block.mamba.x_proj.weight	torch.Size([198, 192])	cuda:0	True
2026-04-04 10:25:29,604 - INFO - spatial_block.mamba.dt_proj.weight	torch.Size([192, 6])	cuda:0	True
2026-04-04 10:25:29,604 - INFO - spatial_block.mamba.dt_proj.bias	torch.Size([192])	cuda:0	True
2026-04-04 10:25:29,604 - INFO - spatial_block.mamba.out_proj.weight	torch.Size([96, 192])	cuda:0	True
2026-04-04 10:25:29,605 - INFO - spatial_block.feed_forward.0.weight	torch.Size([384, 96])	cuda:0	True
2026-04-04 10:25:29,605 - INFO - spatial_block.feed_forward.0.bias	torch.Size([384])	cuda:0	True
2026-04-04 10:25:29,605 - INFO - spatial_block.feed_forward.3.weight	torch.Size([96, 384])	cuda:0	True
2026-04-04 10:25:29,605 - INFO - spatial_block.feed_forward.3.bias	torch.Size([96])	cuda:0	True
2026-04-04 10:25:29,605 - INFO - spatial_block.ff_norm.weight	torch.Size([96])	cuda:0	True
2026-04-04 10:25:29,605 - INFO - spatial_block.ff_norm.bias	torch.Size([96])	cuda:0	True
2026-04-04 10:25:29,605 - INFO - output_proj.weight	torch.Size([3, 96])	cuda:0	True
2026-04-04 10:25:29,605 - INFO - output_proj.bias	torch.Size([3])	cuda:0	True
2026-04-04 10:25:29,605 - INFO - final_layer_norm.weight	torch.Size([96])	cuda:0	True
2026-04-04 10:25:29,605 - INFO - final_layer_norm.bias	torch.Size([96])	cuda:0	True
2026-04-04 10:25:29,605 - INFO - Total parameter numbers: 701371
2026-04-04 10:25:29,605 - INFO - You select `adam` optimizer.
2026-04-04 10:25:29,605 - INFO - You select `cosineannealinglr` lr_scheduler.
2026-04-04 10:25:29,622 - INFO - 已恢复学习率调度器状态 (当前学习率: 0.000905)
2026-04-04 10:25:29,623 - INFO - 已恢复最佳epoch记录: 0
2026-04-04 10:25:29,623 - INFO - 已恢复early stopping等待计数: 0
2026-04-04 10:25:29,623 - INFO - Loaded model at 52
2026-04-04 10:25:29,623 - WARNING - Received none train loss func and will use the loss func defined in the model.
2026-04-04 10:25:29,623 - INFO - Start training ...
2026-04-04 10:25:29,623 - INFO - num_batches:60
2026-04-04 10:31:31,300 - INFO - epoch complete!
2026-04-04 10:31:31,300 - INFO - evaluating now!
2026-04-04 10:31:57,307 - INFO - Epoch [52/300] train_loss: 9.0864, val_loss: 9.0752, lr: 0.000933, 387.68s
2026-04-04 10:31:57,334 - INFO - Saved model at 52
2026-04-04 10:31:57,334 - INFO - Val loss decrease from inf to 9.0752, saving to ./libcity/cache/exp001/model_cache/MCSTMamba_PEMSD4_epoch52.tar
2026-04-04 10:38:07,917 - INFO - epoch complete!
2026-04-04 10:38:07,918 - INFO - evaluating now!
2026-04-04 10:38:34,105 - INFO - Epoch [53/300] train_loss: 9.0343, val_loss: 9.0229, lr: 0.000957, 396.77s
2026-04-04 10:38:34,124 - INFO - Saved model at 53
2026-04-04 10:38:34,125 - INFO - Val loss decrease from 9.0752 to 9.0229, saving to ./libcity/cache/exp001/model_cache/MCSTMamba_PEMSD4_epoch53.tar
2026-04-04 10:44:36,618 - INFO - epoch complete!
2026-04-04 10:44:36,619 - INFO - evaluating now!
2026-04-04 10:45:02,808 - INFO - Epoch [54/300] train_loss: 9.0481, val_loss: 9.1914, lr: 0.000976, 388.68s
2026-04-04 10:51:20,276 - INFO - epoch complete!
2026-04-04 10:51:20,277 - INFO - evaluating now!
2026-04-04 10:51:46,816 - INFO - Epoch [55/300] train_loss: 9.0064, val_loss: 8.9357, lr: 0.000989, 404.01s
2026-04-04 10:51:46,833 - INFO - Saved model at 55
2026-04-04 10:51:46,833 - INFO - Val loss decrease from 9.0229 to 8.9357, saving to ./libcity/cache/exp001/model_cache/MCSTMamba_PEMSD4_epoch55.tar
2026-04-04 10:57:47,530 - INFO - epoch complete!
2026-04-04 10:57:47,530 - INFO - evaluating now!
2026-04-04 10:58:13,953 - INFO - Epoch [56/300] train_loss: 8.9698, val_loss: 8.9471, lr: 0.000997, 387.12s
2026-04-04 11:04:21,613 - INFO - epoch complete!
2026-04-04 11:04:21,614 - INFO - evaluating now!
2026-04-04 11:04:48,122 - INFO - Epoch [57/300] train_loss: 9.0113, val_loss: 8.9962, lr: 0.001000, 394.17s
2026-04-04 11:11:03,943 - INFO - epoch complete!
2026-04-04 11:11:03,943 - INFO - evaluating now!
2026-04-04 11:11:30,989 - INFO - Epoch [58/300] train_loss: 8.9674, val_loss: 8.9270, lr: 0.000997, 402.87s
2026-04-04 11:11:31,006 - INFO - Saved model at 58
2026-04-04 11:11:31,006 - INFO - Val loss decrease from 8.9357 to 8.9270, saving to ./libcity/cache/exp001/model_cache/MCSTMamba_PEMSD4_epoch58.tar
2026-04-04 11:17:53,645 - INFO - epoch complete!
2026-04-04 11:17:53,645 - INFO - evaluating now!
2026-04-04 11:18:20,399 - INFO - Epoch [59/300] train_loss: 8.9214, val_loss: 9.0297, lr: 0.000989, 409.39s
2026-04-04 11:24:44,000 - INFO - epoch complete!
2026-04-04 11:24:44,001 - INFO - evaluating now!
2026-04-04 11:25:10,856 - INFO - Epoch [60/300] train_loss: 8.9010, val_loss: 8.9352, lr: 0.000976, 410.46s
2026-04-04 11:31:34,171 - INFO - epoch complete!
2026-04-04 11:31:34,172 - INFO - evaluating now!
2026-04-04 11:32:00,890 - INFO - Epoch [61/300] train_loss: 8.8512, val_loss: 8.8332, lr: 0.000957, 410.03s
2026-04-04 11:32:00,911 - INFO - Saved model at 61
2026-04-04 11:32:00,911 - INFO - Val loss decrease from 8.9270 to 8.8332, saving to ./libcity/cache/exp001/model_cache/MCSTMamba_PEMSD4_epoch61.tar
2026-04-04 11:38:20,934 - INFO - epoch complete!
2026-04-04 11:38:20,935 - INFO - evaluating now!
2026-04-04 11:38:48,989 - INFO - Epoch [62/300] train_loss: 8.8078, val_loss: 8.7964, lr: 0.000933, 408.08s
2026-04-04 11:38:49,009 - INFO - Saved model at 62
2026-04-04 11:38:49,009 - INFO - Val loss decrease from 8.8332 to 8.7964, saving to ./libcity/cache/exp001/model_cache/MCSTMamba_PEMSD4_epoch62.tar
2026-04-04 11:45:07,764 - INFO - epoch complete!
2026-04-04 11:45:07,765 - INFO - evaluating now!
2026-04-04 11:45:35,732 - INFO - Epoch [63/300] train_loss: 8.7601, val_loss: 8.8628, lr: 0.000905, 406.72s
2026-04-04 11:51:50,049 - INFO - epoch complete!
2026-04-04 11:51:50,050 - INFO - evaluating now!
2026-04-04 11:52:16,545 - INFO - Epoch [64/300] train_loss: 8.7690, val_loss: 8.7632, lr: 0.000872, 400.81s
2026-04-04 11:52:16,564 - INFO - Saved model at 64
2026-04-04 11:52:16,564 - INFO - Val loss decrease from 8.7964 to 8.7632, saving to ./libcity/cache/exp001/model_cache/MCSTMamba_PEMSD4_epoch64.tar
2026-04-04 11:58:30,969 - INFO - epoch complete!
2026-04-04 11:58:30,970 - INFO - evaluating now!
2026-04-04 11:58:57,179 - INFO - Epoch [65/300] train_loss: 8.7256, val_loss: 8.7920, lr: 0.000835, 400.61s
2026-04-04 12:05:08,281 - INFO - epoch complete!
2026-04-04 12:05:08,282 - INFO - evaluating now!
2026-04-04 12:05:34,636 - INFO - Epoch [66/300] train_loss: 8.7332, val_loss: 8.7878, lr: 0.000794, 397.46s
2026-04-04 12:11:52,399 - INFO - epoch complete!
2026-04-04 12:11:52,400 - INFO - evaluating now!
2026-04-04 12:12:18,766 - INFO - Epoch [67/300] train_loss: 8.6968, val_loss: 8.7769, lr: 0.000750, 404.13s
2026-04-04 12:18:35,733 - INFO - epoch complete!
2026-04-04 12:18:35,734 - INFO - evaluating now!
2026-04-04 12:19:02,012 - INFO - Epoch [68/300] train_loss: 8.6695, val_loss: 8.6636, lr: 0.000703, 403.25s
2026-04-04 12:19:02,029 - INFO - Saved model at 68
2026-04-04 12:19:02,029 - INFO - Val loss decrease from 8.7632 to 8.6636, saving to ./libcity/cache/exp001/model_cache/MCSTMamba_PEMSD4_epoch68.tar
2026-04-04 12:25:16,954 - INFO - epoch complete!
2026-04-04 12:25:16,955 - INFO - evaluating now!
2026-04-04 12:25:43,371 - INFO - Epoch [69/300] train_loss: 8.6261, val_loss: 8.6204, lr: 0.000655, 401.34s
2026-04-04 12:25:43,388 - INFO - Saved model at 69
2026-04-04 12:25:43,389 - INFO - Val loss decrease from 8.6636 to 8.6204, saving to ./libcity/cache/exp001/model_cache/MCSTMamba_PEMSD4_epoch69.tar
2026-04-04 12:31:57,687 - INFO - epoch complete!
2026-04-04 12:31:57,688 - INFO - evaluating now!
2026-04-04 12:32:23,915 - INFO - Epoch [70/300] train_loss: 8.6100, val_loss: 8.6361, lr: 0.000604, 400.53s
2026-04-04 12:38:35,007 - INFO - epoch complete!
2026-04-04 12:38:35,008 - INFO - evaluating now!
2026-04-04 12:39:01,937 - INFO - Epoch [71/300] train_loss: 8.5914, val_loss: 8.6097, lr: 0.000552, 398.02s
2026-04-04 12:39:01,953 - INFO - Saved model at 71
2026-04-04 12:39:01,954 - INFO - Val loss decrease from 8.6204 to 8.6097, saving to ./libcity/cache/exp001/model_cache/MCSTMamba_PEMSD4_epoch71.tar
2026-04-04 12:45:18,418 - INFO - epoch complete!
2026-04-04 12:45:18,419 - INFO - evaluating now!
2026-04-04 12:45:45,553 - INFO - Epoch [72/300] train_loss: 8.5574, val_loss: 8.6350, lr: 0.000500, 403.60s
2026-04-04 12:52:08,740 - INFO - epoch complete!
2026-04-04 12:52:08,741 - INFO - evaluating now!
2026-04-04 12:52:37,487 - INFO - Epoch [73/300] train_loss: 8.5381, val_loss: 8.5850, lr: 0.000448, 411.93s
2026-04-04 12:52:37,506 - INFO - Saved model at 73
2026-04-04 12:52:37,506 - INFO - Val loss decrease from 8.6097 to 8.5850, saving to ./libcity/cache/exp001/model_cache/MCSTMamba_PEMSD4_epoch73.tar
2026-04-04 12:58:49,184 - INFO - epoch complete!
2026-04-04 12:58:49,184 - INFO - evaluating now!
2026-04-04 12:59:17,286 - INFO - Epoch [74/300] train_loss: 8.5212, val_loss: 8.5498, lr: 0.000396, 399.78s
2026-04-04 12:59:17,305 - INFO - Saved model at 74
2026-04-04 12:59:17,306 - INFO - Val loss decrease from 8.5850 to 8.5498, saving to ./libcity/cache/exp001/model_cache/MCSTMamba_PEMSD4_epoch74.tar
2026-04-04 13:05:32,167 - INFO - epoch complete!
2026-04-04 13:05:32,168 - INFO - evaluating now!
2026-04-04 13:05:59,031 - INFO - Epoch [75/300] train_loss: 8.5079, val_loss: 8.5420, lr: 0.000345, 401.73s
2026-04-04 13:05:59,048 - INFO - Saved model at 75
2026-04-04 13:05:59,048 - INFO - Val loss decrease from 8.5498 to 8.5420, saving to ./libcity/cache/exp001/model_cache/MCSTMamba_PEMSD4_epoch75.tar
2026-04-04 13:12:15,683 - INFO - epoch complete!
2026-04-04 13:12:15,684 - INFO - evaluating now!
2026-04-04 13:12:42,417 - INFO - Epoch [76/300] train_loss: 8.4943, val_loss: 8.5569, lr: 0.000297, 403.37s
2026-04-04 13:19:01,705 - INFO - epoch complete!
2026-04-04 13:19:01,706 - INFO - evaluating now!
2026-04-04 13:19:28,417 - INFO - Epoch [77/300] train_loss: 8.4793, val_loss: 8.5320, lr: 0.000250, 406.00s
2026-04-04 13:19:28,434 - INFO - Saved model at 77
2026-04-04 13:19:28,435 - INFO - Val loss decrease from 8.5420 to 8.5320, saving to ./libcity/cache/exp001/model_cache/MCSTMamba_PEMSD4_epoch77.tar
2026-04-04 13:25:42,783 - INFO - epoch complete!
2026-04-04 13:25:42,784 - INFO - evaluating now!
2026-04-04 13:26:09,320 - INFO - Epoch [78/300] train_loss: 8.4687, val_loss: 8.4998, lr: 0.000206, 400.88s
2026-04-04 13:26:09,337 - INFO - Saved model at 78
2026-04-04 13:26:09,338 - INFO - Val loss decrease from 8.5320 to 8.4998, saving to ./libcity/cache/exp001/model_cache/MCSTMamba_PEMSD4_epoch78.tar
2026-04-04 13:32:24,380 - INFO - epoch complete!
2026-04-04 13:32:24,381 - INFO - evaluating now!
2026-04-04 13:32:50,974 - INFO - Epoch [79/300] train_loss: 8.4583, val_loss: 8.4986, lr: 0.000165, 401.64s
2026-04-04 13:32:50,992 - INFO - Saved model at 79
2026-04-04 13:32:50,992 - INFO - Val loss decrease from 8.4998 to 8.4986, saving to ./libcity/cache/exp001/model_cache/MCSTMamba_PEMSD4_epoch79.tar
2026-04-04 13:39:04,557 - INFO - epoch complete!
2026-04-04 13:39:04,557 - INFO - evaluating now!
2026-04-04 13:39:31,172 - INFO - Epoch [80/300] train_loss: 8.4483, val_loss: 8.5283, lr: 0.000128, 400.18s
2026-04-04 13:45:48,559 - INFO - epoch complete!
2026-04-04 13:45:48,559 - INFO - evaluating now!
2026-04-04 13:46:15,596 - INFO - Epoch [81/300] train_loss: 8.4405, val_loss: 8.5341, lr: 0.000095, 404.42s
2026-04-04 13:52:30,590 - INFO - epoch complete!
2026-04-04 13:52:30,590 - INFO - evaluating now!
2026-04-04 13:52:57,178 - INFO - Epoch [82/300] train_loss: 8.4400, val_loss: 8.4969, lr: 0.000067, 401.58s
2026-04-04 13:52:57,194 - INFO - Saved model at 82
2026-04-04 13:52:57,195 - INFO - Val loss decrease from 8.4986 to 8.4969, saving to ./libcity/cache/exp001/model_cache/MCSTMamba_PEMSD4_epoch82.tar
2026-04-04 13:59:11,725 - INFO - epoch complete!
2026-04-04 13:59:11,726 - INFO - evaluating now!
2026-04-04 13:59:38,035 - INFO - Epoch [83/300] train_loss: 8.4294, val_loss: 8.4777, lr: 0.000043, 400.84s
2026-04-04 13:59:38,052 - INFO - Saved model at 83
2026-04-04 13:59:38,053 - INFO - Val loss decrease from 8.4969 to 8.4777, saving to ./libcity/cache/exp001/model_cache/MCSTMamba_PEMSD4_epoch83.tar
2026-04-04 14:05:50,530 - INFO - epoch complete!
2026-04-04 14:05:50,531 - INFO - evaluating now!
2026-04-04 14:06:16,932 - INFO - Epoch [84/300] train_loss: 8.4260, val_loss: 8.4947, lr: 0.000024, 398.88s
2026-04-04 14:12:29,218 - INFO - epoch complete!
2026-04-04 14:12:29,218 - INFO - evaluating now!
2026-04-04 14:12:55,637 - INFO - Epoch [85/300] train_loss: 8.4236, val_loss: 8.4756, lr: 0.000011, 398.70s
2026-04-04 14:12:55,655 - INFO - Saved model at 85
2026-04-04 14:12:55,655 - INFO - Val loss decrease from 8.4777 to 8.4756, saving to ./libcity/cache/exp001/model_cache/MCSTMamba_PEMSD4_epoch85.tar
2026-04-04 14:19:08,233 - INFO - epoch complete!
2026-04-04 14:19:08,233 - INFO - evaluating now!
2026-04-04 14:19:34,608 - INFO - Epoch [86/300] train_loss: 8.4215, val_loss: 8.4734, lr: 0.000003, 398.95s
2026-04-04 14:19:34,626 - INFO - Saved model at 86
2026-04-04 14:19:34,626 - INFO - Val loss decrease from 8.4756 to 8.4734, saving to ./libcity/cache/exp001/model_cache/MCSTMamba_PEMSD4_epoch86.tar
2026-04-04 14:25:54,153 - INFO - epoch complete!
2026-04-04 14:25:54,153 - INFO - evaluating now!
2026-04-04 14:26:20,735 - INFO - Epoch [87/300] train_loss: 8.4202, val_loss: 8.4794, lr: 0.000000, 406.11s
2026-04-04 14:32:34,552 - INFO - epoch complete!
2026-04-04 14:32:34,553 - INFO - evaluating now!
2026-04-04 14:33:00,810 - INFO - Epoch [88/300] train_loss: 8.4204, val_loss: 8.4792, lr: 0.000003, 400.07s
2026-04-04 14:39:18,156 - INFO - epoch complete!
2026-04-04 14:39:18,156 - INFO - evaluating now!
2026-04-04 14:39:44,489 - INFO - Epoch [89/300] train_loss: 8.4203, val_loss: 8.4727, lr: 0.000011, 403.68s
2026-04-04 14:39:44,506 - INFO - Saved model at 89
2026-04-04 14:39:44,507 - INFO - Val loss decrease from 8.4734 to 8.4727, saving to ./libcity/cache/exp001/model_cache/MCSTMamba_PEMSD4_epoch89.tar
2026-04-04 14:45:59,745 - INFO - epoch complete!
2026-04-04 14:45:59,746 - INFO - evaluating now!
2026-04-04 14:46:26,430 - INFO - Epoch [90/300] train_loss: 8.4202, val_loss: 8.4739, lr: 0.000024, 401.92s
2026-04-04 14:52:41,806 - INFO - epoch complete!
2026-04-04 14:52:41,807 - INFO - evaluating now!
2026-04-04 14:53:08,119 - INFO - Epoch [91/300] train_loss: 8.4216, val_loss: 8.4671, lr: 0.000043, 401.69s
2026-04-04 14:53:08,137 - INFO - Saved model at 91
2026-04-04 14:53:08,138 - INFO - Val loss decrease from 8.4727 to 8.4671, saving to ./libcity/cache/exp001/model_cache/MCSTMamba_PEMSD4_epoch91.tar
2026-04-04 14:59:23,684 - INFO - epoch complete!
2026-04-04 14:59:23,685 - INFO - evaluating now!
2026-04-04 14:59:51,385 - INFO - Epoch [92/300] train_loss: 8.4232, val_loss: 8.4721, lr: 0.000067, 403.25s
