2026-04-11 20:05:02,136 - INFO - Log directory: ./libcity/log
2026-04-11 20:05:02,137 - INFO - Begin pipeline, task=traffic_state_pred, model_name=MCSTMamba_optimized, dataset_name=METR_LA, exp_id=M001, epoch=70
2026-04-11 20:05:02,137 - INFO - {'task': 'traffic_state_pred', 'model': 'MCSTMamba_optimized', 'dataset': 'METR_LA', 'saved_model': True, 'train': True, 'exp_id': 'M001', 'seed': 0, 'resume': 'auto', 'dataset_class': 'TrafficStatePointDataset', 'executor': 'TrafficStateExecutorOptimized', 'evaluator': 'TrafficStateEvaluator', 'd_model': 96, 'd_state': 96, 'd_conv': 4, 'expand': 2, 'max_epoch': 300, 'learner': 'adam', 'learning_rate': 0.001, 'lr_decay': True, 'lr_scheduler': 'cosineannealinglr', 'input_window': 12, 'output_window': 12, 'early_stop': True, 'patience': 15, 'weight_decay': 0.0001, 'input_embedding_dim': 24, 'tod_embedding_dim': 24, 'dow_embedding_dim': 24, 'spatial_embedding_dim': 16, 'adaptive_embedding_dim': 80, 'add_time_in_day': True, 'add_day_in_week': True, 'steps_per_day': 288, 'dropout': 0.1, 'batch_size': 300, 'num_workers': 0, 'pin_memory': False, 'persistent_workers': False, 'bf16': True, 'gpu': True, 'gradient_accumulation_steps': 1, 'clip_grad_norm': True, 'max_grad_norm': 5.0, 'use_optimized_data_loader': True, 'cache_dataset': True, 'pad_with_last_sample': True, 'train_rate': 0.7, 'eval_rate': 0.1, 'scaler': 'none', 'load_external': False, 'normal_external': False, 'ext_scaler': 'none', 'robustness_test': False, 'noise_type': 'gaussian', 'disturb_rate': 0.5, 'noise_mean': [5], 'noise_SD': [10], 'gpu_id': 0, 'train_loss': 'none', 'epoch': 70, 'lr_epsilon': 1e-08, 'lr_beta1': 0.9, 'lr_beta2': 0.999, 'lr_alpha': 0.99, 'lr_momentum': 0, 'lr_decay_ratio': 0.1, 'steps': [10, 30, 50, 80], 'step_size': 10, 'lr_T_max': 30, 'lr_eta_min': 0, 'lr_patience': 5, 'lr_threshold': 0.0001, 'use_early_stop': True, 'log_level': 'INFO', 'log_every': 1, 'load_best_epoch': True, 'hyper_tune': False, 'fp16': True, 'metrics': ['MAE', 'MAPE', 'MSE', 'RMSE', 'masked_MAE', 'masked_MAPE', 'masked_MSE', 'masked_RMSE', 'R2', 'EVAR'], 'evaluator_mode': 'single', 'save_mode': ['csv'], 'geo': {'including_types': ['Point'], 'Point': {}}, 'rel': {'including_types': ['geo'], 'geo': {'cost': 'num'}}, 'dyna': {'including_types': ['state'], 'state': {'entity_id': 'geo_id', 'traffic_speed': 'num'}}, 'data_col': ['traffic_speed'], 'weight_col': 'cost', 'data_files': ['METR_LA'], 'geo_file': 'METR_LA', 'rel_file': 'METR_LA', 'output_dim': 1, 'time_intervals': 300, 'init_weight_inf_or_zero': 'inf', 'set_weight_link_or_dist': 'dist', 'calculate_weight_adj': True, 'weight_adj_epsilon': 0.1, 'device': device(type='cuda', index=0)}
2026-04-11 20:05:02,438 - INFO - Loaded file METR_LA.geo, num_nodes=207
2026-04-11 20:05:02,444 - INFO - set_weight_link_or_dist: dist
2026-04-11 20:05:02,444 - INFO - init_weight_inf_or_zero: inf
2026-04-11 20:05:02,458 - INFO - Loaded file METR_LA.rel, shape=(207, 207)
2026-04-11 20:05:02,458 - INFO - Start Calculate the weight by Gauss kernel!
2026-04-11 20:05:02,458 - INFO - Loading ./libcity/cache/dataset_cache/point_based_METR_LA_12_12_0.7_0.1_none_300_False_True_True_True.npz
2026-04-11 20:05:04,329 - INFO - train	x: (23974, 12, 207, 1), y: (23974, 12, 207, 1)
2026-04-11 20:05:04,329 - INFO - eval	x: (3425, 12, 207, 1), y: (3425, 12, 207, 1)
2026-04-11 20:05:04,329 - INFO - test	x: (6850, 12, 207, 1), y: (6850, 12, 207, 1)
2026-04-11 20:05:04,329 - INFO - NoneScaler
2026-04-11 20:05:04,330 - INFO - NoneScaler
2026-04-11 20:05:06,786 - INFO - Building simplified MCSTMamba model with just two Mamba blocks
2026-04-11 20:05:06,918 - INFO - Simplified MCSTMamba model configured for device: cuda:0
2026-04-11 20:05:07,240 - INFO - MCSTMamba_optimized(
  (input_proj): Linear(in_features=1, out_features=24, bias=True)
  (tod_embedding): Embedding(288, 24)
  (dow_embedding): Embedding(7, 24)
  (mamba_input_proj): Linear(in_features=168, out_features=96, bias=True)
  (temporal_block): SimpleMambaBlock(
    (layer_norm): LayerNorm((96,), eps=1e-05, elementwise_affine=True)
    (mamba): Mamba(
      (in_proj): Linear(in_features=96, out_features=384, bias=False)
      (conv1d): Conv1d(192, 192, kernel_size=(4,), stride=(1,), padding=(3,), groups=192)
      (act): SiLU()
      (x_proj): Linear(in_features=192, out_features=198, bias=False)
      (dt_proj): Linear(in_features=6, out_features=192, bias=True)
      (out_proj): Linear(in_features=192, out_features=96, bias=False)
    )
    (dropout): Dropout(p=0.1, inplace=False)
    (feed_forward): Sequential(
      (0): Linear(in_features=96, out_features=384, bias=True)
      (1): GELU(approximate='none')
      (2): Dropout(p=0.1, inplace=False)
      (3): Linear(in_features=384, out_features=96, bias=True)
    )
    (ff_norm): LayerNorm((96,), eps=1e-05, elementwise_affine=True)
    (ff_dropout): Dropout(p=0.1, inplace=False)
  )
  (spatial_block): SimpleMambaBlock(
    (layer_norm): LayerNorm((96,), eps=1e-05, elementwise_affine=True)
    (mamba): Mamba(
      (in_proj): Linear(in_features=96, out_features=384, bias=False)
      (conv1d): Conv1d(192, 192, kernel_size=(4,), stride=(1,), padding=(3,), groups=192)
      (act): SiLU()
      (x_proj): Linear(in_features=192, out_features=198, bias=False)
      (dt_proj): Linear(in_features=6, out_features=192, bias=True)
      (out_proj): Linear(in_features=192, out_features=96, bias=False)
    )
    (dropout): Dropout(p=0.1, inplace=False)
    (feed_forward): Sequential(
      (0): Linear(in_features=96, out_features=384, bias=True)
      (1): GELU(approximate='none')
      (2): Dropout(p=0.1, inplace=False)
      (3): Linear(in_features=384, out_features=96, bias=True)
    )
    (ff_norm): LayerNorm((96,), eps=1e-05, elementwise_affine=True)
    (ff_dropout): Dropout(p=0.1, inplace=False)
  )
  (output_proj): Linear(in_features=96, out_features=1, bias=True)
  (final_layer_norm): LayerNorm((96,), eps=1e-05, elementwise_affine=True)
)
2026-04-11 20:05:07,241 - INFO - spatial_embedding	torch.Size([207, 16])	cuda:0	True
2026-04-11 20:05:07,241 - INFO - adaptive_embedding	torch.Size([12, 207, 80])	cuda:0	True
2026-04-11 20:05:07,241 - INFO - combine_weights	torch.Size([2, 96])	cuda:0	True
2026-04-11 20:05:07,241 - INFO - input_proj.weight	torch.Size([24, 1])	cuda:0	True
2026-04-11 20:05:07,241 - INFO - input_proj.bias	torch.Size([24])	cuda:0	True
2026-04-11 20:05:07,241 - INFO - tod_embedding.weight	torch.Size([288, 24])	cuda:0	True
2026-04-11 20:05:07,241 - INFO - dow_embedding.weight	torch.Size([7, 24])	cuda:0	True
2026-04-11 20:05:07,241 - INFO - mamba_input_proj.weight	torch.Size([96, 168])	cuda:0	True
2026-04-11 20:05:07,241 - INFO - mamba_input_proj.bias	torch.Size([96])	cuda:0	True
2026-04-11 20:05:07,241 - INFO - temporal_block.layer_norm.weight	torch.Size([96])	cuda:0	True
2026-04-11 20:05:07,241 - INFO - temporal_block.layer_norm.bias	torch.Size([96])	cuda:0	True
2026-04-11 20:05:07,241 - INFO - temporal_block.mamba.A_log	torch.Size([192, 96])	cuda:0	True
2026-04-11 20:05:07,241 - INFO - temporal_block.mamba.D	torch.Size([192])	cuda:0	True
2026-04-11 20:05:07,241 - INFO - temporal_block.mamba.in_proj.weight	torch.Size([384, 96])	cuda:0	True
2026-04-11 20:05:07,241 - INFO - temporal_block.mamba.conv1d.weight	torch.Size([192, 1, 4])	cuda:0	True
2026-04-11 20:05:07,242 - INFO - temporal_block.mamba.conv1d.bias	torch.Size([192])	cuda:0	True
2026-04-11 20:05:07,242 - INFO - temporal_block.mamba.x_proj.weight	torch.Size([198, 192])	cuda:0	True
2026-04-11 20:05:07,242 - INFO - temporal_block.mamba.dt_proj.weight	torch.Size([192, 6])	cuda:0	True
2026-04-11 20:05:07,242 - INFO - temporal_block.mamba.dt_proj.bias	torch.Size([192])	cuda:0	True
2026-04-11 20:05:07,242 - INFO - temporal_block.mamba.out_proj.weight	torch.Size([96, 192])	cuda:0	True
2026-04-11 20:05:07,242 - INFO - temporal_block.feed_forward.0.weight	torch.Size([384, 96])	cuda:0	True
2026-04-11 20:05:07,242 - INFO - temporal_block.feed_forward.0.bias	torch.Size([384])	cuda:0	True
2026-04-11 20:05:07,242 - INFO - temporal_block.feed_forward.3.weight	torch.Size([96, 384])	cuda:0	True
2026-04-11 20:05:07,242 - INFO - temporal_block.feed_forward.3.bias	torch.Size([96])	cuda:0	True
2026-04-11 20:05:07,242 - INFO - temporal_block.ff_norm.weight	torch.Size([96])	cuda:0	True
2026-04-11 20:05:07,242 - INFO - temporal_block.ff_norm.bias	torch.Size([96])	cuda:0	True
2026-04-11 20:05:07,242 - INFO - spatial_block.layer_norm.weight	torch.Size([96])	cuda:0	True
2026-04-11 20:05:07,242 - INFO - spatial_block.layer_norm.bias	torch.Size([96])	cuda:0	True
2026-04-11 20:05:07,242 - INFO - spatial_block.mamba.A_log	torch.Size([192, 96])	cuda:0	True
2026-04-11 20:05:07,242 - INFO - spatial_block.mamba.D	torch.Size([192])	cuda:0	True
2026-04-11 20:05:07,242 - INFO - spatial_block.mamba.in_proj.weight	torch.Size([384, 96])	cuda:0	True
2026-04-11 20:05:07,242 - INFO - spatial_block.mamba.conv1d.weight	torch.Size([192, 1, 4])	cuda:0	True
2026-04-11 20:05:07,242 - INFO - spatial_block.mamba.conv1d.bias	torch.Size([192])	cuda:0	True
2026-04-11 20:05:07,242 - INFO - spatial_block.mamba.x_proj.weight	torch.Size([198, 192])	cuda:0	True
2026-04-11 20:05:07,242 - INFO - spatial_block.mamba.dt_proj.weight	torch.Size([192, 6])	cuda:0	True
2026-04-11 20:05:07,242 - INFO - spatial_block.mamba.dt_proj.bias	torch.Size([192])	cuda:0	True
2026-04-11 20:05:07,242 - INFO - spatial_block.mamba.out_proj.weight	torch.Size([96, 192])	cuda:0	True
2026-04-11 20:05:07,242 - INFO - spatial_block.feed_forward.0.weight	torch.Size([384, 96])	cuda:0	True
2026-04-11 20:05:07,242 - INFO - spatial_block.feed_forward.0.bias	torch.Size([384])	cuda:0	True
2026-04-11 20:05:07,242 - INFO - spatial_block.feed_forward.3.weight	torch.Size([96, 384])	cuda:0	True
2026-04-11 20:05:07,243 - INFO - spatial_block.feed_forward.3.bias	torch.Size([96])	cuda:0	True
2026-04-11 20:05:07,243 - INFO - spatial_block.ff_norm.weight	torch.Size([96])	cuda:0	True
2026-04-11 20:05:07,243 - INFO - spatial_block.ff_norm.bias	torch.Size([96])	cuda:0	True
2026-04-11 20:05:07,243 - INFO - output_proj.weight	torch.Size([1, 96])	cuda:0	True
2026-04-11 20:05:07,243 - INFO - output_proj.bias	torch.Size([1])	cuda:0	True
2026-04-11 20:05:07,243 - INFO - final_layer_norm.weight	torch.Size([96])	cuda:0	True
2026-04-11 20:05:07,243 - INFO - final_layer_norm.bias	torch.Size([96])	cuda:0	True
2026-04-11 20:05:07,243 - INFO - Total parameter numbers: 603529
2026-04-11 20:05:07,243 - INFO - You select `adam` optimizer.
2026-04-11 20:05:07,243 - INFO - You select `cosineannealinglr` lr_scheduler.
2026-04-11 20:05:07,259 - INFO - 已恢复学习率调度器状态 (当前学习率: 0.000655)
2026-04-11 20:05:07,259 - INFO - 已恢复最佳epoch记录: 70
2026-04-11 20:05:07,259 - INFO - 已恢复最小验证损失: 4.0491
2026-04-11 20:05:07,259 - INFO - 已恢复early stopping等待计数: 0
2026-04-11 20:05:07,259 - INFO - Loaded model at 70
2026-04-11 20:05:07,259 - WARNING - Received none train loss func and will use the loss func defined in the model.
2026-04-11 20:05:07,260 - INFO - Gradient accumulation steps: 1
2026-04-11 20:05:07,260 - INFO - FP16 mixed precision training: True
2026-04-11 20:05:07,260 - INFO - Using torch.cuda.amp.GradScaler for FP16 training
2026-04-11 20:05:07,260 - INFO - Enabled cuDNN benchmark mode
2026-04-11 20:05:07,260 - INFO - Enabled TF32 for faster training on Ampere GPUs
2026-04-11 20:05:07,260 - INFO - Executor 已初始化 GPU 数据预加载功能（PEMSD4 专用）
2026-04-11 20:05:07,260 - INFO - Start training ...
2026-04-11 20:05:07,260 - INFO - Resumed from epoch 70, best_epoch=70, min_val_loss=4.0491
2026-04-11 20:05:07,260 - INFO - num_batches:80
2026-04-11 20:05:07,260 - INFO - 数据集较小，正在预加载 train 数据到 GPU 显存...
2026-04-11 20:05:18,890 - INFO -   已预加载 10 batches...
2026-04-11 20:05:30,634 - INFO -   已预加载 20 batches...
2026-04-11 20:05:42,295 - INFO -   已预加载 30 batches...
2026-04-11 20:05:53,943 - INFO -   已预加载 40 batches...
2026-04-11 20:06:05,587 - INFO -   已预加载 50 batches...
2026-04-11 20:06:17,219 - INFO -   已预加载 60 batches...
2026-04-11 20:06:28,852 - INFO -   已预加载 70 batches...
2026-04-11 20:06:40,470 - INFO -   已预加载 80 batches...
2026-04-11 20:06:40,471 - INFO - 预加载完成: 80 batches (93.21s)
2026-04-11 20:07:54,530 - INFO - epoch complete!
2026-04-11 20:07:54,531 - INFO - evaluating now!
2026-04-11 20:07:54,531 - INFO - 数据集较小，正在预加载 valid 数据到 GPU 显存...
2026-04-11 20:08:06,091 - INFO -   已预加载 10 batches...
2026-04-11 20:08:08,412 - INFO - 预加载完成: 12 batches (13.88s)
2026-04-11 20:08:10,090 - INFO - Epoch [70/300] train_loss: 4.3528, val_loss: 4.0403, lr: 0.000604, 182.83s
2026-04-11 20:08:10,106 - INFO - Saved model at 70
2026-04-11 20:08:10,106 - INFO - Val loss decrease from 4.0491 to 4.0403, saving to ./libcity/cache/M001/model_cache/MCSTMamba_optimized_METR_LA_epoch70.tar
2026-04-11 20:09:19,337 - INFO - epoch complete!
2026-04-11 20:09:19,337 - INFO - evaluating now!
2026-04-11 20:09:21,013 - INFO - Epoch [71/300] train_loss: 4.3900, val_loss: 4.9287, lr: 0.000552, 70.91s
2026-04-11 20:10:30,263 - INFO - epoch complete!
2026-04-11 20:10:30,264 - INFO - evaluating now!
2026-04-11 20:10:31,939 - INFO - Epoch [72/300] train_loss: 4.3313, val_loss: 4.0593, lr: 0.000500, 70.93s
2026-04-11 20:11:41,189 - INFO - epoch complete!
2026-04-11 20:11:41,189 - INFO - evaluating now!
2026-04-11 20:11:42,865 - INFO - Epoch [73/300] train_loss: 4.2925, val_loss: 4.3133, lr: 0.000448, 70.93s
2026-04-11 20:12:52,113 - INFO - epoch complete!
2026-04-11 20:12:52,113 - INFO - evaluating now!
2026-04-11 20:12:53,789 - INFO - Epoch [74/300] train_loss: 4.3416, val_loss: 4.1848, lr: 0.000396, 70.92s
2026-04-11 20:14:03,035 - INFO - epoch complete!
2026-04-11 20:14:03,035 - INFO - evaluating now!
2026-04-11 20:14:04,711 - INFO - Epoch [75/300] train_loss: 4.2839, val_loss: 4.0625, lr: 0.000345, 70.92s
2026-04-11 20:15:13,966 - INFO - epoch complete!
2026-04-11 20:15:13,966 - INFO - evaluating now!
2026-04-11 20:15:15,642 - INFO - Epoch [76/300] train_loss: 4.2554, val_loss: 4.1794, lr: 0.000297, 70.93s
2026-04-11 20:16:24,896 - INFO - epoch complete!
2026-04-11 20:16:24,896 - INFO - evaluating now!
2026-04-11 20:16:26,572 - INFO - Epoch [77/300] train_loss: 4.2395, val_loss: 4.0787, lr: 0.000250, 70.93s
2026-04-11 20:17:35,825 - INFO - epoch complete!
2026-04-11 20:17:35,825 - INFO - evaluating now!
2026-04-11 20:17:37,501 - INFO - Epoch [78/300] train_loss: 4.2212, val_loss: 4.0503, lr: 0.000206, 70.93s
2026-04-11 20:18:46,752 - INFO - epoch complete!
2026-04-11 20:18:46,752 - INFO - evaluating now!
2026-04-11 20:18:48,429 - INFO - Epoch [79/300] train_loss: 4.2082, val_loss: 4.1352, lr: 0.000165, 70.93s
2026-04-11 20:19:57,674 - INFO - epoch complete!
2026-04-11 20:19:57,674 - INFO - evaluating now!
2026-04-11 20:19:59,350 - INFO - Epoch [80/300] train_loss: 4.2034, val_loss: 4.0678, lr: 0.000128, 70.92s
2026-04-11 20:21:08,600 - INFO - epoch complete!
2026-04-11 20:21:08,601 - INFO - evaluating now!
2026-04-11 20:21:10,277 - INFO - Epoch [81/300] train_loss: 4.2004, val_loss: 4.0635, lr: 0.000095, 70.93s
2026-04-11 20:22:19,530 - INFO - epoch complete!
2026-04-11 20:22:19,530 - INFO - evaluating now!
2026-04-11 20:22:21,206 - INFO - Epoch [82/300] train_loss: 4.1887, val_loss: 3.9990, lr: 0.000067, 70.93s
2026-04-11 20:22:21,221 - INFO - Saved model at 82
2026-04-11 20:22:21,221 - INFO - Val loss decrease from 4.0403 to 3.9990, saving to ./libcity/cache/M001/model_cache/MCSTMamba_optimized_METR_LA_epoch82.tar
2026-04-11 20:23:30,471 - INFO - epoch complete!
2026-04-11 20:23:30,471 - INFO - evaluating now!
2026-04-11 20:23:32,148 - INFO - Epoch [83/300] train_loss: 4.1801, val_loss: 4.0240, lr: 0.000043, 70.93s
2026-04-11 20:24:41,399 - INFO - epoch complete!
2026-04-11 20:24:41,400 - INFO - evaluating now!
2026-04-11 20:24:43,075 - INFO - Epoch [84/300] train_loss: 4.1768, val_loss: 4.0098, lr: 0.000024, 70.93s
2026-04-11 20:25:52,323 - INFO - epoch complete!
2026-04-11 20:25:52,323 - INFO - evaluating now!
2026-04-11 20:25:54,000 - INFO - Epoch [85/300] train_loss: 4.1729, val_loss: 3.9693, lr: 0.000011, 70.92s
2026-04-11 20:25:54,015 - INFO - Saved model at 85
2026-04-11 20:25:54,015 - INFO - Val loss decrease from 3.9990 to 3.9693, saving to ./libcity/cache/M001/model_cache/MCSTMamba_optimized_METR_LA_epoch85.tar
2026-04-11 20:27:03,268 - INFO - epoch complete!
2026-04-11 20:27:03,268 - INFO - evaluating now!
2026-04-11 20:27:04,944 - INFO - Epoch [86/300] train_loss: 4.1702, val_loss: 3.9607, lr: 0.000003, 70.93s
2026-04-11 20:27:04,959 - INFO - Saved model at 86
2026-04-11 20:27:04,959 - INFO - Val loss decrease from 3.9693 to 3.9607, saving to ./libcity/cache/M001/model_cache/MCSTMamba_optimized_METR_LA_epoch86.tar
2026-04-11 20:28:14,213 - INFO - epoch complete!
2026-04-11 20:28:14,214 - INFO - evaluating now!
2026-04-11 20:28:15,890 - INFO - Epoch [87/300] train_loss: 4.1693, val_loss: 3.9679, lr: 0.000000, 70.93s
2026-04-11 20:29:25,146 - INFO - epoch complete!
2026-04-11 20:29:25,146 - INFO - evaluating now!
2026-04-11 20:29:26,823 - INFO - Epoch [88/300] train_loss: 4.1691, val_loss: 3.9679, lr: 0.000003, 70.93s
2026-04-11 20:30:36,082 - INFO - epoch complete!
2026-04-11 20:30:36,082 - INFO - evaluating now!
2026-04-11 20:30:37,758 - INFO - Epoch [89/300] train_loss: 4.1689, val_loss: 3.9670, lr: 0.000011, 70.93s
2026-04-11 20:31:47,008 - INFO - epoch complete!
2026-04-11 20:31:47,008 - INFO - evaluating now!
2026-04-11 20:31:48,685 - INFO - Epoch [90/300] train_loss: 4.1696, val_loss: 3.9602, lr: 0.000024, 70.93s
2026-04-11 20:31:48,700 - INFO - Saved model at 90
2026-04-11 20:31:48,701 - INFO - Val loss decrease from 3.9607 to 3.9602, saving to ./libcity/cache/M001/model_cache/MCSTMamba_optimized_METR_LA_epoch90.tar
2026-04-11 20:32:57,949 - INFO - epoch complete!
2026-04-11 20:32:57,950 - INFO - evaluating now!
2026-04-11 20:32:59,626 - INFO - Epoch [91/300] train_loss: 4.1702, val_loss: 3.9776, lr: 0.000043, 70.93s
2026-04-11 20:34:08,878 - INFO - epoch complete!
2026-04-11 20:34:08,878 - INFO - evaluating now!
2026-04-11 20:34:10,554 - INFO - Epoch [92/300] train_loss: 4.1698, val_loss: 3.9800, lr: 0.000067, 70.93s
2026-04-11 20:35:19,805 - INFO - epoch complete!
2026-04-11 20:35:19,806 - INFO - evaluating now!
2026-04-11 20:35:21,482 - INFO - Epoch [93/300] train_loss: 4.1679, val_loss: 4.0151, lr: 0.000095, 70.93s
2026-04-11 20:36:30,736 - INFO - epoch complete!
2026-04-11 20:36:30,736 - INFO - evaluating now!
2026-04-11 20:36:32,412 - INFO - Epoch [94/300] train_loss: 4.1665, val_loss: 3.9856, lr: 0.000128, 70.93s
2026-04-11 20:37:41,664 - INFO - epoch complete!
2026-04-11 20:37:41,665 - INFO - evaluating now!
2026-04-11 20:37:43,342 - INFO - Epoch [95/300] train_loss: 4.1628, val_loss: 4.0067, lr: 0.000165, 70.93s
2026-04-11 20:38:52,587 - INFO - epoch complete!
2026-04-11 20:38:52,587 - INFO - evaluating now!
2026-04-11 20:38:54,264 - INFO - Epoch [96/300] train_loss: 4.1669, val_loss: 4.0016, lr: 0.000206, 70.92s
2026-04-11 20:40:03,511 - INFO - epoch complete!
2026-04-11 20:40:03,512 - INFO - evaluating now!
2026-04-11 20:40:05,188 - INFO - Epoch [97/300] train_loss: 4.1693, val_loss: 3.9155, lr: 0.000250, 70.92s
2026-04-11 20:40:05,202 - INFO - Saved model at 97
2026-04-11 20:40:05,202 - INFO - Val loss decrease from 3.9602 to 3.9155, saving to ./libcity/cache/M001/model_cache/MCSTMamba_optimized_METR_LA_epoch97.tar
2026-04-11 20:41:14,453 - INFO - epoch complete!
2026-04-11 20:41:14,453 - INFO - evaluating now!
2026-04-11 20:41:16,129 - INFO - Epoch [98/300] train_loss: 4.1749, val_loss: 4.0373, lr: 0.000297, 70.93s
2026-04-11 20:42:25,380 - INFO - epoch complete!
2026-04-11 20:42:25,380 - INFO - evaluating now!
2026-04-11 20:42:27,057 - INFO - Epoch [99/300] train_loss: 4.1687, val_loss: 3.9939, lr: 0.000345, 70.93s
2026-04-11 20:43:36,307 - INFO - epoch complete!
2026-04-11 20:43:36,307 - INFO - evaluating now!
2026-04-11 20:43:37,983 - INFO - Epoch [100/300] train_loss: 4.2075, val_loss: 4.0782, lr: 0.000396, 70.93s
2026-04-11 20:44:47,228 - INFO - epoch complete!
2026-04-11 20:44:47,228 - INFO - evaluating now!
2026-04-11 20:44:48,904 - INFO - Epoch [101/300] train_loss: 4.2035, val_loss: 3.9107, lr: 0.000448, 70.92s
2026-04-11 20:44:48,919 - INFO - Saved model at 101
2026-04-11 20:44:48,919 - INFO - Val loss decrease from 3.9155 to 3.9107, saving to ./libcity/cache/M001/model_cache/MCSTMamba_optimized_METR_LA_epoch101.tar
2026-04-11 20:45:58,165 - INFO - epoch complete!
2026-04-11 20:45:58,165 - INFO - evaluating now!
2026-04-11 20:45:59,841 - INFO - Epoch [102/300] train_loss: 4.1826, val_loss: 4.2497, lr: 0.000500, 70.92s
2026-04-11 20:47:09,093 - INFO - epoch complete!
2026-04-11 20:47:09,093 - INFO - evaluating now!
2026-04-11 20:47:10,769 - INFO - Epoch [103/300] train_loss: 4.2169, val_loss: 3.9550, lr: 0.000552, 70.93s
2026-04-11 20:48:20,021 - INFO - epoch complete!
2026-04-11 20:48:20,021 - INFO - evaluating now!
2026-04-11 20:48:21,697 - INFO - Epoch [104/300] train_loss: 4.1912, val_loss: 4.0743, lr: 0.000604, 70.93s
2026-04-11 20:49:30,953 - INFO - epoch complete!
2026-04-11 20:49:30,953 - INFO - evaluating now!
2026-04-11 20:49:32,629 - INFO - Epoch [105/300] train_loss: 4.2419, val_loss: 4.0667, lr: 0.000655, 70.93s
2026-04-11 20:50:41,898 - INFO - epoch complete!
2026-04-11 20:50:41,899 - INFO - evaluating now!
2026-04-11 20:50:43,575 - INFO - Epoch [106/300] train_loss: 4.2067, val_loss: 4.0117, lr: 0.000703, 70.95s
2026-04-11 20:51:52,822 - INFO - epoch complete!
2026-04-11 20:51:52,822 - INFO - evaluating now!
2026-04-11 20:51:54,498 - INFO - Epoch [107/300] train_loss: 4.2595, val_loss: 3.9892, lr: 0.000750, 70.92s
2026-04-11 20:53:03,751 - INFO - epoch complete!
2026-04-11 20:53:03,751 - INFO - evaluating now!
2026-04-11 20:53:05,427 - INFO - Epoch [108/300] train_loss: 4.2603, val_loss: 4.0980, lr: 0.000794, 70.93s
2026-04-11 20:54:14,689 - INFO - epoch complete!
2026-04-11 20:54:14,690 - INFO - evaluating now!
2026-04-11 20:54:16,366 - INFO - Epoch [109/300] train_loss: 4.3115, val_loss: 4.5635, lr: 0.000835, 70.94s
2026-04-11 20:55:25,621 - INFO - epoch complete!
2026-04-11 20:55:25,622 - INFO - evaluating now!
2026-04-11 20:55:27,298 - INFO - Epoch [110/300] train_loss: 4.3171, val_loss: 4.1915, lr: 0.000872, 70.93s
2026-04-11 20:56:36,551 - INFO - epoch complete!
2026-04-11 20:56:36,551 - INFO - evaluating now!
2026-04-11 20:56:38,229 - INFO - Epoch [111/300] train_loss: 4.2512, val_loss: 3.9394, lr: 0.000905, 70.93s
2026-04-11 20:57:47,479 - INFO - epoch complete!
2026-04-11 20:57:47,480 - INFO - evaluating now!
2026-04-11 20:57:49,158 - INFO - Epoch [112/300] train_loss: 4.2376, val_loss: 3.9689, lr: 0.000933, 70.93s
2026-04-11 20:58:58,410 - INFO - epoch complete!
2026-04-11 20:58:58,411 - INFO - evaluating now!
2026-04-11 20:59:00,087 - INFO - Epoch [113/300] train_loss: 4.2409, val_loss: 4.2997, lr: 0.000957, 70.93s
2026-04-11 21:00:09,340 - INFO - epoch complete!
2026-04-11 21:00:09,340 - INFO - evaluating now!
2026-04-11 21:00:11,017 - INFO - Epoch [114/300] train_loss: 4.2561, val_loss: 4.0516, lr: 0.000976, 70.93s
2026-04-11 21:01:20,268 - INFO - epoch complete!
2026-04-11 21:01:20,268 - INFO - evaluating now!
2026-04-11 21:01:21,945 - INFO - Epoch [115/300] train_loss: 4.2431, val_loss: 4.0989, lr: 0.000989, 70.93s
2026-04-11 21:02:31,199 - INFO - epoch complete!
2026-04-11 21:02:31,199 - INFO - evaluating now!
2026-04-11 21:02:32,875 - INFO - Epoch [116/300] train_loss: 4.5107, val_loss: 4.5413, lr: 0.000997, 70.93s
2026-04-11 21:02:32,875 - WARNING - Early stopping at epoch: 116
2026-04-11 21:02:32,875 - INFO - Trained totally 47 epochs, average train time is 71.336s, average eval time is 1.971s
2026-04-11 21:02:32,875 - INFO - Training ended. Best epoch: 101, min val loss: 3.9107
2026-04-11 21:02:32,889 - INFO - 已恢复梯度缩放器状态
2026-04-11 21:02:32,889 - INFO - 已恢复学习率调度器状态 (当前学习率: 0.000448)
2026-04-11 21:02:32,889 - INFO - 已恢复最佳epoch记录: 101
2026-04-11 21:02:32,889 - INFO - 已恢复最小验证损失: 3.9107
2026-04-11 21:02:32,889 - INFO - 已恢复early stopping等待计数: 0
2026-04-11 21:02:32,889 - INFO - Loaded model at 101
2026-04-11 21:02:32,889 - INFO - Saved model at ./libcity/cache/M001/model_cache/MCSTMamba_optimized_METR_LA.m
2026-04-11 21:02:32,945 - INFO - Start evaluating ...
2026-04-11 21:02:34,620 - INFO - Saved visualizations for batch 0
2026-04-11 21:02:50,427 - INFO - Saved visualizations for batch 10
2026-04-11 21:03:06,096 - INFO - Saved visualizations for batch 20
2026-04-11 21:03:13,399 - INFO - Saved predictions to ./libcity/cache/M001/evaluate_cache/2026_04_11_21_03_09_MCSTMamba_optimized_METR_LA_predictions.npz
2026-04-11 21:03:13,452 - ERROR - Failed to calculate or save evaluation metrics: Could not infer dtype of numpy.float32
2026-04-11 21:03:13,454 - INFO - Copied log file to cache: ./libcity/cache/M001/logs/M001-MCSTMamba_optimized-METR_LA-Apr-11-2026_19-02-48.log
2026-04-11 21:03:13,454 - INFO - Copied log file to cache: ./libcity/cache/M001/logs/M001-MCSTMamba_optimized-METR_LA-Apr-11-2026_20-05-02.log
2026-04-11 21:03:13,455 - INFO - Copied log file to cache: ./libcity/cache/M001/logs/M001-MCSTMamba_optimized-METR_LA-Apr-11-2026_12-53-43.log
2026-04-11 21:03:13,455 - INFO - Created training summary: ./libcity/cache/M001/logs/training_summary.txt
2026-04-11 21:03:14,084 - INFO - Generated visualization: ./libcity/cache/M001/logs/loss_curve.png
2026-04-11 21:03:14,084 - INFO - Generated visualization: ./libcity/cache/M001/logs/loss_curve_log_scale.png
