2026-04-11 12:53:43,793 - INFO - Log directory: ./libcity/log
2026-04-11 12:53:43,793 - INFO - Begin pipeline, task=traffic_state_pred, model_name=MCSTMamba_optimized, dataset_name=METR_LA, exp_id=M001, epoch=0
2026-04-11 12:53:43,793 - INFO - {'task': 'traffic_state_pred', 'model': 'MCSTMamba_optimized', 'dataset': 'METR_LA', 'saved_model': True, 'train': True, 'exp_id': 'M001', 'seed': 0, 'dataset_class': 'TrafficStatePointDataset', 'executor': 'TrafficStateExecutorOptimized', 'evaluator': 'TrafficStateEvaluator', 'd_model': 96, 'd_state': 96, 'd_conv': 4, 'expand': 2, 'max_epoch': 300, 'learner': 'adam', 'learning_rate': 0.001, 'lr_decay': True, 'lr_scheduler': 'cosineannealinglr', 'input_window': 12, 'output_window': 12, 'early_stop': True, 'patience': 15, 'weight_decay': 0.0001, 'input_embedding_dim': 24, 'tod_embedding_dim': 24, 'dow_embedding_dim': 24, 'spatial_embedding_dim': 16, 'adaptive_embedding_dim': 80, 'add_time_in_day': True, 'add_day_in_week': True, 'steps_per_day': 288, 'dropout': 0.1, 'batch_size': 300, 'num_workers': 0, 'pin_memory': False, 'persistent_workers': False, 'bf16': True, 'gpu': True, 'gradient_accumulation_steps': 1, 'clip_grad_norm': True, 'max_grad_norm': 5.0, 'use_optimized_data_loader': True, 'cache_dataset': True, 'pad_with_last_sample': True, 'train_rate': 0.7, 'eval_rate': 0.1, 'scaler': 'none', 'load_external': False, 'normal_external': False, 'ext_scaler': 'none', 'robustness_test': False, 'noise_type': 'gaussian', 'disturb_rate': 0.5, 'noise_mean': [5], 'noise_SD': [10], 'gpu_id': 0, 'train_loss': 'none', 'epoch': 0, 'lr_epsilon': 1e-08, 'lr_beta1': 0.9, 'lr_beta2': 0.999, 'lr_alpha': 0.99, 'lr_momentum': 0, 'lr_decay_ratio': 0.1, 'steps': [10, 30, 50, 80], 'step_size': 10, 'lr_T_max': 30, 'lr_eta_min': 0, 'lr_patience': 5, 'lr_threshold': 0.0001, 'use_early_stop': True, 'log_level': 'INFO', 'log_every': 1, 'load_best_epoch': True, 'hyper_tune': False, 'fp16': True, 'metrics': ['MAE', 'MAPE', 'MSE', 'RMSE', 'masked_MAE', 'masked_MAPE', 'masked_MSE', 'masked_RMSE', 'R2', 'EVAR'], 'evaluator_mode': 'single', 'save_mode': ['csv'], 'geo': {'including_types': ['Point'], 'Point': {}}, 'rel': {'including_types': ['geo'], 'geo': {'cost': 'num'}}, 'dyna': {'including_types': ['state'], 'state': {'entity_id': 'geo_id', 'traffic_speed': 'num'}}, 'data_col': ['traffic_speed'], 'weight_col': 'cost', 'data_files': ['METR_LA'], 'geo_file': 'METR_LA', 'rel_file': 'METR_LA', 'output_dim': 1, 'time_intervals': 300, 'init_weight_inf_or_zero': 'inf', 'set_weight_link_or_dist': 'dist', 'calculate_weight_adj': True, 'weight_adj_epsilon': 0.1, 'device': device(type='cuda', index=0)}
2026-04-11 12:53:46,315 - INFO - Loaded file METR_LA.geo, num_nodes=207
2026-04-11 12:53:46,331 - INFO - set_weight_link_or_dist: dist
2026-04-11 12:53:46,331 - INFO - init_weight_inf_or_zero: inf
2026-04-11 12:53:46,352 - INFO - Loaded file METR_LA.rel, shape=(207, 207)
2026-04-11 12:53:46,352 - INFO - Start Calculate the weight by Gauss kernel!
2026-04-11 12:53:46,355 - INFO - Loading file METR_LA.dyna
2026-04-11 12:53:53,328 - INFO - Loaded file METR_LA.dyna, shape=(34272, 207, 1)
2026-04-11 12:53:55,160 - INFO - Dataset created
2026-04-11 12:53:55,161 - INFO - x shape: (34249, 12, 207, 1), y shape: (34249, 12, 207, 1)
2026-04-11 12:53:55,164 - INFO - train	x: (23974, 12, 207, 1), y: (23974, 12, 207, 1)
2026-04-11 12:53:55,164 - INFO - eval	x: (3425, 12, 207, 1), y: (3425, 12, 207, 1)
2026-04-11 12:53:55,164 - INFO - test	x: (6850, 12, 207, 1), y: (6850, 12, 207, 1)
2026-04-11 12:54:11,029 - INFO - Saved at ./libcity/cache/dataset_cache/point_based_METR_LA_12_12_0.7_0.1_none_300_False_True_True_True.npz
2026-04-11 12:54:11,029 - INFO - NoneScaler
2026-04-11 12:54:11,029 - INFO - NoneScaler
2026-04-11 12:54:20,270 - INFO - Building simplified MCSTMamba model with just two Mamba blocks
2026-04-11 12:54:21,144 - INFO - Simplified MCSTMamba model configured for device: cuda:0
2026-04-11 12:54:22,738 - INFO - MCSTMamba_optimized(
  (input_proj): Linear(in_features=1, out_features=24, bias=True)
  (tod_embedding): Embedding(288, 24)
  (dow_embedding): Embedding(7, 24)
  (mamba_input_proj): Linear(in_features=168, out_features=96, bias=True)
  (temporal_block): SimpleMambaBlock(
    (layer_norm): LayerNorm((96,), eps=1e-05, elementwise_affine=True)
    (mamba): Mamba(
      (in_proj): Linear(in_features=96, out_features=384, bias=False)
      (conv1d): Conv1d(192, 192, kernel_size=(4,), stride=(1,), padding=(3,), groups=192)
      (act): SiLU()
      (x_proj): Linear(in_features=192, out_features=198, bias=False)
      (dt_proj): Linear(in_features=6, out_features=192, bias=True)
      (out_proj): Linear(in_features=192, out_features=96, bias=False)
    )
    (dropout): Dropout(p=0.1, inplace=False)
    (feed_forward): Sequential(
      (0): Linear(in_features=96, out_features=384, bias=True)
      (1): GELU(approximate='none')
      (2): Dropout(p=0.1, inplace=False)
      (3): Linear(in_features=384, out_features=96, bias=True)
    )
    (ff_norm): LayerNorm((96,), eps=1e-05, elementwise_affine=True)
    (ff_dropout): Dropout(p=0.1, inplace=False)
  )
  (spatial_block): SimpleMambaBlock(
    (layer_norm): LayerNorm((96,), eps=1e-05, elementwise_affine=True)
    (mamba): Mamba(
      (in_proj): Linear(in_features=96, out_features=384, bias=False)
      (conv1d): Conv1d(192, 192, kernel_size=(4,), stride=(1,), padding=(3,), groups=192)
      (act): SiLU()
      (x_proj): Linear(in_features=192, out_features=198, bias=False)
      (dt_proj): Linear(in_features=6, out_features=192, bias=True)
      (out_proj): Linear(in_features=192, out_features=96, bias=False)
    )
    (dropout): Dropout(p=0.1, inplace=False)
    (feed_forward): Sequential(
      (0): Linear(in_features=96, out_features=384, bias=True)
      (1): GELU(approximate='none')
      (2): Dropout(p=0.1, inplace=False)
      (3): Linear(in_features=384, out_features=96, bias=True)
    )
    (ff_norm): LayerNorm((96,), eps=1e-05, elementwise_affine=True)
    (ff_dropout): Dropout(p=0.1, inplace=False)
  )
  (output_proj): Linear(in_features=96, out_features=1, bias=True)
  (final_layer_norm): LayerNorm((96,), eps=1e-05, elementwise_affine=True)
)
2026-04-11 12:54:22,739 - INFO - spatial_embedding	torch.Size([207, 16])	cuda:0	True
2026-04-11 12:54:22,739 - INFO - adaptive_embedding	torch.Size([12, 207, 80])	cuda:0	True
2026-04-11 12:54:22,739 - INFO - combine_weights	torch.Size([2, 96])	cuda:0	True
2026-04-11 12:54:22,739 - INFO - input_proj.weight	torch.Size([24, 1])	cuda:0	True
2026-04-11 12:54:22,739 - INFO - input_proj.bias	torch.Size([24])	cuda:0	True
2026-04-11 12:54:22,739 - INFO - tod_embedding.weight	torch.Size([288, 24])	cuda:0	True
2026-04-11 12:54:22,739 - INFO - dow_embedding.weight	torch.Size([7, 24])	cuda:0	True
2026-04-11 12:54:22,739 - INFO - mamba_input_proj.weight	torch.Size([96, 168])	cuda:0	True
2026-04-11 12:54:22,739 - INFO - mamba_input_proj.bias	torch.Size([96])	cuda:0	True
2026-04-11 12:54:22,739 - INFO - temporal_block.layer_norm.weight	torch.Size([96])	cuda:0	True
2026-04-11 12:54:22,739 - INFO - temporal_block.layer_norm.bias	torch.Size([96])	cuda:0	True
2026-04-11 12:54:22,739 - INFO - temporal_block.mamba.A_log	torch.Size([192, 96])	cuda:0	True
2026-04-11 12:54:22,739 - INFO - temporal_block.mamba.D	torch.Size([192])	cuda:0	True
2026-04-11 12:54:22,739 - INFO - temporal_block.mamba.in_proj.weight	torch.Size([384, 96])	cuda:0	True
2026-04-11 12:54:22,739 - INFO - temporal_block.mamba.conv1d.weight	torch.Size([192, 1, 4])	cuda:0	True
2026-04-11 12:54:22,739 - INFO - temporal_block.mamba.conv1d.bias	torch.Size([192])	cuda:0	True
2026-04-11 12:54:22,739 - INFO - temporal_block.mamba.x_proj.weight	torch.Size([198, 192])	cuda:0	True
2026-04-11 12:54:22,739 - INFO - temporal_block.mamba.dt_proj.weight	torch.Size([192, 6])	cuda:0	True
2026-04-11 12:54:22,739 - INFO - temporal_block.mamba.dt_proj.bias	torch.Size([192])	cuda:0	True
2026-04-11 12:54:22,739 - INFO - temporal_block.mamba.out_proj.weight	torch.Size([96, 192])	cuda:0	True
2026-04-11 12:54:22,740 - INFO - temporal_block.feed_forward.0.weight	torch.Size([384, 96])	cuda:0	True
2026-04-11 12:54:22,740 - INFO - temporal_block.feed_forward.0.bias	torch.Size([384])	cuda:0	True
2026-04-11 12:54:22,740 - INFO - temporal_block.feed_forward.3.weight	torch.Size([96, 384])	cuda:0	True
2026-04-11 12:54:22,740 - INFO - temporal_block.feed_forward.3.bias	torch.Size([96])	cuda:0	True
2026-04-11 12:54:22,740 - INFO - temporal_block.ff_norm.weight	torch.Size([96])	cuda:0	True
2026-04-11 12:54:22,740 - INFO - temporal_block.ff_norm.bias	torch.Size([96])	cuda:0	True
2026-04-11 12:54:22,740 - INFO - spatial_block.layer_norm.weight	torch.Size([96])	cuda:0	True
2026-04-11 12:54:22,740 - INFO - spatial_block.layer_norm.bias	torch.Size([96])	cuda:0	True
2026-04-11 12:54:22,740 - INFO - spatial_block.mamba.A_log	torch.Size([192, 96])	cuda:0	True
2026-04-11 12:54:22,740 - INFO - spatial_block.mamba.D	torch.Size([192])	cuda:0	True
2026-04-11 12:54:22,740 - INFO - spatial_block.mamba.in_proj.weight	torch.Size([384, 96])	cuda:0	True
2026-04-11 12:54:22,740 - INFO - spatial_block.mamba.conv1d.weight	torch.Size([192, 1, 4])	cuda:0	True
2026-04-11 12:54:22,740 - INFO - spatial_block.mamba.conv1d.bias	torch.Size([192])	cuda:0	True
2026-04-11 12:54:22,740 - INFO - spatial_block.mamba.x_proj.weight	torch.Size([198, 192])	cuda:0	True
2026-04-11 12:54:22,740 - INFO - spatial_block.mamba.dt_proj.weight	torch.Size([192, 6])	cuda:0	True
2026-04-11 12:54:22,740 - INFO - spatial_block.mamba.dt_proj.bias	torch.Size([192])	cuda:0	True
2026-04-11 12:54:22,740 - INFO - spatial_block.mamba.out_proj.weight	torch.Size([96, 192])	cuda:0	True
2026-04-11 12:54:22,740 - INFO - spatial_block.feed_forward.0.weight	torch.Size([384, 96])	cuda:0	True
2026-04-11 12:54:22,740 - INFO - spatial_block.feed_forward.0.bias	torch.Size([384])	cuda:0	True
2026-04-11 12:54:22,740 - INFO - spatial_block.feed_forward.3.weight	torch.Size([96, 384])	cuda:0	True
2026-04-11 12:54:22,740 - INFO - spatial_block.feed_forward.3.bias	torch.Size([96])	cuda:0	True
2026-04-11 12:54:22,740 - INFO - spatial_block.ff_norm.weight	torch.Size([96])	cuda:0	True
2026-04-11 12:54:22,740 - INFO - spatial_block.ff_norm.bias	torch.Size([96])	cuda:0	True
2026-04-11 12:54:22,741 - INFO - output_proj.weight	torch.Size([1, 96])	cuda:0	True
2026-04-11 12:54:22,741 - INFO - output_proj.bias	torch.Size([1])	cuda:0	True
2026-04-11 12:54:22,741 - INFO - final_layer_norm.weight	torch.Size([96])	cuda:0	True
2026-04-11 12:54:22,741 - INFO - final_layer_norm.bias	torch.Size([96])	cuda:0	True
2026-04-11 12:54:22,741 - INFO - Total parameter numbers: 603529
2026-04-11 12:54:22,741 - INFO - You select `adam` optimizer.
2026-04-11 12:54:22,741 - INFO - You select `cosineannealinglr` lr_scheduler.
2026-04-11 12:54:22,741 - WARNING - Received none train loss func and will use the loss func defined in the model.
2026-04-11 12:54:22,741 - INFO - Gradient accumulation steps: 1
2026-04-11 12:54:22,741 - INFO - FP16 mixed precision training: True
2026-04-11 12:54:22,741 - INFO - Using torch.cuda.amp.GradScaler for FP16 training
2026-04-11 12:54:22,741 - INFO - Enabled cuDNN benchmark mode
2026-04-11 12:54:22,741 - INFO - Enabled TF32 for faster training on Ampere GPUs
2026-04-11 12:54:22,742 - INFO - Executor 已初始化 GPU 数据预加载功能（PEMSD4 专用）
2026-04-11 12:54:22,742 - INFO - Start training ...
2026-04-11 12:54:22,742 - INFO - num_batches:80
2026-04-11 12:54:22,742 - INFO - PEMSD4 数据集较小，正在预加载 train 数据到 GPU 显存...
2026-04-11 12:54:34,883 - INFO -   已预加载 10 batches...
2026-04-11 12:54:46,772 - INFO -   已预加载 20 batches...
2026-04-11 12:54:58,629 - INFO -   已预加载 30 batches...
2026-04-11 12:55:10,370 - INFO -   已预加载 40 batches...
2026-04-11 12:55:22,104 - INFO -   已预加载 50 batches...
2026-04-11 12:55:33,934 - INFO -   已预加载 60 batches...
2026-04-11 12:55:45,764 - INFO -   已预加载 70 batches...
2026-04-11 12:55:57,553 - INFO -   已预加载 80 batches...
2026-04-11 12:55:57,554 - INFO - 预加载完成: 80 batches (94.81s)
2026-04-11 12:57:14,663 - INFO - epoch complete!
2026-04-11 12:57:14,663 - INFO - evaluating now!
2026-04-11 12:57:14,663 - INFO - PEMSD4 数据集较小，正在预加载 valid 数据到 GPU 显存...
2026-04-11 12:57:26,389 - INFO -   已预加载 10 batches...
2026-04-11 12:57:28,724 - INFO - 预加载完成: 12 batches (14.06s)
2026-04-11 12:57:30,398 - INFO - Epoch [0/300] train_loss: 50.7457, val_loss: 45.1680, lr: 0.000997, 187.66s
2026-04-11 12:57:30,414 - INFO - Saved model at 0
2026-04-11 12:57:30,415 - INFO - Val loss decrease from inf to 45.1680, saving to ./libcity/cache/M001/model_cache/MCSTMamba_optimized_METR_LA_epoch0.tar
2026-04-11 12:58:39,836 - INFO - epoch complete!
2026-04-11 12:58:39,836 - INFO - evaluating now!
2026-04-11 12:58:41,511 - INFO - Epoch [1/300] train_loss: 38.5034, val_loss: 32.1360, lr: 0.000989, 71.10s
2026-04-11 12:58:41,527 - INFO - Saved model at 1
2026-04-11 12:58:41,527 - INFO - Val loss decrease from 45.1680 to 32.1360, saving to ./libcity/cache/M001/model_cache/MCSTMamba_optimized_METR_LA_epoch1.tar
2026-04-11 12:59:51,013 - INFO - epoch complete!
2026-04-11 12:59:51,013 - INFO - evaluating now!
2026-04-11 12:59:52,688 - INFO - Epoch [2/300] train_loss: 24.6085, val_loss: 17.6065, lr: 0.000976, 71.16s
2026-04-11 12:59:52,705 - INFO - Saved model at 2
2026-04-11 12:59:52,705 - INFO - Val loss decrease from 32.1360 to 17.6065, saving to ./libcity/cache/M001/model_cache/MCSTMamba_optimized_METR_LA_epoch2.tar
2026-04-11 13:01:02,199 - INFO - epoch complete!
2026-04-11 13:01:02,199 - INFO - evaluating now!
2026-04-11 13:01:03,873 - INFO - Epoch [3/300] train_loss: 10.9724, val_loss: 6.0972, lr: 0.000957, 71.17s
2026-04-11 13:01:03,889 - INFO - Saved model at 3
2026-04-11 13:01:03,889 - INFO - Val loss decrease from 17.6065 to 6.0972, saving to ./libcity/cache/M001/model_cache/MCSTMamba_optimized_METR_LA_epoch3.tar
2026-04-11 13:02:13,363 - INFO - epoch complete!
2026-04-11 13:02:13,364 - INFO - evaluating now!
2026-04-11 13:02:15,038 - INFO - Epoch [4/300] train_loss: 5.3652, val_loss: 4.6030, lr: 0.000933, 71.15s
2026-04-11 13:02:15,053 - INFO - Saved model at 4
2026-04-11 13:02:15,053 - INFO - Val loss decrease from 6.0972 to 4.6030, saving to ./libcity/cache/M001/model_cache/MCSTMamba_optimized_METR_LA_epoch4.tar
2026-04-11 13:03:24,527 - INFO - epoch complete!
2026-04-11 13:03:24,527 - INFO - evaluating now!
2026-04-11 13:03:26,202 - INFO - Epoch [5/300] train_loss: 4.8156, val_loss: 4.5414, lr: 0.000905, 71.15s
2026-04-11 13:03:26,218 - INFO - Saved model at 5
2026-04-11 13:03:26,218 - INFO - Val loss decrease from 4.6030 to 4.5414, saving to ./libcity/cache/M001/model_cache/MCSTMamba_optimized_METR_LA_epoch5.tar
2026-04-11 13:04:35,689 - INFO - epoch complete!
2026-04-11 13:04:35,689 - INFO - evaluating now!
2026-04-11 13:04:37,365 - INFO - Epoch [6/300] train_loss: 4.7550, val_loss: 4.5456, lr: 0.000872, 71.15s
2026-04-11 13:05:46,863 - INFO - epoch complete!
2026-04-11 13:05:46,863 - INFO - evaluating now!
2026-04-11 13:05:48,541 - INFO - Epoch [7/300] train_loss: 4.7249, val_loss: 4.5304, lr: 0.000835, 71.18s
2026-04-11 13:05:48,557 - INFO - Saved model at 7
2026-04-11 13:05:48,557 - INFO - Val loss decrease from 4.5414 to 4.5304, saving to ./libcity/cache/M001/model_cache/MCSTMamba_optimized_METR_LA_epoch7.tar
2026-04-11 13:06:58,067 - INFO - epoch complete!
2026-04-11 13:06:58,068 - INFO - evaluating now!
2026-04-11 13:06:59,745 - INFO - Epoch [8/300] train_loss: 4.8203, val_loss: 4.5226, lr: 0.000794, 71.19s
2026-04-11 13:06:59,764 - INFO - Saved model at 8
2026-04-11 13:06:59,764 - INFO - Val loss decrease from 4.5304 to 4.5226, saving to ./libcity/cache/M001/model_cache/MCSTMamba_optimized_METR_LA_epoch8.tar
2026-04-11 13:08:09,276 - INFO - epoch complete!
2026-04-11 13:08:09,276 - INFO - evaluating now!
2026-04-11 13:08:10,954 - INFO - Epoch [9/300] train_loss: 4.7628, val_loss: 4.4495, lr: 0.000750, 71.19s
2026-04-11 13:08:10,971 - INFO - Saved model at 9
2026-04-11 13:08:10,971 - INFO - Val loss decrease from 4.5226 to 4.4495, saving to ./libcity/cache/M001/model_cache/MCSTMamba_optimized_METR_LA_epoch9.tar
2026-04-11 13:09:20,476 - INFO - epoch complete!
2026-04-11 13:09:20,476 - INFO - evaluating now!
2026-04-11 13:09:22,153 - INFO - Epoch [10/300] train_loss: 4.7308, val_loss: 4.4242, lr: 0.000703, 71.18s
2026-04-11 13:09:22,170 - INFO - Saved model at 10
2026-04-11 13:09:22,170 - INFO - Val loss decrease from 4.4495 to 4.4242, saving to ./libcity/cache/M001/model_cache/MCSTMamba_optimized_METR_LA_epoch10.tar
2026-04-11 13:10:31,671 - INFO - epoch complete!
2026-04-11 13:10:31,671 - INFO - evaluating now!
2026-04-11 13:10:33,346 - INFO - Epoch [11/300] train_loss: 4.7041, val_loss: 4.4367, lr: 0.000655, 71.18s
2026-04-11 13:11:42,834 - INFO - epoch complete!
2026-04-11 13:11:42,834 - INFO - evaluating now!
2026-04-11 13:11:44,508 - INFO - Epoch [12/300] train_loss: 4.6880, val_loss: 4.4070, lr: 0.000604, 71.16s
2026-04-11 13:11:44,524 - INFO - Saved model at 12
2026-04-11 13:11:44,524 - INFO - Val loss decrease from 4.4242 to 4.4070, saving to ./libcity/cache/M001/model_cache/MCSTMamba_optimized_METR_LA_epoch12.tar
2026-04-11 13:12:54,020 - INFO - epoch complete!
2026-04-11 13:12:54,020 - INFO - evaluating now!
2026-04-11 13:12:55,693 - INFO - Epoch [13/300] train_loss: 4.6674, val_loss: 4.5788, lr: 0.000552, 71.17s
2026-04-11 13:14:05,184 - INFO - epoch complete!
2026-04-11 13:14:05,184 - INFO - evaluating now!
2026-04-11 13:14:06,859 - INFO - Epoch [14/300] train_loss: 4.6883, val_loss: 4.4086, lr: 0.000500, 71.16s
2026-04-11 13:15:16,358 - INFO - epoch complete!
2026-04-11 13:15:16,358 - INFO - evaluating now!
2026-04-11 13:15:18,033 - INFO - Epoch [15/300] train_loss: 4.6517, val_loss: 4.3903, lr: 0.000448, 71.17s
2026-04-11 13:15:18,049 - INFO - Saved model at 15
2026-04-11 13:15:18,050 - INFO - Val loss decrease from 4.4070 to 4.3903, saving to ./libcity/cache/M001/model_cache/MCSTMamba_optimized_METR_LA_epoch15.tar
2026-04-11 13:16:27,554 - INFO - epoch complete!
2026-04-11 13:16:27,555 - INFO - evaluating now!
2026-04-11 13:16:29,229 - INFO - Epoch [16/300] train_loss: 4.6539, val_loss: 4.5539, lr: 0.000396, 71.18s
2026-04-11 13:17:38,725 - INFO - epoch complete!
2026-04-11 13:17:38,725 - INFO - evaluating now!
2026-04-11 13:17:40,402 - INFO - Epoch [17/300] train_loss: 4.6395, val_loss: 4.4272, lr: 0.000345, 71.17s
2026-04-11 13:18:49,877 - INFO - epoch complete!
2026-04-11 13:18:49,877 - INFO - evaluating now!
2026-04-11 13:18:51,551 - INFO - Epoch [18/300] train_loss: 4.6498, val_loss: 4.4265, lr: 0.000297, 71.15s
2026-04-11 13:20:01,034 - INFO - epoch complete!
2026-04-11 13:20:01,034 - INFO - evaluating now!
2026-04-11 13:20:02,708 - INFO - Epoch [19/300] train_loss: 4.6281, val_loss: 4.4562, lr: 0.000250, 71.16s
2026-04-11 13:21:12,184 - INFO - epoch complete!
2026-04-11 13:21:12,184 - INFO - evaluating now!
2026-04-11 13:21:13,859 - INFO - Epoch [20/300] train_loss: 4.6257, val_loss: 4.5431, lr: 0.000206, 71.15s
2026-04-11 13:22:23,316 - INFO - epoch complete!
2026-04-11 13:22:23,316 - INFO - evaluating now!
2026-04-11 13:22:24,990 - INFO - Epoch [21/300] train_loss: 4.6236, val_loss: 4.3885, lr: 0.000165, 71.13s
2026-04-11 13:22:25,005 - INFO - Saved model at 21
2026-04-11 13:22:25,005 - INFO - Val loss decrease from 4.3903 to 4.3885, saving to ./libcity/cache/M001/model_cache/MCSTMamba_optimized_METR_LA_epoch21.tar
2026-04-11 13:23:34,449 - INFO - epoch complete!
2026-04-11 13:23:34,449 - INFO - evaluating now!
2026-04-11 13:23:36,124 - INFO - Epoch [22/300] train_loss: 4.6167, val_loss: 4.5249, lr: 0.000128, 71.12s
2026-04-11 13:24:45,548 - INFO - epoch complete!
2026-04-11 13:24:45,548 - INFO - evaluating now!
2026-04-11 13:24:47,225 - INFO - Epoch [23/300] train_loss: 4.6146, val_loss: 4.4803, lr: 0.000095, 71.10s
2026-04-11 13:25:56,651 - INFO - epoch complete!
2026-04-11 13:25:56,651 - INFO - evaluating now!
2026-04-11 13:25:58,325 - INFO - Epoch [24/300] train_loss: 4.6080, val_loss: 4.4613, lr: 0.000067, 71.10s
2026-04-11 13:27:07,759 - INFO - epoch complete!
2026-04-11 13:27:07,760 - INFO - evaluating now!
2026-04-11 13:27:09,433 - INFO - Epoch [25/300] train_loss: 4.6051, val_loss: 4.4765, lr: 0.000043, 71.11s
2026-04-11 13:28:18,872 - INFO - epoch complete!
2026-04-11 13:28:18,872 - INFO - evaluating now!
2026-04-11 13:28:20,545 - INFO - Epoch [26/300] train_loss: 4.6027, val_loss: 4.4803, lr: 0.000024, 71.11s
2026-04-11 13:29:29,980 - INFO - epoch complete!
2026-04-11 13:29:29,981 - INFO - evaluating now!
2026-04-11 13:29:31,654 - INFO - Epoch [27/300] train_loss: 4.6015, val_loss: 4.4225, lr: 0.000011, 71.11s
2026-04-11 13:30:41,076 - INFO - epoch complete!
2026-04-11 13:30:41,076 - INFO - evaluating now!
2026-04-11 13:30:42,750 - INFO - Epoch [28/300] train_loss: 4.6008, val_loss: 4.4293, lr: 0.000003, 71.10s
2026-04-11 13:31:52,176 - INFO - epoch complete!
2026-04-11 13:31:52,176 - INFO - evaluating now!
2026-04-11 13:31:53,849 - INFO - Epoch [29/300] train_loss: 4.6001, val_loss: 4.4525, lr: 0.000000, 71.10s
2026-04-11 13:33:03,284 - INFO - epoch complete!
2026-04-11 13:33:03,285 - INFO - evaluating now!
2026-04-11 13:33:04,959 - INFO - Epoch [30/300] train_loss: 4.6000, val_loss: 4.4525, lr: 0.000003, 71.11s
2026-04-11 13:34:14,408 - INFO - epoch complete!
2026-04-11 13:34:14,408 - INFO - evaluating now!
2026-04-11 13:34:16,081 - INFO - Epoch [31/300] train_loss: 4.5998, val_loss: 4.4532, lr: 0.000011, 71.12s
2026-04-11 13:35:25,524 - INFO - epoch complete!
2026-04-11 13:35:25,525 - INFO - evaluating now!
2026-04-11 13:35:27,198 - INFO - Epoch [32/300] train_loss: 4.6002, val_loss: 4.4272, lr: 0.000024, 71.12s
2026-04-11 13:36:36,628 - INFO - epoch complete!
2026-04-11 13:36:36,629 - INFO - evaluating now!
2026-04-11 13:36:38,304 - INFO - Epoch [33/300] train_loss: 4.6002, val_loss: 4.4184, lr: 0.000043, 71.11s
2026-04-11 13:37:47,730 - INFO - epoch complete!
2026-04-11 13:37:47,730 - INFO - evaluating now!
2026-04-11 13:37:49,404 - INFO - Epoch [34/300] train_loss: 4.6006, val_loss: 4.4880, lr: 0.000067, 71.10s
2026-04-11 13:38:58,837 - INFO - epoch complete!
2026-04-11 13:38:58,838 - INFO - evaluating now!
2026-04-11 13:39:00,512 - INFO - Epoch [35/300] train_loss: 4.5999, val_loss: 4.4794, lr: 0.000095, 71.11s
2026-04-11 13:40:09,950 - INFO - epoch complete!
2026-04-11 13:40:09,951 - INFO - evaluating now!
2026-04-11 13:40:11,625 - INFO - Epoch [36/300] train_loss: 4.6004, val_loss: 4.5009, lr: 0.000128, 71.11s
2026-04-11 13:40:11,625 - WARNING - Early stopping at epoch: 36
2026-04-11 13:40:11,625 - INFO - Trained totally 37 epochs, average train time is 72.233s, average eval time is 2.054s
2026-04-11 13:40:11,640 - INFO - 已恢复梯度缩放器状态
2026-04-11 13:40:11,640 - INFO - 已恢复学习率调度器状态 (当前学习率: 0.000165)
2026-04-11 13:40:11,640 - INFO - 已恢复最佳epoch记录: 0
2026-04-11 13:40:11,640 - INFO - 已恢复early stopping等待计数: 0
2026-04-11 13:40:11,640 - INFO - Loaded model at 21
2026-04-11 13:40:11,640 - INFO - Saved model at ./libcity/cache/M001/model_cache/MCSTMamba_optimized_METR_LA.m
2026-04-11 13:40:11,655 - INFO - Start evaluating ...
2026-04-11 13:40:13,460 - INFO - Saved visualizations for batch 0
2026-04-11 13:40:29,515 - INFO - Saved visualizations for batch 10
2026-04-11 13:40:45,326 - INFO - Saved visualizations for batch 20
2026-04-11 13:40:52,910 - INFO - Saved predictions to ./libcity/cache/M001/evaluate_cache/2026_04_11_13_40_48_MCSTMamba_optimized_METR_LA_predictions.npz
2026-04-11 13:40:52,931 - ERROR - Failed to calculate or save evaluation metrics: Could not infer dtype of numpy.float32
2026-04-11 13:40:52,932 - INFO - Copied log file to cache: ./libcity/cache/M001/logs/M001-MCSTMamba_optimized-METR_LA-Apr-11-2026_12-53-43.log
2026-04-11 13:40:52,932 - INFO - Created training summary: ./libcity/cache/M001/logs/training_summary.txt
2026-04-11 13:40:53,624 - INFO - Generated visualization: ./libcity/cache/M001/logs/loss_curve.png
2026-04-11 13:40:53,625 - INFO - Generated visualization: ./libcity/cache/M001/logs/loss_curve_log_scale.png
