2026-04-12 00:44:08,743 - INFO - Log directory: ./libcity/log
2026-04-12 00:44:08,743 - INFO - Begin pipeline, task=traffic_state_pred, model_name=MCSTWeather, dataset_name=METR_LA, exp_id=M001, epoch=0
2026-04-12 00:44:08,743 - INFO - {'task': 'traffic_state_pred', 'model': 'MCSTWeather', 'dataset': 'METR_LA', 'saved_model': True, 'train': True, 'exp_id': 'M001', 'seed': 0, 'dataset_class': 'TrafficStatePointDataset', 'executor': 'TrafficStateExecutorOptimized', 'evaluator': 'TrafficStateEvaluator', 'input_window': 12, 'output_window': 12, 'input_embedding_dim': 24, 'tod_embedding_dim': 24, 'dow_embedding_dim': 24, 'spatial_embedding_dim': 16, 'adaptive_embedding_dim': 80, 'd_model': 96, 'd_state': 32, 'd_conv': 4, 'expand': 2, 'dropout': 0.1, 'weather_embed_dim': 64, 'use_weather': True, 'weather_file': None, 'add_time_in_day': True, 'add_day_in_week': False, 'steps_per_day': 288, 'max_epoch': 100, 'batch_size': 16, 'learning_rate': 0.001, 'optimizer': 'adam', 'lr_scheduler': 'multisteplr', 'lr_decay_ratio': 0.1, 'steps': [30, 50, 70], 'patience': 50, 'use_early_stop': False, 'scaler': 'standard', 'load_external': True, 'normal_external': False, 'ext_scaler': 'none', 'cache_dataset': True, 'num_workers': 0, 'pad_with_last_sample': True, 'train_rate': 0.7, 'eval_rate': 0.1, 'robustness_test': False, 'noise_type': 'gaussian', 'disturb_rate': 0.5, 'noise_mean': [5], 'noise_SD': [10], 'gpu': True, 'gpu_id': 0, 'train_loss': 'none', 'epoch': 0, 'learner': 'adam', 'weight_decay': 0.0001, 'lr_epsilon': 1e-08, 'lr_beta1': 0.9, 'lr_beta2': 0.999, 'lr_alpha': 0.99, 'lr_momentum': 0, 'lr_decay': True, 'step_size': 10, 'lr_T_max': 30, 'lr_eta_min': 0, 'lr_patience': 5, 'lr_threshold': 0.0001, 'clip_grad_norm': True, 'max_grad_norm': 5.0, 'log_level': 'INFO', 'log_every': 1, 'load_best_epoch': True, 'hyper_tune': False, 'fp16': True, 'gradient_accumulation_steps': 2, 'metrics': ['MAE', 'MAPE', 'MSE', 'RMSE', 'masked_MAE', 'masked_MAPE', 'masked_MSE', 'masked_RMSE', 'R2', 'EVAR'], 'evaluator_mode': 'single', 'save_mode': ['csv'], 'geo': {'including_types': ['Point'], 'Point': {}}, 'rel': {'including_types': ['geo'], 'geo': {'cost': 'num'}}, 'dyna': {'including_types': ['state'], 'state': {'entity_id': 'geo_id', 'traffic_speed': 'num'}}, 'data_col': ['traffic_speed'], 'weight_col': 'cost', 'data_files': ['METR_LA'], 'geo_file': 'METR_LA', 'rel_file': 'METR_LA', 'output_dim': 1, 'time_intervals': 300, 'init_weight_inf_or_zero': 'inf', 'set_weight_link_or_dist': 'dist', 'calculate_weight_adj': True, 'weight_adj_epsilon': 0.1, 'device': device(type='cuda', index=0)}
2026-04-12 00:44:09,065 - INFO - Loaded file METR_LA.geo, num_nodes=207
2026-04-12 00:44:09,071 - INFO - set_weight_link_or_dist: dist
2026-04-12 00:44:09,071 - INFO - init_weight_inf_or_zero: inf
2026-04-12 00:44:09,085 - INFO - Loaded file METR_LA.rel, shape=(207, 207)
2026-04-12 00:44:09,085 - INFO - Start Calculate the weight by Gauss kernel!
2026-04-12 00:44:09,085 - INFO - Loading ./libcity/cache/dataset_cache/point_based_METR_LA_12_12_0.7_0.1_standard_16_True_True_False_True.npz
2026-04-12 00:44:15,344 - INFO - train	x: (23974, 12, 207, 2), y: (23974, 12, 207, 2)
2026-04-12 00:44:15,344 - INFO - eval	x: (3425, 12, 207, 2), y: (3425, 12, 207, 2)
2026-04-12 00:44:15,344 - INFO - test	x: (6850, 12, 207, 2), y: (6850, 12, 207, 2)
2026-04-12 00:44:15,724 - INFO - StandardScaler mean: 54.40592829587626, std: 19.493739270573094
2026-04-12 00:44:15,725 - INFO - NoneScaler
2026-04-12 00:44:19,993 - INFO - Weather data loaded from ./raw_data/METR_LA/weather.csv
2026-04-12 00:44:19,993 - INFO - Weather features: ['temp_range', 'temp_avg', 'apparent_temp_diff', 'humidity_level', 'humidity_change', 'humidity_range', 'wind_gust_ratio', 'wind_avg', 'wind_speed', 'pressure_diff', 'pressure_change', 'pressure_level', 'has_precipitation', 'precipitation_level', 'wind_dir_sin', 'wind_dir_cos', 'weather_phenomena_count', 'has_severe_weather', 'hour', 'hour_sin', 'hour_cos']
2026-04-12 00:44:19,994 - INFO - Building MCSTWeather model with weather integration
2026-04-12 00:44:20,470 - INFO - MCSTWeather model initialized with weather_embed_dim=64
2026-04-12 00:44:22,066 - INFO - MCSTWeather(
  (input_proj): Linear(in_features=2, out_features=24, bias=True)
  (tod_embedding): Embedding(288, 24)
  (mamba_input_proj): Linear(in_features=144, out_features=96, bias=True)
  (weather_feature_proj): Sequential(
    (0): Linear(in_features=21, out_features=128, bias=True)
    (1): ReLU()
    (2): Dropout(p=0.1, inplace=False)
    (3): Linear(in_features=128, out_features=64, bias=True)
  )
  (weather_spatial_expand): Linear(in_features=64, out_features=64, bias=True)
  (temporal_block): SimpleMambaWeatherBlock(
    (layer_norm): LayerNorm((96,), eps=1e-05, elementwise_affine=True)
    (mamba_weather): MambaWeather(
      (in_proj): Linear(in_features=96, out_features=384, bias=False)
      (conv1d): Conv1d(192, 192, kernel_size=(4,), stride=(1,), padding=(3,), groups=192)
      (act): SiLU()
      (x_proj): Linear(in_features=256, out_features=70, bias=False)
      (dt_proj): Linear(in_features=6, out_features=192, bias=True)
      (out_proj): Linear(in_features=192, out_features=96, bias=False)
      (weather_proj): Linear(in_features=64, out_features=64, bias=True)
    )
    (dropout): Dropout(p=0.1, inplace=False)
    (feed_forward): Sequential(
      (0): Linear(in_features=96, out_features=384, bias=True)
      (1): GELU(approximate='none')
      (2): Dropout(p=0.1, inplace=False)
      (3): Linear(in_features=384, out_features=96, bias=True)
    )
    (ff_norm): LayerNorm((96,), eps=1e-05, elementwise_affine=True)
    (ff_dropout): Dropout(p=0.1, inplace=False)
  )
  (spatial_block): SimpleMambaWeatherBlock(
    (layer_norm): LayerNorm((96,), eps=1e-05, elementwise_affine=True)
    (mamba_weather): MambaWeather(
      (in_proj): Linear(in_features=96, out_features=384, bias=False)
      (conv1d): Conv1d(192, 192, kernel_size=(4,), stride=(1,), padding=(3,), groups=192)
      (act): SiLU()
      (x_proj): Linear(in_features=256, out_features=70, bias=False)
      (dt_proj): Linear(in_features=6, out_features=192, bias=True)
      (out_proj): Linear(in_features=192, out_features=96, bias=False)
      (weather_proj): Linear(in_features=64, out_features=64, bias=True)
    )
    (dropout): Dropout(p=0.1, inplace=False)
    (feed_forward): Sequential(
      (0): Linear(in_features=96, out_features=384, bias=True)
      (1): GELU(approximate='none')
      (2): Dropout(p=0.1, inplace=False)
      (3): Linear(in_features=384, out_features=96, bias=True)
    )
    (ff_norm): LayerNorm((96,), eps=1e-05, elementwise_affine=True)
    (ff_dropout): Dropout(p=0.1, inplace=False)
  )
  (output_proj): Linear(in_features=96, out_features=1, bias=True)
  (final_layer_norm): LayerNorm((96,), eps=1e-05, elementwise_affine=True)
)
2026-04-12 00:44:22,067 - INFO - spatial_embedding	torch.Size([207, 16])	cuda:0	True
2026-04-12 00:44:22,067 - INFO - adaptive_embedding	torch.Size([12, 207, 80])	cuda:0	True
2026-04-12 00:44:22,067 - INFO - combine_weights	torch.Size([2, 96])	cuda:0	True
2026-04-12 00:44:22,067 - INFO - input_proj.weight	torch.Size([24, 2])	cuda:0	True
2026-04-12 00:44:22,067 - INFO - input_proj.bias	torch.Size([24])	cuda:0	True
2026-04-12 00:44:22,067 - INFO - tod_embedding.weight	torch.Size([288, 24])	cuda:0	True
2026-04-12 00:44:22,067 - INFO - mamba_input_proj.weight	torch.Size([96, 144])	cuda:0	True
2026-04-12 00:44:22,067 - INFO - mamba_input_proj.bias	torch.Size([96])	cuda:0	True
2026-04-12 00:44:22,067 - INFO - weather_feature_proj.0.weight	torch.Size([128, 21])	cuda:0	True
2026-04-12 00:44:22,067 - INFO - weather_feature_proj.0.bias	torch.Size([128])	cuda:0	True
2026-04-12 00:44:22,067 - INFO - weather_feature_proj.3.weight	torch.Size([64, 128])	cuda:0	True
2026-04-12 00:44:22,067 - INFO - weather_feature_proj.3.bias	torch.Size([64])	cuda:0	True
2026-04-12 00:44:22,067 - INFO - weather_spatial_expand.weight	torch.Size([64, 64])	cuda:0	True
2026-04-12 00:44:22,067 - INFO - weather_spatial_expand.bias	torch.Size([64])	cuda:0	True
2026-04-12 00:44:22,067 - INFO - temporal_block.layer_norm.weight	torch.Size([96])	cuda:0	True
2026-04-12 00:44:22,068 - INFO - temporal_block.layer_norm.bias	torch.Size([96])	cuda:0	True
2026-04-12 00:44:22,068 - INFO - temporal_block.mamba_weather.A_log	torch.Size([192, 32])	cuda:0	True
2026-04-12 00:44:22,068 - INFO - temporal_block.mamba_weather.D	torch.Size([192])	cuda:0	True
2026-04-12 00:44:22,068 - INFO - temporal_block.mamba_weather.in_proj.weight	torch.Size([384, 96])	cuda:0	True
2026-04-12 00:44:22,068 - INFO - temporal_block.mamba_weather.conv1d.weight	torch.Size([192, 1, 4])	cuda:0	True
2026-04-12 00:44:22,068 - INFO - temporal_block.mamba_weather.conv1d.bias	torch.Size([192])	cuda:0	True
2026-04-12 00:44:22,068 - INFO - temporal_block.mamba_weather.x_proj.weight	torch.Size([70, 256])	cuda:0	True
2026-04-12 00:44:22,068 - INFO - temporal_block.mamba_weather.dt_proj.weight	torch.Size([192, 6])	cuda:0	True
2026-04-12 00:44:22,068 - INFO - temporal_block.mamba_weather.dt_proj.bias	torch.Size([192])	cuda:0	True
2026-04-12 00:44:22,068 - INFO - temporal_block.mamba_weather.out_proj.weight	torch.Size([96, 192])	cuda:0	True
2026-04-12 00:44:22,068 - INFO - temporal_block.mamba_weather.weather_proj.weight	torch.Size([64, 64])	cuda:0	True
2026-04-12 00:44:22,068 - INFO - temporal_block.mamba_weather.weather_proj.bias	torch.Size([64])	cuda:0	True
2026-04-12 00:44:22,068 - INFO - temporal_block.feed_forward.0.weight	torch.Size([384, 96])	cuda:0	True
2026-04-12 00:44:22,068 - INFO - temporal_block.feed_forward.0.bias	torch.Size([384])	cuda:0	True
2026-04-12 00:44:22,068 - INFO - temporal_block.feed_forward.3.weight	torch.Size([96, 384])	cuda:0	True
2026-04-12 00:44:22,068 - INFO - temporal_block.feed_forward.3.bias	torch.Size([96])	cuda:0	True
2026-04-12 00:44:22,068 - INFO - temporal_block.ff_norm.weight	torch.Size([96])	cuda:0	True
2026-04-12 00:44:22,068 - INFO - temporal_block.ff_norm.bias	torch.Size([96])	cuda:0	True
2026-04-12 00:44:22,068 - INFO - spatial_block.layer_norm.weight	torch.Size([96])	cuda:0	True
2026-04-12 00:44:22,068 - INFO - spatial_block.layer_norm.bias	torch.Size([96])	cuda:0	True
2026-04-12 00:44:22,068 - INFO - spatial_block.mamba_weather.A_log	torch.Size([192, 32])	cuda:0	True
2026-04-12 00:44:22,068 - INFO - spatial_block.mamba_weather.D	torch.Size([192])	cuda:0	True
2026-04-12 00:44:22,068 - INFO - spatial_block.mamba_weather.in_proj.weight	torch.Size([384, 96])	cuda:0	True
2026-04-12 00:44:22,068 - INFO - spatial_block.mamba_weather.conv1d.weight	torch.Size([192, 1, 4])	cuda:0	True
2026-04-12 00:44:22,068 - INFO - spatial_block.mamba_weather.conv1d.bias	torch.Size([192])	cuda:0	True
2026-04-12 00:44:22,068 - INFO - spatial_block.mamba_weather.x_proj.weight	torch.Size([70, 256])	cuda:0	True
2026-04-12 00:44:22,069 - INFO - spatial_block.mamba_weather.dt_proj.weight	torch.Size([192, 6])	cuda:0	True
2026-04-12 00:44:22,069 - INFO - spatial_block.mamba_weather.dt_proj.bias	torch.Size([192])	cuda:0	True
2026-04-12 00:44:22,069 - INFO - spatial_block.mamba_weather.out_proj.weight	torch.Size([96, 192])	cuda:0	True
2026-04-12 00:44:22,069 - INFO - spatial_block.mamba_weather.weather_proj.weight	torch.Size([64, 64])	cuda:0	True
2026-04-12 00:44:22,069 - INFO - spatial_block.mamba_weather.weather_proj.bias	torch.Size([64])	cuda:0	True
2026-04-12 00:44:22,069 - INFO - spatial_block.feed_forward.0.weight	torch.Size([384, 96])	cuda:0	True
2026-04-12 00:44:22,069 - INFO - spatial_block.feed_forward.0.bias	torch.Size([384])	cuda:0	True
2026-04-12 00:44:22,069 - INFO - spatial_block.feed_forward.3.weight	torch.Size([96, 384])	cuda:0	True
2026-04-12 00:44:22,069 - INFO - spatial_block.feed_forward.3.bias	torch.Size([96])	cuda:0	True
2026-04-12 00:44:22,069 - INFO - spatial_block.ff_norm.weight	torch.Size([96])	cuda:0	True
2026-04-12 00:44:22,069 - INFO - spatial_block.ff_norm.bias	torch.Size([96])	cuda:0	True
2026-04-12 00:44:22,069 - INFO - output_proj.weight	torch.Size([1, 96])	cuda:0	True
2026-04-12 00:44:22,069 - INFO - output_proj.bias	torch.Size([1])	cuda:0	True
2026-04-12 00:44:22,069 - INFO - final_layer_norm.weight	torch.Size([96])	cuda:0	True
2026-04-12 00:44:22,069 - INFO - final_layer_norm.bias	torch.Size([96])	cuda:0	True
2026-04-12 00:44:22,069 - INFO - Total parameter numbers: 559865
2026-04-12 00:44:22,069 - INFO - You select `adam` optimizer.
2026-04-12 00:44:22,070 - INFO - You select `multisteplr` lr_scheduler.
2026-04-12 00:44:22,070 - WARNING - Received none train loss func and will use the loss func defined in the model.
2026-04-12 00:44:22,070 - INFO - Gradient accumulation steps: 2
2026-04-12 00:44:22,070 - INFO - FP16 mixed precision training: True
2026-04-12 00:44:22,070 - INFO - Using torch.cuda.amp.GradScaler for FP16 training
2026-04-12 00:44:22,070 - INFO - Enabled cuDNN benchmark mode
2026-04-12 00:44:22,070 - INFO - Enabled TF32 for faster training on Ampere GPUs
2026-04-12 00:44:22,070 - INFO - Executor 已初始化 GPU 数据预加载功能（PEMSD4 专用）
2026-04-12 00:44:22,070 - INFO - Start training ...
2026-04-12 00:44:22,070 - INFO - num_batches:1499
2026-04-12 00:44:22,071 - INFO - 数据集较小，正在预加载 train 数据到 GPU 显存...
2026-04-12 00:44:22,790 - INFO -   已预加载 10 batches...
2026-04-12 00:44:23,506 - INFO -   已预加载 20 batches...
2026-04-12 00:44:24,228 - INFO -   已预加载 30 batches...
2026-04-12 00:44:24,960 - INFO -   已预加载 40 batches...
2026-04-12 00:44:25,689 - INFO -   已预加载 50 batches...
2026-04-12 00:44:26,431 - INFO -   已预加载 60 batches...
2026-04-12 00:44:27,165 - INFO -   已预加载 70 batches...
2026-04-12 00:44:27,902 - INFO -   已预加载 80 batches...
2026-04-12 00:44:28,631 - INFO -   已预加载 90 batches...
2026-04-12 00:44:29,349 - INFO -   已预加载 100 batches...
2026-04-12 00:44:30,066 - INFO -   已预加载 110 batches...
2026-04-12 00:44:30,774 - INFO -   已预加载 120 batches...
2026-04-12 00:44:31,494 - INFO -   已预加载 130 batches...
2026-04-12 00:44:32,207 - INFO -   已预加载 140 batches...
2026-04-12 00:44:32,926 - INFO -   已预加载 150 batches...
2026-04-12 00:44:33,637 - INFO -   已预加载 160 batches...
2026-04-12 00:44:34,340 - INFO -   已预加载 170 batches...
2026-04-12 00:44:35,044 - INFO -   已预加载 180 batches...
2026-04-12 00:44:35,753 - INFO -   已预加载 190 batches...
2026-04-12 00:44:36,469 - INFO -   已预加载 200 batches...
2026-04-12 00:44:37,184 - INFO -   已预加载 210 batches...
2026-04-12 00:44:37,892 - INFO -   已预加载 220 batches...
2026-04-12 00:44:38,609 - INFO -   已预加载 230 batches...
2026-04-12 00:44:39,324 - INFO -   已预加载 240 batches...
2026-04-12 00:44:40,053 - INFO -   已预加载 250 batches...
2026-04-12 00:44:40,771 - INFO -   已预加载 260 batches...
2026-04-12 00:44:41,487 - INFO -   已预加载 270 batches...
2026-04-12 00:44:42,207 - INFO -   已预加载 280 batches...
2026-04-12 00:44:42,926 - INFO -   已预加载 290 batches...
2026-04-12 00:44:43,646 - INFO -   已预加载 300 batches...
2026-04-12 00:44:44,368 - INFO -   已预加载 310 batches...
2026-04-12 00:44:45,086 - INFO -   已预加载 320 batches...
2026-04-12 00:44:45,796 - INFO -   已预加载 330 batches...
2026-04-12 00:44:46,515 - INFO -   已预加载 340 batches...
2026-04-12 00:44:47,225 - INFO -   已预加载 350 batches...
2026-04-12 00:44:47,952 - INFO -   已预加载 360 batches...
2026-04-12 00:44:48,676 - INFO -   已预加载 370 batches...
2026-04-12 00:44:49,394 - INFO -   已预加载 380 batches...
2026-04-12 00:44:50,110 - INFO -   已预加载 390 batches...
2026-04-12 00:44:50,817 - INFO -   已预加载 400 batches...
2026-04-12 00:44:51,547 - INFO -   已预加载 410 batches...
2026-04-12 00:44:52,265 - INFO -   已预加载 420 batches...
2026-04-12 00:44:52,980 - INFO -   已预加载 430 batches...
2026-04-12 00:44:53,690 - INFO -   已预加载 440 batches...
2026-04-12 00:44:54,412 - INFO -   已预加载 450 batches...
2026-04-12 00:44:55,123 - INFO -   已预加载 460 batches...
2026-04-12 00:44:55,845 - INFO -   已预加载 470 batches...
2026-04-12 00:44:56,560 - INFO -   已预加载 480 batches...
2026-04-12 00:44:57,266 - INFO -   已预加载 490 batches...
2026-04-12 00:44:57,980 - INFO -   已预加载 500 batches...
2026-04-12 00:44:58,694 - INFO -   已预加载 510 batches...
2026-04-12 00:44:59,408 - INFO -   已预加载 520 batches...
2026-04-12 00:45:00,145 - INFO -   已预加载 530 batches...
2026-04-12 00:45:00,861 - INFO -   已预加载 540 batches...
2026-04-12 00:45:01,578 - INFO -   已预加载 550 batches...
2026-04-12 00:45:02,297 - INFO -   已预加载 560 batches...
2026-04-12 00:45:03,015 - INFO -   已预加载 570 batches...
2026-04-12 00:45:03,737 - INFO -   已预加载 580 batches...
2026-04-12 00:45:04,452 - INFO -   已预加载 590 batches...
2026-04-12 00:45:05,169 - INFO -   已预加载 600 batches...
2026-04-12 00:45:05,889 - INFO -   已预加载 610 batches...
2026-04-12 00:45:06,611 - INFO -   已预加载 620 batches...
2026-04-12 00:45:07,336 - INFO -   已预加载 630 batches...
2026-04-12 00:45:08,057 - INFO -   已预加载 640 batches...
2026-04-12 00:45:08,766 - INFO -   已预加载 650 batches...
2026-04-12 00:45:09,482 - INFO -   已预加载 660 batches...
2026-04-12 00:45:10,193 - INFO -   已预加载 670 batches...
2026-04-12 00:45:10,921 - INFO -   已预加载 680 batches...
2026-04-12 00:45:11,637 - INFO -   已预加载 690 batches...
2026-04-12 00:45:12,353 - INFO -   已预加载 700 batches...
2026-04-12 00:45:13,070 - INFO -   已预加载 710 batches...
2026-04-12 00:45:13,781 - INFO -   已预加载 720 batches...
2026-04-12 00:45:14,494 - INFO -   已预加载 730 batches...
2026-04-12 00:45:15,215 - INFO -   已预加载 740 batches...
2026-04-12 00:45:15,922 - INFO -   已预加载 750 batches...
2026-04-12 00:45:16,634 - INFO -   已预加载 760 batches...
2026-04-12 00:45:17,343 - INFO -   已预加载 770 batches...
2026-04-12 00:45:18,057 - INFO -   已预加载 780 batches...
2026-04-12 00:45:18,782 - INFO -   已预加载 790 batches...
2026-04-12 00:45:19,495 - INFO -   已预加载 800 batches...
2026-04-12 00:45:20,202 - INFO -   已预加载 810 batches...
2026-04-12 00:45:20,910 - INFO -   已预加载 820 batches...
2026-04-12 00:45:21,621 - INFO -   已预加载 830 batches...
2026-04-12 00:45:22,347 - INFO -   已预加载 840 batches...
2026-04-12 00:45:23,060 - INFO -   已预加载 850 batches...
2026-04-12 00:45:23,772 - INFO -   已预加载 860 batches...
2026-04-12 00:45:24,486 - INFO -   已预加载 870 batches...
2026-04-12 00:45:25,196 - INFO -   已预加载 880 batches...
2026-04-12 00:45:25,922 - INFO -   已预加载 890 batches...
2026-04-12 00:45:26,644 - INFO -   已预加载 900 batches...
2026-04-12 00:45:27,356 - INFO -   已预加载 910 batches...
2026-04-12 00:45:28,062 - INFO -   已预加载 920 batches...
2026-04-12 00:45:28,769 - INFO -   已预加载 930 batches...
2026-04-12 00:45:29,482 - INFO -   已预加载 940 batches...
2026-04-12 00:45:30,202 - INFO -   已预加载 950 batches...
2026-04-12 00:45:30,913 - INFO -   已预加载 960 batches...
2026-04-12 00:45:31,615 - INFO -   已预加载 970 batches...
2026-04-12 00:45:32,320 - INFO -   已预加载 980 batches...
2026-04-12 00:45:33,029 - INFO -   已预加载 990 batches...
2026-04-12 00:45:33,746 - INFO -   已预加载 1000 batches...
2026-04-12 00:45:34,462 - INFO -   已预加载 1010 batches...
2026-04-12 00:45:35,168 - INFO -   已预加载 1020 batches...
2026-04-12 00:45:35,873 - INFO -   已预加载 1030 batches...
2026-04-12 00:45:36,580 - INFO -   已预加载 1040 batches...
2026-04-12 00:45:37,294 - INFO -   已预加载 1050 batches...
2026-04-12 00:45:38,018 - INFO -   已预加载 1060 batches...
2026-04-12 00:45:38,729 - INFO -   已预加载 1070 batches...
2026-04-12 00:45:39,442 - INFO -   已预加载 1080 batches...
2026-04-12 00:45:40,150 - INFO -   已预加载 1090 batches...
2026-04-12 00:45:40,864 - INFO -   已预加载 1100 batches...
2026-04-12 00:45:41,574 - INFO -   已预加载 1110 batches...
2026-04-12 00:45:42,301 - INFO -   已预加载 1120 batches...
2026-04-12 00:45:43,012 - INFO -   已预加载 1130 batches...
2026-04-12 00:45:43,721 - INFO -   已预加载 1140 batches...
2026-04-12 00:45:44,430 - INFO -   已预加载 1150 batches...
2026-04-12 00:45:45,141 - INFO -   已预加载 1160 batches...
2026-04-12 00:45:45,865 - INFO -   已预加载 1170 batches...
2026-04-12 00:45:46,576 - INFO -   已预加载 1180 batches...
2026-04-12 00:45:47,280 - INFO -   已预加载 1190 batches...
2026-04-12 00:45:47,987 - INFO -   已预加载 1200 batches...
2026-04-12 00:45:48,698 - INFO -   已预加载 1210 batches...
2026-04-12 00:45:49,413 - INFO -   已预加载 1220 batches...
2026-04-12 00:45:50,127 - INFO -   已预加载 1230 batches...
2026-04-12 00:45:50,836 - INFO -   已预加载 1240 batches...
2026-04-12 00:45:51,541 - INFO -   已预加载 1250 batches...
2026-04-12 00:45:52,245 - INFO -   已预加载 1260 batches...
2026-04-12 00:45:52,966 - INFO -   已预加载 1270 batches...
2026-04-12 00:45:53,727 - INFO -   已预加载 1280 batches...
2026-04-12 00:45:54,467 - INFO -   已预加载 1290 batches...
2026-04-12 00:45:55,209 - INFO -   已预加载 1300 batches...
2026-04-12 00:45:55,930 - INFO -   已预加载 1310 batches...
2026-04-12 00:45:56,643 - INFO -   已预加载 1320 batches...
2026-04-12 00:45:57,374 - INFO -   已预加载 1330 batches...
2026-04-12 00:45:58,101 - INFO -   已预加载 1340 batches...
2026-04-12 00:45:58,816 - INFO -   已预加载 1350 batches...
2026-04-12 00:45:59,528 - INFO -   已预加载 1360 batches...
2026-04-12 00:46:00,241 - INFO -   已预加载 1370 batches...
2026-04-12 00:46:00,971 - INFO -   已预加载 1380 batches...
2026-04-12 00:46:01,686 - INFO -   已预加载 1390 batches...
2026-04-12 00:46:02,401 - INFO -   已预加载 1400 batches...
2026-04-12 00:46:03,107 - INFO -   已预加载 1410 batches...
2026-04-12 00:46:03,817 - INFO -   已预加载 1420 batches...
2026-04-12 00:46:04,530 - INFO -   已预加载 1430 batches...
2026-04-12 00:46:05,259 - INFO -   已预加载 1440 batches...
2026-04-12 00:46:05,987 - INFO -   已预加载 1450 batches...
2026-04-12 00:46:06,719 - INFO -   已预加载 1460 batches...
2026-04-12 00:46:07,443 - INFO -   已预加载 1470 batches...
2026-04-12 00:46:08,167 - INFO -   已预加载 1480 batches...
2026-04-12 00:46:08,900 - INFO -   已预加载 1490 batches...
2026-04-12 00:46:09,558 - INFO - 预加载完成: 1499 batches (107.49s)
