2026-04-11 19:02:48,744 - INFO - Log directory: ./libcity/log
2026-04-11 19:02:48,745 - INFO - Begin pipeline, task=traffic_state_pred, model_name=MCSTMamba_optimized, dataset_name=METR_LA, exp_id=M001, epoch=21
2026-04-11 19:02:48,745 - INFO - {'task': 'traffic_state_pred', 'model': 'MCSTMamba_optimized', 'dataset': 'METR_LA', 'saved_model': True, 'train': True, 'exp_id': 'M001', 'seed': 0, 'resume': 'auto', 'dataset_class': 'TrafficStatePointDataset', 'executor': 'TrafficStateExecutorOptimized', 'evaluator': 'TrafficStateEvaluator', 'd_model': 96, 'd_state': 96, 'd_conv': 4, 'expand': 2, 'max_epoch': 300, 'learner': 'adam', 'learning_rate': 0.001, 'lr_decay': True, 'lr_scheduler': 'cosineannealinglr', 'input_window': 12, 'output_window': 12, 'early_stop': True, 'patience': 15, 'weight_decay': 0.0001, 'input_embedding_dim': 24, 'tod_embedding_dim': 24, 'dow_embedding_dim': 24, 'spatial_embedding_dim': 16, 'adaptive_embedding_dim': 80, 'add_time_in_day': True, 'add_day_in_week': True, 'steps_per_day': 288, 'dropout': 0.1, 'batch_size': 300, 'num_workers': 0, 'pin_memory': False, 'persistent_workers': False, 'bf16': True, 'gpu': True, 'gradient_accumulation_steps': 1, 'clip_grad_norm': True, 'max_grad_norm': 5.0, 'use_optimized_data_loader': True, 'cache_dataset': True, 'pad_with_last_sample': True, 'train_rate': 0.7, 'eval_rate': 0.1, 'scaler': 'none', 'load_external': False, 'normal_external': False, 'ext_scaler': 'none', 'robustness_test': False, 'noise_type': 'gaussian', 'disturb_rate': 0.5, 'noise_mean': [5], 'noise_SD': [10], 'gpu_id': 0, 'train_loss': 'none', 'epoch': 21, 'lr_epsilon': 1e-08, 'lr_beta1': 0.9, 'lr_beta2': 0.999, 'lr_alpha': 0.99, 'lr_momentum': 0, 'lr_decay_ratio': 0.1, 'steps': [10, 30, 50, 80], 'step_size': 10, 'lr_T_max': 30, 'lr_eta_min': 0, 'lr_patience': 5, 'lr_threshold': 0.0001, 'use_early_stop': True, 'log_level': 'INFO', 'log_every': 1, 'load_best_epoch': True, 'hyper_tune': False, 'fp16': True, 'metrics': ['MAE', 'MAPE', 'MSE', 'RMSE', 'masked_MAE', 'masked_MAPE', 'masked_MSE', 'masked_RMSE', 'R2', 'EVAR'], 'evaluator_mode': 'single', 'save_mode': ['csv'], 'geo': {'including_types': ['Point'], 'Point': {}}, 'rel': {'including_types': ['geo'], 'geo': {'cost': 'num'}}, 'dyna': {'including_types': ['state'], 'state': {'entity_id': 'geo_id', 'traffic_speed': 'num'}}, 'data_col': ['traffic_speed'], 'weight_col': 'cost', 'data_files': ['METR_LA'], 'geo_file': 'METR_LA', 'rel_file': 'METR_LA', 'output_dim': 1, 'time_intervals': 300, 'init_weight_inf_or_zero': 'inf', 'set_weight_link_or_dist': 'dist', 'calculate_weight_adj': True, 'weight_adj_epsilon': 0.1, 'device': device(type='cuda', index=0)}
2026-04-11 19:02:49,915 - INFO - Loaded file METR_LA.geo, num_nodes=207
2026-04-11 19:02:49,928 - INFO - set_weight_link_or_dist: dist
2026-04-11 19:02:49,928 - INFO - init_weight_inf_or_zero: inf
2026-04-11 19:02:49,951 - INFO - Loaded file METR_LA.rel, shape=(207, 207)
2026-04-11 19:02:49,951 - INFO - Start Calculate the weight by Gauss kernel!
2026-04-11 19:02:49,953 - INFO - Loading ./libcity/cache/dataset_cache/point_based_METR_LA_12_12_0.7_0.1_none_300_False_True_True_True.npz
2026-04-11 19:02:52,145 - INFO - train	x: (23974, 12, 207, 1), y: (23974, 12, 207, 1)
2026-04-11 19:02:52,146 - INFO - eval	x: (3425, 12, 207, 1), y: (3425, 12, 207, 1)
2026-04-11 19:02:52,146 - INFO - test	x: (6850, 12, 207, 1), y: (6850, 12, 207, 1)
2026-04-11 19:02:52,146 - INFO - NoneScaler
2026-04-11 19:02:52,146 - INFO - NoneScaler
2026-04-11 19:02:57,978 - INFO - Building simplified MCSTMamba model with just two Mamba blocks
2026-04-11 19:02:58,313 - INFO - Simplified MCSTMamba model configured for device: cuda:0
2026-04-11 19:02:59,869 - INFO - MCSTMamba_optimized(
  (input_proj): Linear(in_features=1, out_features=24, bias=True)
  (tod_embedding): Embedding(288, 24)
  (dow_embedding): Embedding(7, 24)
  (mamba_input_proj): Linear(in_features=168, out_features=96, bias=True)
  (temporal_block): SimpleMambaBlock(
    (layer_norm): LayerNorm((96,), eps=1e-05, elementwise_affine=True)
    (mamba): Mamba(
      (in_proj): Linear(in_features=96, out_features=384, bias=False)
      (conv1d): Conv1d(192, 192, kernel_size=(4,), stride=(1,), padding=(3,), groups=192)
      (act): SiLU()
      (x_proj): Linear(in_features=192, out_features=198, bias=False)
      (dt_proj): Linear(in_features=6, out_features=192, bias=True)
      (out_proj): Linear(in_features=192, out_features=96, bias=False)
    )
    (dropout): Dropout(p=0.1, inplace=False)
    (feed_forward): Sequential(
      (0): Linear(in_features=96, out_features=384, bias=True)
      (1): GELU(approximate='none')
      (2): Dropout(p=0.1, inplace=False)
      (3): Linear(in_features=384, out_features=96, bias=True)
    )
    (ff_norm): LayerNorm((96,), eps=1e-05, elementwise_affine=True)
    (ff_dropout): Dropout(p=0.1, inplace=False)
  )
  (spatial_block): SimpleMambaBlock(
    (layer_norm): LayerNorm((96,), eps=1e-05, elementwise_affine=True)
    (mamba): Mamba(
      (in_proj): Linear(in_features=96, out_features=384, bias=False)
      (conv1d): Conv1d(192, 192, kernel_size=(4,), stride=(1,), padding=(3,), groups=192)
      (act): SiLU()
      (x_proj): Linear(in_features=192, out_features=198, bias=False)
      (dt_proj): Linear(in_features=6, out_features=192, bias=True)
      (out_proj): Linear(in_features=192, out_features=96, bias=False)
    )
    (dropout): Dropout(p=0.1, inplace=False)
    (feed_forward): Sequential(
      (0): Linear(in_features=96, out_features=384, bias=True)
      (1): GELU(approximate='none')
      (2): Dropout(p=0.1, inplace=False)
      (3): Linear(in_features=384, out_features=96, bias=True)
    )
    (ff_norm): LayerNorm((96,), eps=1e-05, elementwise_affine=True)
    (ff_dropout): Dropout(p=0.1, inplace=False)
  )
  (output_proj): Linear(in_features=96, out_features=1, bias=True)
  (final_layer_norm): LayerNorm((96,), eps=1e-05, elementwise_affine=True)
)
2026-04-11 19:02:59,870 - INFO - spatial_embedding	torch.Size([207, 16])	cuda:0	True
2026-04-11 19:02:59,870 - INFO - adaptive_embedding	torch.Size([12, 207, 80])	cuda:0	True
2026-04-11 19:02:59,870 - INFO - combine_weights	torch.Size([2, 96])	cuda:0	True
2026-04-11 19:02:59,870 - INFO - input_proj.weight	torch.Size([24, 1])	cuda:0	True
2026-04-11 19:02:59,870 - INFO - input_proj.bias	torch.Size([24])	cuda:0	True
2026-04-11 19:02:59,870 - INFO - tod_embedding.weight	torch.Size([288, 24])	cuda:0	True
2026-04-11 19:02:59,870 - INFO - dow_embedding.weight	torch.Size([7, 24])	cuda:0	True
2026-04-11 19:02:59,870 - INFO - mamba_input_proj.weight	torch.Size([96, 168])	cuda:0	True
2026-04-11 19:02:59,870 - INFO - mamba_input_proj.bias	torch.Size([96])	cuda:0	True
2026-04-11 19:02:59,870 - INFO - temporal_block.layer_norm.weight	torch.Size([96])	cuda:0	True
2026-04-11 19:02:59,870 - INFO - temporal_block.layer_norm.bias	torch.Size([96])	cuda:0	True
2026-04-11 19:02:59,870 - INFO - temporal_block.mamba.A_log	torch.Size([192, 96])	cuda:0	True
2026-04-11 19:02:59,870 - INFO - temporal_block.mamba.D	torch.Size([192])	cuda:0	True
2026-04-11 19:02:59,870 - INFO - temporal_block.mamba.in_proj.weight	torch.Size([384, 96])	cuda:0	True
2026-04-11 19:02:59,870 - INFO - temporal_block.mamba.conv1d.weight	torch.Size([192, 1, 4])	cuda:0	True
2026-04-11 19:02:59,870 - INFO - temporal_block.mamba.conv1d.bias	torch.Size([192])	cuda:0	True
2026-04-11 19:02:59,870 - INFO - temporal_block.mamba.x_proj.weight	torch.Size([198, 192])	cuda:0	True
2026-04-11 19:02:59,870 - INFO - temporal_block.mamba.dt_proj.weight	torch.Size([192, 6])	cuda:0	True
2026-04-11 19:02:59,870 - INFO - temporal_block.mamba.dt_proj.bias	torch.Size([192])	cuda:0	True
2026-04-11 19:02:59,870 - INFO - temporal_block.mamba.out_proj.weight	torch.Size([96, 192])	cuda:0	True
2026-04-11 19:02:59,870 - INFO - temporal_block.feed_forward.0.weight	torch.Size([384, 96])	cuda:0	True
2026-04-11 19:02:59,870 - INFO - temporal_block.feed_forward.0.bias	torch.Size([384])	cuda:0	True
2026-04-11 19:02:59,871 - INFO - temporal_block.feed_forward.3.weight	torch.Size([96, 384])	cuda:0	True
2026-04-11 19:02:59,871 - INFO - temporal_block.feed_forward.3.bias	torch.Size([96])	cuda:0	True
2026-04-11 19:02:59,871 - INFO - temporal_block.ff_norm.weight	torch.Size([96])	cuda:0	True
2026-04-11 19:02:59,871 - INFO - temporal_block.ff_norm.bias	torch.Size([96])	cuda:0	True
2026-04-11 19:02:59,871 - INFO - spatial_block.layer_norm.weight	torch.Size([96])	cuda:0	True
2026-04-11 19:02:59,871 - INFO - spatial_block.layer_norm.bias	torch.Size([96])	cuda:0	True
2026-04-11 19:02:59,871 - INFO - spatial_block.mamba.A_log	torch.Size([192, 96])	cuda:0	True
2026-04-11 19:02:59,871 - INFO - spatial_block.mamba.D	torch.Size([192])	cuda:0	True
2026-04-11 19:02:59,871 - INFO - spatial_block.mamba.in_proj.weight	torch.Size([384, 96])	cuda:0	True
2026-04-11 19:02:59,871 - INFO - spatial_block.mamba.conv1d.weight	torch.Size([192, 1, 4])	cuda:0	True
2026-04-11 19:02:59,871 - INFO - spatial_block.mamba.conv1d.bias	torch.Size([192])	cuda:0	True
2026-04-11 19:02:59,871 - INFO - spatial_block.mamba.x_proj.weight	torch.Size([198, 192])	cuda:0	True
2026-04-11 19:02:59,871 - INFO - spatial_block.mamba.dt_proj.weight	torch.Size([192, 6])	cuda:0	True
2026-04-11 19:02:59,871 - INFO - spatial_block.mamba.dt_proj.bias	torch.Size([192])	cuda:0	True
2026-04-11 19:02:59,871 - INFO - spatial_block.mamba.out_proj.weight	torch.Size([96, 192])	cuda:0	True
2026-04-11 19:02:59,871 - INFO - spatial_block.feed_forward.0.weight	torch.Size([384, 96])	cuda:0	True
2026-04-11 19:02:59,871 - INFO - spatial_block.feed_forward.0.bias	torch.Size([384])	cuda:0	True
2026-04-11 19:02:59,871 - INFO - spatial_block.feed_forward.3.weight	torch.Size([96, 384])	cuda:0	True
2026-04-11 19:02:59,871 - INFO - spatial_block.feed_forward.3.bias	torch.Size([96])	cuda:0	True
2026-04-11 19:02:59,871 - INFO - spatial_block.ff_norm.weight	torch.Size([96])	cuda:0	True
2026-04-11 19:02:59,871 - INFO - spatial_block.ff_norm.bias	torch.Size([96])	cuda:0	True
2026-04-11 19:02:59,871 - INFO - output_proj.weight	torch.Size([1, 96])	cuda:0	True
2026-04-11 19:02:59,871 - INFO - output_proj.bias	torch.Size([1])	cuda:0	True
2026-04-11 19:02:59,871 - INFO - final_layer_norm.weight	torch.Size([96])	cuda:0	True
2026-04-11 19:02:59,871 - INFO - final_layer_norm.bias	torch.Size([96])	cuda:0	True
2026-04-11 19:02:59,872 - INFO - Total parameter numbers: 603529
2026-04-11 19:02:59,872 - INFO - You select `adam` optimizer.
2026-04-11 19:02:59,872 - INFO - You select `cosineannealinglr` lr_scheduler.
2026-04-11 19:02:59,989 - INFO - 已恢复学习率调度器状态 (当前学习率: 0.000165)
2026-04-11 19:02:59,989 - INFO - 已恢复最佳epoch记录: 0
2026-04-11 19:02:59,989 - INFO - 已恢复early stopping等待计数: 0
2026-04-11 19:02:59,989 - INFO - Loaded model at 21
2026-04-11 19:02:59,989 - WARNING - Received none train loss func and will use the loss func defined in the model.
2026-04-11 19:02:59,989 - INFO - Gradient accumulation steps: 1
2026-04-11 19:02:59,989 - INFO - FP16 mixed precision training: True
2026-04-11 19:02:59,989 - INFO - Using torch.cuda.amp.GradScaler for FP16 training
2026-04-11 19:02:59,989 - INFO - Enabled cuDNN benchmark mode
2026-04-11 19:02:59,989 - INFO - Enabled TF32 for faster training on Ampere GPUs
2026-04-11 19:02:59,989 - INFO - Executor 已初始化 GPU 数据预加载功能（PEMSD4 专用）
2026-04-11 19:02:59,989 - INFO - Start training ...
2026-04-11 19:02:59,989 - INFO - Resumed from epoch 21, best_epoch=0, min_val_loss=inf
2026-04-11 19:02:59,989 - INFO - num_batches:80
2026-04-11 19:02:59,990 - INFO - 数据集较小，正在预加载 train 数据到 GPU 显存...
2026-04-11 19:03:11,628 - INFO -   已预加载 10 batches...
2026-04-11 19:03:23,273 - INFO -   已预加载 20 batches...
2026-04-11 19:03:34,876 - INFO -   已预加载 30 batches...
2026-04-11 19:03:46,490 - INFO -   已预加载 40 batches...
2026-04-11 19:03:58,129 - INFO -   已预加载 50 batches...
2026-04-11 19:04:09,786 - INFO -   已预加载 60 batches...
2026-04-11 19:04:21,442 - INFO -   已预加载 70 batches...
2026-04-11 19:04:33,055 - INFO -   已预加载 80 batches...
2026-04-11 19:04:33,057 - INFO - 预加载完成: 80 batches (93.07s)
2026-04-11 19:05:49,266 - INFO - epoch complete!
2026-04-11 19:05:49,266 - INFO - evaluating now!
2026-04-11 19:05:49,267 - INFO - 数据集较小，正在预加载 valid 数据到 GPU 显存...
2026-04-11 19:06:00,870 - INFO -   已预加载 10 batches...
2026-04-11 19:06:03,194 - INFO - 预加载完成: 12 batches (13.93s)
2026-04-11 19:06:04,871 - INFO - Epoch [21/300] train_loss: 4.6142, val_loss: 4.5098, lr: 0.000128, 184.88s
2026-04-11 19:06:04,895 - INFO - Saved model at 21
2026-04-11 19:06:04,895 - INFO - Val loss decrease from inf to 4.5098, saving to ./libcity/cache/M001/model_cache/MCSTMamba_optimized_METR_LA_epoch21.tar
2026-04-11 19:07:14,133 - INFO - epoch complete!
2026-04-11 19:07:14,133 - INFO - evaluating now!
2026-04-11 19:07:15,809 - INFO - Epoch [22/300] train_loss: 4.6134, val_loss: 4.4119, lr: 0.000095, 70.91s
2026-04-11 19:07:15,823 - INFO - Saved model at 22
2026-04-11 19:07:15,824 - INFO - Val loss decrease from 4.5098 to 4.4119, saving to ./libcity/cache/M001/model_cache/MCSTMamba_optimized_METR_LA_epoch22.tar
2026-04-11 19:08:25,077 - INFO - epoch complete!
2026-04-11 19:08:25,077 - INFO - evaluating now!
2026-04-11 19:08:26,753 - INFO - Epoch [23/300] train_loss: 4.6084, val_loss: 4.4273, lr: 0.000067, 70.93s
2026-04-11 19:09:36,000 - INFO - epoch complete!
2026-04-11 19:09:36,000 - INFO - evaluating now!
2026-04-11 19:09:37,676 - INFO - Epoch [24/300] train_loss: 4.6068, val_loss: 4.4730, lr: 0.000043, 70.92s
2026-04-11 19:10:46,922 - INFO - epoch complete!
2026-04-11 19:10:46,922 - INFO - evaluating now!
2026-04-11 19:10:48,598 - INFO - Epoch [25/300] train_loss: 4.6055, val_loss: 4.4550, lr: 0.000024, 70.92s
2026-04-11 19:11:57,844 - INFO - epoch complete!
2026-04-11 19:11:57,844 - INFO - evaluating now!
2026-04-11 19:11:59,520 - INFO - Epoch [26/300] train_loss: 4.6025, val_loss: 4.4346, lr: 0.000011, 70.92s
2026-04-11 19:13:08,765 - INFO - epoch complete!
2026-04-11 19:13:08,765 - INFO - evaluating now!
2026-04-11 19:13:10,442 - INFO - Epoch [27/300] train_loss: 4.6008, val_loss: 4.4442, lr: 0.000003, 70.92s
2026-04-11 19:14:19,689 - INFO - epoch complete!
2026-04-11 19:14:19,690 - INFO - evaluating now!
2026-04-11 19:14:21,366 - INFO - Epoch [28/300] train_loss: 4.6004, val_loss: 4.4419, lr: 0.000000, 70.92s
2026-04-11 19:15:30,616 - INFO - epoch complete!
2026-04-11 19:15:30,616 - INFO - evaluating now!
2026-04-11 19:15:32,292 - INFO - Epoch [29/300] train_loss: 4.6004, val_loss: 4.4419, lr: 0.000003, 70.93s
2026-04-11 19:16:41,536 - INFO - epoch complete!
2026-04-11 19:16:41,537 - INFO - evaluating now!
2026-04-11 19:16:43,212 - INFO - Epoch [30/300] train_loss: 4.6005, val_loss: 4.4421, lr: 0.000011, 70.92s
2026-04-11 19:17:52,454 - INFO - epoch complete!
2026-04-11 19:17:52,454 - INFO - evaluating now!
2026-04-11 19:17:54,129 - INFO - Epoch [31/300] train_loss: 4.6005, val_loss: 4.4459, lr: 0.000024, 70.92s
2026-04-11 19:19:03,408 - INFO - epoch complete!
2026-04-11 19:19:03,408 - INFO - evaluating now!
2026-04-11 19:19:05,086 - INFO - Epoch [32/300] train_loss: 4.6009, val_loss: 4.4401, lr: 0.000043, 70.96s
2026-04-11 19:20:14,341 - INFO - epoch complete!
2026-04-11 19:20:14,341 - INFO - evaluating now!
2026-04-11 19:20:16,019 - INFO - Epoch [33/300] train_loss: 4.6011, val_loss: 4.4623, lr: 0.000067, 70.93s
2026-04-11 19:21:25,268 - INFO - epoch complete!
2026-04-11 19:21:25,269 - INFO - evaluating now!
2026-04-11 19:21:26,944 - INFO - Epoch [34/300] train_loss: 4.6043, val_loss: 4.4294, lr: 0.000095, 70.92s
2026-04-11 19:22:36,192 - INFO - epoch complete!
2026-04-11 19:22:36,192 - INFO - evaluating now!
2026-04-11 19:22:37,868 - INFO - Epoch [35/300] train_loss: 4.6016, val_loss: 4.4361, lr: 0.000128, 70.92s
2026-04-11 19:23:47,110 - INFO - epoch complete!
2026-04-11 19:23:47,110 - INFO - evaluating now!
2026-04-11 19:23:48,786 - INFO - Epoch [36/300] train_loss: 4.6047, val_loss: 4.4087, lr: 0.000165, 70.92s
2026-04-11 19:23:48,800 - INFO - Saved model at 36
2026-04-11 19:23:48,800 - INFO - Val loss decrease from 4.4119 to 4.4087, saving to ./libcity/cache/M001/model_cache/MCSTMamba_optimized_METR_LA_epoch36.tar
2026-04-11 19:24:58,040 - INFO - epoch complete!
2026-04-11 19:24:58,040 - INFO - evaluating now!
2026-04-11 19:24:59,715 - INFO - Epoch [37/300] train_loss: 4.6024, val_loss: 4.5485, lr: 0.000206, 70.91s
2026-04-11 19:26:08,953 - INFO - epoch complete!
2026-04-11 19:26:08,953 - INFO - evaluating now!
2026-04-11 19:26:10,629 - INFO - Epoch [38/300] train_loss: 4.6058, val_loss: 4.4794, lr: 0.000250, 70.91s
2026-04-11 19:27:19,880 - INFO - epoch complete!
2026-04-11 19:27:19,880 - INFO - evaluating now!
2026-04-11 19:27:21,555 - INFO - Epoch [39/300] train_loss: 4.6194, val_loss: 4.6599, lr: 0.000297, 70.92s
2026-04-11 19:28:30,800 - INFO - epoch complete!
2026-04-11 19:28:30,800 - INFO - evaluating now!
2026-04-11 19:28:32,476 - INFO - Epoch [40/300] train_loss: 4.6030, val_loss: 4.5605, lr: 0.000345, 70.92s
2026-04-11 19:29:41,725 - INFO - epoch complete!
2026-04-11 19:29:41,725 - INFO - evaluating now!
2026-04-11 19:29:43,400 - INFO - Epoch [41/300] train_loss: 4.6262, val_loss: 4.4860, lr: 0.000396, 70.92s
2026-04-11 19:30:52,639 - INFO - epoch complete!
2026-04-11 19:30:52,640 - INFO - evaluating now!
2026-04-11 19:30:54,315 - INFO - Epoch [42/300] train_loss: 4.6318, val_loss: 4.5656, lr: 0.000448, 70.91s
2026-04-11 19:32:03,552 - INFO - epoch complete!
2026-04-11 19:32:03,553 - INFO - evaluating now!
2026-04-11 19:32:05,227 - INFO - Epoch [43/300] train_loss: 4.6435, val_loss: 4.4939, lr: 0.000500, 70.91s
2026-04-11 19:33:14,467 - INFO - epoch complete!
2026-04-11 19:33:14,468 - INFO - evaluating now!
2026-04-11 19:33:16,143 - INFO - Epoch [44/300] train_loss: 4.6573, val_loss: 4.3276, lr: 0.000552, 70.92s
2026-04-11 19:33:16,159 - INFO - Saved model at 44
2026-04-11 19:33:16,159 - INFO - Val loss decrease from 4.4087 to 4.3276, saving to ./libcity/cache/M001/model_cache/MCSTMamba_optimized_METR_LA_epoch44.tar
2026-04-11 19:34:25,397 - INFO - epoch complete!
2026-04-11 19:34:25,397 - INFO - evaluating now!
2026-04-11 19:34:27,073 - INFO - Epoch [45/300] train_loss: 4.6894, val_loss: 4.3240, lr: 0.000604, 70.91s
2026-04-11 19:34:27,088 - INFO - Saved model at 45
2026-04-11 19:34:27,088 - INFO - Val loss decrease from 4.3276 to 4.3240, saving to ./libcity/cache/M001/model_cache/MCSTMamba_optimized_METR_LA_epoch45.tar
2026-04-11 19:35:36,334 - INFO - epoch complete!
2026-04-11 19:35:36,334 - INFO - evaluating now!
2026-04-11 19:35:38,009 - INFO - Epoch [46/300] train_loss: 4.6711, val_loss: 4.4742, lr: 0.000655, 70.92s
2026-04-11 19:36:47,254 - INFO - epoch complete!
2026-04-11 19:36:47,255 - INFO - evaluating now!
2026-04-11 19:36:48,930 - INFO - Epoch [47/300] train_loss: 4.6695, val_loss: 4.3268, lr: 0.000703, 70.92s
2026-04-11 19:37:58,173 - INFO - epoch complete!
2026-04-11 19:37:58,173 - INFO - evaluating now!
2026-04-11 19:37:59,849 - INFO - Epoch [48/300] train_loss: 4.6341, val_loss: 4.7117, lr: 0.000750, 70.92s
2026-04-11 19:39:09,087 - INFO - epoch complete!
2026-04-11 19:39:09,088 - INFO - evaluating now!
2026-04-11 19:39:10,763 - INFO - Epoch [49/300] train_loss: 4.6402, val_loss: 4.7284, lr: 0.000794, 70.91s
2026-04-11 19:40:20,015 - INFO - epoch complete!
2026-04-11 19:40:20,016 - INFO - evaluating now!
2026-04-11 19:40:21,691 - INFO - Epoch [50/300] train_loss: 4.6323, val_loss: 4.2977, lr: 0.000835, 70.93s
2026-04-11 19:40:21,706 - INFO - Saved model at 50
2026-04-11 19:40:21,706 - INFO - Val loss decrease from 4.3240 to 4.2977, saving to ./libcity/cache/M001/model_cache/MCSTMamba_optimized_METR_LA_epoch50.tar
2026-04-11 19:41:30,954 - INFO - epoch complete!
2026-04-11 19:41:30,954 - INFO - evaluating now!
2026-04-11 19:41:32,630 - INFO - Epoch [51/300] train_loss: 4.6601, val_loss: 4.3851, lr: 0.000872, 70.92s
2026-04-11 19:42:41,881 - INFO - epoch complete!
2026-04-11 19:42:41,881 - INFO - evaluating now!
2026-04-11 19:42:43,556 - INFO - Epoch [52/300] train_loss: 4.8662, val_loss: 4.7428, lr: 0.000905, 70.93s
2026-04-11 19:43:52,806 - INFO - epoch complete!
2026-04-11 19:43:52,806 - INFO - evaluating now!
2026-04-11 19:43:54,482 - INFO - Epoch [53/300] train_loss: 4.6365, val_loss: 4.3709, lr: 0.000933, 70.93s
2026-04-11 19:45:03,725 - INFO - epoch complete!
2026-04-11 19:45:03,726 - INFO - evaluating now!
2026-04-11 19:45:05,403 - INFO - Epoch [54/300] train_loss: 4.7261, val_loss: 4.8986, lr: 0.000957, 70.92s
2026-04-11 19:46:14,654 - INFO - epoch complete!
2026-04-11 19:46:14,654 - INFO - evaluating now!
2026-04-11 19:46:16,330 - INFO - Epoch [55/300] train_loss: 4.6873, val_loss: 4.7053, lr: 0.000976, 70.93s
2026-04-11 19:47:25,569 - INFO - epoch complete!
2026-04-11 19:47:25,569 - INFO - evaluating now!
2026-04-11 19:47:27,245 - INFO - Epoch [56/300] train_loss: 4.6217, val_loss: 4.4099, lr: 0.000989, 70.92s
2026-04-11 19:48:36,482 - INFO - epoch complete!
2026-04-11 19:48:36,482 - INFO - evaluating now!
2026-04-11 19:48:38,157 - INFO - Epoch [57/300] train_loss: 4.6871, val_loss: 4.5898, lr: 0.000997, 70.91s
2026-04-11 19:49:47,395 - INFO - epoch complete!
2026-04-11 19:49:47,395 - INFO - evaluating now!
2026-04-11 19:49:49,070 - INFO - Epoch [58/300] train_loss: 4.6495, val_loss: 4.8581, lr: 0.001000, 70.91s
2026-04-11 19:50:58,304 - INFO - epoch complete!
2026-04-11 19:50:58,304 - INFO - evaluating now!
2026-04-11 19:50:59,980 - INFO - Epoch [59/300] train_loss: 4.6806, val_loss: 4.6373, lr: 0.000997, 70.91s
2026-04-11 19:52:09,209 - INFO - epoch complete!
2026-04-11 19:52:09,209 - INFO - evaluating now!
2026-04-11 19:52:10,884 - INFO - Epoch [60/300] train_loss: 4.5983, val_loss: 4.2786, lr: 0.000989, 70.90s
2026-04-11 19:52:10,898 - INFO - Saved model at 60
2026-04-11 19:52:10,898 - INFO - Val loss decrease from 4.2977 to 4.2786, saving to ./libcity/cache/M001/model_cache/MCSTMamba_optimized_METR_LA_epoch60.tar
2026-04-11 19:53:20,126 - INFO - epoch complete!
2026-04-11 19:53:20,126 - INFO - evaluating now!
2026-04-11 19:53:21,801 - INFO - Epoch [61/300] train_loss: 4.6016, val_loss: 4.1935, lr: 0.000976, 70.90s
2026-04-11 19:53:21,816 - INFO - Saved model at 61
2026-04-11 19:53:21,816 - INFO - Val loss decrease from 4.2786 to 4.1935, saving to ./libcity/cache/M001/model_cache/MCSTMamba_optimized_METR_LA_epoch61.tar
2026-04-11 19:54:31,045 - INFO - epoch complete!
2026-04-11 19:54:31,045 - INFO - evaluating now!
2026-04-11 19:54:32,720 - INFO - Epoch [62/300] train_loss: 4.5412, val_loss: 4.3152, lr: 0.000957, 70.90s
2026-04-11 19:55:41,945 - INFO - epoch complete!
2026-04-11 19:55:41,945 - INFO - evaluating now!
2026-04-11 19:55:43,620 - INFO - Epoch [63/300] train_loss: 4.5461, val_loss: 4.1667, lr: 0.000933, 70.90s
2026-04-11 19:55:43,635 - INFO - Saved model at 63
2026-04-11 19:55:43,635 - INFO - Val loss decrease from 4.1935 to 4.1667, saving to ./libcity/cache/M001/model_cache/MCSTMamba_optimized_METR_LA_epoch63.tar
2026-04-11 19:56:52,856 - INFO - epoch complete!
2026-04-11 19:56:52,857 - INFO - evaluating now!
2026-04-11 19:56:54,532 - INFO - Epoch [64/300] train_loss: 4.5054, val_loss: 4.5336, lr: 0.000905, 70.90s
2026-04-11 19:58:03,753 - INFO - epoch complete!
2026-04-11 19:58:03,754 - INFO - evaluating now!
2026-04-11 19:58:05,429 - INFO - Epoch [65/300] train_loss: 4.5222, val_loss: 4.3715, lr: 0.000872, 70.90s
2026-04-11 19:59:14,655 - INFO - epoch complete!
2026-04-11 19:59:14,655 - INFO - evaluating now!
2026-04-11 19:59:16,330 - INFO - Epoch [66/300] train_loss: 4.4931, val_loss: 4.3053, lr: 0.000835, 70.90s
2026-04-11 20:00:25,557 - INFO - epoch complete!
2026-04-11 20:00:25,557 - INFO - evaluating now!
2026-04-11 20:00:27,233 - INFO - Epoch [67/300] train_loss: 4.4763, val_loss: 4.3509, lr: 0.000794, 70.90s
2026-04-11 20:01:36,458 - INFO - epoch complete!
2026-04-11 20:01:36,458 - INFO - evaluating now!
2026-04-11 20:01:38,134 - INFO - Epoch [68/300] train_loss: 4.5011, val_loss: 4.2426, lr: 0.000750, 70.90s
2026-04-11 20:02:47,357 - INFO - epoch complete!
2026-04-11 20:02:47,358 - INFO - evaluating now!
2026-04-11 20:02:49,034 - INFO - Epoch [69/300] train_loss: 4.4165, val_loss: 4.1694, lr: 0.000703, 70.90s
2026-04-11 20:03:58,255 - INFO - epoch complete!
2026-04-11 20:03:58,255 - INFO - evaluating now!
2026-04-11 20:03:59,932 - INFO - Epoch [70/300] train_loss: 4.3835, val_loss: 4.0491, lr: 0.000655, 70.90s
2026-04-11 20:03:59,947 - INFO - Saved model at 70
2026-04-11 20:03:59,948 - INFO - Val loss decrease from 4.1667 to 4.0491, saving to ./libcity/cache/M001/model_cache/MCSTMamba_optimized_METR_LA_epoch70.tar
