2026-04-12 00:57:20,682 - INFO - Log directory: ./libcity/log
2026-04-12 00:57:20,682 - INFO - Begin pipeline, task=traffic_state_pred, model_name=MCSTWeather, dataset_name=METR_LA, exp_id=M001, epoch=0
2026-04-12 00:57:20,682 - INFO - {'task': 'traffic_state_pred', 'model': 'MCSTWeather', 'dataset': 'METR_LA', 'saved_model': True, 'train': True, 'exp_id': 'M001', 'seed': 0, 'dataset_class': 'TrafficStatePointDataset', 'executor': 'TrafficStateExecutorOptimized', 'evaluator': 'TrafficStateEvaluator', 'input_window': 12, 'output_window': 12, 'input_embedding_dim': 24, 'tod_embedding_dim': 24, 'dow_embedding_dim': 24, 'spatial_embedding_dim': 16, 'adaptive_embedding_dim': 80, 'd_model': 96, 'd_state': 32, 'd_conv': 4, 'expand': 2, 'dropout': 0.1, 'weather_embed_dim': 64, 'use_weather': True, 'weather_file': None, 'add_time_in_day': True, 'add_day_in_week': False, 'steps_per_day': 288, 'max_epoch': 100, 'batch_size': 16, 'learning_rate': 0.001, 'optimizer': 'adam', 'lr_scheduler': 'multisteplr', 'lr_decay_ratio': 0.1, 'steps': [30, 50, 70], 'patience': 50, 'use_early_stop': False, 'scaler': 'standard', 'load_external': True, 'normal_external': False, 'ext_scaler': 'none', 'cache_dataset': True, 'num_workers': 0, 'pad_with_last_sample': True, 'train_rate': 0.7, 'eval_rate': 0.1, 'robustness_test': False, 'noise_type': 'gaussian', 'disturb_rate': 0.5, 'noise_mean': [5], 'noise_SD': [10], 'gpu': True, 'gpu_id': 0, 'train_loss': 'none', 'epoch': 0, 'learner': 'adam', 'weight_decay': 0.0001, 'lr_epsilon': 1e-08, 'lr_beta1': 0.9, 'lr_beta2': 0.999, 'lr_alpha': 0.99, 'lr_momentum': 0, 'lr_decay': True, 'step_size': 10, 'lr_T_max': 30, 'lr_eta_min': 0, 'lr_patience': 5, 'lr_threshold': 0.0001, 'clip_grad_norm': True, 'max_grad_norm': 5.0, 'log_level': 'INFO', 'log_every': 1, 'load_best_epoch': True, 'hyper_tune': False, 'fp16': True, 'gradient_accumulation_steps': 2, 'metrics': ['MAE', 'MAPE', 'MSE', 'RMSE', 'masked_MAE', 'masked_MAPE', 'masked_MSE', 'masked_RMSE', 'R2', 'EVAR'], 'evaluator_mode': 'single', 'save_mode': ['csv'], 'geo': {'including_types': ['Point'], 'Point': {}}, 'rel': {'including_types': ['geo'], 'geo': {'cost': 'num'}}, 'dyna': {'including_types': ['state'], 'state': {'entity_id': 'geo_id', 'traffic_speed': 'num'}}, 'data_col': ['traffic_speed'], 'weight_col': 'cost', 'data_files': ['METR_LA'], 'geo_file': 'METR_LA', 'rel_file': 'METR_LA', 'output_dim': 1, 'time_intervals': 300, 'init_weight_inf_or_zero': 'inf', 'set_weight_link_or_dist': 'dist', 'calculate_weight_adj': True, 'weight_adj_epsilon': 0.1, 'device': device(type='cuda', index=0)}
2026-04-12 00:57:21,003 - INFO - Loaded file METR_LA.geo, num_nodes=207
2026-04-12 00:57:21,008 - INFO - set_weight_link_or_dist: dist
2026-04-12 00:57:21,008 - INFO - init_weight_inf_or_zero: inf
2026-04-12 00:57:21,023 - INFO - Loaded file METR_LA.rel, shape=(207, 207)
2026-04-12 00:57:21,023 - INFO - Start Calculate the weight by Gauss kernel!
2026-04-12 00:57:21,023 - INFO - Loading ./libcity/cache/dataset_cache/point_based_METR_LA_12_12_0.7_0.1_standard_16_True_True_False_True.npz
2026-04-12 00:57:27,273 - INFO - train	x: (23974, 12, 207, 2), y: (23974, 12, 207, 2)
2026-04-12 00:57:27,273 - INFO - eval	x: (3425, 12, 207, 2), y: (3425, 12, 207, 2)
2026-04-12 00:57:27,273 - INFO - test	x: (6850, 12, 207, 2), y: (6850, 12, 207, 2)
2026-04-12 00:57:27,673 - INFO - StandardScaler mean: 54.40592829587626, std: 19.493739270573094
2026-04-12 00:57:27,673 - INFO - NoneScaler
2026-04-12 00:57:32,098 - INFO - Weather data loaded from ./raw_data/METR_LA/weather.csv
2026-04-12 00:57:32,098 - INFO - Weather features: ['temp_range', 'temp_avg', 'apparent_temp_diff', 'humidity_level', 'humidity_change', 'humidity_range', 'wind_gust_ratio', 'wind_avg', 'wind_speed', 'pressure_diff', 'pressure_change', 'pressure_level', 'has_precipitation', 'precipitation_level', 'wind_dir_sin', 'wind_dir_cos', 'weather_phenomena_count', 'has_severe_weather', 'hour', 'hour_sin', 'hour_cos']
2026-04-12 00:57:32,099 - INFO - Building MCSTWeather model with weather integration
2026-04-12 00:57:32,227 - INFO - MCSTWeather model initialized with weather_embed_dim=64
2026-04-12 00:57:32,563 - INFO - MCSTWeather(
  (input_proj): Linear(in_features=2, out_features=24, bias=True)
  (tod_embedding): Embedding(288, 24)
  (mamba_input_proj): Linear(in_features=144, out_features=96, bias=True)
  (weather_feature_proj): Sequential(
    (0): Linear(in_features=21, out_features=128, bias=True)
    (1): ReLU()
    (2): Dropout(p=0.1, inplace=False)
    (3): Linear(in_features=128, out_features=64, bias=True)
  )
  (weather_spatial_expand): Linear(in_features=64, out_features=64, bias=True)
  (temporal_block): SimpleMambaWeatherBlock(
    (layer_norm): LayerNorm((96,), eps=1e-05, elementwise_affine=True)
    (mamba_weather): MambaWeather(
      (in_proj): Linear(in_features=96, out_features=384, bias=False)
      (conv1d): Conv1d(192, 192, kernel_size=(4,), stride=(1,), padding=(3,), groups=192)
      (act): SiLU()
      (x_proj): Linear(in_features=256, out_features=70, bias=False)
      (dt_proj): Linear(in_features=6, out_features=192, bias=True)
      (out_proj): Linear(in_features=192, out_features=96, bias=False)
      (weather_proj): Linear(in_features=64, out_features=64, bias=True)
    )
    (dropout): Dropout(p=0.1, inplace=False)
    (feed_forward): Sequential(
      (0): Linear(in_features=96, out_features=384, bias=True)
      (1): GELU(approximate='none')
      (2): Dropout(p=0.1, inplace=False)
      (3): Linear(in_features=384, out_features=96, bias=True)
    )
    (ff_norm): LayerNorm((96,), eps=1e-05, elementwise_affine=True)
    (ff_dropout): Dropout(p=0.1, inplace=False)
  )
  (spatial_block): SimpleMambaWeatherBlock(
    (layer_norm): LayerNorm((96,), eps=1e-05, elementwise_affine=True)
    (mamba_weather): MambaWeather(
      (in_proj): Linear(in_features=96, out_features=384, bias=False)
      (conv1d): Conv1d(192, 192, kernel_size=(4,), stride=(1,), padding=(3,), groups=192)
      (act): SiLU()
      (x_proj): Linear(in_features=256, out_features=70, bias=False)
      (dt_proj): Linear(in_features=6, out_features=192, bias=True)
      (out_proj): Linear(in_features=192, out_features=96, bias=False)
      (weather_proj): Linear(in_features=64, out_features=64, bias=True)
    )
    (dropout): Dropout(p=0.1, inplace=False)
    (feed_forward): Sequential(
      (0): Linear(in_features=96, out_features=384, bias=True)
      (1): GELU(approximate='none')
      (2): Dropout(p=0.1, inplace=False)
      (3): Linear(in_features=384, out_features=96, bias=True)
    )
    (ff_norm): LayerNorm((96,), eps=1e-05, elementwise_affine=True)
    (ff_dropout): Dropout(p=0.1, inplace=False)
  )
  (output_proj): Linear(in_features=96, out_features=1, bias=True)
  (final_layer_norm): LayerNorm((96,), eps=1e-05, elementwise_affine=True)
)
2026-04-12 00:57:32,564 - INFO - spatial_embedding	torch.Size([207, 16])	cuda:0	True
2026-04-12 00:57:32,564 - INFO - adaptive_embedding	torch.Size([12, 207, 80])	cuda:0	True
2026-04-12 00:57:32,564 - INFO - combine_weights	torch.Size([2, 96])	cuda:0	True
2026-04-12 00:57:32,564 - INFO - input_proj.weight	torch.Size([24, 2])	cuda:0	True
2026-04-12 00:57:32,564 - INFO - input_proj.bias	torch.Size([24])	cuda:0	True
2026-04-12 00:57:32,564 - INFO - tod_embedding.weight	torch.Size([288, 24])	cuda:0	True
2026-04-12 00:57:32,564 - INFO - mamba_input_proj.weight	torch.Size([96, 144])	cuda:0	True
2026-04-12 00:57:32,564 - INFO - mamba_input_proj.bias	torch.Size([96])	cuda:0	True
2026-04-12 00:57:32,564 - INFO - weather_feature_proj.0.weight	torch.Size([128, 21])	cuda:0	True
2026-04-12 00:57:32,564 - INFO - weather_feature_proj.0.bias	torch.Size([128])	cuda:0	True
2026-04-12 00:57:32,564 - INFO - weather_feature_proj.3.weight	torch.Size([64, 128])	cuda:0	True
2026-04-12 00:57:32,564 - INFO - weather_feature_proj.3.bias	torch.Size([64])	cuda:0	True
2026-04-12 00:57:32,564 - INFO - weather_spatial_expand.weight	torch.Size([64, 64])	cuda:0	True
2026-04-12 00:57:32,564 - INFO - weather_spatial_expand.bias	torch.Size([64])	cuda:0	True
2026-04-12 00:57:32,564 - INFO - temporal_block.layer_norm.weight	torch.Size([96])	cuda:0	True
2026-04-12 00:57:32,564 - INFO - temporal_block.layer_norm.bias	torch.Size([96])	cuda:0	True
2026-04-12 00:57:32,564 - INFO - temporal_block.mamba_weather.A_log	torch.Size([192, 32])	cuda:0	True
2026-04-12 00:57:32,564 - INFO - temporal_block.mamba_weather.D	torch.Size([192])	cuda:0	True
2026-04-12 00:57:32,564 - INFO - temporal_block.mamba_weather.in_proj.weight	torch.Size([384, 96])	cuda:0	True
2026-04-12 00:57:32,564 - INFO - temporal_block.mamba_weather.conv1d.weight	torch.Size([192, 1, 4])	cuda:0	True
2026-04-12 00:57:32,564 - INFO - temporal_block.mamba_weather.conv1d.bias	torch.Size([192])	cuda:0	True
2026-04-12 00:57:32,564 - INFO - temporal_block.mamba_weather.x_proj.weight	torch.Size([70, 256])	cuda:0	True
2026-04-12 00:57:32,564 - INFO - temporal_block.mamba_weather.dt_proj.weight	torch.Size([192, 6])	cuda:0	True
2026-04-12 00:57:32,565 - INFO - temporal_block.mamba_weather.dt_proj.bias	torch.Size([192])	cuda:0	True
2026-04-12 00:57:32,565 - INFO - temporal_block.mamba_weather.out_proj.weight	torch.Size([96, 192])	cuda:0	True
2026-04-12 00:57:32,565 - INFO - temporal_block.mamba_weather.weather_proj.weight	torch.Size([64, 64])	cuda:0	True
2026-04-12 00:57:32,565 - INFO - temporal_block.mamba_weather.weather_proj.bias	torch.Size([64])	cuda:0	True
2026-04-12 00:57:32,565 - INFO - temporal_block.feed_forward.0.weight	torch.Size([384, 96])	cuda:0	True
2026-04-12 00:57:32,565 - INFO - temporal_block.feed_forward.0.bias	torch.Size([384])	cuda:0	True
2026-04-12 00:57:32,565 - INFO - temporal_block.feed_forward.3.weight	torch.Size([96, 384])	cuda:0	True
2026-04-12 00:57:32,565 - INFO - temporal_block.feed_forward.3.bias	torch.Size([96])	cuda:0	True
2026-04-12 00:57:32,565 - INFO - temporal_block.ff_norm.weight	torch.Size([96])	cuda:0	True
2026-04-12 00:57:32,565 - INFO - temporal_block.ff_norm.bias	torch.Size([96])	cuda:0	True
2026-04-12 00:57:32,565 - INFO - spatial_block.layer_norm.weight	torch.Size([96])	cuda:0	True
2026-04-12 00:57:32,565 - INFO - spatial_block.layer_norm.bias	torch.Size([96])	cuda:0	True
2026-04-12 00:57:32,565 - INFO - spatial_block.mamba_weather.A_log	torch.Size([192, 32])	cuda:0	True
2026-04-12 00:57:32,565 - INFO - spatial_block.mamba_weather.D	torch.Size([192])	cuda:0	True
2026-04-12 00:57:32,565 - INFO - spatial_block.mamba_weather.in_proj.weight	torch.Size([384, 96])	cuda:0	True
2026-04-12 00:57:32,565 - INFO - spatial_block.mamba_weather.conv1d.weight	torch.Size([192, 1, 4])	cuda:0	True
2026-04-12 00:57:32,565 - INFO - spatial_block.mamba_weather.conv1d.bias	torch.Size([192])	cuda:0	True
2026-04-12 00:57:32,565 - INFO - spatial_block.mamba_weather.x_proj.weight	torch.Size([70, 256])	cuda:0	True
2026-04-12 00:57:32,565 - INFO - spatial_block.mamba_weather.dt_proj.weight	torch.Size([192, 6])	cuda:0	True
2026-04-12 00:57:32,565 - INFO - spatial_block.mamba_weather.dt_proj.bias	torch.Size([192])	cuda:0	True
2026-04-12 00:57:32,565 - INFO - spatial_block.mamba_weather.out_proj.weight	torch.Size([96, 192])	cuda:0	True
2026-04-12 00:57:32,565 - INFO - spatial_block.mamba_weather.weather_proj.weight	torch.Size([64, 64])	cuda:0	True
2026-04-12 00:57:32,565 - INFO - spatial_block.mamba_weather.weather_proj.bias	torch.Size([64])	cuda:0	True
2026-04-12 00:57:32,565 - INFO - spatial_block.feed_forward.0.weight	torch.Size([384, 96])	cuda:0	True
2026-04-12 00:57:32,565 - INFO - spatial_block.feed_forward.0.bias	torch.Size([384])	cuda:0	True
2026-04-12 00:57:32,566 - INFO - spatial_block.feed_forward.3.weight	torch.Size([96, 384])	cuda:0	True
2026-04-12 00:57:32,566 - INFO - spatial_block.feed_forward.3.bias	torch.Size([96])	cuda:0	True
2026-04-12 00:57:32,566 - INFO - spatial_block.ff_norm.weight	torch.Size([96])	cuda:0	True
2026-04-12 00:57:32,566 - INFO - spatial_block.ff_norm.bias	torch.Size([96])	cuda:0	True
2026-04-12 00:57:32,566 - INFO - output_proj.weight	torch.Size([1, 96])	cuda:0	True
2026-04-12 00:57:32,566 - INFO - output_proj.bias	torch.Size([1])	cuda:0	True
2026-04-12 00:57:32,566 - INFO - final_layer_norm.weight	torch.Size([96])	cuda:0	True
2026-04-12 00:57:32,566 - INFO - final_layer_norm.bias	torch.Size([96])	cuda:0	True
2026-04-12 00:57:32,566 - INFO - Total parameter numbers: 559865
2026-04-12 00:57:32,566 - INFO - You select `adam` optimizer.
2026-04-12 00:57:32,566 - INFO - You select `multisteplr` lr_scheduler.
2026-04-12 00:57:32,567 - WARNING - Received none train loss func and will use the loss func defined in the model.
2026-04-12 00:57:32,567 - INFO - Gradient accumulation steps: 2
2026-04-12 00:57:32,567 - INFO - FP16 mixed precision training: True
2026-04-12 00:57:32,567 - INFO - Using torch.cuda.amp.GradScaler for FP16 training
2026-04-12 00:57:32,567 - INFO - Enabled cuDNN benchmark mode
2026-04-12 00:57:32,567 - INFO - Enabled TF32 for faster training on Ampere GPUs
2026-04-12 00:57:32,567 - INFO - Executor 已初始化 GPU 数据预加载功能（PEMSD4 专用）
2026-04-12 00:57:32,567 - INFO - Start training ...
2026-04-12 00:57:32,567 - INFO - num_batches:1499
2026-04-12 00:57:32,567 - INFO - 数据集较小，正在预加载 train 数据到 GPU 显存...
2026-04-12 00:57:33,298 - INFO -   已预加载 10 batches...
2026-04-12 00:57:34,028 - INFO -   已预加载 20 batches...
2026-04-12 00:57:34,752 - INFO -   已预加载 30 batches...
2026-04-12 00:57:35,470 - INFO -   已预加载 40 batches...
2026-04-12 00:57:36,191 - INFO -   已预加载 50 batches...
2026-04-12 00:57:36,919 - INFO -   已预加载 60 batches...
2026-04-12 00:57:37,640 - INFO -   已预加载 70 batches...
2026-04-12 00:57:38,357 - INFO -   已预加载 80 batches...
2026-04-12 00:57:39,071 - INFO -   已预加载 90 batches...
2026-04-12 00:57:39,783 - INFO -   已预加载 100 batches...
2026-04-12 00:57:40,518 - INFO -   已预加载 110 batches...
2026-04-12 00:57:41,250 - INFO -   已预加载 120 batches...
2026-04-12 00:57:41,980 - INFO -   已预加载 130 batches...
2026-04-12 00:57:42,710 - INFO -   已预加载 140 batches...
2026-04-12 00:57:43,438 - INFO -   已预加载 150 batches...
2026-04-12 00:57:44,177 - INFO -   已预加载 160 batches...
2026-04-12 00:57:44,908 - INFO -   已预加载 170 batches...
2026-04-12 00:57:45,638 - INFO -   已预加载 180 batches...
2026-04-12 00:57:46,367 - INFO -   已预加载 190 batches...
2026-04-12 00:57:47,093 - INFO -   已预加载 200 batches...
2026-04-12 00:57:47,821 - INFO -   已预加载 210 batches...
2026-04-12 00:57:48,551 - INFO -   已预加载 220 batches...
2026-04-12 00:57:49,268 - INFO -   已预加载 230 batches...
2026-04-12 00:57:49,988 - INFO -   已预加载 240 batches...
2026-04-12 00:57:50,710 - INFO -   已预加载 250 batches...
2026-04-12 00:57:51,431 - INFO -   已预加载 260 batches...
2026-04-12 00:57:52,155 - INFO -   已预加载 270 batches...
2026-04-12 00:57:52,879 - INFO -   已预加载 280 batches...
2026-04-12 00:57:53,600 - INFO -   已预加载 290 batches...
2026-04-12 00:57:54,322 - INFO -   已预加载 300 batches...
2026-04-12 00:57:55,045 - INFO -   已预加载 310 batches...
2026-04-12 00:57:55,774 - INFO -   已预加载 320 batches...
2026-04-12 00:57:56,496 - INFO -   已预加载 330 batches...
2026-04-12 00:57:57,217 - INFO -   已预加载 340 batches...
2026-04-12 00:57:57,934 - INFO -   已预加载 350 batches...
2026-04-12 00:57:58,655 - INFO -   已预加载 360 batches...
2026-04-12 00:57:59,366 - INFO -   已预加载 370 batches...
2026-04-12 00:58:00,097 - INFO -   已预加载 380 batches...
2026-04-12 00:58:00,811 - INFO -   已预加载 390 batches...
2026-04-12 00:58:01,523 - INFO -   已预加载 400 batches...
2026-04-12 00:58:02,232 - INFO -   已预加载 410 batches...
2026-04-12 00:58:02,946 - INFO -   已预加载 420 batches...
2026-04-12 00:58:03,685 - INFO -   已预加载 430 batches...
2026-04-12 00:58:04,400 - INFO -   已预加载 440 batches...
2026-04-12 00:58:05,110 - INFO -   已预加载 450 batches...
2026-04-12 00:58:05,821 - INFO -   已预加载 460 batches...
2026-04-12 00:58:06,543 - INFO -   已预加载 470 batches...
2026-04-12 00:58:07,269 - INFO -   已预加载 480 batches...
2026-04-12 00:58:07,986 - INFO -   已预加载 490 batches...
2026-04-12 00:58:08,704 - INFO -   已预加载 500 batches...
2026-04-12 00:58:09,417 - INFO -   已预加载 510 batches...
2026-04-12 00:58:10,136 - INFO -   已预加载 520 batches...
2026-04-12 00:58:10,852 - INFO -   已预加载 530 batches...
2026-04-12 00:58:11,575 - INFO -   已预加载 540 batches...
2026-04-12 00:58:12,294 - INFO -   已预加载 550 batches...
2026-04-12 00:58:13,015 - INFO -   已预加载 560 batches...
2026-04-12 00:58:13,736 - INFO -   已预加载 570 batches...
2026-04-12 00:58:14,458 - INFO -   已预加载 580 batches...
2026-04-12 00:58:15,186 - INFO -   已预加载 590 batches...
2026-04-12 00:58:15,901 - INFO -   已预加载 600 batches...
2026-04-12 00:58:16,614 - INFO -   已预加载 610 batches...
2026-04-12 00:58:17,328 - INFO -   已预加载 620 batches...
2026-04-12 00:58:18,046 - INFO -   已预加载 630 batches...
2026-04-12 00:58:18,773 - INFO -   已预加载 640 batches...
2026-04-12 00:58:19,498 - INFO -   已预加载 650 batches...
2026-04-12 00:58:20,217 - INFO -   已预加载 660 batches...
2026-04-12 00:58:20,936 - INFO -   已预加载 670 batches...
2026-04-12 00:58:21,652 - INFO -   已预加载 680 batches...
2026-04-12 00:58:22,368 - INFO -   已预加载 690 batches...
2026-04-12 00:58:23,088 - INFO -   已预加载 700 batches...
2026-04-12 00:58:23,806 - INFO -   已预加载 710 batches...
2026-04-12 00:58:24,515 - INFO -   已预加载 720 batches...
2026-04-12 00:58:25,229 - INFO -   已预加载 730 batches...
2026-04-12 00:58:25,940 - INFO -   已预加载 740 batches...
2026-04-12 00:58:26,670 - INFO -   已预加载 750 batches...
2026-04-12 00:58:27,387 - INFO -   已预加载 760 batches...
2026-04-12 00:58:28,100 - INFO -   已预加载 770 batches...
2026-04-12 00:58:28,817 - INFO -   已预加载 780 batches...
2026-04-12 00:58:29,530 - INFO -   已预加载 790 batches...
2026-04-12 00:58:30,262 - INFO -   已预加载 800 batches...
2026-04-12 00:58:30,982 - INFO -   已预加载 810 batches...
2026-04-12 00:58:31,694 - INFO -   已预加载 820 batches...
2026-04-12 00:58:32,407 - INFO -   已预加载 830 batches...
2026-04-12 00:58:33,121 - INFO -   已预加载 840 batches...
2026-04-12 00:58:33,842 - INFO -   已预加载 850 batches...
2026-04-12 00:58:34,567 - INFO -   已预加载 860 batches...
2026-04-12 00:58:35,284 - INFO -   已预加载 870 batches...
2026-04-12 00:58:35,997 - INFO -   已预加载 880 batches...
2026-04-12 00:58:36,712 - INFO -   已预加载 890 batches...
2026-04-12 00:58:37,425 - INFO -   已预加载 900 batches...
2026-04-12 00:58:38,155 - INFO -   已预加载 910 batches...
2026-04-12 00:58:38,875 - INFO -   已预加载 920 batches...
2026-04-12 00:58:39,584 - INFO -   已预加载 930 batches...
2026-04-12 00:58:40,301 - INFO -   已预加载 940 batches...
2026-04-12 00:58:41,020 - INFO -   已预加载 950 batches...
2026-04-12 00:58:41,742 - INFO -   已预加载 960 batches...
2026-04-12 00:58:42,465 - INFO -   已预加载 970 batches...
2026-04-12 00:58:43,184 - INFO -   已预加载 980 batches...
2026-04-12 00:58:43,908 - INFO -   已预加载 990 batches...
2026-04-12 00:58:44,628 - INFO -   已预加载 1000 batches...
2026-04-12 00:58:45,349 - INFO -   已预加载 1010 batches...
2026-04-12 00:58:46,067 - INFO -   已预加载 1020 batches...
2026-04-12 00:58:46,789 - INFO -   已预加载 1030 batches...
2026-04-12 00:58:47,501 - INFO -   已预加载 1040 batches...
2026-04-12 00:58:48,216 - INFO -   已预加载 1050 batches...
2026-04-12 00:58:48,936 - INFO -   已预加载 1060 batches...
2026-04-12 00:58:49,656 - INFO -   已预加载 1070 batches...
2026-04-12 00:58:50,392 - INFO -   已预加载 1080 batches...
2026-04-12 00:58:51,111 - INFO -   已预加载 1090 batches...
2026-04-12 00:58:51,827 - INFO -   已预加载 1100 batches...
2026-04-12 00:58:52,546 - INFO -   已预加载 1110 batches...
2026-04-12 00:58:53,271 - INFO -   已预加载 1120 batches...
2026-04-12 00:58:54,003 - INFO -   已预加载 1130 batches...
2026-04-12 00:58:54,725 - INFO -   已预加载 1140 batches...
2026-04-12 00:58:55,463 - INFO -   已预加载 1150 batches...
2026-04-12 00:58:56,213 - INFO -   已预加载 1160 batches...
2026-04-12 00:58:56,963 - INFO -   已预加载 1170 batches...
2026-04-12 00:58:57,702 - INFO -   已预加载 1180 batches...
2026-04-12 00:58:58,439 - INFO -   已预加载 1190 batches...
2026-04-12 00:58:59,167 - INFO -   已预加载 1200 batches...
2026-04-12 00:58:59,894 - INFO -   已预加载 1210 batches...
2026-04-12 00:59:00,617 - INFO -   已预加载 1220 batches...
2026-04-12 00:59:01,349 - INFO -   已预加载 1230 batches...
2026-04-12 00:59:02,087 - INFO -   已预加载 1240 batches...
2026-04-12 00:59:02,808 - INFO -   已预加载 1250 batches...
2026-04-12 00:59:03,532 - INFO -   已预加载 1260 batches...
2026-04-12 00:59:04,258 - INFO -   已预加载 1270 batches...
2026-04-12 00:59:04,980 - INFO -   已预加载 1280 batches...
2026-04-12 00:59:05,717 - INFO -   已预加载 1290 batches...
2026-04-12 00:59:06,438 - INFO -   已预加载 1300 batches...
2026-04-12 00:59:07,155 - INFO -   已预加载 1310 batches...
2026-04-12 00:59:07,872 - INFO -   已预加载 1320 batches...
2026-04-12 00:59:08,606 - INFO -   已预加载 1330 batches...
2026-04-12 00:59:09,332 - INFO -   已预加载 1340 batches...
2026-04-12 00:59:10,068 - INFO -   已预加载 1350 batches...
2026-04-12 00:59:10,789 - INFO -   已预加载 1360 batches...
2026-04-12 00:59:11,509 - INFO -   已预加载 1370 batches...
2026-04-12 00:59:12,234 - INFO -   已预加载 1380 batches...
2026-04-12 00:59:12,969 - INFO -   已预加载 1390 batches...
2026-04-12 00:59:13,702 - INFO -   已预加载 1400 batches...
2026-04-12 00:59:14,432 - INFO -   已预加载 1410 batches...
2026-04-12 00:59:15,155 - INFO -   已预加载 1420 batches...
2026-04-12 00:59:15,872 - INFO -   已预加载 1430 batches...
2026-04-12 00:59:16,606 - INFO -   已预加载 1440 batches...
2026-04-12 00:59:17,326 - INFO -   已预加载 1450 batches...
2026-04-12 00:59:18,041 - INFO -   已预加载 1460 batches...
2026-04-12 00:59:18,758 - INFO -   已预加载 1470 batches...
2026-04-12 00:59:19,476 - INFO -   已预加载 1480 batches...
2026-04-12 00:59:20,194 - INFO -   已预加载 1490 batches...
2026-04-12 00:59:20,849 - INFO - 预加载完成: 1499 batches (108.28s)
2026-04-12 00:59:44,705 - INFO - epoch complete!
2026-04-12 00:59:44,705 - INFO - evaluating now!
2026-04-12 00:59:44,705 - INFO - 数据集较小，正在预加载 valid 数据到 GPU 显存...
2026-04-12 00:59:45,422 - INFO -   已预加载 10 batches...
2026-04-12 00:59:46,146 - INFO -   已预加载 20 batches...
2026-04-12 00:59:46,860 - INFO -   已预加载 30 batches...
2026-04-12 00:59:47,594 - INFO -   已预加载 40 batches...
2026-04-12 00:59:48,314 - INFO -   已预加载 50 batches...
2026-04-12 00:59:49,029 - INFO -   已预加载 60 batches...
2026-04-12 00:59:49,746 - INFO -   已预加载 70 batches...
2026-04-12 00:59:50,459 - INFO -   已预加载 80 batches...
2026-04-12 00:59:51,179 - INFO -   已预加载 90 batches...
2026-04-12 00:59:51,882 - INFO -   已预加载 100 batches...
2026-04-12 00:59:52,589 - INFO -   已预加载 110 batches...
2026-04-12 00:59:53,299 - INFO -   已预加载 120 batches...
2026-04-12 00:59:54,013 - INFO -   已预加载 130 batches...
2026-04-12 00:59:54,729 - INFO -   已预加载 140 batches...
2026-04-12 00:59:55,441 - INFO -   已预加载 150 batches...
2026-04-12 00:59:56,164 - INFO -   已预加载 160 batches...
2026-04-12 00:59:56,874 - INFO -   已预加载 170 batches...
2026-04-12 00:59:57,589 - INFO -   已预加载 180 batches...
2026-04-12 00:59:58,301 - INFO -   已预加载 190 batches...
2026-04-12 00:59:59,012 - INFO -   已预加载 200 batches...
2026-04-12 00:59:59,726 - INFO -   已预加载 210 batches...
2026-04-12 01:00:00,082 - INFO - 预加载完成: 215 batches (15.38s)
2026-04-12 01:00:01,064 - INFO - Epoch [0/100] train_loss: 4.8978, val_loss: 4.2515, lr: 0.001000, 148.50s
2026-04-12 01:00:01,081 - INFO - Saved model at 0
2026-04-12 01:00:01,081 - INFO - Val loss decrease from inf to 4.2515, saving to ./libcity/cache/M001/model_cache/MCSTWeather_METR_LA_epoch0.tar
2026-04-12 01:00:21,843 - INFO - epoch complete!
2026-04-12 01:00:21,843 - INFO - evaluating now!
2026-04-12 01:00:22,838 - INFO - Epoch [1/100] train_loss: 4.2240, val_loss: 3.8520, lr: 0.001000, 21.76s
2026-04-12 01:00:22,855 - INFO - Saved model at 1
2026-04-12 01:00:22,855 - INFO - Val loss decrease from 4.2515 to 3.8520, saving to ./libcity/cache/M001/model_cache/MCSTWeather_METR_LA_epoch1.tar
2026-04-12 01:00:43,817 - INFO - epoch complete!
2026-04-12 01:00:43,817 - INFO - evaluating now!
2026-04-12 01:00:44,791 - INFO - Epoch [2/100] train_loss: 3.8616, val_loss: 3.6493, lr: 0.001000, 21.94s
2026-04-12 01:00:44,806 - INFO - Saved model at 2
2026-04-12 01:00:44,806 - INFO - Val loss decrease from 3.8520 to 3.6493, saving to ./libcity/cache/M001/model_cache/MCSTWeather_METR_LA_epoch2.tar
2026-04-12 01:01:05,426 - INFO - epoch complete!
2026-04-12 01:01:05,427 - INFO - evaluating now!
2026-04-12 01:01:06,405 - INFO - Epoch [3/100] train_loss: 3.7086, val_loss: 3.5341, lr: 0.001000, 21.60s
2026-04-12 01:01:06,421 - INFO - Saved model at 3
2026-04-12 01:01:06,421 - INFO - Val loss decrease from 3.6493 to 3.5341, saving to ./libcity/cache/M001/model_cache/MCSTWeather_METR_LA_epoch3.tar
2026-04-12 01:01:26,912 - INFO - epoch complete!
2026-04-12 01:01:26,912 - INFO - evaluating now!
2026-04-12 01:01:27,876 - INFO - Epoch [4/100] train_loss: 3.6212, val_loss: 3.5088, lr: 0.001000, 21.46s
2026-04-12 01:01:27,892 - INFO - Saved model at 4
2026-04-12 01:01:27,892 - INFO - Val loss decrease from 3.5341 to 3.5088, saving to ./libcity/cache/M001/model_cache/MCSTWeather_METR_LA_epoch4.tar
2026-04-12 01:01:48,326 - INFO - epoch complete!
2026-04-12 01:01:48,326 - INFO - evaluating now!
2026-04-12 01:01:49,304 - INFO - Epoch [5/100] train_loss: 3.5472, val_loss: 3.4671, lr: 0.001000, 21.41s
2026-04-12 01:01:49,320 - INFO - Saved model at 5
2026-04-12 01:01:49,320 - INFO - Val loss decrease from 3.5088 to 3.4671, saving to ./libcity/cache/M001/model_cache/MCSTWeather_METR_LA_epoch5.tar
2026-04-12 01:02:10,192 - INFO - epoch complete!
2026-04-12 01:02:10,193 - INFO - evaluating now!
2026-04-12 01:02:11,168 - INFO - Epoch [6/100] train_loss: 3.4945, val_loss: 3.4242, lr: 0.001000, 21.85s
2026-04-12 01:02:11,184 - INFO - Saved model at 6
2026-04-12 01:02:11,184 - INFO - Val loss decrease from 3.4671 to 3.4242, saving to ./libcity/cache/M001/model_cache/MCSTWeather_METR_LA_epoch6.tar
2026-04-12 01:02:31,779 - INFO - epoch complete!
2026-04-12 01:02:31,779 - INFO - evaluating now!
2026-04-12 01:02:32,751 - INFO - Epoch [7/100] train_loss: 3.4531, val_loss: 3.3872, lr: 0.001000, 21.57s
2026-04-12 01:02:32,766 - INFO - Saved model at 7
2026-04-12 01:02:32,766 - INFO - Val loss decrease from 3.4242 to 3.3872, saving to ./libcity/cache/M001/model_cache/MCSTWeather_METR_LA_epoch7.tar
2026-04-12 01:02:53,439 - INFO - epoch complete!
2026-04-12 01:02:53,439 - INFO - evaluating now!
2026-04-12 01:02:54,423 - INFO - Epoch [8/100] train_loss: 3.4290, val_loss: 3.3702, lr: 0.001000, 21.66s
2026-04-12 01:02:54,438 - INFO - Saved model at 8
2026-04-12 01:02:54,438 - INFO - Val loss decrease from 3.3872 to 3.3702, saving to ./libcity/cache/M001/model_cache/MCSTWeather_METR_LA_epoch8.tar
2026-04-12 01:03:15,354 - INFO - epoch complete!
2026-04-12 01:03:15,354 - INFO - evaluating now!
2026-04-12 01:03:16,333 - INFO - Epoch [9/100] train_loss: 3.3908, val_loss: 3.3584, lr: 0.001000, 21.89s
2026-04-12 01:03:16,349 - INFO - Saved model at 9
2026-04-12 01:03:16,349 - INFO - Val loss decrease from 3.3702 to 3.3584, saving to ./libcity/cache/M001/model_cache/MCSTWeather_METR_LA_epoch9.tar
2026-04-12 01:03:37,213 - INFO - epoch complete!
2026-04-12 01:03:37,213 - INFO - evaluating now!
2026-04-12 01:03:38,176 - INFO - Epoch [10/100] train_loss: 3.3552, val_loss: 3.3605, lr: 0.001000, 21.83s
2026-04-12 01:03:58,706 - INFO - epoch complete!
2026-04-12 01:03:58,707 - INFO - evaluating now!
2026-04-12 01:03:59,671 - INFO - Epoch [11/100] train_loss: 3.3325, val_loss: 3.3936, lr: 0.001000, 21.49s
2026-04-12 01:04:20,231 - INFO - epoch complete!
2026-04-12 01:04:20,231 - INFO - evaluating now!
2026-04-12 01:04:21,210 - INFO - Epoch [12/100] train_loss: 3.3152, val_loss: 3.3857, lr: 0.001000, 21.54s
2026-04-12 01:04:41,962 - INFO - epoch complete!
2026-04-12 01:04:41,963 - INFO - evaluating now!
2026-04-12 01:04:42,959 - INFO - Epoch [13/100] train_loss: 3.2914, val_loss: 3.3916, lr: 0.001000, 21.75s
2026-04-12 01:05:04,008 - INFO - epoch complete!
2026-04-12 01:05:04,008 - INFO - evaluating now!
2026-04-12 01:05:04,992 - INFO - Epoch [14/100] train_loss: 3.2701, val_loss: 3.3800, lr: 0.001000, 22.03s
2026-04-12 01:05:25,643 - INFO - epoch complete!
2026-04-12 01:05:25,643 - INFO - evaluating now!
2026-04-12 01:05:26,607 - INFO - Epoch [15/100] train_loss: 3.2520, val_loss: 3.3699, lr: 0.001000, 21.61s
2026-04-12 01:05:47,189 - INFO - epoch complete!
2026-04-12 01:05:47,189 - INFO - evaluating now!
2026-04-12 01:05:48,242 - INFO - Epoch [16/100] train_loss: 3.2331, val_loss: 3.3719, lr: 0.001000, 21.63s
2026-04-12 01:06:09,066 - INFO - epoch complete!
2026-04-12 01:06:09,066 - INFO - evaluating now!
2026-04-12 01:06:10,064 - INFO - Epoch [17/100] train_loss: 3.2176, val_loss: 3.3833, lr: 0.001000, 21.82s
2026-04-12 01:06:30,997 - INFO - epoch complete!
2026-04-12 01:06:30,997 - INFO - evaluating now!
2026-04-12 01:06:31,967 - INFO - Epoch [18/100] train_loss: 3.2008, val_loss: 3.3898, lr: 0.001000, 21.90s
2026-04-12 01:06:52,639 - INFO - epoch complete!
2026-04-12 01:06:52,639 - INFO - evaluating now!
2026-04-12 01:06:53,630 - INFO - Epoch [19/100] train_loss: 3.1891, val_loss: 3.3709, lr: 0.001000, 21.66s
2026-04-12 01:07:14,378 - INFO - epoch complete!
2026-04-12 01:07:14,378 - INFO - evaluating now!
2026-04-12 01:07:15,354 - INFO - Epoch [20/100] train_loss: 3.1709, val_loss: 3.3689, lr: 0.001000, 21.72s
2026-04-12 01:07:36,122 - INFO - epoch complete!
2026-04-12 01:07:36,122 - INFO - evaluating now!
2026-04-12 01:07:37,111 - INFO - Epoch [21/100] train_loss: 3.1580, val_loss: 3.3623, lr: 0.001000, 21.76s
2026-04-12 01:07:58,087 - INFO - epoch complete!
2026-04-12 01:07:58,087 - INFO - evaluating now!
2026-04-12 01:07:59,064 - INFO - Epoch [22/100] train_loss: 3.1465, val_loss: 3.3734, lr: 0.001000, 21.95s
2026-04-12 01:08:19,765 - INFO - epoch complete!
2026-04-12 01:08:19,765 - INFO - evaluating now!
2026-04-12 01:08:20,744 - INFO - Epoch [23/100] train_loss: 3.1316, val_loss: 3.3843, lr: 0.001000, 21.68s
2026-04-12 01:08:41,510 - INFO - epoch complete!
2026-04-12 01:08:41,510 - INFO - evaluating now!
2026-04-12 01:08:42,485 - INFO - Epoch [24/100] train_loss: 3.1209, val_loss: 3.4228, lr: 0.001000, 21.74s
2026-04-12 01:09:03,170 - INFO - epoch complete!
2026-04-12 01:09:03,170 - INFO - evaluating now!
2026-04-12 01:09:04,165 - INFO - Epoch [25/100] train_loss: 3.1085, val_loss: 3.3860, lr: 0.001000, 21.68s
2026-04-12 01:09:25,149 - INFO - epoch complete!
2026-04-12 01:09:25,149 - INFO - evaluating now!
2026-04-12 01:09:26,119 - INFO - Epoch [26/100] train_loss: 3.0994, val_loss: 3.3826, lr: 0.001000, 21.95s
2026-04-12 01:09:46,711 - INFO - epoch complete!
2026-04-12 01:09:46,712 - INFO - evaluating now!
2026-04-12 01:09:47,677 - INFO - Epoch [27/100] train_loss: 3.0867, val_loss: 3.3905, lr: 0.001000, 21.56s
2026-04-12 01:10:08,260 - INFO - epoch complete!
2026-04-12 01:10:08,260 - INFO - evaluating now!
2026-04-12 01:10:09,234 - INFO - Epoch [28/100] train_loss: 3.0766, val_loss: 3.3971, lr: 0.001000, 21.56s
2026-04-12 01:10:30,036 - INFO - epoch complete!
2026-04-12 01:10:30,036 - INFO - evaluating now!
2026-04-12 01:10:31,017 - INFO - Epoch [29/100] train_loss: 3.0669, val_loss: 3.3680, lr: 0.000100, 21.78s
2026-04-12 01:10:52,008 - INFO - epoch complete!
2026-04-12 01:10:52,008 - INFO - evaluating now!
2026-04-12 01:10:52,984 - INFO - Epoch [30/100] train_loss: 2.9787, val_loss: 3.3880, lr: 0.000100, 21.97s
2026-04-12 01:11:13,768 - INFO - epoch complete!
2026-04-12 01:11:13,768 - INFO - evaluating now!
2026-04-12 01:11:14,748 - INFO - Epoch [31/100] train_loss: 2.9675, val_loss: 3.3902, lr: 0.000100, 21.76s
2026-04-12 01:11:35,515 - INFO - epoch complete!
2026-04-12 01:11:35,516 - INFO - evaluating now!
2026-04-12 01:11:36,491 - INFO - Epoch [32/100] train_loss: 2.9621, val_loss: 3.3957, lr: 0.000100, 21.74s
2026-04-12 01:11:57,361 - INFO - epoch complete!
2026-04-12 01:11:57,362 - INFO - evaluating now!
2026-04-12 01:11:58,351 - INFO - Epoch [33/100] train_loss: 2.9582, val_loss: 3.3986, lr: 0.000100, 21.86s
2026-04-12 01:12:19,179 - INFO - epoch complete!
2026-04-12 01:12:19,180 - INFO - evaluating now!
2026-04-12 01:12:20,169 - INFO - Epoch [34/100] train_loss: 2.9549, val_loss: 3.3990, lr: 0.000100, 21.82s
