2026-04-12 00:49:10,468 - INFO - Log directory: ./libcity/log
2026-04-12 00:49:10,469 - INFO - Begin pipeline, task=traffic_state_pred, model_name=MCSTWeather, dataset_name=METR_LA, exp_id=M001, epoch=0
2026-04-12 00:49:10,469 - INFO - {'task': 'traffic_state_pred', 'model': 'MCSTWeather', 'dataset': 'METR_LA', 'saved_model': True, 'train': True, 'exp_id': 'M001', 'seed': 0, 'dataset_class': 'TrafficStatePointDataset', 'executor': 'TrafficStateExecutorOptimized', 'evaluator': 'TrafficStateEvaluator', 'input_window': 12, 'output_window': 12, 'input_embedding_dim': 24, 'tod_embedding_dim': 24, 'dow_embedding_dim': 24, 'spatial_embedding_dim': 16, 'adaptive_embedding_dim': 80, 'd_model': 96, 'd_state': 32, 'd_conv': 4, 'expand': 2, 'dropout': 0.1, 'weather_embed_dim': 64, 'use_weather': True, 'weather_file': None, 'add_time_in_day': True, 'add_day_in_week': False, 'steps_per_day': 288, 'max_epoch': 100, 'batch_size': 16, 'learning_rate': 0.001, 'optimizer': 'adam', 'lr_scheduler': 'multisteplr', 'lr_decay_ratio': 0.1, 'steps': [30, 50, 70], 'patience': 50, 'use_early_stop': False, 'scaler': 'standard', 'load_external': True, 'normal_external': False, 'ext_scaler': 'none', 'cache_dataset': True, 'num_workers': 0, 'pad_with_last_sample': True, 'train_rate': 0.7, 'eval_rate': 0.1, 'robustness_test': False, 'noise_type': 'gaussian', 'disturb_rate': 0.5, 'noise_mean': [5], 'noise_SD': [10], 'gpu': True, 'gpu_id': 0, 'train_loss': 'none', 'epoch': 0, 'learner': 'adam', 'weight_decay': 0.0001, 'lr_epsilon': 1e-08, 'lr_beta1': 0.9, 'lr_beta2': 0.999, 'lr_alpha': 0.99, 'lr_momentum': 0, 'lr_decay': True, 'step_size': 10, 'lr_T_max': 30, 'lr_eta_min': 0, 'lr_patience': 5, 'lr_threshold': 0.0001, 'clip_grad_norm': True, 'max_grad_norm': 5.0, 'log_level': 'INFO', 'log_every': 1, 'load_best_epoch': True, 'hyper_tune': False, 'fp16': True, 'gradient_accumulation_steps': 2, 'metrics': ['MAE', 'MAPE', 'MSE', 'RMSE', 'masked_MAE', 'masked_MAPE', 'masked_MSE', 'masked_RMSE', 'R2', 'EVAR'], 'evaluator_mode': 'single', 'save_mode': ['csv'], 'geo': {'including_types': ['Point'], 'Point': {}}, 'rel': {'including_types': ['geo'], 'geo': {'cost': 'num'}}, 'dyna': {'including_types': ['state'], 'state': {'entity_id': 'geo_id', 'traffic_speed': 'num'}}, 'data_col': ['traffic_speed'], 'weight_col': 'cost', 'data_files': ['METR_LA'], 'geo_file': 'METR_LA', 'rel_file': 'METR_LA', 'output_dim': 1, 'time_intervals': 300, 'init_weight_inf_or_zero': 'inf', 'set_weight_link_or_dist': 'dist', 'calculate_weight_adj': True, 'weight_adj_epsilon': 0.1, 'device': device(type='cuda', index=0)}
2026-04-12 00:49:10,789 - INFO - Loaded file METR_LA.geo, num_nodes=207
2026-04-12 00:49:10,795 - INFO - set_weight_link_or_dist: dist
2026-04-12 00:49:10,795 - INFO - init_weight_inf_or_zero: inf
2026-04-12 00:49:10,809 - INFO - Loaded file METR_LA.rel, shape=(207, 207)
2026-04-12 00:49:10,809 - INFO - Start Calculate the weight by Gauss kernel!
2026-04-12 00:49:10,810 - INFO - Loading ./libcity/cache/dataset_cache/point_based_METR_LA_12_12_0.7_0.1_standard_16_True_True_False_True.npz
2026-04-12 00:49:17,032 - INFO - train	x: (23974, 12, 207, 2), y: (23974, 12, 207, 2)
2026-04-12 00:49:17,032 - INFO - eval	x: (3425, 12, 207, 2), y: (3425, 12, 207, 2)
2026-04-12 00:49:17,032 - INFO - test	x: (6850, 12, 207, 2), y: (6850, 12, 207, 2)
2026-04-12 00:49:17,415 - INFO - StandardScaler mean: 54.40592829587626, std: 19.493739270573094
2026-04-12 00:49:17,415 - INFO - NoneScaler
2026-04-12 00:49:21,656 - INFO - Weather data loaded from ./raw_data/METR_LA/weather.csv
2026-04-12 00:49:21,657 - INFO - Weather features: ['temp_range', 'temp_avg', 'apparent_temp_diff', 'humidity_level', 'humidity_change', 'humidity_range', 'wind_gust_ratio', 'wind_avg', 'wind_speed', 'pressure_diff', 'pressure_change', 'pressure_level', 'has_precipitation', 'precipitation_level', 'wind_dir_sin', 'wind_dir_cos', 'weather_phenomena_count', 'has_severe_weather', 'hour', 'hour_sin', 'hour_cos']
2026-04-12 00:49:21,657 - INFO - Building MCSTWeather model with weather integration
2026-04-12 00:49:21,795 - INFO - MCSTWeather model initialized with weather_embed_dim=64
2026-04-12 00:49:22,126 - INFO - MCSTWeather(
  (input_proj): Linear(in_features=2, out_features=24, bias=True)
  (tod_embedding): Embedding(288, 24)
  (mamba_input_proj): Linear(in_features=144, out_features=96, bias=True)
  (weather_feature_proj): Sequential(
    (0): Linear(in_features=21, out_features=128, bias=True)
    (1): ReLU()
    (2): Dropout(p=0.1, inplace=False)
    (3): Linear(in_features=128, out_features=64, bias=True)
  )
  (weather_spatial_expand): Linear(in_features=64, out_features=64, bias=True)
  (temporal_block): SimpleMambaWeatherBlock(
    (layer_norm): LayerNorm((96,), eps=1e-05, elementwise_affine=True)
    (mamba_weather): MambaWeather(
      (in_proj): Linear(in_features=96, out_features=384, bias=False)
      (conv1d): Conv1d(192, 192, kernel_size=(4,), stride=(1,), padding=(3,), groups=192)
      (act): SiLU()
      (x_proj): Linear(in_features=256, out_features=70, bias=False)
      (dt_proj): Linear(in_features=6, out_features=192, bias=True)
      (out_proj): Linear(in_features=192, out_features=96, bias=False)
      (weather_proj): Linear(in_features=64, out_features=64, bias=True)
    )
    (dropout): Dropout(p=0.1, inplace=False)
    (feed_forward): Sequential(
      (0): Linear(in_features=96, out_features=384, bias=True)
      (1): GELU(approximate='none')
      (2): Dropout(p=0.1, inplace=False)
      (3): Linear(in_features=384, out_features=96, bias=True)
    )
    (ff_norm): LayerNorm((96,), eps=1e-05, elementwise_affine=True)
    (ff_dropout): Dropout(p=0.1, inplace=False)
  )
  (spatial_block): SimpleMambaWeatherBlock(
    (layer_norm): LayerNorm((96,), eps=1e-05, elementwise_affine=True)
    (mamba_weather): MambaWeather(
      (in_proj): Linear(in_features=96, out_features=384, bias=False)
      (conv1d): Conv1d(192, 192, kernel_size=(4,), stride=(1,), padding=(3,), groups=192)
      (act): SiLU()
      (x_proj): Linear(in_features=256, out_features=70, bias=False)
      (dt_proj): Linear(in_features=6, out_features=192, bias=True)
      (out_proj): Linear(in_features=192, out_features=96, bias=False)
      (weather_proj): Linear(in_features=64, out_features=64, bias=True)
    )
    (dropout): Dropout(p=0.1, inplace=False)
    (feed_forward): Sequential(
      (0): Linear(in_features=96, out_features=384, bias=True)
      (1): GELU(approximate='none')
      (2): Dropout(p=0.1, inplace=False)
      (3): Linear(in_features=384, out_features=96, bias=True)
    )
    (ff_norm): LayerNorm((96,), eps=1e-05, elementwise_affine=True)
    (ff_dropout): Dropout(p=0.1, inplace=False)
  )
  (output_proj): Linear(in_features=96, out_features=1, bias=True)
  (final_layer_norm): LayerNorm((96,), eps=1e-05, elementwise_affine=True)
)
2026-04-12 00:49:22,127 - INFO - spatial_embedding	torch.Size([207, 16])	cuda:0	True
2026-04-12 00:49:22,127 - INFO - adaptive_embedding	torch.Size([12, 207, 80])	cuda:0	True
2026-04-12 00:49:22,127 - INFO - combine_weights	torch.Size([2, 96])	cuda:0	True
2026-04-12 00:49:22,127 - INFO - input_proj.weight	torch.Size([24, 2])	cuda:0	True
2026-04-12 00:49:22,127 - INFO - input_proj.bias	torch.Size([24])	cuda:0	True
2026-04-12 00:49:22,127 - INFO - tod_embedding.weight	torch.Size([288, 24])	cuda:0	True
2026-04-12 00:49:22,127 - INFO - mamba_input_proj.weight	torch.Size([96, 144])	cuda:0	True
2026-04-12 00:49:22,127 - INFO - mamba_input_proj.bias	torch.Size([96])	cuda:0	True
2026-04-12 00:49:22,127 - INFO - weather_feature_proj.0.weight	torch.Size([128, 21])	cuda:0	True
2026-04-12 00:49:22,127 - INFO - weather_feature_proj.0.bias	torch.Size([128])	cuda:0	True
2026-04-12 00:49:22,127 - INFO - weather_feature_proj.3.weight	torch.Size([64, 128])	cuda:0	True
2026-04-12 00:49:22,127 - INFO - weather_feature_proj.3.bias	torch.Size([64])	cuda:0	True
2026-04-12 00:49:22,127 - INFO - weather_spatial_expand.weight	torch.Size([64, 64])	cuda:0	True
2026-04-12 00:49:22,127 - INFO - weather_spatial_expand.bias	torch.Size([64])	cuda:0	True
2026-04-12 00:49:22,127 - INFO - temporal_block.layer_norm.weight	torch.Size([96])	cuda:0	True
2026-04-12 00:49:22,127 - INFO - temporal_block.layer_norm.bias	torch.Size([96])	cuda:0	True
2026-04-12 00:49:22,127 - INFO - temporal_block.mamba_weather.A_log	torch.Size([192, 32])	cuda:0	True
2026-04-12 00:49:22,127 - INFO - temporal_block.mamba_weather.D	torch.Size([192])	cuda:0	True
2026-04-12 00:49:22,127 - INFO - temporal_block.mamba_weather.in_proj.weight	torch.Size([384, 96])	cuda:0	True
2026-04-12 00:49:22,127 - INFO - temporal_block.mamba_weather.conv1d.weight	torch.Size([192, 1, 4])	cuda:0	True
2026-04-12 00:49:22,127 - INFO - temporal_block.mamba_weather.conv1d.bias	torch.Size([192])	cuda:0	True
2026-04-12 00:49:22,127 - INFO - temporal_block.mamba_weather.x_proj.weight	torch.Size([70, 256])	cuda:0	True
2026-04-12 00:49:22,128 - INFO - temporal_block.mamba_weather.dt_proj.weight	torch.Size([192, 6])	cuda:0	True
2026-04-12 00:49:22,128 - INFO - temporal_block.mamba_weather.dt_proj.bias	torch.Size([192])	cuda:0	True
2026-04-12 00:49:22,128 - INFO - temporal_block.mamba_weather.out_proj.weight	torch.Size([96, 192])	cuda:0	True
2026-04-12 00:49:22,128 - INFO - temporal_block.mamba_weather.weather_proj.weight	torch.Size([64, 64])	cuda:0	True
2026-04-12 00:49:22,128 - INFO - temporal_block.mamba_weather.weather_proj.bias	torch.Size([64])	cuda:0	True
2026-04-12 00:49:22,128 - INFO - temporal_block.feed_forward.0.weight	torch.Size([384, 96])	cuda:0	True
2026-04-12 00:49:22,128 - INFO - temporal_block.feed_forward.0.bias	torch.Size([384])	cuda:0	True
2026-04-12 00:49:22,128 - INFO - temporal_block.feed_forward.3.weight	torch.Size([96, 384])	cuda:0	True
2026-04-12 00:49:22,128 - INFO - temporal_block.feed_forward.3.bias	torch.Size([96])	cuda:0	True
2026-04-12 00:49:22,128 - INFO - temporal_block.ff_norm.weight	torch.Size([96])	cuda:0	True
2026-04-12 00:49:22,128 - INFO - temporal_block.ff_norm.bias	torch.Size([96])	cuda:0	True
2026-04-12 00:49:22,128 - INFO - spatial_block.layer_norm.weight	torch.Size([96])	cuda:0	True
2026-04-12 00:49:22,128 - INFO - spatial_block.layer_norm.bias	torch.Size([96])	cuda:0	True
2026-04-12 00:49:22,128 - INFO - spatial_block.mamba_weather.A_log	torch.Size([192, 32])	cuda:0	True
2026-04-12 00:49:22,128 - INFO - spatial_block.mamba_weather.D	torch.Size([192])	cuda:0	True
2026-04-12 00:49:22,128 - INFO - spatial_block.mamba_weather.in_proj.weight	torch.Size([384, 96])	cuda:0	True
2026-04-12 00:49:22,128 - INFO - spatial_block.mamba_weather.conv1d.weight	torch.Size([192, 1, 4])	cuda:0	True
2026-04-12 00:49:22,128 - INFO - spatial_block.mamba_weather.conv1d.bias	torch.Size([192])	cuda:0	True
2026-04-12 00:49:22,128 - INFO - spatial_block.mamba_weather.x_proj.weight	torch.Size([70, 256])	cuda:0	True
2026-04-12 00:49:22,128 - INFO - spatial_block.mamba_weather.dt_proj.weight	torch.Size([192, 6])	cuda:0	True
2026-04-12 00:49:22,128 - INFO - spatial_block.mamba_weather.dt_proj.bias	torch.Size([192])	cuda:0	True
2026-04-12 00:49:22,128 - INFO - spatial_block.mamba_weather.out_proj.weight	torch.Size([96, 192])	cuda:0	True
2026-04-12 00:49:22,128 - INFO - spatial_block.mamba_weather.weather_proj.weight	torch.Size([64, 64])	cuda:0	True
2026-04-12 00:49:22,128 - INFO - spatial_block.mamba_weather.weather_proj.bias	torch.Size([64])	cuda:0	True
2026-04-12 00:49:22,128 - INFO - spatial_block.feed_forward.0.weight	torch.Size([384, 96])	cuda:0	True
2026-04-12 00:49:22,128 - INFO - spatial_block.feed_forward.0.bias	torch.Size([384])	cuda:0	True
2026-04-12 00:49:22,129 - INFO - spatial_block.feed_forward.3.weight	torch.Size([96, 384])	cuda:0	True
2026-04-12 00:49:22,129 - INFO - spatial_block.feed_forward.3.bias	torch.Size([96])	cuda:0	True
2026-04-12 00:49:22,129 - INFO - spatial_block.ff_norm.weight	torch.Size([96])	cuda:0	True
2026-04-12 00:49:22,129 - INFO - spatial_block.ff_norm.bias	torch.Size([96])	cuda:0	True
2026-04-12 00:49:22,129 - INFO - output_proj.weight	torch.Size([1, 96])	cuda:0	True
2026-04-12 00:49:22,129 - INFO - output_proj.bias	torch.Size([1])	cuda:0	True
2026-04-12 00:49:22,129 - INFO - final_layer_norm.weight	torch.Size([96])	cuda:0	True
2026-04-12 00:49:22,129 - INFO - final_layer_norm.bias	torch.Size([96])	cuda:0	True
2026-04-12 00:49:22,129 - INFO - Total parameter numbers: 559865
2026-04-12 00:49:22,129 - INFO - You select `adam` optimizer.
2026-04-12 00:49:22,129 - INFO - You select `multisteplr` lr_scheduler.
2026-04-12 00:49:22,130 - WARNING - Received none train loss func and will use the loss func defined in the model.
2026-04-12 00:49:22,130 - INFO - Gradient accumulation steps: 2
2026-04-12 00:49:22,130 - INFO - FP16 mixed precision training: True
2026-04-12 00:49:22,130 - INFO - Using torch.cuda.amp.GradScaler for FP16 training
2026-04-12 00:49:22,130 - INFO - Enabled cuDNN benchmark mode
2026-04-12 00:49:22,130 - INFO - Enabled TF32 for faster training on Ampere GPUs
2026-04-12 00:49:22,130 - INFO - Executor 已初始化 GPU 数据预加载功能（PEMSD4 专用）
2026-04-12 00:49:22,130 - INFO - Start training ...
2026-04-12 00:49:22,130 - INFO - num_batches:1499
2026-04-12 00:49:22,130 - INFO - 数据集较小，正在预加载 train 数据到 GPU 显存...
2026-04-12 00:49:22,854 - INFO -   已预加载 10 batches...
2026-04-12 00:49:23,571 - INFO -   已预加载 20 batches...
2026-04-12 00:49:24,288 - INFO -   已预加载 30 batches...
2026-04-12 00:49:25,008 - INFO -   已预加载 40 batches...
2026-04-12 00:49:25,725 - INFO -   已预加载 50 batches...
2026-04-12 00:49:26,445 - INFO -   已预加载 60 batches...
2026-04-12 00:49:27,160 - INFO -   已预加载 70 batches...
2026-04-12 00:49:27,878 - INFO -   已预加载 80 batches...
2026-04-12 00:49:28,600 - INFO -   已预加载 90 batches...
2026-04-12 00:49:29,314 - INFO -   已预加载 100 batches...
2026-04-12 00:49:30,035 - INFO -   已预加载 110 batches...
2026-04-12 00:49:30,747 - INFO -   已预加载 120 batches...
2026-04-12 00:49:31,461 - INFO -   已预加载 130 batches...
2026-04-12 00:49:32,174 - INFO -   已预加载 140 batches...
2026-04-12 00:49:32,887 - INFO -   已预加载 150 batches...
2026-04-12 00:49:33,606 - INFO -   已预加载 160 batches...
2026-04-12 00:49:34,326 - INFO -   已预加载 170 batches...
2026-04-12 00:49:35,041 - INFO -   已预加载 180 batches...
2026-04-12 00:49:35,754 - INFO -   已预加载 190 batches...
2026-04-12 00:49:36,467 - INFO -   已预加载 200 batches...
2026-04-12 00:49:37,181 - INFO -   已预加载 210 batches...
2026-04-12 00:49:37,909 - INFO -   已预加载 220 batches...
2026-04-12 00:49:38,632 - INFO -   已预加载 230 batches...
2026-04-12 00:49:39,343 - INFO -   已预加载 240 batches...
2026-04-12 00:49:40,056 - INFO -   已预加载 250 batches...
2026-04-12 00:49:40,762 - INFO -   已预加载 260 batches...
2026-04-12 00:49:41,472 - INFO -   已预加载 270 batches...
2026-04-12 00:49:42,176 - INFO -   已预加载 280 batches...
2026-04-12 00:49:42,879 - INFO -   已预加载 290 batches...
2026-04-12 00:49:43,587 - INFO -   已预加载 300 batches...
2026-04-12 00:49:44,294 - INFO -   已预加载 310 batches...
2026-04-12 00:49:44,999 - INFO -   已预加载 320 batches...
2026-04-12 00:49:45,708 - INFO -   已预加载 330 batches...
2026-04-12 00:49:46,426 - INFO -   已预加载 340 batches...
2026-04-12 00:49:47,147 - INFO -   已预加载 350 batches...
2026-04-12 00:49:47,871 - INFO -   已预加载 360 batches...
2026-04-12 00:49:48,596 - INFO -   已预加载 370 batches...
2026-04-12 00:49:49,318 - INFO -   已预加载 380 batches...
2026-04-12 00:49:50,038 - INFO -   已预加载 390 batches...
2026-04-12 00:49:50,750 - INFO -   已预加载 400 batches...
2026-04-12 00:49:51,459 - INFO -   已预加载 410 batches...
2026-04-12 00:49:52,167 - INFO -   已预加载 420 batches...
2026-04-12 00:49:52,879 - INFO -   已预加载 430 batches...
2026-04-12 00:49:53,590 - INFO -   已预加载 440 batches...
2026-04-12 00:49:54,305 - INFO -   已预加载 450 batches...
2026-04-12 00:49:55,016 - INFO -   已预加载 460 batches...
2026-04-12 00:49:55,728 - INFO -   已预加载 470 batches...
2026-04-12 00:49:56,436 - INFO -   已预加载 480 batches...
2026-04-12 00:49:57,150 - INFO -   已预加载 490 batches...
2026-04-12 00:49:57,863 - INFO -   已预加载 500 batches...
2026-04-12 00:49:58,571 - INFO -   已预加载 510 batches...
2026-04-12 00:49:59,274 - INFO -   已预加载 520 batches...
2026-04-12 00:49:59,982 - INFO -   已预加载 530 batches...
2026-04-12 00:50:00,694 - INFO -   已预加载 540 batches...
2026-04-12 00:50:01,403 - INFO -   已预加载 550 batches...
2026-04-12 00:50:02,114 - INFO -   已预加载 560 batches...
2026-04-12 00:50:02,825 - INFO -   已预加载 570 batches...
2026-04-12 00:50:03,537 - INFO -   已预加载 580 batches...
2026-04-12 00:50:04,255 - INFO -   已预加载 590 batches...
2026-04-12 00:50:04,967 - INFO -   已预加载 600 batches...
2026-04-12 00:50:05,676 - INFO -   已预加载 610 batches...
2026-04-12 00:50:06,389 - INFO -   已预加载 620 batches...
2026-04-12 00:50:07,094 - INFO -   已预加载 630 batches...
2026-04-12 00:50:07,809 - INFO -   已预加载 640 batches...
2026-04-12 00:50:08,525 - INFO -   已预加载 650 batches...
2026-04-12 00:50:09,238 - INFO -   已预加载 660 batches...
2026-04-12 00:50:09,954 - INFO -   已预加载 670 batches...
2026-04-12 00:50:10,660 - INFO -   已预加载 680 batches...
2026-04-12 00:50:11,363 - INFO -   已预加载 690 batches...
2026-04-12 00:50:12,072 - INFO -   已预加载 700 batches...
2026-04-12 00:50:12,783 - INFO -   已预加载 710 batches...
2026-04-12 00:50:13,493 - INFO -   已预加载 720 batches...
2026-04-12 00:50:14,232 - INFO -   已预加载 730 batches...
2026-04-12 00:50:14,960 - INFO -   已预加载 740 batches...
2026-04-12 00:50:15,702 - INFO -   已预加载 750 batches...
2026-04-12 00:50:16,424 - INFO -   已预加载 760 batches...
2026-04-12 00:50:17,137 - INFO -   已预加载 770 batches...
2026-04-12 00:50:17,845 - INFO -   已预加载 780 batches...
2026-04-12 00:50:18,561 - INFO -   已预加载 790 batches...
2026-04-12 00:50:19,273 - INFO -   已预加载 800 batches...
2026-04-12 00:50:19,992 - INFO -   已预加载 810 batches...
2026-04-12 00:50:20,708 - INFO -   已预加载 820 batches...
2026-04-12 00:50:21,414 - INFO -   已预加载 830 batches...
2026-04-12 00:50:22,122 - INFO -   已预加载 840 batches...
2026-04-12 00:50:22,825 - INFO -   已预加载 850 batches...
2026-04-12 00:50:23,536 - INFO -   已预加载 860 batches...
2026-04-12 00:50:24,243 - INFO -   已预加载 870 batches...
2026-04-12 00:50:24,947 - INFO -   已预加载 880 batches...
2026-04-12 00:50:25,650 - INFO -   已预加载 890 batches...
2026-04-12 00:50:26,361 - INFO -   已预加载 900 batches...
2026-04-12 00:50:27,085 - INFO -   已预加载 910 batches...
2026-04-12 00:50:27,806 - INFO -   已预加载 920 batches...
2026-04-12 00:50:28,525 - INFO -   已预加载 930 batches...
2026-04-12 00:50:29,235 - INFO -   已预加载 940 batches...
2026-04-12 00:50:29,948 - INFO -   已预加载 950 batches...
2026-04-12 00:50:30,667 - INFO -   已预加载 960 batches...
2026-04-12 00:50:31,382 - INFO -   已预加载 970 batches...
2026-04-12 00:50:32,100 - INFO -   已预加载 980 batches...
2026-04-12 00:50:32,814 - INFO -   已预加载 990 batches...
2026-04-12 00:50:33,525 - INFO -   已预加载 1000 batches...
2026-04-12 00:50:34,233 - INFO -   已预加载 1010 batches...
2026-04-12 00:50:34,947 - INFO -   已预加载 1020 batches...
2026-04-12 00:50:35,654 - INFO -   已预加载 1030 batches...
2026-04-12 00:50:36,357 - INFO -   已预加载 1040 batches...
2026-04-12 00:50:37,063 - INFO -   已预加载 1050 batches...
2026-04-12 00:50:37,768 - INFO -   已预加载 1060 batches...
2026-04-12 00:50:38,482 - INFO -   已预加载 1070 batches...
2026-04-12 00:50:39,196 - INFO -   已预加载 1080 batches...
2026-04-12 00:50:39,906 - INFO -   已预加载 1090 batches...
2026-04-12 00:50:40,613 - INFO -   已预加载 1100 batches...
2026-04-12 00:50:41,322 - INFO -   已预加载 1110 batches...
2026-04-12 00:50:42,030 - INFO -   已预加载 1120 batches...
2026-04-12 00:50:42,741 - INFO -   已预加载 1130 batches...
2026-04-12 00:50:43,450 - INFO -   已预加载 1140 batches...
2026-04-12 00:50:44,155 - INFO -   已预加载 1150 batches...
2026-04-12 00:50:44,859 - INFO -   已预加载 1160 batches...
2026-04-12 00:50:45,564 - INFO -   已预加载 1170 batches...
2026-04-12 00:50:46,276 - INFO -   已预加载 1180 batches...
2026-04-12 00:50:46,984 - INFO -   已预加载 1190 batches...
2026-04-12 00:50:47,685 - INFO -   已预加载 1200 batches...
2026-04-12 00:50:48,389 - INFO -   已预加载 1210 batches...
2026-04-12 00:50:49,097 - INFO -   已预加载 1220 batches...
2026-04-12 00:50:49,806 - INFO -   已预加载 1230 batches...
2026-04-12 00:50:50,520 - INFO -   已预加载 1240 batches...
2026-04-12 00:50:51,227 - INFO -   已预加载 1250 batches...
2026-04-12 00:50:51,933 - INFO -   已预加载 1260 batches...
2026-04-12 00:50:52,634 - INFO -   已预加载 1270 batches...
2026-04-12 00:50:53,340 - INFO -   已预加载 1280 batches...
2026-04-12 00:50:54,051 - INFO -   已预加载 1290 batches...
2026-04-12 00:50:54,755 - INFO -   已预加载 1300 batches...
2026-04-12 00:50:55,455 - INFO -   已预加载 1310 batches...
2026-04-12 00:50:56,157 - INFO -   已预加载 1320 batches...
2026-04-12 00:50:56,864 - INFO -   已预加载 1330 batches...
2026-04-12 00:50:57,571 - INFO -   已预加载 1340 batches...
2026-04-12 00:50:58,287 - INFO -   已预加载 1350 batches...
2026-04-12 00:50:58,997 - INFO -   已预加载 1360 batches...
2026-04-12 00:50:59,697 - INFO -   已预加载 1370 batches...
2026-04-12 00:51:00,401 - INFO -   已预加载 1380 batches...
2026-04-12 00:51:01,110 - INFO -   已预加载 1390 batches...
2026-04-12 00:51:01,813 - INFO -   已预加载 1400 batches...
2026-04-12 00:51:02,519 - INFO -   已预加载 1410 batches...
2026-04-12 00:51:03,226 - INFO -   已预加载 1420 batches...
2026-04-12 00:51:03,934 - INFO -   已预加载 1430 batches...
2026-04-12 00:51:04,640 - INFO -   已预加载 1440 batches...
2026-04-12 00:51:05,356 - INFO -   已预加载 1450 batches...
2026-04-12 00:51:06,064 - INFO -   已预加载 1460 batches...
2026-04-12 00:51:06,766 - INFO -   已预加载 1470 batches...
2026-04-12 00:51:07,472 - INFO -   已预加载 1480 batches...
2026-04-12 00:51:08,181 - INFO -   已预加载 1490 batches...
2026-04-12 00:51:08,821 - INFO - 预加载完成: 1499 batches (106.69s)
