2026-04-12 17:14:13,598 - INFO - Log directory: ./libcity/log
2026-04-12 17:14:13,598 - INFO - Begin pipeline, task=traffic_state_pred, model_name=MCSTWeather, dataset_name=METR_LA, exp_id=W001, epoch=0
2026-04-12 17:14:13,598 - INFO - {'task': 'traffic_state_pred', 'model': 'MCSTWeather', 'dataset': 'METR_LA', 'saved_model': True, 'train': True, 'exp_id': 'W001', 'seed': 0, 'dataset_class': 'TrafficStatePointDataset', 'executor': 'TrafficStateExecutorOptimized', 'evaluator': 'TrafficStateEvaluator', 'input_window': 12, 'output_window': 12, 'input_embedding_dim': 24, 'tod_embedding_dim': 24, 'dow_embedding_dim': 24, 'spatial_embedding_dim': 16, 'adaptive_embedding_dim': 80, 'd_model': 96, 'd_state': 32, 'd_conv': 4, 'expand': 2, 'dropout': 0.1, 'weather_embed_dim': 64, 'use_weather': True, 'weather_file': None, 'add_time_in_day': True, 'add_day_in_week': False, 'steps_per_day': 288, 'max_epoch': 300, 'batch_size': 128, 'learning_rate': 0.001, 'optimizer': 'adam', 'lr_decay': True, 'lr_scheduler': 'cosineannealinglr', 'patience': 30, 'use_early_stop': True, 'scaler': 'standard', 'load_external': True, 'normal_external': False, 'ext_scaler': 'none', 'cache_dataset': True, 'num_workers': 0, 'pad_with_last_sample': True, 'train_rate': 0.7, 'eval_rate': 0.1, 'robustness_test': False, 'noise_type': 'gaussian', 'disturb_rate': 0.5, 'noise_mean': [5], 'noise_SD': [10], 'gpu': True, 'gpu_id': 0, 'train_loss': 'none', 'epoch': 0, 'learner': 'adam', 'weight_decay': 0.0001, 'lr_epsilon': 1e-08, 'lr_beta1': 0.9, 'lr_beta2': 0.999, 'lr_alpha': 0.99, 'lr_momentum': 0, 'lr_decay_ratio': 0.1, 'steps': [10, 30, 50, 80], 'step_size': 10, 'lr_T_max': 30, 'lr_eta_min': 0, 'lr_patience': 5, 'lr_threshold': 0.0001, 'clip_grad_norm': True, 'max_grad_norm': 5.0, 'log_level': 'INFO', 'log_every': 1, 'load_best_epoch': True, 'hyper_tune': False, 'fp16': True, 'gradient_accumulation_steps': 2, 'metrics': ['MAE', 'MAPE', 'MSE', 'RMSE', 'masked_MAE', 'masked_MAPE', 'masked_MSE', 'masked_RMSE', 'R2', 'EVAR'], 'evaluator_mode': 'single', 'save_mode': ['csv'], 'geo': {'including_types': ['Point'], 'Point': {}}, 'rel': {'including_types': ['geo'], 'geo': {'cost': 'num'}}, 'dyna': {'including_types': ['state'], 'state': {'entity_id': 'geo_id', 'traffic_speed': 'num'}}, 'data_col': ['traffic_speed'], 'weight_col': 'cost', 'data_files': ['METR_LA'], 'geo_file': 'METR_LA', 'rel_file': 'METR_LA', 'output_dim': 1, 'time_intervals': 300, 'init_weight_inf_or_zero': 'inf', 'set_weight_link_or_dist': 'dist', 'calculate_weight_adj': True, 'weight_adj_epsilon': 0.1, 'device': device(type='cuda', index=0)}
2026-04-12 17:14:13,926 - INFO - Loaded file METR_LA.geo, num_nodes=207
2026-04-12 17:14:13,931 - INFO - set_weight_link_or_dist: dist
2026-04-12 17:14:13,931 - INFO - init_weight_inf_or_zero: inf
2026-04-12 17:14:13,946 - INFO - Loaded file METR_LA.rel, shape=(207, 207)
2026-04-12 17:14:13,946 - INFO - Start Calculate the weight by Gauss kernel!
2026-04-12 17:14:13,947 - INFO - Loading file METR_LA.dyna
2026-04-12 17:14:17,969 - INFO - Loaded file METR_LA.dyna, shape=(34272, 207, 1)
2026-04-12 17:14:21,294 - INFO - Dataset created
2026-04-12 17:14:21,294 - INFO - x shape: (34249, 12, 207, 2), y shape: (34249, 12, 207, 2)
2026-04-12 17:14:21,301 - INFO - train	x: (23974, 12, 207, 2), y: (23974, 12, 207, 2)
2026-04-12 17:14:21,301 - INFO - eval	x: (3425, 12, 207, 2), y: (3425, 12, 207, 2)
2026-04-12 17:14:21,301 - INFO - test	x: (6850, 12, 207, 2), y: (6850, 12, 207, 2)
2026-04-12 17:15:33,557 - INFO - Saved at ./libcity/cache/dataset_cache/point_based_METR_LA_12_12_0.7_0.1_standard_128_True_True_False_True.npz
2026-04-12 17:15:33,886 - INFO - StandardScaler mean: 54.40592829587626, std: 19.493739270573094
2026-04-12 17:15:33,886 - INFO - NoneScaler
2026-04-12 17:15:38,085 - INFO - Weather data loaded from ./raw_data/METR_LA/weather.csv
2026-04-12 17:15:38,085 - INFO - Weather features: ['temp_range', 'temp_avg', 'apparent_temp_diff', 'humidity_level', 'humidity_change', 'humidity_range', 'wind_gust_ratio', 'wind_avg', 'wind_speed', 'pressure_diff', 'pressure_change', 'pressure_level', 'has_precipitation', 'precipitation_level', 'wind_dir_sin', 'wind_dir_cos', 'weather_phenomena_count', 'has_severe_weather', 'hour', 'hour_sin', 'hour_cos']
2026-04-12 17:15:38,087 - INFO - Building MCSTWeather model with weather integration
2026-04-12 17:15:38,209 - INFO - MCSTWeather model initialized with weather_embed_dim=64
2026-04-12 17:15:38,590 - INFO - MCSTWeather(
  (input_proj): Linear(in_features=2, out_features=24, bias=True)
  (tod_embedding): Embedding(288, 24)
  (mamba_input_proj): Linear(in_features=144, out_features=96, bias=True)
  (weather_feature_proj): Sequential(
    (0): Linear(in_features=21, out_features=128, bias=True)
    (1): ReLU()
    (2): Dropout(p=0.1, inplace=False)
    (3): Linear(in_features=128, out_features=64, bias=True)
  )
  (weather_spatial_expand): Linear(in_features=64, out_features=64, bias=True)
  (temporal_block): SimpleMambaWeatherBlock(
    (layer_norm): LayerNorm((96,), eps=1e-05, elementwise_affine=True)
    (mamba_weather): MambaWeather(
      (in_proj): Linear(in_features=96, out_features=384, bias=False)
      (conv1d): Conv1d(192, 192, kernel_size=(4,), stride=(1,), padding=(3,), groups=192)
      (act): SiLU()
      (x_proj): Linear(in_features=256, out_features=70, bias=False)
      (dt_proj): Linear(in_features=6, out_features=192, bias=True)
      (out_proj): Linear(in_features=192, out_features=96, bias=False)
      (weather_proj): Linear(in_features=64, out_features=64, bias=True)
    )
    (dropout): Dropout(p=0.1, inplace=False)
    (feed_forward): Sequential(
      (0): Linear(in_features=96, out_features=384, bias=True)
      (1): GELU(approximate='none')
      (2): Dropout(p=0.1, inplace=False)
      (3): Linear(in_features=384, out_features=96, bias=True)
    )
    (ff_norm): LayerNorm((96,), eps=1e-05, elementwise_affine=True)
    (ff_dropout): Dropout(p=0.1, inplace=False)
  )
  (spatial_block): SimpleMambaWeatherBlock(
    (layer_norm): LayerNorm((96,), eps=1e-05, elementwise_affine=True)
    (mamba_weather): MambaWeather(
      (in_proj): Linear(in_features=96, out_features=384, bias=False)
      (conv1d): Conv1d(192, 192, kernel_size=(4,), stride=(1,), padding=(3,), groups=192)
      (act): SiLU()
      (x_proj): Linear(in_features=256, out_features=70, bias=False)
      (dt_proj): Linear(in_features=6, out_features=192, bias=True)
      (out_proj): Linear(in_features=192, out_features=96, bias=False)
      (weather_proj): Linear(in_features=64, out_features=64, bias=True)
    )
    (dropout): Dropout(p=0.1, inplace=False)
    (feed_forward): Sequential(
      (0): Linear(in_features=96, out_features=384, bias=True)
      (1): GELU(approximate='none')
      (2): Dropout(p=0.1, inplace=False)
      (3): Linear(in_features=384, out_features=96, bias=True)
    )
    (ff_norm): LayerNorm((96,), eps=1e-05, elementwise_affine=True)
    (ff_dropout): Dropout(p=0.1, inplace=False)
  )
  (temporal_proj): Linear(in_features=12, out_features=12, bias=True)
  (output_proj): Linear(in_features=96, out_features=1, bias=True)
  (final_layer_norm): LayerNorm((96,), eps=1e-05, elementwise_affine=True)
)
2026-04-12 17:15:38,591 - INFO - spatial_embedding	torch.Size([207, 16])	cuda:0	True
2026-04-12 17:15:38,591 - INFO - adaptive_embedding	torch.Size([12, 207, 80])	cuda:0	True
2026-04-12 17:15:38,591 - INFO - combine_weights	torch.Size([2, 96])	cuda:0	True
2026-04-12 17:15:38,591 - INFO - input_proj.weight	torch.Size([24, 2])	cuda:0	True
2026-04-12 17:15:38,591 - INFO - input_proj.bias	torch.Size([24])	cuda:0	True
2026-04-12 17:15:38,591 - INFO - tod_embedding.weight	torch.Size([288, 24])	cuda:0	True
2026-04-12 17:15:38,591 - INFO - mamba_input_proj.weight	torch.Size([96, 144])	cuda:0	True
2026-04-12 17:15:38,591 - INFO - mamba_input_proj.bias	torch.Size([96])	cuda:0	True
2026-04-12 17:15:38,591 - INFO - weather_feature_proj.0.weight	torch.Size([128, 21])	cuda:0	True
2026-04-12 17:15:38,591 - INFO - weather_feature_proj.0.bias	torch.Size([128])	cuda:0	True
2026-04-12 17:15:38,591 - INFO - weather_feature_proj.3.weight	torch.Size([64, 128])	cuda:0	True
2026-04-12 17:15:38,591 - INFO - weather_feature_proj.3.bias	torch.Size([64])	cuda:0	True
2026-04-12 17:15:38,591 - INFO - weather_spatial_expand.weight	torch.Size([64, 64])	cuda:0	True
2026-04-12 17:15:38,591 - INFO - weather_spatial_expand.bias	torch.Size([64])	cuda:0	True
2026-04-12 17:15:38,591 - INFO - temporal_block.layer_norm.weight	torch.Size([96])	cuda:0	True
2026-04-12 17:15:38,591 - INFO - temporal_block.layer_norm.bias	torch.Size([96])	cuda:0	True
2026-04-12 17:15:38,591 - INFO - temporal_block.mamba_weather.A_log	torch.Size([192, 32])	cuda:0	True
2026-04-12 17:15:38,591 - INFO - temporal_block.mamba_weather.D	torch.Size([192])	cuda:0	True
2026-04-12 17:15:38,591 - INFO - temporal_block.mamba_weather.in_proj.weight	torch.Size([384, 96])	cuda:0	True
2026-04-12 17:15:38,591 - INFO - temporal_block.mamba_weather.conv1d.weight	torch.Size([192, 1, 4])	cuda:0	True
2026-04-12 17:15:38,592 - INFO - temporal_block.mamba_weather.conv1d.bias	torch.Size([192])	cuda:0	True
2026-04-12 17:15:38,592 - INFO - temporal_block.mamba_weather.x_proj.weight	torch.Size([70, 256])	cuda:0	True
2026-04-12 17:15:38,592 - INFO - temporal_block.mamba_weather.dt_proj.weight	torch.Size([192, 6])	cuda:0	True
2026-04-12 17:15:38,592 - INFO - temporal_block.mamba_weather.dt_proj.bias	torch.Size([192])	cuda:0	True
2026-04-12 17:15:38,592 - INFO - temporal_block.mamba_weather.out_proj.weight	torch.Size([96, 192])	cuda:0	True
2026-04-12 17:15:38,592 - INFO - temporal_block.mamba_weather.weather_proj.weight	torch.Size([64, 64])	cuda:0	True
2026-04-12 17:15:38,592 - INFO - temporal_block.mamba_weather.weather_proj.bias	torch.Size([64])	cuda:0	True
2026-04-12 17:15:38,592 - INFO - temporal_block.feed_forward.0.weight	torch.Size([384, 96])	cuda:0	True
2026-04-12 17:15:38,592 - INFO - temporal_block.feed_forward.0.bias	torch.Size([384])	cuda:0	True
2026-04-12 17:15:38,592 - INFO - temporal_block.feed_forward.3.weight	torch.Size([96, 384])	cuda:0	True
2026-04-12 17:15:38,592 - INFO - temporal_block.feed_forward.3.bias	torch.Size([96])	cuda:0	True
2026-04-12 17:15:38,592 - INFO - temporal_block.ff_norm.weight	torch.Size([96])	cuda:0	True
2026-04-12 17:15:38,592 - INFO - temporal_block.ff_norm.bias	torch.Size([96])	cuda:0	True
2026-04-12 17:15:38,592 - INFO - spatial_block.layer_norm.weight	torch.Size([96])	cuda:0	True
2026-04-12 17:15:38,592 - INFO - spatial_block.layer_norm.bias	torch.Size([96])	cuda:0	True
2026-04-12 17:15:38,592 - INFO - spatial_block.mamba_weather.A_log	torch.Size([192, 32])	cuda:0	True
2026-04-12 17:15:38,592 - INFO - spatial_block.mamba_weather.D	torch.Size([192])	cuda:0	True
2026-04-12 17:15:38,592 - INFO - spatial_block.mamba_weather.in_proj.weight	torch.Size([384, 96])	cuda:0	True
2026-04-12 17:15:38,592 - INFO - spatial_block.mamba_weather.conv1d.weight	torch.Size([192, 1, 4])	cuda:0	True
2026-04-12 17:15:38,592 - INFO - spatial_block.mamba_weather.conv1d.bias	torch.Size([192])	cuda:0	True
2026-04-12 17:15:38,592 - INFO - spatial_block.mamba_weather.x_proj.weight	torch.Size([70, 256])	cuda:0	True
2026-04-12 17:15:38,592 - INFO - spatial_block.mamba_weather.dt_proj.weight	torch.Size([192, 6])	cuda:0	True
2026-04-12 17:15:38,592 - INFO - spatial_block.mamba_weather.dt_proj.bias	torch.Size([192])	cuda:0	True
2026-04-12 17:15:38,592 - INFO - spatial_block.mamba_weather.out_proj.weight	torch.Size([96, 192])	cuda:0	True
2026-04-12 17:15:38,592 - INFO - spatial_block.mamba_weather.weather_proj.weight	torch.Size([64, 64])	cuda:0	True
2026-04-12 17:15:38,592 - INFO - spatial_block.mamba_weather.weather_proj.bias	torch.Size([64])	cuda:0	True
2026-04-12 17:15:38,593 - INFO - spatial_block.feed_forward.0.weight	torch.Size([384, 96])	cuda:0	True
2026-04-12 17:15:38,593 - INFO - spatial_block.feed_forward.0.bias	torch.Size([384])	cuda:0	True
2026-04-12 17:15:38,593 - INFO - spatial_block.feed_forward.3.weight	torch.Size([96, 384])	cuda:0	True
2026-04-12 17:15:38,593 - INFO - spatial_block.feed_forward.3.bias	torch.Size([96])	cuda:0	True
2026-04-12 17:15:38,593 - INFO - spatial_block.ff_norm.weight	torch.Size([96])	cuda:0	True
2026-04-12 17:15:38,593 - INFO - spatial_block.ff_norm.bias	torch.Size([96])	cuda:0	True
2026-04-12 17:15:38,593 - INFO - temporal_proj.weight	torch.Size([12, 12])	cuda:0	True
2026-04-12 17:15:38,593 - INFO - temporal_proj.bias	torch.Size([12])	cuda:0	True
2026-04-12 17:15:38,593 - INFO - output_proj.weight	torch.Size([1, 96])	cuda:0	True
2026-04-12 17:15:38,593 - INFO - output_proj.bias	torch.Size([1])	cuda:0	True
2026-04-12 17:15:38,593 - INFO - final_layer_norm.weight	torch.Size([96])	cuda:0	True
2026-04-12 17:15:38,593 - INFO - final_layer_norm.bias	torch.Size([96])	cuda:0	True
2026-04-12 17:15:38,593 - INFO - Total parameter numbers: 560021
2026-04-12 17:15:38,593 - INFO - You select `adam` optimizer.
2026-04-12 17:15:38,593 - INFO - You select `cosineannealinglr` lr_scheduler.
2026-04-12 17:15:38,594 - WARNING - Received none train loss func and will use the loss func defined in the model.
2026-04-12 17:15:38,594 - INFO - Gradient accumulation steps: 2
2026-04-12 17:15:38,594 - INFO - FP16 mixed precision training: True
2026-04-12 17:15:38,594 - INFO - Using torch.cuda.amp.GradScaler for FP16 training
2026-04-12 17:15:38,594 - INFO - Enabled cuDNN benchmark mode
2026-04-12 17:15:38,594 - INFO - Enabled TF32 for faster training on Ampere GPUs
2026-04-12 17:15:38,594 - INFO - Executor 已初始化 GPU 数据预加载功能（PEMSD4 专用）
2026-04-12 17:15:38,594 - INFO - Start training ...
2026-04-12 17:15:38,594 - INFO - num_batches:188
2026-04-12 17:15:38,594 - INFO - 数据集较小，正在预加载 train 数据到 GPU 显存...
2026-04-12 17:15:44,384 - INFO -   已预加载 10 batches...
2026-04-12 17:15:50,172 - INFO -   已预加载 20 batches...
2026-04-12 17:15:55,930 - INFO -   已预加载 30 batches...
2026-04-12 17:16:01,691 - INFO -   已预加载 40 batches...
2026-04-12 17:16:07,477 - INFO -   已预加载 50 batches...
2026-04-12 17:16:13,234 - INFO -   已预加载 60 batches...
2026-04-12 17:16:18,989 - INFO -   已预加载 70 batches...
2026-04-12 17:16:24,772 - INFO -   已预加载 80 batches...
2026-04-12 17:16:30,571 - INFO -   已预加载 90 batches...
2026-04-12 17:16:36,371 - INFO -   已预加载 100 batches...
2026-04-12 17:16:42,136 - INFO -   已预加载 110 batches...
2026-04-12 17:16:47,896 - INFO -   已预加载 120 batches...
2026-04-12 17:16:53,670 - INFO -   已预加载 130 batches...
2026-04-12 17:16:59,555 - INFO -   已预加载 140 batches...
2026-04-12 17:17:05,296 - INFO -   已预加载 150 batches...
2026-04-12 17:17:11,034 - INFO -   已预加载 160 batches...
2026-04-12 17:17:16,801 - INFO -   已预加载 170 batches...
2026-04-12 17:17:22,587 - INFO -   已预加载 180 batches...
2026-04-12 17:17:27,183 - INFO - 预加载完成: 188 batches (108.59s)
2026-04-12 17:18:01,614 - INFO - epoch complete!
2026-04-12 17:18:01,615 - INFO - evaluating now!
2026-04-12 17:18:01,615 - INFO - 数据集较小，正在预加载 valid 数据到 GPU 显存...
2026-04-12 17:18:07,334 - INFO -   已预加载 10 batches...
2026-04-12 17:18:13,064 - INFO -   已预加载 20 batches...
2026-04-12 17:18:17,085 - INFO - 预加载完成: 27 batches (15.47s)
2026-04-12 17:18:17,822 - INFO - Epoch [0/300] train_loss: 6.2706, val_loss: 4.4812, lr: 0.000997, 159.23s
2026-04-12 17:18:17,839 - INFO - Saved model at 0
2026-04-12 17:18:17,839 - INFO - Val loss decrease from inf to 4.4812, saving to ./libcity/cache/W001/model_cache/MCSTWeather_METR_LA_epoch0.tar
2026-04-12 17:18:47,540 - INFO - epoch complete!
2026-04-12 17:18:47,540 - INFO - evaluating now!
2026-04-12 17:18:48,268 - INFO - Epoch [1/300] train_loss: 4.2350, val_loss: 3.8456, lr: 0.000989, 30.43s
2026-04-12 17:18:48,284 - INFO - Saved model at 1
2026-04-12 17:18:48,284 - INFO - Val loss decrease from 4.4812 to 3.8456, saving to ./libcity/cache/W001/model_cache/MCSTWeather_METR_LA_epoch1.tar
2026-04-12 17:19:17,961 - INFO - epoch complete!
2026-04-12 17:19:17,961 - INFO - evaluating now!
2026-04-12 17:19:18,698 - INFO - Epoch [2/300] train_loss: 3.8613, val_loss: 3.5503, lr: 0.000976, 30.41s
2026-04-12 17:19:18,714 - INFO - Saved model at 2
2026-04-12 17:19:18,714 - INFO - Val loss decrease from 3.8456 to 3.5503, saving to ./libcity/cache/W001/model_cache/MCSTWeather_METR_LA_epoch2.tar
2026-04-12 17:19:48,414 - INFO - epoch complete!
2026-04-12 17:19:48,415 - INFO - evaluating now!
2026-04-12 17:19:49,144 - INFO - Epoch [3/300] train_loss: 3.7016, val_loss: 3.5403, lr: 0.000957, 30.43s
2026-04-12 17:19:49,159 - INFO - Saved model at 3
2026-04-12 17:19:49,159 - INFO - Val loss decrease from 3.5503 to 3.5403, saving to ./libcity/cache/W001/model_cache/MCSTWeather_METR_LA_epoch3.tar
2026-04-12 17:20:18,873 - INFO - epoch complete!
2026-04-12 17:20:18,873 - INFO - evaluating now!
2026-04-12 17:20:19,603 - INFO - Epoch [4/300] train_loss: 3.5972, val_loss: 3.4160, lr: 0.000933, 30.44s
2026-04-12 17:20:19,618 - INFO - Saved model at 4
2026-04-12 17:20:19,618 - INFO - Val loss decrease from 3.5403 to 3.4160, saving to ./libcity/cache/W001/model_cache/MCSTWeather_METR_LA_epoch4.tar
2026-04-12 17:20:49,303 - INFO - epoch complete!
2026-04-12 17:20:49,303 - INFO - evaluating now!
2026-04-12 17:20:50,033 - INFO - Epoch [5/300] train_loss: 3.5742, val_loss: 3.2817, lr: 0.000905, 30.41s
2026-04-12 17:20:50,048 - INFO - Saved model at 5
2026-04-12 17:20:50,048 - INFO - Val loss decrease from 3.4160 to 3.2817, saving to ./libcity/cache/W001/model_cache/MCSTWeather_METR_LA_epoch5.tar
2026-04-12 17:21:19,739 - INFO - epoch complete!
2026-04-12 17:21:19,739 - INFO - evaluating now!
2026-04-12 17:21:20,478 - INFO - Epoch [6/300] train_loss: 3.4747, val_loss: 3.2342, lr: 0.000872, 30.43s
2026-04-12 17:21:20,494 - INFO - Saved model at 6
2026-04-12 17:21:20,494 - INFO - Val loss decrease from 3.2817 to 3.2342, saving to ./libcity/cache/W001/model_cache/MCSTWeather_METR_LA_epoch6.tar
2026-04-12 17:21:50,202 - INFO - epoch complete!
2026-04-12 17:21:50,203 - INFO - evaluating now!
2026-04-12 17:21:50,937 - INFO - Epoch [7/300] train_loss: 3.4306, val_loss: 3.2466, lr: 0.000835, 30.44s
2026-04-12 17:22:20,644 - INFO - epoch complete!
2026-04-12 17:22:20,645 - INFO - evaluating now!
2026-04-12 17:22:21,380 - INFO - Epoch [8/300] train_loss: 3.3582, val_loss: 3.2549, lr: 0.000794, 30.44s
2026-04-12 17:22:51,159 - INFO - epoch complete!
2026-04-12 17:22:51,159 - INFO - evaluating now!
2026-04-12 17:22:51,909 - INFO - Epoch [9/300] train_loss: 3.3452, val_loss: 3.1284, lr: 0.000750, 30.53s
2026-04-12 17:22:51,924 - INFO - Saved model at 9
2026-04-12 17:22:51,925 - INFO - Val loss decrease from 3.2342 to 3.1284, saving to ./libcity/cache/W001/model_cache/MCSTWeather_METR_LA_epoch9.tar
2026-04-12 17:23:21,733 - INFO - epoch complete!
2026-04-12 17:23:21,733 - INFO - evaluating now!
2026-04-12 17:23:22,477 - INFO - Epoch [10/300] train_loss: 3.2708, val_loss: 3.1239, lr: 0.000703, 30.55s
2026-04-12 17:23:22,492 - INFO - Saved model at 10
2026-04-12 17:23:22,492 - INFO - Val loss decrease from 3.1284 to 3.1239, saving to ./libcity/cache/W001/model_cache/MCSTWeather_METR_LA_epoch10.tar
2026-04-12 17:23:52,189 - INFO - epoch complete!
2026-04-12 17:23:52,189 - INFO - evaluating now!
2026-04-12 17:23:52,924 - INFO - Epoch [11/300] train_loss: 3.2385, val_loss: 3.0759, lr: 0.000655, 30.43s
2026-04-12 17:23:52,940 - INFO - Saved model at 11
2026-04-12 17:23:52,941 - INFO - Val loss decrease from 3.1239 to 3.0759, saving to ./libcity/cache/W001/model_cache/MCSTWeather_METR_LA_epoch11.tar
2026-04-12 17:24:22,640 - INFO - epoch complete!
2026-04-12 17:24:22,640 - INFO - evaluating now!
2026-04-12 17:24:23,382 - INFO - Epoch [12/300] train_loss: 3.2024, val_loss: 3.0373, lr: 0.000604, 30.44s
2026-04-12 17:24:23,398 - INFO - Saved model at 12
2026-04-12 17:24:23,398 - INFO - Val loss decrease from 3.0759 to 3.0373, saving to ./libcity/cache/W001/model_cache/MCSTWeather_METR_LA_epoch12.tar
2026-04-12 17:24:53,095 - INFO - epoch complete!
2026-04-12 17:24:53,096 - INFO - evaluating now!
2026-04-12 17:24:53,828 - INFO - Epoch [13/300] train_loss: 3.1766, val_loss: 3.0346, lr: 0.000552, 30.43s
2026-04-12 17:24:53,844 - INFO - Saved model at 13
2026-04-12 17:24:53,845 - INFO - Val loss decrease from 3.0373 to 3.0346, saving to ./libcity/cache/W001/model_cache/MCSTWeather_METR_LA_epoch13.tar
2026-04-12 17:25:23,535 - INFO - epoch complete!
2026-04-12 17:25:23,535 - INFO - evaluating now!
2026-04-12 17:25:24,269 - INFO - Epoch [14/300] train_loss: 3.1558, val_loss: 3.0177, lr: 0.000500, 30.42s
2026-04-12 17:25:24,285 - INFO - Saved model at 14
2026-04-12 17:25:24,285 - INFO - Val loss decrease from 3.0346 to 3.0177, saving to ./libcity/cache/W001/model_cache/MCSTWeather_METR_LA_epoch14.tar
2026-04-12 17:25:53,974 - INFO - epoch complete!
2026-04-12 17:25:53,974 - INFO - evaluating now!
2026-04-12 17:25:54,713 - INFO - Epoch [15/300] train_loss: 3.1409, val_loss: 3.0434, lr: 0.000448, 30.43s
2026-04-12 17:26:24,407 - INFO - epoch complete!
2026-04-12 17:26:24,408 - INFO - evaluating now!
2026-04-12 17:26:25,140 - INFO - Epoch [16/300] train_loss: 3.1254, val_loss: 3.0029, lr: 0.000396, 30.43s
2026-04-12 17:26:25,156 - INFO - Saved model at 16
2026-04-12 17:26:25,156 - INFO - Val loss decrease from 3.0177 to 3.0029, saving to ./libcity/cache/W001/model_cache/MCSTWeather_METR_LA_epoch16.tar
2026-04-12 17:26:54,855 - INFO - epoch complete!
2026-04-12 17:26:54,855 - INFO - evaluating now!
2026-04-12 17:26:55,583 - INFO - Epoch [17/300] train_loss: 3.1106, val_loss: 2.9915, lr: 0.000345, 30.43s
2026-04-12 17:26:55,599 - INFO - Saved model at 17
2026-04-12 17:26:55,599 - INFO - Val loss decrease from 3.0029 to 2.9915, saving to ./libcity/cache/W001/model_cache/MCSTWeather_METR_LA_epoch17.tar
2026-04-12 17:27:25,287 - INFO - epoch complete!
2026-04-12 17:27:25,288 - INFO - evaluating now!
2026-04-12 17:27:26,022 - INFO - Epoch [18/300] train_loss: 3.0981, val_loss: 2.9899, lr: 0.000297, 30.42s
2026-04-12 17:27:26,038 - INFO - Saved model at 18
2026-04-12 17:27:26,038 - INFO - Val loss decrease from 2.9915 to 2.9899, saving to ./libcity/cache/W001/model_cache/MCSTWeather_METR_LA_epoch18.tar
2026-04-12 17:27:55,707 - INFO - epoch complete!
2026-04-12 17:27:55,708 - INFO - evaluating now!
2026-04-12 17:27:56,438 - INFO - Epoch [19/300] train_loss: 3.0880, val_loss: 3.0032, lr: 0.000250, 30.40s
2026-04-12 17:28:26,116 - INFO - epoch complete!
2026-04-12 17:28:26,116 - INFO - evaluating now!
2026-04-12 17:28:26,853 - INFO - Epoch [20/300] train_loss: 3.0781, val_loss: 2.9859, lr: 0.000206, 30.41s
2026-04-12 17:28:26,869 - INFO - Saved model at 20
2026-04-12 17:28:26,869 - INFO - Val loss decrease from 2.9899 to 2.9859, saving to ./libcity/cache/W001/model_cache/MCSTWeather_METR_LA_epoch20.tar
2026-04-12 17:28:56,565 - INFO - epoch complete!
2026-04-12 17:28:56,565 - INFO - evaluating now!
2026-04-12 17:28:57,299 - INFO - Epoch [21/300] train_loss: 3.0710, val_loss: 2.9873, lr: 0.000165, 30.43s
2026-04-12 17:29:26,978 - INFO - epoch complete!
2026-04-12 17:29:26,978 - INFO - evaluating now!
2026-04-12 17:29:27,710 - INFO - Epoch [22/300] train_loss: 3.0651, val_loss: 2.9861, lr: 0.000128, 30.41s
2026-04-12 17:29:57,364 - INFO - epoch complete!
2026-04-12 17:29:57,364 - INFO - evaluating now!
2026-04-12 17:29:58,097 - INFO - Epoch [23/300] train_loss: 3.0608, val_loss: 2.9804, lr: 0.000095, 30.39s
2026-04-12 17:29:58,112 - INFO - Saved model at 23
2026-04-12 17:29:58,112 - INFO - Val loss decrease from 2.9859 to 2.9804, saving to ./libcity/cache/W001/model_cache/MCSTWeather_METR_LA_epoch23.tar
2026-04-12 17:30:27,793 - INFO - epoch complete!
2026-04-12 17:30:27,794 - INFO - evaluating now!
2026-04-12 17:30:28,523 - INFO - Epoch [24/300] train_loss: 3.0565, val_loss: 2.9865, lr: 0.000067, 30.41s
2026-04-12 17:30:58,176 - INFO - epoch complete!
2026-04-12 17:30:58,176 - INFO - evaluating now!
2026-04-12 17:30:58,903 - INFO - Epoch [25/300] train_loss: 3.0519, val_loss: 2.9763, lr: 0.000043, 30.38s
2026-04-12 17:30:58,918 - INFO - Saved model at 25
2026-04-12 17:30:58,919 - INFO - Val loss decrease from 2.9804 to 2.9763, saving to ./libcity/cache/W001/model_cache/MCSTWeather_METR_LA_epoch25.tar
2026-04-12 17:31:28,587 - INFO - epoch complete!
2026-04-12 17:31:28,588 - INFO - evaluating now!
2026-04-12 17:31:29,316 - INFO - Epoch [26/300] train_loss: 3.0487, val_loss: 2.9703, lr: 0.000024, 30.40s
2026-04-12 17:31:29,331 - INFO - Saved model at 26
2026-04-12 17:31:29,331 - INFO - Val loss decrease from 2.9763 to 2.9703, saving to ./libcity/cache/W001/model_cache/MCSTWeather_METR_LA_epoch26.tar
2026-04-12 17:31:59,022 - INFO - epoch complete!
2026-04-12 17:31:59,022 - INFO - evaluating now!
2026-04-12 17:31:59,749 - INFO - Epoch [27/300] train_loss: 3.0474, val_loss: 2.9728, lr: 0.000011, 30.42s
2026-04-12 17:32:29,427 - INFO - epoch complete!
2026-04-12 17:32:29,427 - INFO - evaluating now!
2026-04-12 17:32:30,155 - INFO - Epoch [28/300] train_loss: 3.0466, val_loss: 2.9753, lr: 0.000003, 30.41s
2026-04-12 17:32:59,819 - INFO - epoch complete!
2026-04-12 17:32:59,819 - INFO - evaluating now!
2026-04-12 17:33:00,555 - INFO - Epoch [29/300] train_loss: 3.0457, val_loss: 2.9757, lr: 0.000000, 30.40s
2026-04-12 17:33:30,505 - INFO - epoch complete!
2026-04-12 17:33:30,506 - INFO - evaluating now!
2026-04-12 17:33:31,263 - INFO - Epoch [30/300] train_loss: 3.0454, val_loss: 2.9757, lr: 0.000003, 30.71s
2026-04-12 17:34:01,186 - INFO - epoch complete!
2026-04-12 17:34:01,187 - INFO - evaluating now!
2026-04-12 17:34:01,929 - INFO - Epoch [31/300] train_loss: 3.0459, val_loss: 2.9755, lr: 0.000011, 30.66s
2026-04-12 17:34:31,827 - INFO - epoch complete!
2026-04-12 17:34:31,827 - INFO - evaluating now!
2026-04-12 17:34:32,570 - INFO - Epoch [32/300] train_loss: 3.0455, val_loss: 2.9756, lr: 0.000024, 30.64s
2026-04-12 17:35:02,466 - INFO - epoch complete!
2026-04-12 17:35:02,467 - INFO - evaluating now!
2026-04-12 17:35:03,211 - INFO - Epoch [33/300] train_loss: 3.0457, val_loss: 2.9714, lr: 0.000043, 30.64s
2026-04-12 17:35:33,072 - INFO - epoch complete!
2026-04-12 17:35:33,073 - INFO - evaluating now!
2026-04-12 17:35:33,800 - INFO - Epoch [34/300] train_loss: 3.0462, val_loss: 2.9710, lr: 0.000067, 30.59s
2026-04-12 17:36:03,473 - INFO - epoch complete!
2026-04-12 17:36:03,473 - INFO - evaluating now!
2026-04-12 17:36:04,202 - INFO - Epoch [35/300] train_loss: 3.0465, val_loss: 2.9785, lr: 0.000095, 30.40s
2026-04-12 17:36:33,874 - INFO - epoch complete!
2026-04-12 17:36:33,874 - INFO - evaluating now!
2026-04-12 17:36:34,604 - INFO - Epoch [36/300] train_loss: 3.0470, val_loss: 2.9805, lr: 0.000128, 30.40s
2026-04-12 17:37:04,269 - INFO - epoch complete!
2026-04-12 17:37:04,269 - INFO - evaluating now!
2026-04-12 17:37:04,996 - INFO - Epoch [37/300] train_loss: 3.0462, val_loss: 2.9861, lr: 0.000165, 30.39s
2026-04-12 17:37:34,671 - INFO - epoch complete!
2026-04-12 17:37:34,672 - INFO - evaluating now!
2026-04-12 17:37:35,405 - INFO - Epoch [38/300] train_loss: 3.0463, val_loss: 2.9818, lr: 0.000206, 30.41s
2026-04-12 17:38:05,049 - INFO - epoch complete!
2026-04-12 17:38:05,049 - INFO - evaluating now!
2026-04-12 17:38:05,779 - INFO - Epoch [39/300] train_loss: 3.0451, val_loss: 2.9692, lr: 0.000250, 30.37s
2026-04-12 17:38:05,794 - INFO - Saved model at 39
2026-04-12 17:38:05,794 - INFO - Val loss decrease from 2.9703 to 2.9692, saving to ./libcity/cache/W001/model_cache/MCSTWeather_METR_LA_epoch39.tar
2026-04-12 17:38:35,444 - INFO - epoch complete!
2026-04-12 17:38:35,445 - INFO - evaluating now!
2026-04-12 17:38:36,171 - INFO - Epoch [40/300] train_loss: 3.0455, val_loss: 2.9756, lr: 0.000297, 30.38s
2026-04-12 17:39:05,844 - INFO - epoch complete!
2026-04-12 17:39:05,844 - INFO - evaluating now!
2026-04-12 17:39:06,571 - INFO - Epoch [41/300] train_loss: 3.0447, val_loss: 3.0146, lr: 0.000345, 30.40s
2026-04-12 17:39:36,233 - INFO - epoch complete!
2026-04-12 17:39:36,234 - INFO - evaluating now!
2026-04-12 17:39:36,964 - INFO - Epoch [42/300] train_loss: 3.0482, val_loss: 2.9951, lr: 0.000396, 30.39s
2026-04-12 17:40:06,598 - INFO - epoch complete!
2026-04-12 17:40:06,598 - INFO - evaluating now!
2026-04-12 17:40:07,323 - INFO - Epoch [43/300] train_loss: 3.0494, val_loss: 3.0152, lr: 0.000448, 30.36s
2026-04-12 17:40:36,998 - INFO - epoch complete!
2026-04-12 17:40:36,998 - INFO - evaluating now!
2026-04-12 17:40:37,727 - INFO - Epoch [44/300] train_loss: 3.0632, val_loss: 2.9754, lr: 0.000500, 30.40s
2026-04-12 17:41:07,385 - INFO - epoch complete!
2026-04-12 17:41:07,385 - INFO - evaluating now!
2026-04-12 17:41:08,113 - INFO - Epoch [45/300] train_loss: 3.0533, val_loss: 2.9763, lr: 0.000552, 30.39s
2026-04-12 17:41:37,771 - INFO - epoch complete!
2026-04-12 17:41:37,771 - INFO - evaluating now!
2026-04-12 17:41:38,500 - INFO - Epoch [46/300] train_loss: 3.0485, val_loss: 3.0296, lr: 0.000604, 30.39s
2026-04-12 17:42:08,156 - INFO - epoch complete!
2026-04-12 17:42:08,156 - INFO - evaluating now!
2026-04-12 17:42:08,882 - INFO - Epoch [47/300] train_loss: 3.0857, val_loss: 3.0987, lr: 0.000655, 30.38s
2026-04-12 17:42:38,520 - INFO - epoch complete!
2026-04-12 17:42:38,520 - INFO - evaluating now!
2026-04-12 17:42:39,244 - INFO - Epoch [48/300] train_loss: 3.0648, val_loss: 2.9866, lr: 0.000703, 30.36s
2026-04-12 17:43:08,855 - INFO - epoch complete!
2026-04-12 17:43:08,855 - INFO - evaluating now!
2026-04-12 17:43:09,590 - INFO - Epoch [49/300] train_loss: 3.0582, val_loss: 3.0284, lr: 0.000750, 30.35s
2026-04-12 17:43:39,243 - INFO - epoch complete!
2026-04-12 17:43:39,243 - INFO - evaluating now!
2026-04-12 17:43:39,968 - INFO - Epoch [50/300] train_loss: 3.0557, val_loss: 3.0108, lr: 0.000794, 30.38s
2026-04-12 17:44:09,589 - INFO - epoch complete!
2026-04-12 17:44:09,589 - INFO - evaluating now!
2026-04-12 17:44:10,314 - INFO - Epoch [51/300] train_loss: 3.0524, val_loss: 3.0347, lr: 0.000835, 30.35s
2026-04-12 17:44:39,896 - INFO - epoch complete!
2026-04-12 17:44:39,896 - INFO - evaluating now!
2026-04-12 17:44:40,626 - INFO - Epoch [52/300] train_loss: 3.0637, val_loss: 3.0088, lr: 0.000872, 30.31s
2026-04-12 17:45:10,223 - INFO - epoch complete!
2026-04-12 17:45:10,223 - INFO - evaluating now!
2026-04-12 17:45:10,949 - INFO - Epoch [53/300] train_loss: 3.0583, val_loss: 2.9995, lr: 0.000905, 30.32s
2026-04-12 17:45:40,525 - INFO - epoch complete!
2026-04-12 17:45:40,526 - INFO - evaluating now!
2026-04-12 17:45:41,250 - INFO - Epoch [54/300] train_loss: 3.0369, val_loss: 3.0706, lr: 0.000933, 30.30s
2026-04-12 17:46:10,863 - INFO - epoch complete!
2026-04-12 17:46:10,863 - INFO - evaluating now!
2026-04-12 17:46:11,592 - INFO - Epoch [55/300] train_loss: 3.0352, val_loss: 3.0100, lr: 0.000957, 30.34s
2026-04-12 17:46:41,209 - INFO - epoch complete!
2026-04-12 17:46:41,209 - INFO - evaluating now!
2026-04-12 17:46:41,933 - INFO - Epoch [56/300] train_loss: 3.0435, val_loss: 2.9715, lr: 0.000976, 30.34s
2026-04-12 17:47:11,584 - INFO - epoch complete!
2026-04-12 17:47:11,585 - INFO - evaluating now!
2026-04-12 17:47:12,314 - INFO - Epoch [57/300] train_loss: 3.0319, val_loss: 3.0204, lr: 0.000989, 30.38s
2026-04-12 17:47:41,973 - INFO - epoch complete!
2026-04-12 17:47:41,973 - INFO - evaluating now!
2026-04-12 17:47:42,708 - INFO - Epoch [58/300] train_loss: 3.0394, val_loss: 2.9608, lr: 0.000997, 30.39s
2026-04-12 17:47:42,723 - INFO - Saved model at 58
2026-04-12 17:47:42,724 - INFO - Val loss decrease from 2.9692 to 2.9608, saving to ./libcity/cache/W001/model_cache/MCSTWeather_METR_LA_epoch58.tar
2026-04-12 17:48:12,353 - INFO - epoch complete!
2026-04-12 17:48:12,354 - INFO - evaluating now!
2026-04-12 17:48:13,082 - INFO - Epoch [59/300] train_loss: 3.0463, val_loss: 2.9944, lr: 0.001000, 30.36s
2026-04-12 17:48:42,706 - INFO - epoch complete!
2026-04-12 17:48:42,706 - INFO - evaluating now!
2026-04-12 17:48:43,433 - INFO - Epoch [60/300] train_loss: 3.0072, val_loss: 2.9881, lr: 0.000997, 30.35s
2026-04-12 17:49:13,077 - INFO - epoch complete!
2026-04-12 17:49:13,077 - INFO - evaluating now!
2026-04-12 17:49:13,807 - INFO - Epoch [61/300] train_loss: 3.0074, val_loss: 2.9821, lr: 0.000989, 30.37s
2026-04-12 17:49:43,403 - INFO - epoch complete!
2026-04-12 17:49:43,404 - INFO - evaluating now!
2026-04-12 17:49:44,127 - INFO - Epoch [62/300] train_loss: 3.0138, val_loss: 2.9705, lr: 0.000976, 30.32s
2026-04-12 17:50:13,719 - INFO - epoch complete!
2026-04-12 17:50:13,720 - INFO - evaluating now!
2026-04-12 17:50:14,447 - INFO - Epoch [63/300] train_loss: 2.9947, val_loss: 2.9634, lr: 0.000957, 30.32s
2026-04-12 17:50:44,102 - INFO - epoch complete!
2026-04-12 17:50:44,102 - INFO - evaluating now!
2026-04-12 17:50:44,828 - INFO - Epoch [64/300] train_loss: 2.9949, val_loss: 2.9695, lr: 0.000933, 30.38s
2026-04-12 17:51:14,476 - INFO - epoch complete!
2026-04-12 17:51:14,476 - INFO - evaluating now!
2026-04-12 17:51:15,204 - INFO - Epoch [65/300] train_loss: 2.9794, val_loss: 2.9545, lr: 0.000905, 30.38s
2026-04-12 17:51:15,219 - INFO - Saved model at 65
2026-04-12 17:51:15,219 - INFO - Val loss decrease from 2.9608 to 2.9545, saving to ./libcity/cache/W001/model_cache/MCSTWeather_METR_LA_epoch65.tar
2026-04-12 17:51:44,836 - INFO - epoch complete!
2026-04-12 17:51:44,836 - INFO - evaluating now!
2026-04-12 17:51:45,562 - INFO - Epoch [66/300] train_loss: 2.9876, val_loss: 2.9593, lr: 0.000872, 30.34s
2026-04-12 17:52:15,191 - INFO - epoch complete!
2026-04-12 17:52:15,191 - INFO - evaluating now!
2026-04-12 17:52:15,915 - INFO - Epoch [67/300] train_loss: 2.9931, val_loss: 2.9839, lr: 0.000835, 30.35s
