2026-04-12 16:33:13,068 - INFO - Log directory: ./libcity/log
2026-04-12 16:33:13,069 - INFO - Begin pipeline, task=traffic_state_pred, model_name=MCSTWeather, dataset_name=METR_LA, exp_id=W001, epoch=0
2026-04-12 16:33:13,069 - INFO - {'task': 'traffic_state_pred', 'model': 'MCSTWeather', 'dataset': 'METR_LA', 'saved_model': True, 'train': True, 'exp_id': 'W001', 'seed': 0, 'dataset_class': 'TrafficStatePointDataset', 'executor': 'TrafficStateExecutorOptimized', 'evaluator': 'TrafficStateEvaluator', 'input_window': 12, 'output_window': 12, 'input_embedding_dim': 24, 'tod_embedding_dim': 24, 'dow_embedding_dim': 24, 'spatial_embedding_dim': 16, 'adaptive_embedding_dim': 80, 'd_model': 96, 'd_state': 32, 'd_conv': 4, 'expand': 2, 'dropout': 0.1, 'weather_embed_dim': 64, 'use_weather': True, 'weather_file': None, 'add_time_in_day': True, 'add_day_in_week': False, 'steps_per_day': 288, 'max_epoch': 300, 'batch_size': 128, 'learning_rate': 0.001, 'optimizer': 'adam', 'lr_decay': True, 'lr_scheduler': 'cosineannealinglr', 'patience': 30, 'use_early_stop': True, 'scaler': 'standard', 'load_external': True, 'normal_external': False, 'ext_scaler': 'none', 'cache_dataset': True, 'num_workers': 0, 'pad_with_last_sample': True, 'train_rate': 0.7, 'eval_rate': 0.1, 'robustness_test': False, 'noise_type': 'gaussian', 'disturb_rate': 0.5, 'noise_mean': [5], 'noise_SD': [10], 'gpu': True, 'gpu_id': 0, 'train_loss': 'none', 'epoch': 0, 'learner': 'adam', 'weight_decay': 0.0001, 'lr_epsilon': 1e-08, 'lr_beta1': 0.9, 'lr_beta2': 0.999, 'lr_alpha': 0.99, 'lr_momentum': 0, 'lr_decay_ratio': 0.1, 'steps': [10, 30, 50, 80], 'step_size': 10, 'lr_T_max': 30, 'lr_eta_min': 0, 'lr_patience': 5, 'lr_threshold': 0.0001, 'clip_grad_norm': True, 'max_grad_norm': 5.0, 'log_level': 'INFO', 'log_every': 1, 'load_best_epoch': True, 'hyper_tune': False, 'fp16': True, 'gradient_accumulation_steps': 2, 'metrics': ['MAE', 'MAPE', 'MSE', 'RMSE', 'masked_MAE', 'masked_MAPE', 'masked_MSE', 'masked_RMSE', 'R2', 'EVAR'], 'evaluator_mode': 'single', 'save_mode': ['csv'], 'geo': {'including_types': ['Point'], 'Point': {}}, 'rel': {'including_types': ['geo'], 'geo': {'cost': 'num'}}, 'dyna': {'including_types': ['state'], 'state': {'entity_id': 'geo_id', 'traffic_speed': 'num'}}, 'data_col': ['traffic_speed'], 'weight_col': 'cost', 'data_files': ['METR_LA'], 'geo_file': 'METR_LA', 'rel_file': 'METR_LA', 'output_dim': 1, 'time_intervals': 300, 'init_weight_inf_or_zero': 'inf', 'set_weight_link_or_dist': 'dist', 'calculate_weight_adj': True, 'weight_adj_epsilon': 0.1, 'device': device(type='cuda', index=0)}
2026-04-12 16:33:13,427 - INFO - Loaded file METR_LA.geo, num_nodes=207
2026-04-12 16:33:13,433 - INFO - set_weight_link_or_dist: dist
2026-04-12 16:33:13,433 - INFO - init_weight_inf_or_zero: inf
2026-04-12 16:33:13,448 - INFO - Loaded file METR_LA.rel, shape=(207, 207)
2026-04-12 16:33:13,448 - INFO - Start Calculate the weight by Gauss kernel!
2026-04-12 16:33:13,449 - INFO - Loading file METR_LA.dyna
2026-04-12 16:33:19,225 - INFO - Loaded file METR_LA.dyna, shape=(34272, 207, 1)
2026-04-12 16:33:22,726 - INFO - Dataset created
2026-04-12 16:33:22,726 - INFO - x shape: (34249, 12, 207, 2), y shape: (34249, 12, 207, 2)
2026-04-12 16:33:22,733 - INFO - train	x: (23974, 12, 207, 2), y: (23974, 12, 207, 2)
2026-04-12 16:33:22,733 - INFO - eval	x: (3425, 12, 207, 2), y: (3425, 12, 207, 2)
2026-04-12 16:33:22,733 - INFO - test	x: (6850, 12, 207, 2), y: (6850, 12, 207, 2)
2026-04-12 16:34:36,902 - INFO - Saved at ./libcity/cache/dataset_cache/point_based_METR_LA_12_12_0.7_0.1_standard_128_True_True_False_True.npz
2026-04-12 16:34:37,242 - INFO - StandardScaler mean: 54.40592829587626, std: 19.493739270573094
2026-04-12 16:34:37,242 - INFO - NoneScaler
2026-04-12 16:34:41,650 - INFO - Weather data loaded from ./raw_data/METR_LA/weather.csv
2026-04-12 16:34:41,651 - INFO - Weather features: ['temp_range', 'temp_avg', 'apparent_temp_diff', 'humidity_level', 'humidity_change', 'humidity_range', 'wind_gust_ratio', 'wind_avg', 'wind_speed', 'pressure_diff', 'pressure_change', 'pressure_level', 'has_precipitation', 'precipitation_level', 'wind_dir_sin', 'wind_dir_cos', 'weather_phenomena_count', 'has_severe_weather', 'hour', 'hour_sin', 'hour_cos']
2026-04-12 16:34:41,651 - INFO - Building MCSTWeather model with weather integration
2026-04-12 16:34:41,775 - INFO - MCSTWeather model initialized with weather_embed_dim=64
2026-04-12 16:34:42,179 - INFO - MCSTWeather(
  (input_proj): Linear(in_features=2, out_features=24, bias=True)
  (tod_embedding): Embedding(288, 24)
  (mamba_input_proj): Linear(in_features=144, out_features=96, bias=True)
  (weather_feature_proj): Sequential(
    (0): Linear(in_features=21, out_features=128, bias=True)
    (1): ReLU()
    (2): Dropout(p=0.1, inplace=False)
    (3): Linear(in_features=128, out_features=64, bias=True)
  )
  (weather_spatial_expand): Linear(in_features=64, out_features=64, bias=True)
  (temporal_block): SimpleMambaWeatherBlock(
    (layer_norm): LayerNorm((96,), eps=1e-05, elementwise_affine=True)
    (mamba_weather): MambaWeather(
      (in_proj): Linear(in_features=96, out_features=384, bias=False)
      (conv1d): Conv1d(192, 192, kernel_size=(4,), stride=(1,), padding=(3,), groups=192)
      (act): SiLU()
      (x_proj): Linear(in_features=256, out_features=70, bias=False)
      (dt_proj): Linear(in_features=6, out_features=192, bias=True)
      (out_proj): Linear(in_features=192, out_features=96, bias=False)
      (weather_proj): Linear(in_features=64, out_features=64, bias=True)
    )
    (dropout): Dropout(p=0.1, inplace=False)
    (feed_forward): Sequential(
      (0): Linear(in_features=96, out_features=384, bias=True)
      (1): GELU(approximate='none')
      (2): Dropout(p=0.1, inplace=False)
      (3): Linear(in_features=384, out_features=96, bias=True)
    )
    (ff_norm): LayerNorm((96,), eps=1e-05, elementwise_affine=True)
    (ff_dropout): Dropout(p=0.1, inplace=False)
  )
  (spatial_block): SimpleMambaWeatherBlock(
    (layer_norm): LayerNorm((96,), eps=1e-05, elementwise_affine=True)
    (mamba_weather): MambaWeather(
      (in_proj): Linear(in_features=96, out_features=384, bias=False)
      (conv1d): Conv1d(192, 192, kernel_size=(4,), stride=(1,), padding=(3,), groups=192)
      (act): SiLU()
      (x_proj): Linear(in_features=256, out_features=70, bias=False)
      (dt_proj): Linear(in_features=6, out_features=192, bias=True)
      (out_proj): Linear(in_features=192, out_features=96, bias=False)
      (weather_proj): Linear(in_features=64, out_features=64, bias=True)
    )
    (dropout): Dropout(p=0.1, inplace=False)
    (feed_forward): Sequential(
      (0): Linear(in_features=96, out_features=384, bias=True)
      (1): GELU(approximate='none')
      (2): Dropout(p=0.1, inplace=False)
      (3): Linear(in_features=384, out_features=96, bias=True)
    )
    (ff_norm): LayerNorm((96,), eps=1e-05, elementwise_affine=True)
    (ff_dropout): Dropout(p=0.1, inplace=False)
  )
  (output_proj): Linear(in_features=96, out_features=1, bias=True)
  (final_layer_norm): LayerNorm((96,), eps=1e-05, elementwise_affine=True)
)
2026-04-12 16:34:42,180 - INFO - spatial_embedding	torch.Size([207, 16])	cuda:0	True
2026-04-12 16:34:42,180 - INFO - adaptive_embedding	torch.Size([12, 207, 80])	cuda:0	True
2026-04-12 16:34:42,180 - INFO - combine_weights	torch.Size([2, 96])	cuda:0	True
2026-04-12 16:34:42,180 - INFO - input_proj.weight	torch.Size([24, 2])	cuda:0	True
2026-04-12 16:34:42,180 - INFO - input_proj.bias	torch.Size([24])	cuda:0	True
2026-04-12 16:34:42,180 - INFO - tod_embedding.weight	torch.Size([288, 24])	cuda:0	True
2026-04-12 16:34:42,180 - INFO - mamba_input_proj.weight	torch.Size([96, 144])	cuda:0	True
2026-04-12 16:34:42,180 - INFO - mamba_input_proj.bias	torch.Size([96])	cuda:0	True
2026-04-12 16:34:42,181 - INFO - weather_feature_proj.0.weight	torch.Size([128, 21])	cuda:0	True
2026-04-12 16:34:42,181 - INFO - weather_feature_proj.0.bias	torch.Size([128])	cuda:0	True
2026-04-12 16:34:42,181 - INFO - weather_feature_proj.3.weight	torch.Size([64, 128])	cuda:0	True
2026-04-12 16:34:42,181 - INFO - weather_feature_proj.3.bias	torch.Size([64])	cuda:0	True
2026-04-12 16:34:42,181 - INFO - weather_spatial_expand.weight	torch.Size([64, 64])	cuda:0	True
2026-04-12 16:34:42,181 - INFO - weather_spatial_expand.bias	torch.Size([64])	cuda:0	True
2026-04-12 16:34:42,181 - INFO - temporal_block.layer_norm.weight	torch.Size([96])	cuda:0	True
2026-04-12 16:34:42,181 - INFO - temporal_block.layer_norm.bias	torch.Size([96])	cuda:0	True
2026-04-12 16:34:42,181 - INFO - temporal_block.mamba_weather.A_log	torch.Size([192, 32])	cuda:0	True
2026-04-12 16:34:42,181 - INFO - temporal_block.mamba_weather.D	torch.Size([192])	cuda:0	True
2026-04-12 16:34:42,181 - INFO - temporal_block.mamba_weather.in_proj.weight	torch.Size([384, 96])	cuda:0	True
2026-04-12 16:34:42,181 - INFO - temporal_block.mamba_weather.conv1d.weight	torch.Size([192, 1, 4])	cuda:0	True
2026-04-12 16:34:42,181 - INFO - temporal_block.mamba_weather.conv1d.bias	torch.Size([192])	cuda:0	True
2026-04-12 16:34:42,181 - INFO - temporal_block.mamba_weather.x_proj.weight	torch.Size([70, 256])	cuda:0	True
2026-04-12 16:34:42,181 - INFO - temporal_block.mamba_weather.dt_proj.weight	torch.Size([192, 6])	cuda:0	True
2026-04-12 16:34:42,181 - INFO - temporal_block.mamba_weather.dt_proj.bias	torch.Size([192])	cuda:0	True
2026-04-12 16:34:42,181 - INFO - temporal_block.mamba_weather.out_proj.weight	torch.Size([96, 192])	cuda:0	True
2026-04-12 16:34:42,181 - INFO - temporal_block.mamba_weather.weather_proj.weight	torch.Size([64, 64])	cuda:0	True
2026-04-12 16:34:42,181 - INFO - temporal_block.mamba_weather.weather_proj.bias	torch.Size([64])	cuda:0	True
2026-04-12 16:34:42,181 - INFO - temporal_block.feed_forward.0.weight	torch.Size([384, 96])	cuda:0	True
2026-04-12 16:34:42,181 - INFO - temporal_block.feed_forward.0.bias	torch.Size([384])	cuda:0	True
2026-04-12 16:34:42,181 - INFO - temporal_block.feed_forward.3.weight	torch.Size([96, 384])	cuda:0	True
2026-04-12 16:34:42,182 - INFO - temporal_block.feed_forward.3.bias	torch.Size([96])	cuda:0	True
2026-04-12 16:34:42,182 - INFO - temporal_block.ff_norm.weight	torch.Size([96])	cuda:0	True
2026-04-12 16:34:42,182 - INFO - temporal_block.ff_norm.bias	torch.Size([96])	cuda:0	True
2026-04-12 16:34:42,182 - INFO - spatial_block.layer_norm.weight	torch.Size([96])	cuda:0	True
2026-04-12 16:34:42,182 - INFO - spatial_block.layer_norm.bias	torch.Size([96])	cuda:0	True
2026-04-12 16:34:42,182 - INFO - spatial_block.mamba_weather.A_log	torch.Size([192, 32])	cuda:0	True
2026-04-12 16:34:42,182 - INFO - spatial_block.mamba_weather.D	torch.Size([192])	cuda:0	True
2026-04-12 16:34:42,182 - INFO - spatial_block.mamba_weather.in_proj.weight	torch.Size([384, 96])	cuda:0	True
2026-04-12 16:34:42,182 - INFO - spatial_block.mamba_weather.conv1d.weight	torch.Size([192, 1, 4])	cuda:0	True
2026-04-12 16:34:42,182 - INFO - spatial_block.mamba_weather.conv1d.bias	torch.Size([192])	cuda:0	True
2026-04-12 16:34:42,182 - INFO - spatial_block.mamba_weather.x_proj.weight	torch.Size([70, 256])	cuda:0	True
2026-04-12 16:34:42,182 - INFO - spatial_block.mamba_weather.dt_proj.weight	torch.Size([192, 6])	cuda:0	True
2026-04-12 16:34:42,182 - INFO - spatial_block.mamba_weather.dt_proj.bias	torch.Size([192])	cuda:0	True
2026-04-12 16:34:42,182 - INFO - spatial_block.mamba_weather.out_proj.weight	torch.Size([96, 192])	cuda:0	True
2026-04-12 16:34:42,182 - INFO - spatial_block.mamba_weather.weather_proj.weight	torch.Size([64, 64])	cuda:0	True
2026-04-12 16:34:42,182 - INFO - spatial_block.mamba_weather.weather_proj.bias	torch.Size([64])	cuda:0	True
2026-04-12 16:34:42,182 - INFO - spatial_block.feed_forward.0.weight	torch.Size([384, 96])	cuda:0	True
2026-04-12 16:34:42,182 - INFO - spatial_block.feed_forward.0.bias	torch.Size([384])	cuda:0	True
2026-04-12 16:34:42,182 - INFO - spatial_block.feed_forward.3.weight	torch.Size([96, 384])	cuda:0	True
2026-04-12 16:34:42,182 - INFO - spatial_block.feed_forward.3.bias	torch.Size([96])	cuda:0	True
2026-04-12 16:34:42,182 - INFO - spatial_block.ff_norm.weight	torch.Size([96])	cuda:0	True
2026-04-12 16:34:42,182 - INFO - spatial_block.ff_norm.bias	torch.Size([96])	cuda:0	True
2026-04-12 16:34:42,182 - INFO - output_proj.weight	torch.Size([1, 96])	cuda:0	True
2026-04-12 16:34:42,182 - INFO - output_proj.bias	torch.Size([1])	cuda:0	True
2026-04-12 16:34:42,183 - INFO - final_layer_norm.weight	torch.Size([96])	cuda:0	True
2026-04-12 16:34:42,183 - INFO - final_layer_norm.bias	torch.Size([96])	cuda:0	True
2026-04-12 16:34:42,183 - INFO - Total parameter numbers: 559865
2026-04-12 16:34:42,183 - INFO - You select `adam` optimizer.
2026-04-12 16:34:42,183 - INFO - You select `cosineannealinglr` lr_scheduler.
2026-04-12 16:34:42,183 - WARNING - Received none train loss func and will use the loss func defined in the model.
2026-04-12 16:34:42,183 - INFO - Gradient accumulation steps: 2
2026-04-12 16:34:42,183 - INFO - FP16 mixed precision training: True
2026-04-12 16:34:42,183 - INFO - Using torch.cuda.amp.GradScaler for FP16 training
2026-04-12 16:34:42,183 - INFO - Enabled cuDNN benchmark mode
2026-04-12 16:34:42,183 - INFO - Enabled TF32 for faster training on Ampere GPUs
2026-04-12 16:34:42,183 - INFO - Executor 已初始化 GPU 数据预加载功能（PEMSD4 专用）
2026-04-12 16:34:42,184 - INFO - Start training ...
2026-04-12 16:34:42,184 - INFO - num_batches:188
2026-04-12 16:34:42,184 - INFO - 数据集较小，正在预加载 train 数据到 GPU 显存...
2026-04-12 16:34:48,192 - INFO -   已预加载 10 batches...
2026-04-12 16:34:54,090 - INFO -   已预加载 20 batches...
2026-04-12 16:35:00,050 - INFO -   已预加载 30 batches...
2026-04-12 16:35:06,223 - INFO -   已预加载 40 batches...
2026-04-12 16:35:12,174 - INFO -   已预加载 50 batches...
2026-04-12 16:35:18,113 - INFO -   已预加载 60 batches...
2026-04-12 16:35:24,113 - INFO -   已预加载 70 batches...
2026-04-12 16:35:30,057 - INFO -   已预加载 80 batches...
2026-04-12 16:35:35,924 - INFO -   已预加载 90 batches...
2026-04-12 16:35:41,822 - INFO -   已预加载 100 batches...
2026-04-12 16:35:47,766 - INFO -   已预加载 110 batches...
2026-04-12 16:35:53,741 - INFO -   已预加载 120 batches...
2026-04-12 16:35:59,666 - INFO -   已预加载 130 batches...
2026-04-12 16:36:05,558 - INFO -   已预加载 140 batches...
2026-04-12 16:36:11,476 - INFO -   已预加载 150 batches...
2026-04-12 16:36:17,547 - INFO -   已预加载 160 batches...
2026-04-12 16:36:23,509 - INFO -   已预加载 170 batches...
2026-04-12 16:36:29,465 - INFO -   已预加载 180 batches...
2026-04-12 16:36:34,217 - INFO - 预加载完成: 188 batches (112.03s)
2026-04-12 16:37:08,993 - INFO - epoch complete!
2026-04-12 16:37:08,993 - INFO - evaluating now!
2026-04-12 16:37:08,993 - INFO - 数据集较小，正在预加载 valid 数据到 GPU 显存...
2026-04-12 16:37:14,875 - INFO -   已预加载 10 batches...
2026-04-12 16:37:20,908 - INFO -   已预加载 20 batches...
2026-04-12 16:37:25,064 - INFO - 预加载完成: 27 batches (16.07s)
2026-04-12 16:37:25,810 - INFO - Epoch [0/300] train_loss: 6.1511, val_loss: 4.6901, lr: 0.000997, 163.63s
2026-04-12 16:37:25,828 - INFO - Saved model at 0
2026-04-12 16:37:25,828 - INFO - Val loss decrease from inf to 4.6901, saving to ./libcity/cache/W001/model_cache/MCSTWeather_METR_LA_epoch0.tar
2026-04-12 16:37:55,482 - INFO - epoch complete!
2026-04-12 16:37:55,483 - INFO - evaluating now!
2026-04-12 16:37:56,227 - INFO - Epoch [1/300] train_loss: 4.8223, val_loss: 4.6938, lr: 0.000989, 30.40s
2026-04-12 16:38:25,899 - INFO - epoch complete!
2026-04-12 16:38:25,900 - INFO - evaluating now!
2026-04-12 16:38:26,643 - INFO - Epoch [2/300] train_loss: 4.6688, val_loss: 4.3871, lr: 0.000976, 30.42s
2026-04-12 16:38:26,660 - INFO - Saved model at 2
2026-04-12 16:38:26,660 - INFO - Val loss decrease from 4.6901 to 4.3871, saving to ./libcity/cache/W001/model_cache/MCSTWeather_METR_LA_epoch2.tar
2026-04-12 16:38:56,326 - INFO - epoch complete!
2026-04-12 16:38:56,327 - INFO - evaluating now!
2026-04-12 16:38:57,065 - INFO - Epoch [3/300] train_loss: 4.6187, val_loss: 4.2669, lr: 0.000957, 30.40s
2026-04-12 16:38:57,082 - INFO - Saved model at 3
2026-04-12 16:38:57,082 - INFO - Val loss decrease from 4.3871 to 4.2669, saving to ./libcity/cache/W001/model_cache/MCSTWeather_METR_LA_epoch3.tar
2026-04-12 16:39:26,837 - INFO - epoch complete!
2026-04-12 16:39:26,837 - INFO - evaluating now!
2026-04-12 16:39:27,576 - INFO - Epoch [4/300] train_loss: 4.4630, val_loss: 4.2626, lr: 0.000933, 30.49s
2026-04-12 16:39:27,594 - INFO - Saved model at 4
2026-04-12 16:39:27,594 - INFO - Val loss decrease from 4.2669 to 4.2626, saving to ./libcity/cache/W001/model_cache/MCSTWeather_METR_LA_epoch4.tar
2026-04-12 16:39:57,418 - INFO - epoch complete!
2026-04-12 16:39:57,418 - INFO - evaluating now!
2026-04-12 16:39:58,166 - INFO - Epoch [5/300] train_loss: 4.3292, val_loss: 4.0243, lr: 0.000905, 30.57s
2026-04-12 16:39:58,183 - INFO - Saved model at 5
2026-04-12 16:39:58,183 - INFO - Val loss decrease from 4.2626 to 4.0243, saving to ./libcity/cache/W001/model_cache/MCSTWeather_METR_LA_epoch5.tar
2026-04-12 16:40:28,003 - INFO - epoch complete!
2026-04-12 16:40:28,003 - INFO - evaluating now!
2026-04-12 16:40:28,737 - INFO - Epoch [6/300] train_loss: 4.3047, val_loss: 3.9371, lr: 0.000872, 30.55s
2026-04-12 16:40:28,754 - INFO - Saved model at 6
2026-04-12 16:40:28,754 - INFO - Val loss decrease from 4.0243 to 3.9371, saving to ./libcity/cache/W001/model_cache/MCSTWeather_METR_LA_epoch6.tar
2026-04-12 16:40:58,376 - INFO - epoch complete!
2026-04-12 16:40:58,376 - INFO - evaluating now!
2026-04-12 16:40:59,114 - INFO - Epoch [7/300] train_loss: 4.1527, val_loss: 4.0463, lr: 0.000835, 30.36s
2026-04-12 16:41:28,752 - INFO - epoch complete!
2026-04-12 16:41:28,752 - INFO - evaluating now!
2026-04-12 16:41:29,483 - INFO - Epoch [8/300] train_loss: 4.0320, val_loss: 3.8139, lr: 0.000794, 30.37s
2026-04-12 16:41:29,499 - INFO - Saved model at 8
2026-04-12 16:41:29,499 - INFO - Val loss decrease from 3.9371 to 3.8139, saving to ./libcity/cache/W001/model_cache/MCSTWeather_METR_LA_epoch8.tar
2026-04-12 16:41:59,124 - INFO - epoch complete!
2026-04-12 16:41:59,124 - INFO - evaluating now!
2026-04-12 16:41:59,853 - INFO - Epoch [9/300] train_loss: 3.9457, val_loss: 3.7295, lr: 0.000750, 30.35s
2026-04-12 16:41:59,870 - INFO - Saved model at 9
2026-04-12 16:41:59,870 - INFO - Val loss decrease from 3.8139 to 3.7295, saving to ./libcity/cache/W001/model_cache/MCSTWeather_METR_LA_epoch9.tar
2026-04-12 16:42:29,676 - INFO - epoch complete!
2026-04-12 16:42:29,677 - INFO - evaluating now!
2026-04-12 16:42:30,430 - INFO - Epoch [10/300] train_loss: 3.8274, val_loss: 3.6016, lr: 0.000703, 30.56s
2026-04-12 16:42:30,448 - INFO - Saved model at 10
2026-04-12 16:42:30,448 - INFO - Val loss decrease from 3.7295 to 3.6016, saving to ./libcity/cache/W001/model_cache/MCSTWeather_METR_LA_epoch10.tar
2026-04-12 16:43:00,148 - INFO - epoch complete!
2026-04-12 16:43:00,148 - INFO - evaluating now!
2026-04-12 16:43:00,888 - INFO - Epoch [11/300] train_loss: 3.7779, val_loss: 3.5928, lr: 0.000655, 30.44s
2026-04-12 16:43:00,904 - INFO - Saved model at 11
2026-04-12 16:43:00,904 - INFO - Val loss decrease from 3.6016 to 3.5928, saving to ./libcity/cache/W001/model_cache/MCSTWeather_METR_LA_epoch11.tar
2026-04-12 16:43:30,536 - INFO - epoch complete!
2026-04-12 16:43:30,536 - INFO - evaluating now!
2026-04-12 16:43:31,278 - INFO - Epoch [12/300] train_loss: 3.7134, val_loss: 3.5613, lr: 0.000604, 30.37s
2026-04-12 16:43:31,294 - INFO - Saved model at 12
2026-04-12 16:43:31,294 - INFO - Val loss decrease from 3.5928 to 3.5613, saving to ./libcity/cache/W001/model_cache/MCSTWeather_METR_LA_epoch12.tar
2026-04-12 16:44:00,901 - INFO - epoch complete!
2026-04-12 16:44:00,901 - INFO - evaluating now!
2026-04-12 16:44:01,635 - INFO - Epoch [13/300] train_loss: 3.6641, val_loss: 3.4887, lr: 0.000552, 30.34s
2026-04-12 16:44:01,651 - INFO - Saved model at 13
2026-04-12 16:44:01,651 - INFO - Val loss decrease from 3.5613 to 3.4887, saving to ./libcity/cache/W001/model_cache/MCSTWeather_METR_LA_epoch13.tar
2026-04-12 16:44:31,476 - INFO - epoch complete!
2026-04-12 16:44:31,477 - INFO - evaluating now!
2026-04-12 16:44:32,228 - INFO - Epoch [14/300] train_loss: 3.6293, val_loss: 3.4896, lr: 0.000500, 30.58s
2026-04-12 16:45:02,098 - INFO - epoch complete!
2026-04-12 16:45:02,099 - INFO - evaluating now!
2026-04-12 16:45:02,845 - INFO - Epoch [15/300] train_loss: 3.5926, val_loss: 3.5600, lr: 0.000448, 30.62s
2026-04-12 16:45:32,654 - INFO - epoch complete!
2026-04-12 16:45:32,655 - INFO - evaluating now!
2026-04-12 16:45:33,394 - INFO - Epoch [16/300] train_loss: 3.5634, val_loss: 3.4530, lr: 0.000396, 30.55s
2026-04-12 16:45:33,410 - INFO - Saved model at 16
2026-04-12 16:45:33,411 - INFO - Val loss decrease from 3.4887 to 3.4530, saving to ./libcity/cache/W001/model_cache/MCSTWeather_METR_LA_epoch16.tar
2026-04-12 16:46:03,050 - INFO - epoch complete!
2026-04-12 16:46:03,050 - INFO - evaluating now!
2026-04-12 16:46:03,787 - INFO - Epoch [17/300] train_loss: 3.5428, val_loss: 3.4266, lr: 0.000345, 30.38s
2026-04-12 16:46:03,803 - INFO - Saved model at 17
2026-04-12 16:46:03,803 - INFO - Val loss decrease from 3.4530 to 3.4266, saving to ./libcity/cache/W001/model_cache/MCSTWeather_METR_LA_epoch17.tar
2026-04-12 16:46:33,444 - INFO - epoch complete!
2026-04-12 16:46:33,445 - INFO - evaluating now!
2026-04-12 16:46:34,181 - INFO - Epoch [18/300] train_loss: 3.5194, val_loss: 3.4181, lr: 0.000297, 30.38s
2026-04-12 16:46:34,197 - INFO - Saved model at 18
2026-04-12 16:46:34,197 - INFO - Val loss decrease from 3.4266 to 3.4181, saving to ./libcity/cache/W001/model_cache/MCSTWeather_METR_LA_epoch18.tar
2026-04-12 16:47:03,836 - INFO - epoch complete!
2026-04-12 16:47:03,836 - INFO - evaluating now!
2026-04-12 16:47:04,566 - INFO - Epoch [19/300] train_loss: 3.5012, val_loss: 3.4195, lr: 0.000250, 30.37s
2026-04-12 16:47:34,220 - INFO - epoch complete!
2026-04-12 16:47:34,220 - INFO - evaluating now!
2026-04-12 16:47:34,952 - INFO - Epoch [20/300] train_loss: 3.4840, val_loss: 3.4050, lr: 0.000206, 30.38s
2026-04-12 16:47:34,968 - INFO - Saved model at 20
2026-04-12 16:47:34,968 - INFO - Val loss decrease from 3.4181 to 3.4050, saving to ./libcity/cache/W001/model_cache/MCSTWeather_METR_LA_epoch20.tar
2026-04-12 16:48:04,632 - INFO - epoch complete!
2026-04-12 16:48:04,633 - INFO - evaluating now!
2026-04-12 16:48:05,377 - INFO - Epoch [21/300] train_loss: 3.4714, val_loss: 3.4021, lr: 0.000165, 30.41s
2026-04-12 16:48:05,395 - INFO - Saved model at 21
2026-04-12 16:48:05,396 - INFO - Val loss decrease from 3.4050 to 3.4021, saving to ./libcity/cache/W001/model_cache/MCSTWeather_METR_LA_epoch21.tar
2026-04-12 16:48:35,059 - INFO - epoch complete!
2026-04-12 16:48:35,059 - INFO - evaluating now!
2026-04-12 16:48:35,796 - INFO - Epoch [22/300] train_loss: 3.4593, val_loss: 3.3936, lr: 0.000128, 30.40s
2026-04-12 16:48:35,812 - INFO - Saved model at 22
2026-04-12 16:48:35,812 - INFO - Val loss decrease from 3.4021 to 3.3936, saving to ./libcity/cache/W001/model_cache/MCSTWeather_METR_LA_epoch22.tar
2026-04-12 16:49:05,415 - INFO - epoch complete!
2026-04-12 16:49:05,415 - INFO - evaluating now!
2026-04-12 16:49:06,142 - INFO - Epoch [23/300] train_loss: 3.4496, val_loss: 3.3922, lr: 0.000095, 30.33s
2026-04-12 16:49:06,158 - INFO - Saved model at 23
2026-04-12 16:49:06,158 - INFO - Val loss decrease from 3.3936 to 3.3922, saving to ./libcity/cache/W001/model_cache/MCSTWeather_METR_LA_epoch23.tar
2026-04-12 16:49:35,768 - INFO - epoch complete!
2026-04-12 16:49:35,769 - INFO - evaluating now!
2026-04-12 16:49:36,506 - INFO - Epoch [24/300] train_loss: 3.4425, val_loss: 3.3970, lr: 0.000067, 30.35s
2026-04-12 16:50:06,140 - INFO - epoch complete!
2026-04-12 16:50:06,140 - INFO - evaluating now!
2026-04-12 16:50:06,875 - INFO - Epoch [25/300] train_loss: 3.4364, val_loss: 3.3911, lr: 0.000043, 30.37s
2026-04-12 16:50:06,891 - INFO - Saved model at 25
2026-04-12 16:50:06,891 - INFO - Val loss decrease from 3.3922 to 3.3911, saving to ./libcity/cache/W001/model_cache/MCSTWeather_METR_LA_epoch25.tar
2026-04-12 16:50:36,554 - INFO - epoch complete!
2026-04-12 16:50:36,554 - INFO - evaluating now!
2026-04-12 16:50:37,296 - INFO - Epoch [26/300] train_loss: 3.4314, val_loss: 3.3893, lr: 0.000024, 30.40s
2026-04-12 16:50:37,316 - INFO - Saved model at 26
2026-04-12 16:50:37,316 - INFO - Val loss decrease from 3.3911 to 3.3893, saving to ./libcity/cache/W001/model_cache/MCSTWeather_METR_LA_epoch26.tar
2026-04-12 16:51:07,048 - INFO - epoch complete!
2026-04-12 16:51:07,048 - INFO - evaluating now!
2026-04-12 16:51:07,783 - INFO - Epoch [27/300] train_loss: 3.4279, val_loss: 3.3856, lr: 0.000011, 30.47s
2026-04-12 16:51:07,799 - INFO - Saved model at 27
2026-04-12 16:51:07,799 - INFO - Val loss decrease from 3.3893 to 3.3856, saving to ./libcity/cache/W001/model_cache/MCSTWeather_METR_LA_epoch27.tar
2026-04-12 16:51:37,424 - INFO - epoch complete!
2026-04-12 16:51:37,424 - INFO - evaluating now!
2026-04-12 16:51:38,152 - INFO - Epoch [28/300] train_loss: 3.4257, val_loss: 3.3853, lr: 0.000003, 30.35s
2026-04-12 16:51:38,168 - INFO - Saved model at 28
2026-04-12 16:51:38,168 - INFO - Val loss decrease from 3.3856 to 3.3853, saving to ./libcity/cache/W001/model_cache/MCSTWeather_METR_LA_epoch28.tar
2026-04-12 16:52:07,835 - INFO - epoch complete!
2026-04-12 16:52:07,836 - INFO - evaluating now!
2026-04-12 16:52:08,587 - INFO - Epoch [29/300] train_loss: 3.4241, val_loss: 3.3852, lr: 0.000000, 30.42s
2026-04-12 16:52:08,604 - INFO - Saved model at 29
2026-04-12 16:52:08,604 - INFO - Val loss decrease from 3.3853 to 3.3852, saving to ./libcity/cache/W001/model_cache/MCSTWeather_METR_LA_epoch29.tar
2026-04-12 16:52:38,439 - INFO - epoch complete!
2026-04-12 16:52:38,439 - INFO - evaluating now!
2026-04-12 16:52:39,172 - INFO - Epoch [30/300] train_loss: 3.4238, val_loss: 3.3852, lr: 0.000003, 30.57s
2026-04-12 16:53:08,821 - INFO - epoch complete!
2026-04-12 16:53:08,821 - INFO - evaluating now!
2026-04-12 16:53:09,557 - INFO - Epoch [31/300] train_loss: 3.4240, val_loss: 3.3850, lr: 0.000011, 30.38s
2026-04-12 16:53:09,575 - INFO - Saved model at 31
2026-04-12 16:53:09,575 - INFO - Val loss decrease from 3.3852 to 3.3850, saving to ./libcity/cache/W001/model_cache/MCSTWeather_METR_LA_epoch31.tar
2026-04-12 16:53:39,214 - INFO - epoch complete!
2026-04-12 16:53:39,214 - INFO - evaluating now!
2026-04-12 16:53:39,956 - INFO - Epoch [32/300] train_loss: 3.4247, val_loss: 3.3850, lr: 0.000024, 30.38s
2026-04-12 16:53:39,973 - INFO - Saved model at 32
2026-04-12 16:53:39,973 - INFO - Val loss decrease from 3.3850 to 3.3850, saving to ./libcity/cache/W001/model_cache/MCSTWeather_METR_LA_epoch32.tar
2026-04-12 16:54:09,619 - INFO - epoch complete!
2026-04-12 16:54:09,619 - INFO - evaluating now!
2026-04-12 16:54:10,355 - INFO - Epoch [33/300] train_loss: 3.4250, val_loss: 3.3841, lr: 0.000043, 30.38s
2026-04-12 16:54:10,371 - INFO - Saved model at 33
2026-04-12 16:54:10,371 - INFO - Val loss decrease from 3.3850 to 3.3841, saving to ./libcity/cache/W001/model_cache/MCSTWeather_METR_LA_epoch33.tar
2026-04-12 16:54:40,035 - INFO - epoch complete!
2026-04-12 16:54:40,035 - INFO - evaluating now!
2026-04-12 16:54:40,762 - INFO - Epoch [34/300] train_loss: 3.4253, val_loss: 3.3894, lr: 0.000067, 30.39s
2026-04-12 16:55:10,394 - INFO - epoch complete!
2026-04-12 16:55:10,394 - INFO - evaluating now!
2026-04-12 16:55:11,130 - INFO - Epoch [35/300] train_loss: 3.4256, val_loss: 3.3899, lr: 0.000095, 30.37s
2026-04-12 16:55:40,770 - INFO - epoch complete!
2026-04-12 16:55:40,770 - INFO - evaluating now!
2026-04-12 16:55:41,500 - INFO - Epoch [36/300] train_loss: 3.4246, val_loss: 3.3939, lr: 0.000128, 30.37s
2026-04-12 16:56:11,224 - INFO - epoch complete!
2026-04-12 16:56:11,225 - INFO - evaluating now!
2026-04-12 16:56:11,966 - INFO - Epoch [37/300] train_loss: 3.4225, val_loss: 3.3903, lr: 0.000165, 30.47s
2026-04-12 16:56:41,794 - INFO - epoch complete!
2026-04-12 16:56:41,794 - INFO - evaluating now!
2026-04-12 16:56:42,540 - INFO - Epoch [38/300] train_loss: 3.4205, val_loss: 3.3983, lr: 0.000206, 30.57s
2026-04-12 16:57:12,372 - INFO - epoch complete!
2026-04-12 16:57:12,372 - INFO - evaluating now!
2026-04-12 16:57:13,126 - INFO - Epoch [39/300] train_loss: 3.4207, val_loss: 3.3937, lr: 0.000250, 30.59s
2026-04-12 16:57:42,936 - INFO - epoch complete!
2026-04-12 16:57:42,936 - INFO - evaluating now!
2026-04-12 16:57:43,689 - INFO - Epoch [40/300] train_loss: 3.4143, val_loss: 3.3914, lr: 0.000297, 30.56s
2026-04-12 16:58:13,536 - INFO - epoch complete!
2026-04-12 16:58:13,537 - INFO - evaluating now!
2026-04-12 16:58:14,298 - INFO - Epoch [41/300] train_loss: 3.4149, val_loss: 3.4103, lr: 0.000345, 30.61s
2026-04-12 16:58:44,161 - INFO - epoch complete!
2026-04-12 16:58:44,161 - INFO - evaluating now!
2026-04-12 16:58:44,912 - INFO - Epoch [42/300] train_loss: 3.4150, val_loss: 3.3966, lr: 0.000396, 30.61s
2026-04-12 16:59:14,748 - INFO - epoch complete!
2026-04-12 16:59:14,748 - INFO - evaluating now!
2026-04-12 16:59:15,508 - INFO - Epoch [43/300] train_loss: 3.4125, val_loss: 3.4000, lr: 0.000448, 30.60s
2026-04-12 16:59:45,406 - INFO - epoch complete!
2026-04-12 16:59:45,406 - INFO - evaluating now!
2026-04-12 16:59:46,171 - INFO - Epoch [44/300] train_loss: 3.4036, val_loss: 3.4040, lr: 0.000500, 30.66s
2026-04-12 17:00:16,031 - INFO - epoch complete!
2026-04-12 17:00:16,032 - INFO - evaluating now!
2026-04-12 17:00:16,777 - INFO - Epoch [45/300] train_loss: 3.4065, val_loss: 3.3995, lr: 0.000552, 30.61s
2026-04-12 17:00:46,626 - INFO - epoch complete!
2026-04-12 17:00:46,626 - INFO - evaluating now!
2026-04-12 17:00:47,364 - INFO - Epoch [46/300] train_loss: 3.4130, val_loss: 3.4013, lr: 0.000604, 30.59s
2026-04-12 17:01:17,210 - INFO - epoch complete!
2026-04-12 17:01:17,211 - INFO - evaluating now!
2026-04-12 17:01:17,960 - INFO - Epoch [47/300] train_loss: 3.4023, val_loss: 3.3966, lr: 0.000655, 30.60s
2026-04-12 17:01:47,812 - INFO - epoch complete!
2026-04-12 17:01:47,812 - INFO - evaluating now!
2026-04-12 17:01:48,581 - INFO - Epoch [48/300] train_loss: 3.3940, val_loss: 3.4226, lr: 0.000703, 30.62s
2026-04-12 17:02:18,445 - INFO - epoch complete!
2026-04-12 17:02:18,445 - INFO - evaluating now!
2026-04-12 17:02:19,204 - INFO - Epoch [49/300] train_loss: 3.4164, val_loss: 3.3939, lr: 0.000750, 30.62s
2026-04-12 17:02:49,046 - INFO - epoch complete!
2026-04-12 17:02:49,047 - INFO - evaluating now!
2026-04-12 17:02:49,796 - INFO - Epoch [50/300] train_loss: 3.4202, val_loss: 3.3998, lr: 0.000794, 30.59s
2026-04-12 17:03:19,615 - INFO - epoch complete!
2026-04-12 17:03:19,616 - INFO - evaluating now!
2026-04-12 17:03:20,352 - INFO - Epoch [51/300] train_loss: 3.4105, val_loss: 3.4707, lr: 0.000835, 30.56s
2026-04-12 17:03:50,174 - INFO - epoch complete!
2026-04-12 17:03:50,174 - INFO - evaluating now!
2026-04-12 17:03:50,921 - INFO - Epoch [52/300] train_loss: 3.4048, val_loss: 3.3907, lr: 0.000872, 30.57s
2026-04-12 17:04:20,767 - INFO - epoch complete!
2026-04-12 17:04:20,767 - INFO - evaluating now!
2026-04-12 17:04:21,520 - INFO - Epoch [53/300] train_loss: 3.3838, val_loss: 3.3872, lr: 0.000905, 30.60s
2026-04-12 17:04:51,403 - INFO - epoch complete!
2026-04-12 17:04:51,403 - INFO - evaluating now!
2026-04-12 17:04:52,153 - INFO - Epoch [54/300] train_loss: 3.3928, val_loss: 3.4348, lr: 0.000933, 30.63s
2026-04-12 17:05:21,987 - INFO - epoch complete!
2026-04-12 17:05:21,987 - INFO - evaluating now!
2026-04-12 17:05:22,731 - INFO - Epoch [55/300] train_loss: 3.3843, val_loss: 3.3943, lr: 0.000957, 30.58s
2026-04-12 17:05:52,558 - INFO - epoch complete!
2026-04-12 17:05:52,559 - INFO - evaluating now!
2026-04-12 17:05:53,300 - INFO - Epoch [56/300] train_loss: 3.3800, val_loss: 3.4032, lr: 0.000976, 30.57s
2026-04-12 17:06:23,116 - INFO - epoch complete!
2026-04-12 17:06:23,117 - INFO - evaluating now!
2026-04-12 17:06:23,861 - INFO - Epoch [57/300] train_loss: 3.3665, val_loss: 3.4184, lr: 0.000989, 30.56s
2026-04-12 17:06:53,628 - INFO - epoch complete!
2026-04-12 17:06:53,628 - INFO - evaluating now!
2026-04-12 17:06:54,360 - INFO - Epoch [58/300] train_loss: 3.3773, val_loss: 3.3701, lr: 0.000997, 30.50s
2026-04-12 17:06:54,382 - INFO - Saved model at 58
2026-04-12 17:06:54,382 - INFO - Val loss decrease from 3.3841 to 3.3701, saving to ./libcity/cache/W001/model_cache/MCSTWeather_METR_LA_epoch58.tar
2026-04-12 17:07:23,996 - INFO - epoch complete!
2026-04-12 17:07:23,997 - INFO - evaluating now!
2026-04-12 17:07:24,729 - INFO - Epoch [59/300] train_loss: 3.3459, val_loss: 3.3681, lr: 0.001000, 30.35s
2026-04-12 17:07:24,754 - INFO - Saved model at 59
2026-04-12 17:07:24,755 - INFO - Val loss decrease from 3.3701 to 3.3681, saving to ./libcity/cache/W001/model_cache/MCSTWeather_METR_LA_epoch59.tar
2026-04-12 17:07:54,389 - INFO - epoch complete!
2026-04-12 17:07:54,389 - INFO - evaluating now!
2026-04-12 17:07:55,122 - INFO - Epoch [60/300] train_loss: 3.3327, val_loss: 3.3904, lr: 0.000997, 30.37s
2026-04-12 17:08:24,749 - INFO - epoch complete!
2026-04-12 17:08:24,750 - INFO - evaluating now!
2026-04-12 17:08:25,481 - INFO - Epoch [61/300] train_loss: 3.3541, val_loss: 3.3849, lr: 0.000989, 30.36s
2026-04-12 17:08:55,105 - INFO - epoch complete!
2026-04-12 17:08:55,106 - INFO - evaluating now!
2026-04-12 17:08:55,840 - INFO - Epoch [62/300] train_loss: 3.3186, val_loss: 3.3719, lr: 0.000976, 30.36s
2026-04-12 17:09:25,459 - INFO - epoch complete!
2026-04-12 17:09:25,460 - INFO - evaluating now!
2026-04-12 17:09:26,190 - INFO - Epoch [63/300] train_loss: 3.3029, val_loss: 3.3710, lr: 0.000957, 30.35s
2026-04-12 17:09:55,811 - INFO - epoch complete!
2026-04-12 17:09:55,811 - INFO - evaluating now!
2026-04-12 17:09:56,549 - INFO - Epoch [64/300] train_loss: 3.2840, val_loss: 3.3376, lr: 0.000933, 30.36s
2026-04-12 17:09:56,566 - INFO - Saved model at 64
2026-04-12 17:09:56,566 - INFO - Val loss decrease from 3.3681 to 3.3376, saving to ./libcity/cache/W001/model_cache/MCSTWeather_METR_LA_epoch64.tar
2026-04-12 17:10:26,178 - INFO - epoch complete!
2026-04-12 17:10:26,178 - INFO - evaluating now!
2026-04-12 17:10:26,914 - INFO - Epoch [65/300] train_loss: 3.3152, val_loss: 3.3617, lr: 0.000905, 30.35s
2026-04-12 17:10:56,521 - INFO - epoch complete!
2026-04-12 17:10:56,521 - INFO - evaluating now!
2026-04-12 17:10:57,252 - INFO - Epoch [66/300] train_loss: 3.2910, val_loss: 3.3648, lr: 0.000872, 30.34s
2026-04-12 17:11:26,866 - INFO - epoch complete!
2026-04-12 17:11:26,866 - INFO - evaluating now!
2026-04-12 17:11:27,601 - INFO - Epoch [67/300] train_loss: 3.3041, val_loss: 3.3626, lr: 0.000835, 30.35s
2026-04-12 17:11:57,226 - INFO - epoch complete!
2026-04-12 17:11:57,226 - INFO - evaluating now!
2026-04-12 17:11:57,959 - INFO - Epoch [68/300] train_loss: 3.2708, val_loss: 3.3721, lr: 0.000794, 30.36s
2026-04-12 17:12:27,563 - INFO - epoch complete!
2026-04-12 17:12:27,563 - INFO - evaluating now!
2026-04-12 17:12:28,295 - INFO - Epoch [69/300] train_loss: 3.2575, val_loss: 3.3399, lr: 0.000750, 30.34s
2026-04-12 17:12:57,904 - INFO - epoch complete!
2026-04-12 17:12:57,904 - INFO - evaluating now!
2026-04-12 17:12:58,634 - INFO - Epoch [70/300] train_loss: 3.2401, val_loss: 3.3626, lr: 0.000703, 30.34s
2026-04-12 17:13:28,241 - INFO - epoch complete!
2026-04-12 17:13:28,241 - INFO - evaluating now!
2026-04-12 17:13:28,978 - INFO - Epoch [71/300] train_loss: 3.2323, val_loss: 3.3311, lr: 0.000655, 30.34s
2026-04-12 17:13:28,995 - INFO - Saved model at 71
2026-04-12 17:13:28,995 - INFO - Val loss decrease from 3.3376 to 3.3311, saving to ./libcity/cache/W001/model_cache/MCSTWeather_METR_LA_epoch71.tar
2026-04-12 17:13:58,606 - INFO - epoch complete!
2026-04-12 17:13:58,606 - INFO - evaluating now!
2026-04-12 17:13:59,336 - INFO - Epoch [72/300] train_loss: 3.2111, val_loss: 3.3284, lr: 0.000604, 30.34s
2026-04-12 17:13:59,351 - INFO - Saved model at 72
2026-04-12 17:13:59,352 - INFO - Val loss decrease from 3.3311 to 3.3284, saving to ./libcity/cache/W001/model_cache/MCSTWeather_METR_LA_epoch72.tar
