2026-04-12 01:12:52,118 - INFO - Log directory: ./libcity/log
2026-04-12 01:12:52,118 - INFO - Begin pipeline, task=traffic_state_pred, model_name=MCSTWeather, dataset_name=METR_LA, exp_id=W001, epoch=0
2026-04-12 01:12:52,118 - INFO - {'task': 'traffic_state_pred', 'model': 'MCSTWeather', 'dataset': 'METR_LA', 'saved_model': True, 'train': True, 'exp_id': 'W001', 'seed': 0, 'dataset_class': 'TrafficStatePointDataset', 'executor': 'TrafficStateExecutorOptimized', 'evaluator': 'TrafficStateEvaluator', 'input_window': 12, 'output_window': 12, 'input_embedding_dim': 24, 'tod_embedding_dim': 24, 'dow_embedding_dim': 24, 'spatial_embedding_dim': 16, 'adaptive_embedding_dim': 80, 'd_model': 96, 'd_state': 32, 'd_conv': 4, 'expand': 2, 'dropout': 0.1, 'weather_embed_dim': 64, 'use_weather': True, 'weather_file': None, 'add_time_in_day': True, 'add_day_in_week': False, 'steps_per_day': 288, 'max_epoch': 100, 'batch_size': 16, 'learning_rate': 0.001, 'optimizer': 'adam', 'lr_scheduler': 'multisteplr', 'lr_decay_ratio': 0.1, 'steps': [30, 50, 70], 'patience': 50, 'use_early_stop': False, 'scaler': 'standard', 'load_external': True, 'normal_external': False, 'ext_scaler': 'none', 'cache_dataset': True, 'num_workers': 0, 'pad_with_last_sample': True, 'train_rate': 0.7, 'eval_rate': 0.1, 'robustness_test': False, 'noise_type': 'gaussian', 'disturb_rate': 0.5, 'noise_mean': [5], 'noise_SD': [10], 'gpu': True, 'gpu_id': 0, 'train_loss': 'none', 'epoch': 0, 'learner': 'adam', 'weight_decay': 0.0001, 'lr_epsilon': 1e-08, 'lr_beta1': 0.9, 'lr_beta2': 0.999, 'lr_alpha': 0.99, 'lr_momentum': 0, 'lr_decay': True, 'step_size': 10, 'lr_T_max': 30, 'lr_eta_min': 0, 'lr_patience': 5, 'lr_threshold': 0.0001, 'clip_grad_norm': True, 'max_grad_norm': 5.0, 'log_level': 'INFO', 'log_every': 1, 'load_best_epoch': True, 'hyper_tune': False, 'fp16': True, 'gradient_accumulation_steps': 2, 'metrics': ['MAE', 'MAPE', 'MSE', 'RMSE', 'masked_MAE', 'masked_MAPE', 'masked_MSE', 'masked_RMSE', 'R2', 'EVAR'], 'evaluator_mode': 'single', 'save_mode': ['csv'], 'geo': {'including_types': ['Point'], 'Point': {}}, 'rel': {'including_types': ['geo'], 'geo': {'cost': 'num'}}, 'dyna': {'including_types': ['state'], 'state': {'entity_id': 'geo_id', 'traffic_speed': 'num'}}, 'data_col': ['traffic_speed'], 'weight_col': 'cost', 'data_files': ['METR_LA'], 'geo_file': 'METR_LA', 'rel_file': 'METR_LA', 'output_dim': 1, 'time_intervals': 300, 'init_weight_inf_or_zero': 'inf', 'set_weight_link_or_dist': 'dist', 'calculate_weight_adj': True, 'weight_adj_epsilon': 0.1, 'device': device(type='cuda', index=0)}
2026-04-12 01:12:52,434 - INFO - Loaded file METR_LA.geo, num_nodes=207
2026-04-12 01:12:52,440 - INFO - set_weight_link_or_dist: dist
2026-04-12 01:12:52,440 - INFO - init_weight_inf_or_zero: inf
2026-04-12 01:12:52,454 - INFO - Loaded file METR_LA.rel, shape=(207, 207)
2026-04-12 01:12:52,454 - INFO - Start Calculate the weight by Gauss kernel!
2026-04-12 01:12:52,455 - INFO - Loading ./libcity/cache/dataset_cache/point_based_METR_LA_12_12_0.7_0.1_standard_16_True_True_False_True.npz
2026-04-12 01:12:58,701 - INFO - train	x: (23974, 12, 207, 2), y: (23974, 12, 207, 2)
2026-04-12 01:12:58,701 - INFO - eval	x: (3425, 12, 207, 2), y: (3425, 12, 207, 2)
2026-04-12 01:12:58,701 - INFO - test	x: (6850, 12, 207, 2), y: (6850, 12, 207, 2)
2026-04-12 01:12:59,093 - INFO - StandardScaler mean: 54.40592829587626, std: 19.493739270573094
2026-04-12 01:12:59,093 - INFO - NoneScaler
2026-04-12 01:13:03,425 - INFO - Weather data loaded from ./raw_data/METR_LA/weather.csv
2026-04-12 01:13:03,426 - INFO - Weather features: ['temp_range', 'temp_avg', 'apparent_temp_diff', 'humidity_level', 'humidity_change', 'humidity_range', 'wind_gust_ratio', 'wind_avg', 'wind_speed', 'pressure_diff', 'pressure_change', 'pressure_level', 'has_precipitation', 'precipitation_level', 'wind_dir_sin', 'wind_dir_cos', 'weather_phenomena_count', 'has_severe_weather', 'hour', 'hour_sin', 'hour_cos']
2026-04-12 01:13:03,426 - INFO - Building MCSTWeather model with weather integration
2026-04-12 01:13:03,555 - INFO - MCSTWeather model initialized with weather_embed_dim=64
2026-04-12 01:13:03,918 - INFO - MCSTWeather(
  (input_proj): Linear(in_features=2, out_features=24, bias=True)
  (tod_embedding): Embedding(288, 24)
  (mamba_input_proj): Linear(in_features=144, out_features=96, bias=True)
  (weather_feature_proj): Sequential(
    (0): Linear(in_features=21, out_features=128, bias=True)
    (1): ReLU()
    (2): Dropout(p=0.1, inplace=False)
    (3): Linear(in_features=128, out_features=64, bias=True)
  )
  (weather_spatial_expand): Linear(in_features=64, out_features=64, bias=True)
  (temporal_block): SimpleMambaWeatherBlock(
    (layer_norm): LayerNorm((96,), eps=1e-05, elementwise_affine=True)
    (mamba_weather): MambaWeather(
      (in_proj): Linear(in_features=96, out_features=384, bias=False)
      (conv1d): Conv1d(192, 192, kernel_size=(4,), stride=(1,), padding=(3,), groups=192)
      (act): SiLU()
      (x_proj): Linear(in_features=256, out_features=70, bias=False)
      (dt_proj): Linear(in_features=6, out_features=192, bias=True)
      (out_proj): Linear(in_features=192, out_features=96, bias=False)
      (weather_proj): Linear(in_features=64, out_features=64, bias=True)
    )
    (dropout): Dropout(p=0.1, inplace=False)
    (feed_forward): Sequential(
      (0): Linear(in_features=96, out_features=384, bias=True)
      (1): GELU(approximate='none')
      (2): Dropout(p=0.1, inplace=False)
      (3): Linear(in_features=384, out_features=96, bias=True)
    )
    (ff_norm): LayerNorm((96,), eps=1e-05, elementwise_affine=True)
    (ff_dropout): Dropout(p=0.1, inplace=False)
  )
  (spatial_block): SimpleMambaWeatherBlock(
    (layer_norm): LayerNorm((96,), eps=1e-05, elementwise_affine=True)
    (mamba_weather): MambaWeather(
      (in_proj): Linear(in_features=96, out_features=384, bias=False)
      (conv1d): Conv1d(192, 192, kernel_size=(4,), stride=(1,), padding=(3,), groups=192)
      (act): SiLU()
      (x_proj): Linear(in_features=256, out_features=70, bias=False)
      (dt_proj): Linear(in_features=6, out_features=192, bias=True)
      (out_proj): Linear(in_features=192, out_features=96, bias=False)
      (weather_proj): Linear(in_features=64, out_features=64, bias=True)
    )
    (dropout): Dropout(p=0.1, inplace=False)
    (feed_forward): Sequential(
      (0): Linear(in_features=96, out_features=384, bias=True)
      (1): GELU(approximate='none')
      (2): Dropout(p=0.1, inplace=False)
      (3): Linear(in_features=384, out_features=96, bias=True)
    )
    (ff_norm): LayerNorm((96,), eps=1e-05, elementwise_affine=True)
    (ff_dropout): Dropout(p=0.1, inplace=False)
  )
  (output_proj): Linear(in_features=96, out_features=1, bias=True)
  (final_layer_norm): LayerNorm((96,), eps=1e-05, elementwise_affine=True)
)
2026-04-12 01:13:03,919 - INFO - spatial_embedding	torch.Size([207, 16])	cuda:0	True
2026-04-12 01:13:03,919 - INFO - adaptive_embedding	torch.Size([12, 207, 80])	cuda:0	True
2026-04-12 01:13:03,919 - INFO - combine_weights	torch.Size([2, 96])	cuda:0	True
2026-04-12 01:13:03,919 - INFO - input_proj.weight	torch.Size([24, 2])	cuda:0	True
2026-04-12 01:13:03,919 - INFO - input_proj.bias	torch.Size([24])	cuda:0	True
2026-04-12 01:13:03,919 - INFO - tod_embedding.weight	torch.Size([288, 24])	cuda:0	True
2026-04-12 01:13:03,919 - INFO - mamba_input_proj.weight	torch.Size([96, 144])	cuda:0	True
2026-04-12 01:13:03,919 - INFO - mamba_input_proj.bias	torch.Size([96])	cuda:0	True
2026-04-12 01:13:03,919 - INFO - weather_feature_proj.0.weight	torch.Size([128, 21])	cuda:0	True
2026-04-12 01:13:03,920 - INFO - weather_feature_proj.0.bias	torch.Size([128])	cuda:0	True
2026-04-12 01:13:03,920 - INFO - weather_feature_proj.3.weight	torch.Size([64, 128])	cuda:0	True
2026-04-12 01:13:03,920 - INFO - weather_feature_proj.3.bias	torch.Size([64])	cuda:0	True
2026-04-12 01:13:03,920 - INFO - weather_spatial_expand.weight	torch.Size([64, 64])	cuda:0	True
2026-04-12 01:13:03,920 - INFO - weather_spatial_expand.bias	torch.Size([64])	cuda:0	True
2026-04-12 01:13:03,920 - INFO - temporal_block.layer_norm.weight	torch.Size([96])	cuda:0	True
2026-04-12 01:13:03,920 - INFO - temporal_block.layer_norm.bias	torch.Size([96])	cuda:0	True
2026-04-12 01:13:03,920 - INFO - temporal_block.mamba_weather.A_log	torch.Size([192, 32])	cuda:0	True
2026-04-12 01:13:03,920 - INFO - temporal_block.mamba_weather.D	torch.Size([192])	cuda:0	True
2026-04-12 01:13:03,920 - INFO - temporal_block.mamba_weather.in_proj.weight	torch.Size([384, 96])	cuda:0	True
2026-04-12 01:13:03,920 - INFO - temporal_block.mamba_weather.conv1d.weight	torch.Size([192, 1, 4])	cuda:0	True
2026-04-12 01:13:03,920 - INFO - temporal_block.mamba_weather.conv1d.bias	torch.Size([192])	cuda:0	True
2026-04-12 01:13:03,920 - INFO - temporal_block.mamba_weather.x_proj.weight	torch.Size([70, 256])	cuda:0	True
2026-04-12 01:13:03,920 - INFO - temporal_block.mamba_weather.dt_proj.weight	torch.Size([192, 6])	cuda:0	True
2026-04-12 01:13:03,920 - INFO - temporal_block.mamba_weather.dt_proj.bias	torch.Size([192])	cuda:0	True
2026-04-12 01:13:03,920 - INFO - temporal_block.mamba_weather.out_proj.weight	torch.Size([96, 192])	cuda:0	True
2026-04-12 01:13:03,920 - INFO - temporal_block.mamba_weather.weather_proj.weight	torch.Size([64, 64])	cuda:0	True
2026-04-12 01:13:03,920 - INFO - temporal_block.mamba_weather.weather_proj.bias	torch.Size([64])	cuda:0	True
2026-04-12 01:13:03,920 - INFO - temporal_block.feed_forward.0.weight	torch.Size([384, 96])	cuda:0	True
2026-04-12 01:13:03,920 - INFO - temporal_block.feed_forward.0.bias	torch.Size([384])	cuda:0	True
2026-04-12 01:13:03,920 - INFO - temporal_block.feed_forward.3.weight	torch.Size([96, 384])	cuda:0	True
2026-04-12 01:13:03,920 - INFO - temporal_block.feed_forward.3.bias	torch.Size([96])	cuda:0	True
2026-04-12 01:13:03,920 - INFO - temporal_block.ff_norm.weight	torch.Size([96])	cuda:0	True
2026-04-12 01:13:03,920 - INFO - temporal_block.ff_norm.bias	torch.Size([96])	cuda:0	True
2026-04-12 01:13:03,920 - INFO - spatial_block.layer_norm.weight	torch.Size([96])	cuda:0	True
2026-04-12 01:13:03,921 - INFO - spatial_block.layer_norm.bias	torch.Size([96])	cuda:0	True
2026-04-12 01:13:03,921 - INFO - spatial_block.mamba_weather.A_log	torch.Size([192, 32])	cuda:0	True
2026-04-12 01:13:03,921 - INFO - spatial_block.mamba_weather.D	torch.Size([192])	cuda:0	True
2026-04-12 01:13:03,921 - INFO - spatial_block.mamba_weather.in_proj.weight	torch.Size([384, 96])	cuda:0	True
2026-04-12 01:13:03,921 - INFO - spatial_block.mamba_weather.conv1d.weight	torch.Size([192, 1, 4])	cuda:0	True
2026-04-12 01:13:03,921 - INFO - spatial_block.mamba_weather.conv1d.bias	torch.Size([192])	cuda:0	True
2026-04-12 01:13:03,921 - INFO - spatial_block.mamba_weather.x_proj.weight	torch.Size([70, 256])	cuda:0	True
2026-04-12 01:13:03,921 - INFO - spatial_block.mamba_weather.dt_proj.weight	torch.Size([192, 6])	cuda:0	True
2026-04-12 01:13:03,921 - INFO - spatial_block.mamba_weather.dt_proj.bias	torch.Size([192])	cuda:0	True
2026-04-12 01:13:03,921 - INFO - spatial_block.mamba_weather.out_proj.weight	torch.Size([96, 192])	cuda:0	True
2026-04-12 01:13:03,921 - INFO - spatial_block.mamba_weather.weather_proj.weight	torch.Size([64, 64])	cuda:0	True
2026-04-12 01:13:03,921 - INFO - spatial_block.mamba_weather.weather_proj.bias	torch.Size([64])	cuda:0	True
2026-04-12 01:13:03,921 - INFO - spatial_block.feed_forward.0.weight	torch.Size([384, 96])	cuda:0	True
2026-04-12 01:13:03,921 - INFO - spatial_block.feed_forward.0.bias	torch.Size([384])	cuda:0	True
2026-04-12 01:13:03,921 - INFO - spatial_block.feed_forward.3.weight	torch.Size([96, 384])	cuda:0	True
2026-04-12 01:13:03,921 - INFO - spatial_block.feed_forward.3.bias	torch.Size([96])	cuda:0	True
2026-04-12 01:13:03,921 - INFO - spatial_block.ff_norm.weight	torch.Size([96])	cuda:0	True
2026-04-12 01:13:03,921 - INFO - spatial_block.ff_norm.bias	torch.Size([96])	cuda:0	True
2026-04-12 01:13:03,921 - INFO - output_proj.weight	torch.Size([1, 96])	cuda:0	True
2026-04-12 01:13:03,921 - INFO - output_proj.bias	torch.Size([1])	cuda:0	True
2026-04-12 01:13:03,921 - INFO - final_layer_norm.weight	torch.Size([96])	cuda:0	True
2026-04-12 01:13:03,921 - INFO - final_layer_norm.bias	torch.Size([96])	cuda:0	True
2026-04-12 01:13:03,921 - INFO - Total parameter numbers: 559865
2026-04-12 01:13:03,922 - INFO - You select `adam` optimizer.
2026-04-12 01:13:03,922 - INFO - You select `multisteplr` lr_scheduler.
2026-04-12 01:13:03,922 - WARNING - Received none train loss func and will use the loss func defined in the model.
2026-04-12 01:13:03,922 - INFO - Gradient accumulation steps: 2
2026-04-12 01:13:03,922 - INFO - FP16 mixed precision training: True
2026-04-12 01:13:03,922 - INFO - Using torch.cuda.amp.GradScaler for FP16 training
2026-04-12 01:13:03,922 - INFO - Enabled cuDNN benchmark mode
2026-04-12 01:13:03,923 - INFO - Enabled TF32 for faster training on Ampere GPUs
2026-04-12 01:13:03,923 - INFO - Executor 已初始化 GPU 数据预加载功能（PEMSD4 专用）
2026-04-12 01:13:03,923 - INFO - Start training ...
2026-04-12 01:13:03,923 - INFO - num_batches:1499
2026-04-12 01:13:03,923 - INFO - 数据集较小，正在预加载 train 数据到 GPU 显存...
2026-04-12 01:13:04,638 - INFO -   已预加载 10 batches...
2026-04-12 01:13:05,355 - INFO -   已预加载 20 batches...
2026-04-12 01:13:06,073 - INFO -   已预加载 30 batches...
2026-04-12 01:13:06,792 - INFO -   已预加载 40 batches...
2026-04-12 01:13:07,504 - INFO -   已预加载 50 batches...
2026-04-12 01:13:08,216 - INFO -   已预加载 60 batches...
2026-04-12 01:13:08,929 - INFO -   已预加载 70 batches...
2026-04-12 01:13:09,641 - INFO -   已预加载 80 batches...
2026-04-12 01:13:10,363 - INFO -   已预加载 90 batches...
2026-04-12 01:13:11,078 - INFO -   已预加载 100 batches...
2026-04-12 01:13:11,788 - INFO -   已预加载 110 batches...
2026-04-12 01:13:12,505 - INFO -   已预加载 120 batches...
2026-04-12 01:13:13,222 - INFO -   已预加载 130 batches...
2026-04-12 01:13:13,942 - INFO -   已预加载 140 batches...
2026-04-12 01:13:14,668 - INFO -   已预加载 150 batches...
2026-04-12 01:13:15,384 - INFO -   已预加载 160 batches...
2026-04-12 01:13:16,100 - INFO -   已预加载 170 batches...
2026-04-12 01:13:16,811 - INFO -   已预加载 180 batches...
2026-04-12 01:13:17,523 - INFO -   已预加载 190 batches...
2026-04-12 01:13:18,239 - INFO -   已预加载 200 batches...
2026-04-12 01:13:18,949 - INFO -   已预加载 210 batches...
2026-04-12 01:13:19,654 - INFO -   已预加载 220 batches...
2026-04-12 01:13:20,361 - INFO -   已预加载 230 batches...
2026-04-12 01:13:21,073 - INFO -   已预加载 240 batches...
2026-04-12 01:13:21,796 - INFO -   已预加载 250 batches...
2026-04-12 01:13:22,541 - INFO -   已预加载 260 batches...
2026-04-12 01:13:23,280 - INFO -   已预加载 270 batches...
2026-04-12 01:13:24,022 - INFO -   已预加载 280 batches...
2026-04-12 01:13:24,763 - INFO -   已预加载 290 batches...
2026-04-12 01:13:25,487 - INFO -   已预加载 300 batches...
2026-04-12 01:13:26,217 - INFO -   已预加载 310 batches...
2026-04-12 01:13:26,938 - INFO -   已预加载 320 batches...
2026-04-12 01:13:27,655 - INFO -   已预加载 330 batches...
2026-04-12 01:13:28,378 - INFO -   已预加载 340 batches...
2026-04-12 01:13:29,096 - INFO -   已预加载 350 batches...
2026-04-12 01:13:29,810 - INFO -   已预加载 360 batches...
2026-04-12 01:13:30,520 - INFO -   已预加载 370 batches...
2026-04-12 01:13:31,231 - INFO -   已预加载 380 batches...
2026-04-12 01:13:31,941 - INFO -   已预加载 390 batches...
2026-04-12 01:13:32,661 - INFO -   已预加载 400 batches...
2026-04-12 01:13:33,376 - INFO -   已预加载 410 batches...
2026-04-12 01:13:34,090 - INFO -   已预加载 420 batches...
2026-04-12 01:13:34,808 - INFO -   已预加载 430 batches...
2026-04-12 01:13:35,527 - INFO -   已预加载 440 batches...
2026-04-12 01:13:36,249 - INFO -   已预加载 450 batches...
2026-04-12 01:13:36,974 - INFO -   已预加载 460 batches...
2026-04-12 01:13:37,695 - INFO -   已预加载 470 batches...
2026-04-12 01:13:38,418 - INFO -   已预加载 480 batches...
2026-04-12 01:13:39,142 - INFO -   已预加载 490 batches...
2026-04-12 01:13:39,862 - INFO -   已预加载 500 batches...
2026-04-12 01:13:40,588 - INFO -   已预加载 510 batches...
2026-04-12 01:13:41,321 - INFO -   已预加载 520 batches...
2026-04-12 01:13:42,040 - INFO -   已预加载 530 batches...
2026-04-12 01:13:42,754 - INFO -   已预加载 540 batches...
2026-04-12 01:13:43,464 - INFO -   已预加载 550 batches...
2026-04-12 01:13:44,179 - INFO -   已预加载 560 batches...
2026-04-12 01:13:44,902 - INFO -   已预加载 570 batches...
2026-04-12 01:13:45,621 - INFO -   已预加载 580 batches...
2026-04-12 01:13:46,337 - INFO -   已预加载 590 batches...
2026-04-12 01:13:47,056 - INFO -   已预加载 600 batches...
2026-04-12 01:13:47,772 - INFO -   已预加载 610 batches...
2026-04-12 01:13:48,496 - INFO -   已预加载 620 batches...
2026-04-12 01:13:49,222 - INFO -   已预加载 630 batches...
2026-04-12 01:13:49,944 - INFO -   已预加载 640 batches...
2026-04-12 01:13:50,666 - INFO -   已预加载 650 batches...
2026-04-12 01:13:51,385 - INFO -   已预加载 660 batches...
2026-04-12 01:13:52,104 - INFO -   已预加载 670 batches...
2026-04-12 01:13:52,827 - INFO -   已预加载 680 batches...
2026-04-12 01:13:53,546 - INFO -   已预加载 690 batches...
2026-04-12 01:13:54,263 - INFO -   已预加载 700 batches...
2026-04-12 01:13:54,976 - INFO -   已预加载 710 batches...
2026-04-12 01:13:55,693 - INFO -   已预加载 720 batches...
2026-04-12 01:13:56,409 - INFO -   已预加载 730 batches...
2026-04-12 01:13:57,126 - INFO -   已预加载 740 batches...
2026-04-12 01:13:57,840 - INFO -   已预加载 750 batches...
2026-04-12 01:13:58,555 - INFO -   已预加载 760 batches...
2026-04-12 01:13:59,273 - INFO -   已预加载 770 batches...
2026-04-12 01:13:59,992 - INFO -   已预加载 780 batches...
2026-04-12 01:14:00,717 - INFO -   已预加载 790 batches...
2026-04-12 01:14:01,437 - INFO -   已预加载 800 batches...
2026-04-12 01:14:02,153 - INFO -   已预加载 810 batches...
2026-04-12 01:14:02,868 - INFO -   已预加载 820 batches...
2026-04-12 01:14:03,590 - INFO -   已预加载 830 batches...
2026-04-12 01:14:04,313 - INFO -   已预加载 840 batches...
2026-04-12 01:14:05,031 - INFO -   已预加载 850 batches...
2026-04-12 01:14:05,739 - INFO -   已预加载 860 batches...
2026-04-12 01:14:06,447 - INFO -   已预加载 870 batches...
2026-04-12 01:14:07,159 - INFO -   已预加载 880 batches...
2026-04-12 01:14:07,868 - INFO -   已预加载 890 batches...
2026-04-12 01:14:08,583 - INFO -   已预加载 900 batches...
2026-04-12 01:14:09,303 - INFO -   已预加载 910 batches...
2026-04-12 01:14:10,017 - INFO -   已预加载 920 batches...
2026-04-12 01:14:10,733 - INFO -   已预加载 930 batches...
2026-04-12 01:14:11,451 - INFO -   已预加载 940 batches...
2026-04-12 01:14:12,164 - INFO -   已预加载 950 batches...
2026-04-12 01:14:12,877 - INFO -   已预加载 960 batches...
2026-04-12 01:14:13,586 - INFO -   已预加载 970 batches...
2026-04-12 01:14:14,298 - INFO -   已预加载 980 batches...
2026-04-12 01:14:15,013 - INFO -   已预加载 990 batches...
2026-04-12 01:14:15,737 - INFO -   已预加载 1000 batches...
2026-04-12 01:14:16,445 - INFO -   已预加载 1010 batches...
2026-04-12 01:14:17,159 - INFO -   已预加载 1020 batches...
2026-04-12 01:14:17,867 - INFO -   已预加载 1030 batches...
2026-04-12 01:14:18,573 - INFO -   已预加载 1040 batches...
2026-04-12 01:14:19,293 - INFO -   已预加载 1050 batches...
2026-04-12 01:14:20,002 - INFO -   已预加载 1060 batches...
2026-04-12 01:14:20,714 - INFO -   已预加载 1070 batches...
2026-04-12 01:14:21,429 - INFO -   已预加载 1080 batches...
2026-04-12 01:14:22,139 - INFO -   已预加载 1090 batches...
2026-04-12 01:14:22,853 - INFO -   已预加载 1100 batches...
2026-04-12 01:14:23,566 - INFO -   已预加载 1110 batches...
2026-04-12 01:14:24,268 - INFO -   已预加载 1120 batches...
2026-04-12 01:14:24,977 - INFO -   已预加载 1130 batches...
2026-04-12 01:14:25,693 - INFO -   已预加载 1140 batches...
2026-04-12 01:14:26,408 - INFO -   已预加载 1150 batches...
2026-04-12 01:14:27,135 - INFO -   已预加载 1160 batches...
2026-04-12 01:14:27,850 - INFO -   已预加载 1170 batches...
2026-04-12 01:14:28,561 - INFO -   已预加载 1180 batches...
2026-04-12 01:14:29,283 - INFO -   已预加载 1190 batches...
2026-04-12 01:14:30,001 - INFO -   已预加载 1200 batches...
2026-04-12 01:14:30,715 - INFO -   已预加载 1210 batches...
2026-04-12 01:14:31,430 - INFO -   已预加载 1220 batches...
2026-04-12 01:14:32,139 - INFO -   已预加载 1230 batches...
2026-04-12 01:14:32,851 - INFO -   已预加载 1240 batches...
2026-04-12 01:14:33,567 - INFO -   已预加载 1250 batches...
2026-04-12 01:14:34,283 - INFO -   已预加载 1260 batches...
2026-04-12 01:14:34,990 - INFO -   已预加载 1270 batches...
2026-04-12 01:14:35,699 - INFO -   已预加载 1280 batches...
2026-04-12 01:14:36,406 - INFO -   已预加载 1290 batches...
2026-04-12 01:14:37,124 - INFO -   已预加载 1300 batches...
2026-04-12 01:14:37,836 - INFO -   已预加载 1310 batches...
2026-04-12 01:14:38,546 - INFO -   已预加载 1320 batches...
2026-04-12 01:14:39,257 - INFO -   已预加载 1330 batches...
2026-04-12 01:14:39,971 - INFO -   已预加载 1340 batches...
2026-04-12 01:14:40,689 - INFO -   已预加载 1350 batches...
2026-04-12 01:14:41,412 - INFO -   已预加载 1360 batches...
2026-04-12 01:14:42,138 - INFO -   已预加载 1370 batches...
2026-04-12 01:14:42,852 - INFO -   已预加载 1380 batches...
2026-04-12 01:14:43,569 - INFO -   已预加载 1390 batches...
2026-04-12 01:14:44,282 - INFO -   已预加载 1400 batches...
2026-04-12 01:14:45,002 - INFO -   已预加载 1410 batches...
2026-04-12 01:14:45,726 - INFO -   已预加载 1420 batches...
2026-04-12 01:14:46,450 - INFO -   已预加载 1430 batches...
2026-04-12 01:14:47,162 - INFO -   已预加载 1440 batches...
2026-04-12 01:14:47,872 - INFO -   已预加载 1450 batches...
2026-04-12 01:14:48,580 - INFO -   已预加载 1460 batches...
2026-04-12 01:14:49,306 - INFO -   已预加载 1470 batches...
2026-04-12 01:14:50,053 - INFO -   已预加载 1480 batches...
2026-04-12 01:14:50,785 - INFO -   已预加载 1490 batches...
2026-04-12 01:14:51,447 - INFO - 预加载完成: 1499 batches (107.52s)
2026-04-12 01:15:12,928 - INFO - epoch complete!
2026-04-12 01:15:12,928 - INFO - evaluating now!
2026-04-12 01:15:12,928 - INFO - 数据集较小，正在预加载 valid 数据到 GPU 显存...
2026-04-12 01:15:13,641 - INFO -   已预加载 10 batches...
2026-04-12 01:15:14,352 - INFO -   已预加载 20 batches...
2026-04-12 01:15:15,058 - INFO -   已预加载 30 batches...
2026-04-12 01:15:15,769 - INFO -   已预加载 40 batches...
2026-04-12 01:15:16,484 - INFO -   已预加载 50 batches...
2026-04-12 01:15:17,190 - INFO -   已预加载 60 batches...
2026-04-12 01:15:17,898 - INFO -   已预加载 70 batches...
2026-04-12 01:15:18,602 - INFO -   已预加载 80 batches...
2026-04-12 01:15:19,305 - INFO -   已预加载 90 batches...
2026-04-12 01:15:20,016 - INFO -   已预加载 100 batches...
2026-04-12 01:15:20,722 - INFO -   已预加载 110 batches...
2026-04-12 01:15:21,425 - INFO -   已预加载 120 batches...
2026-04-12 01:15:22,133 - INFO -   已预加载 130 batches...
2026-04-12 01:15:22,835 - INFO -   已预加载 140 batches...
2026-04-12 01:15:23,540 - INFO -   已预加载 150 batches...
2026-04-12 01:15:24,251 - INFO -   已预加载 160 batches...
2026-04-12 01:15:24,954 - INFO -   已预加载 170 batches...
2026-04-12 01:15:25,658 - INFO -   已预加载 180 batches...
2026-04-12 01:15:26,360 - INFO -   已预加载 190 batches...
2026-04-12 01:15:27,062 - INFO -   已预加载 200 batches...
2026-04-12 01:15:27,775 - INFO -   已预加载 210 batches...
2026-04-12 01:15:28,126 - INFO - 预加载完成: 215 batches (15.20s)
2026-04-12 01:15:29,099 - INFO - Epoch [0/100] train_loss: 4.8883, val_loss: 4.2485, lr: 0.001000, 145.18s
2026-04-12 01:15:29,114 - INFO - Saved model at 0
2026-04-12 01:15:29,114 - INFO - Val loss decrease from inf to 4.2485, saving to ./libcity/cache/W001/model_cache/MCSTWeather_METR_LA_epoch0.tar
2026-04-12 01:15:49,306 - INFO - epoch complete!
2026-04-12 01:15:49,307 - INFO - evaluating now!
2026-04-12 01:15:50,278 - INFO - Epoch [1/100] train_loss: 4.1872, val_loss: 3.7673, lr: 0.001000, 21.16s
2026-04-12 01:15:50,294 - INFO - Saved model at 1
2026-04-12 01:15:50,294 - INFO - Val loss decrease from 4.2485 to 3.7673, saving to ./libcity/cache/W001/model_cache/MCSTWeather_METR_LA_epoch1.tar
2026-04-12 01:16:10,521 - INFO - epoch complete!
2026-04-12 01:16:10,521 - INFO - evaluating now!
2026-04-12 01:16:11,487 - INFO - Epoch [2/100] train_loss: 3.8441, val_loss: 3.5978, lr: 0.001000, 21.19s
2026-04-12 01:16:11,502 - INFO - Saved model at 2
2026-04-12 01:16:11,502 - INFO - Val loss decrease from 3.7673 to 3.5978, saving to ./libcity/cache/W001/model_cache/MCSTWeather_METR_LA_epoch2.tar
2026-04-12 01:16:32,153 - INFO - epoch complete!
2026-04-12 01:16:32,153 - INFO - evaluating now!
2026-04-12 01:16:33,122 - INFO - Epoch [3/100] train_loss: 3.6857, val_loss: 3.5425, lr: 0.001000, 21.62s
2026-04-12 01:16:33,137 - INFO - Saved model at 3
2026-04-12 01:16:33,137 - INFO - Val loss decrease from 3.5978 to 3.5425, saving to ./libcity/cache/W001/model_cache/MCSTWeather_METR_LA_epoch3.tar
2026-04-12 01:16:53,548 - INFO - epoch complete!
2026-04-12 01:16:53,549 - INFO - evaluating now!
2026-04-12 01:16:54,510 - INFO - Epoch [4/100] train_loss: 3.5835, val_loss: 3.5049, lr: 0.001000, 21.37s
2026-04-12 01:16:54,525 - INFO - Saved model at 4
2026-04-12 01:16:54,525 - INFO - Val loss decrease from 3.5425 to 3.5049, saving to ./libcity/cache/W001/model_cache/MCSTWeather_METR_LA_epoch4.tar
2026-04-12 01:17:15,080 - INFO - epoch complete!
2026-04-12 01:17:15,080 - INFO - evaluating now!
2026-04-12 01:17:16,046 - INFO - Epoch [5/100] train_loss: 3.5155, val_loss: 3.5872, lr: 0.001000, 21.52s
2026-04-12 01:17:36,606 - INFO - epoch complete!
2026-04-12 01:17:36,607 - INFO - evaluating now!
2026-04-12 01:17:37,578 - INFO - Epoch [6/100] train_loss: 3.4695, val_loss: 3.4259, lr: 0.001000, 21.53s
2026-04-12 01:17:37,594 - INFO - Saved model at 6
2026-04-12 01:17:37,594 - INFO - Val loss decrease from 3.5049 to 3.4259, saving to ./libcity/cache/W001/model_cache/MCSTWeather_METR_LA_epoch6.tar
2026-04-12 01:17:58,376 - INFO - epoch complete!
2026-04-12 01:17:58,376 - INFO - evaluating now!
2026-04-12 01:17:59,343 - INFO - Epoch [7/100] train_loss: 3.4487, val_loss: 3.3969, lr: 0.001000, 21.75s
2026-04-12 01:17:59,358 - INFO - Saved model at 7
2026-04-12 01:17:59,358 - INFO - Val loss decrease from 3.4259 to 3.3969, saving to ./libcity/cache/W001/model_cache/MCSTWeather_METR_LA_epoch7.tar
2026-04-12 01:18:19,987 - INFO - epoch complete!
2026-04-12 01:18:19,987 - INFO - evaluating now!
2026-04-12 01:18:20,961 - INFO - Epoch [8/100] train_loss: 3.4051, val_loss: 3.3969, lr: 0.001000, 21.60s
2026-04-12 01:18:41,690 - INFO - epoch complete!
2026-04-12 01:18:41,690 - INFO - evaluating now!
2026-04-12 01:18:42,668 - INFO - Epoch [9/100] train_loss: 3.3802, val_loss: 3.4046, lr: 0.001000, 21.71s
2026-04-12 01:19:03,394 - INFO - epoch complete!
2026-04-12 01:19:03,395 - INFO - evaluating now!
2026-04-12 01:19:04,366 - INFO - Epoch [10/100] train_loss: 3.3513, val_loss: 3.3946, lr: 0.001000, 21.70s
2026-04-12 01:19:04,380 - INFO - Saved model at 10
2026-04-12 01:19:04,381 - INFO - Val loss decrease from 3.3969 to 3.3946, saving to ./libcity/cache/W001/model_cache/MCSTWeather_METR_LA_epoch10.tar
2026-04-12 01:19:25,386 - INFO - epoch complete!
2026-04-12 01:19:25,386 - INFO - evaluating now!
2026-04-12 01:19:26,367 - INFO - Epoch [11/100] train_loss: 3.3243, val_loss: 3.4208, lr: 0.001000, 21.99s
2026-04-12 01:19:47,136 - INFO - epoch complete!
2026-04-12 01:19:47,136 - INFO - evaluating now!
2026-04-12 01:19:48,111 - INFO - Epoch [12/100] train_loss: 3.3052, val_loss: 3.3905, lr: 0.001000, 21.74s
2026-04-12 01:19:48,126 - INFO - Saved model at 12
2026-04-12 01:19:48,126 - INFO - Val loss decrease from 3.3946 to 3.3905, saving to ./libcity/cache/W001/model_cache/MCSTWeather_METR_LA_epoch12.tar
2026-04-12 01:20:08,842 - INFO - epoch complete!
2026-04-12 01:20:08,842 - INFO - evaluating now!
2026-04-12 01:20:09,822 - INFO - Epoch [13/100] train_loss: 3.2800, val_loss: 3.3943, lr: 0.001000, 21.70s
2026-04-12 01:20:30,562 - INFO - epoch complete!
2026-04-12 01:20:30,562 - INFO - evaluating now!
2026-04-12 01:20:31,537 - INFO - Epoch [14/100] train_loss: 3.2643, val_loss: 3.3893, lr: 0.001000, 21.71s
2026-04-12 01:20:31,552 - INFO - Saved model at 14
2026-04-12 01:20:31,552 - INFO - Val loss decrease from 3.3905 to 3.3893, saving to ./libcity/cache/W001/model_cache/MCSTWeather_METR_LA_epoch14.tar
2026-04-12 01:20:52,551 - INFO - epoch complete!
2026-04-12 01:20:52,551 - INFO - evaluating now!
2026-04-12 01:20:53,531 - INFO - Epoch [15/100] train_loss: 3.2431, val_loss: 3.3942, lr: 0.001000, 21.98s
2026-04-12 01:21:14,224 - INFO - epoch complete!
2026-04-12 01:21:14,225 - INFO - evaluating now!
2026-04-12 01:21:15,198 - INFO - Epoch [16/100] train_loss: 3.2250, val_loss: 3.3922, lr: 0.001000, 21.67s
2026-04-12 01:21:35,858 - INFO - epoch complete!
2026-04-12 01:21:35,858 - INFO - evaluating now!
2026-04-12 01:21:36,835 - INFO - Epoch [17/100] train_loss: 3.2126, val_loss: 3.3971, lr: 0.001000, 21.64s
2026-04-12 01:21:57,498 - INFO - epoch complete!
2026-04-12 01:21:57,498 - INFO - evaluating now!
2026-04-12 01:21:58,471 - INFO - Epoch [18/100] train_loss: 3.1967, val_loss: 3.3750, lr: 0.001000, 21.64s
2026-04-12 01:21:58,486 - INFO - Saved model at 18
2026-04-12 01:21:58,486 - INFO - Val loss decrease from 3.3893 to 3.3750, saving to ./libcity/cache/W001/model_cache/MCSTWeather_METR_LA_epoch18.tar
