2026-04-16 23:02:28,879 - INFO - Log directory: ./libcity/log
2026-04-16 23:02:28,879 - INFO - Begin pipeline, task=traffic_state_pred, model_name=MCSTWeather, dataset_name=METR_LA, exp_id=W002, epoch=0
2026-04-16 23:02:28,879 - INFO - {'task': 'traffic_state_pred', 'model': 'MCSTWeather', 'dataset': 'METR_LA', 'saved_model': True, 'train': True, 'exp_id': 'W002', 'seed': 0, 'fusion_mode': 'adaptive', 'dataset_class': 'TrafficStatePointDataset', 'executor': 'TrafficStateExecutorOptimized', 'evaluator': 'TrafficStateEvaluator', 'input_window': 12, 'output_window': 12, 'input_embedding_dim': 24, 'tod_embedding_dim': 24, 'dow_embedding_dim': 24, 'spatial_embedding_dim': 16, 'adaptive_embedding_dim': 80, 'd_model': 96, 'd_state': 32, 'd_conv': 4, 'expand': 2, 'dropout': 0.1, 'weather_embed_dim': 64, 'use_weather': True, 'weather_file': None, 'add_time_in_day': True, 'add_day_in_week': True, 'steps_per_day': 288, 'max_epoch': 300, 'batch_size': 128, 'learning_rate': 0.001, 'optimizer': 'adam', 'lr_decay': True, 'lr_scheduler': 'cosineannealinglr', 'patience': 30, 'use_early_stop': True, 'scaler': 'standard', 'load_external': False, 'normal_external': False, 'ext_scaler': 'none', 'timestamp': True, 'cache_dataset': True, 'num_workers': 0, 'pad_with_last_sample': True, 'train_rate': 0.7, 'eval_rate': 0.1, 'robustness_test': False, 'noise_type': 'gaussian', 'disturb_rate': 0.5, 'noise_mean': [5], 'noise_SD': [10], 'gpu': True, 'gpu_id': 0, 'train_loss': 'none', 'epoch': 0, 'learner': 'adam', 'weight_decay': 0.0001, 'lr_epsilon': 1e-08, 'lr_beta1': 0.9, 'lr_beta2': 0.999, 'lr_alpha': 0.99, 'lr_momentum': 0, 'lr_decay_ratio': 0.1, 'steps': [10, 30, 50, 80], 'step_size': 10, 'lr_T_max': 30, 'lr_eta_min': 0, 'lr_patience': 5, 'lr_threshold': 0.0001, 'clip_grad_norm': True, 'max_grad_norm': 5.0, 'log_level': 'INFO', 'log_every': 1, 'load_best_epoch': True, 'hyper_tune': False, 'fp16': True, 'gradient_accumulation_steps': 1, 'metrics': ['MAE', 'MAPE', 'MSE', 'RMSE', 'masked_MAE', 'masked_MAPE', 'masked_MSE', 'masked_RMSE', 'R2', 'EVAR'], 'evaluator_mode': 'single', 'save_mode': ['csv'], 'geo': {'including_types': ['Point'], 'Point': {}}, 'rel': {'including_types': ['geo'], 'geo': {'cost': 'num'}}, 'dyna': {'including_types': ['state'], 'state': {'entity_id': 'geo_id', 'traffic_speed': 'num'}}, 'data_col': ['traffic_speed'], 'weight_col': 'cost', 'data_files': ['METR_LA'], 'geo_file': 'METR_LA', 'rel_file': 'METR_LA', 'output_dim': 1, 'time_intervals': 300, 'init_weight_inf_or_zero': 'inf', 'set_weight_link_or_dist': 'dist', 'calculate_weight_adj': True, 'weight_adj_epsilon': 0.1, 'device': device(type='cuda', index=0)}
2026-04-16 23:02:29,248 - INFO - Loaded file METR_LA.geo, num_nodes=207
2026-04-16 23:02:29,257 - INFO - set_weight_link_or_dist: dist
2026-04-16 23:02:29,257 - INFO - init_weight_inf_or_zero: inf
2026-04-16 23:02:29,273 - INFO - Loaded file METR_LA.rel, shape=(207, 207)
2026-04-16 23:02:29,273 - INFO - Start Calculate the weight by Gauss kernel!
2026-04-16 23:02:29,274 - INFO - Loading ./libcity/cache/dataset_cache/point_based_METR_LA_12_12_0.7_0.1_standard_128_False_True_True_True_timestamp.npz
2026-04-16 23:02:36,455 - INFO - Loaded timestamp info from cache: start_time=2012-03-01T00:00:00.000000000, total_time_steps=34272, time_intervals=300
2026-04-16 23:02:36,455 - INFO - train	x: (23974, 12, 207, 2), y: (23974, 12, 207, 2)
2026-04-16 23:02:36,455 - INFO - eval	x: (3425, 12, 207, 2), y: (3425, 12, 207, 2)
2026-04-16 23:02:36,455 - INFO - test	x: (6850, 12, 207, 2), y: (6850, 12, 207, 2)
2026-04-16 23:02:37,021 - INFO - StandardScaler mean: 54.40592829587626, std: 19.493739270573094
2026-04-16 23:02:37,022 - INFO - NoneScaler
2026-04-16 23:02:43,032 - INFO - Weather data loaded from ./raw_data/METR_LA/weather.csv
2026-04-16 23:02:43,032 - INFO - Weather features: ['temp_range', 'temp_avg', 'apparent_temp_diff', 'humidity_level', 'humidity_change', 'humidity_range', 'wind_gust_ratio', 'wind_avg', 'wind_speed', 'pressure_diff', 'pressure_change', 'pressure_level', 'has_precipitation', 'precipitation_level', 'wind_dir_sin', 'wind_dir_cos', 'weather_phenomena_count', 'has_severe_weather', 'hour', 'hour_sin', 'hour_cos']
2026-04-16 23:02:43,032 - INFO - Building MCSTWeather model with weather integration
2026-04-16 23:02:43,190 - INFO - MCSTWeather model initialized with weather_embed_dim=64
2026-04-16 23:02:43,558 - INFO - MCSTWeather(
  (input_proj): Linear(in_features=1, out_features=24, bias=True)
  (tod_embedding): Embedding(288, 24)
  (dow_embedding): Embedding(7, 24)
  (mamba_input_proj): Linear(in_features=168, out_features=96, bias=True)
  (weather_feature_proj): Sequential(
    (0): Linear(in_features=21, out_features=128, bias=True)
    (1): ReLU()
    (2): Dropout(p=0.1, inplace=False)
    (3): Linear(in_features=128, out_features=64, bias=True)
  )
  (weather_spatial_expand): Linear(in_features=64, out_features=64, bias=True)
  (temporal_block): SimpleMambaWeatherBlock(
    (layer_norm): LayerNorm((96,), eps=1e-05, elementwise_affine=True)
    (mamba_weather): MambaWeather(
      (in_proj): Linear(in_features=96, out_features=384, bias=False)
      (conv1d): Conv1d(192, 192, kernel_size=(4,), stride=(1,), padding=(3,), groups=192)
      (act): SiLU()
      (x_proj): Linear(in_features=256, out_features=70, bias=False)
      (dt_proj): Linear(in_features=6, out_features=192, bias=True)
      (out_proj): Linear(in_features=192, out_features=96, bias=False)
      (weather_proj): Linear(in_features=64, out_features=64, bias=True)
    )
    (dropout): Dropout(p=0.1, inplace=False)
    (feed_forward): Sequential(
      (0): Linear(in_features=96, out_features=384, bias=True)
      (1): GELU(approximate='none')
      (2): Dropout(p=0.1, inplace=False)
      (3): Linear(in_features=384, out_features=96, bias=True)
    )
    (ff_norm): LayerNorm((96,), eps=1e-05, elementwise_affine=True)
    (ff_dropout): Dropout(p=0.1, inplace=False)
  )
  (spatial_block): SimpleMambaWeatherBlock(
    (layer_norm): LayerNorm((96,), eps=1e-05, elementwise_affine=True)
    (mamba_weather): MambaWeather(
      (in_proj): Linear(in_features=96, out_features=384, bias=False)
      (conv1d): Conv1d(192, 192, kernel_size=(4,), stride=(1,), padding=(3,), groups=192)
      (act): SiLU()
      (x_proj): Linear(in_features=256, out_features=70, bias=False)
      (dt_proj): Linear(in_features=6, out_features=192, bias=True)
      (out_proj): Linear(in_features=192, out_features=96, bias=False)
      (weather_proj): Linear(in_features=64, out_features=64, bias=True)
    )
    (dropout): Dropout(p=0.1, inplace=False)
    (feed_forward): Sequential(
      (0): Linear(in_features=96, out_features=384, bias=True)
      (1): GELU(approximate='none')
      (2): Dropout(p=0.1, inplace=False)
      (3): Linear(in_features=384, out_features=96, bias=True)
    )
    (ff_norm): LayerNorm((96,), eps=1e-05, elementwise_affine=True)
    (ff_dropout): Dropout(p=0.1, inplace=False)
  )
  (adaptive_fusion): AdaptiveFusion(
    (fusion_mlp): Sequential(
      (0): Linear(in_features=288, out_features=192, bias=True)
      (1): LayerNorm((192,), eps=1e-05, elementwise_affine=True)
      (2): ReLU()
      (3): Dropout(p=0.1, inplace=False)
      (4): Linear(in_features=192, out_features=96, bias=True)
    )
    (input_proj): Linear(in_features=96, out_features=96, bias=True)
  )
  (temporal_proj): Linear(in_features=12, out_features=12, bias=True)
  (output_proj): Linear(in_features=96, out_features=1, bias=True)
  (final_layer_norm): LayerNorm((96,), eps=1e-05, elementwise_affine=True)
)
2026-04-16 23:02:43,559 - INFO - spatial_embedding	torch.Size([207, 16])	cuda:0	True
2026-04-16 23:02:43,559 - INFO - adaptive_embedding	torch.Size([12, 207, 80])	cuda:0	True
2026-04-16 23:02:43,559 - INFO - combine_weights	torch.Size([2, 96])	cuda:0	True
2026-04-16 23:02:43,559 - INFO - input_proj.weight	torch.Size([24, 1])	cuda:0	True
2026-04-16 23:02:43,559 - INFO - input_proj.bias	torch.Size([24])	cuda:0	True
2026-04-16 23:02:43,559 - INFO - tod_embedding.weight	torch.Size([288, 24])	cuda:0	True
2026-04-16 23:02:43,559 - INFO - dow_embedding.weight	torch.Size([7, 24])	cuda:0	True
2026-04-16 23:02:43,559 - INFO - mamba_input_proj.weight	torch.Size([96, 168])	cuda:0	True
2026-04-16 23:02:43,559 - INFO - mamba_input_proj.bias	torch.Size([96])	cuda:0	True
2026-04-16 23:02:43,560 - INFO - weather_feature_proj.0.weight	torch.Size([128, 21])	cuda:0	True
2026-04-16 23:02:43,560 - INFO - weather_feature_proj.0.bias	torch.Size([128])	cuda:0	True
2026-04-16 23:02:43,560 - INFO - weather_feature_proj.3.weight	torch.Size([64, 128])	cuda:0	True
2026-04-16 23:02:43,560 - INFO - weather_feature_proj.3.bias	torch.Size([64])	cuda:0	True
2026-04-16 23:02:43,560 - INFO - weather_spatial_expand.weight	torch.Size([64, 64])	cuda:0	True
2026-04-16 23:02:43,560 - INFO - weather_spatial_expand.bias	torch.Size([64])	cuda:0	True
2026-04-16 23:02:43,560 - INFO - temporal_block.layer_norm.weight	torch.Size([96])	cuda:0	True
2026-04-16 23:02:43,560 - INFO - temporal_block.layer_norm.bias	torch.Size([96])	cuda:0	True
2026-04-16 23:02:43,560 - INFO - temporal_block.mamba_weather.A_log	torch.Size([192, 32])	cuda:0	True
2026-04-16 23:02:43,560 - INFO - temporal_block.mamba_weather.D	torch.Size([192])	cuda:0	True
2026-04-16 23:02:43,560 - INFO - temporal_block.mamba_weather.in_proj.weight	torch.Size([384, 96])	cuda:0	True
2026-04-16 23:02:43,560 - INFO - temporal_block.mamba_weather.conv1d.weight	torch.Size([192, 1, 4])	cuda:0	True
2026-04-16 23:02:43,560 - INFO - temporal_block.mamba_weather.conv1d.bias	torch.Size([192])	cuda:0	True
2026-04-16 23:02:43,560 - INFO - temporal_block.mamba_weather.x_proj.weight	torch.Size([70, 256])	cuda:0	True
2026-04-16 23:02:43,560 - INFO - temporal_block.mamba_weather.dt_proj.weight	torch.Size([192, 6])	cuda:0	True
2026-04-16 23:02:43,560 - INFO - temporal_block.mamba_weather.dt_proj.bias	torch.Size([192])	cuda:0	True
2026-04-16 23:02:43,560 - INFO - temporal_block.mamba_weather.out_proj.weight	torch.Size([96, 192])	cuda:0	True
2026-04-16 23:02:43,560 - INFO - temporal_block.mamba_weather.weather_proj.weight	torch.Size([64, 64])	cuda:0	True
2026-04-16 23:02:43,560 - INFO - temporal_block.mamba_weather.weather_proj.bias	torch.Size([64])	cuda:0	True
2026-04-16 23:02:43,560 - INFO - temporal_block.feed_forward.0.weight	torch.Size([384, 96])	cuda:0	True
2026-04-16 23:02:43,560 - INFO - temporal_block.feed_forward.0.bias	torch.Size([384])	cuda:0	True
2026-04-16 23:02:43,560 - INFO - temporal_block.feed_forward.3.weight	torch.Size([96, 384])	cuda:0	True
2026-04-16 23:02:43,560 - INFO - temporal_block.feed_forward.3.bias	torch.Size([96])	cuda:0	True
2026-04-16 23:02:43,560 - INFO - temporal_block.ff_norm.weight	torch.Size([96])	cuda:0	True
2026-04-16 23:02:43,560 - INFO - temporal_block.ff_norm.bias	torch.Size([96])	cuda:0	True
2026-04-16 23:02:43,561 - INFO - spatial_block.layer_norm.weight	torch.Size([96])	cuda:0	True
2026-04-16 23:02:43,561 - INFO - spatial_block.layer_norm.bias	torch.Size([96])	cuda:0	True
2026-04-16 23:02:43,561 - INFO - spatial_block.mamba_weather.A_log	torch.Size([192, 32])	cuda:0	True
2026-04-16 23:02:43,561 - INFO - spatial_block.mamba_weather.D	torch.Size([192])	cuda:0	True
2026-04-16 23:02:43,561 - INFO - spatial_block.mamba_weather.in_proj.weight	torch.Size([384, 96])	cuda:0	True
2026-04-16 23:02:43,561 - INFO - spatial_block.mamba_weather.conv1d.weight	torch.Size([192, 1, 4])	cuda:0	True
2026-04-16 23:02:43,561 - INFO - spatial_block.mamba_weather.conv1d.bias	torch.Size([192])	cuda:0	True
2026-04-16 23:02:43,561 - INFO - spatial_block.mamba_weather.x_proj.weight	torch.Size([70, 256])	cuda:0	True
2026-04-16 23:02:43,561 - INFO - spatial_block.mamba_weather.dt_proj.weight	torch.Size([192, 6])	cuda:0	True
2026-04-16 23:02:43,561 - INFO - spatial_block.mamba_weather.dt_proj.bias	torch.Size([192])	cuda:0	True
2026-04-16 23:02:43,561 - INFO - spatial_block.mamba_weather.out_proj.weight	torch.Size([96, 192])	cuda:0	True
2026-04-16 23:02:43,561 - INFO - spatial_block.mamba_weather.weather_proj.weight	torch.Size([64, 64])	cuda:0	True
2026-04-16 23:02:43,561 - INFO - spatial_block.mamba_weather.weather_proj.bias	torch.Size([64])	cuda:0	True
2026-04-16 23:02:43,561 - INFO - spatial_block.feed_forward.0.weight	torch.Size([384, 96])	cuda:0	True
2026-04-16 23:02:43,561 - INFO - spatial_block.feed_forward.0.bias	torch.Size([384])	cuda:0	True
2026-04-16 23:02:43,561 - INFO - spatial_block.feed_forward.3.weight	torch.Size([96, 384])	cuda:0	True
2026-04-16 23:02:43,561 - INFO - spatial_block.feed_forward.3.bias	torch.Size([96])	cuda:0	True
2026-04-16 23:02:43,561 - INFO - spatial_block.ff_norm.weight	torch.Size([96])	cuda:0	True
2026-04-16 23:02:43,561 - INFO - spatial_block.ff_norm.bias	torch.Size([96])	cuda:0	True
2026-04-16 23:02:43,561 - INFO - adaptive_fusion.fusion_mlp.0.weight	torch.Size([192, 288])	cuda:0	True
2026-04-16 23:02:43,561 - INFO - adaptive_fusion.fusion_mlp.0.bias	torch.Size([192])	cuda:0	True
2026-04-16 23:02:43,561 - INFO - adaptive_fusion.fusion_mlp.1.weight	torch.Size([192])	cuda:0	True
2026-04-16 23:02:43,561 - INFO - adaptive_fusion.fusion_mlp.1.bias	torch.Size([192])	cuda:0	True
2026-04-16 23:02:43,561 - INFO - adaptive_fusion.fusion_mlp.4.weight	torch.Size([96, 192])	cuda:0	True
2026-04-16 23:02:43,561 - INFO - adaptive_fusion.fusion_mlp.4.bias	torch.Size([96])	cuda:0	True
2026-04-16 23:02:43,562 - INFO - adaptive_fusion.input_proj.weight	torch.Size([96, 96])	cuda:0	True
2026-04-16 23:02:43,562 - INFO - adaptive_fusion.input_proj.bias	torch.Size([96])	cuda:0	True
2026-04-16 23:02:43,562 - INFO - temporal_proj.weight	torch.Size([12, 12])	cuda:0	True
2026-04-16 23:02:43,562 - INFO - temporal_proj.bias	torch.Size([12])	cuda:0	True
2026-04-16 23:02:43,562 - INFO - output_proj.weight	torch.Size([1, 96])	cuda:0	True
2026-04-16 23:02:43,562 - INFO - output_proj.bias	torch.Size([1])	cuda:0	True
2026-04-16 23:02:43,562 - INFO - final_layer_norm.weight	torch.Size([96])	cuda:0	True
2026-04-16 23:02:43,562 - INFO - final_layer_norm.bias	torch.Size([96])	cuda:0	True
2026-04-16 23:02:43,562 - INFO - Total parameter numbers: 646181
2026-04-16 23:02:43,562 - INFO - You select `adam` optimizer.
2026-04-16 23:02:43,562 - INFO - You select `cosineannealinglr` lr_scheduler.
2026-04-16 23:02:43,562 - WARNING - Received none train loss func and will use the loss func defined in the model.
2026-04-16 23:02:43,562 - INFO - Gradient accumulation steps: 1
2026-04-16 23:02:43,563 - INFO - FP16 mixed precision training: True
2026-04-16 23:02:43,563 - INFO - Using torch.cuda.amp.GradScaler for FP16 training
2026-04-16 23:02:43,563 - INFO - Enabled cuDNN benchmark mode
2026-04-16 23:02:43,563 - INFO - Enabled TF32 for faster training on Ampere GPUs
2026-04-16 23:02:43,563 - INFO - Executor 已初始化 GPU 数据预加载功能（PEMSD4 专用）
2026-04-16 23:02:43,563 - INFO - Start training ...
2026-04-16 23:02:43,563 - INFO - num_batches:188
2026-04-16 23:02:43,563 - INFO - 数据集较小，正在预加载 train 数据到 GPU 显存...
2026-04-16 23:02:49,692 - INFO -   已预加载 10 batches...
2026-04-16 23:02:55,793 - INFO -   已预加载 20 batches...
2026-04-16 23:03:01,794 - INFO -   已预加载 30 batches...
2026-04-16 23:03:07,845 - INFO -   已预加载 40 batches...
2026-04-16 23:03:13,870 - INFO -   已预加载 50 batches...
2026-04-16 23:03:19,891 - INFO -   已预加载 60 batches...
2026-04-16 23:03:25,872 - INFO -   已预加载 70 batches...
2026-04-16 23:03:31,777 - INFO -   已预加载 80 batches...
2026-04-16 23:03:37,733 - INFO -   已预加载 90 batches...
2026-04-16 23:03:43,710 - INFO -   已预加载 100 batches...
2026-04-16 23:03:49,631 - INFO -   已预加载 110 batches...
2026-04-16 23:03:55,570 - INFO -   已预加载 120 batches...
2026-04-16 23:04:01,512 - INFO -   已预加载 130 batches...
2026-04-16 23:04:07,468 - INFO -   已预加载 140 batches...
2026-04-16 23:04:13,377 - INFO -   已预加载 150 batches...
2026-04-16 23:04:19,295 - INFO -   已预加载 160 batches...
2026-04-16 23:04:25,264 - INFO -   已预加载 170 batches...
2026-04-16 23:04:31,216 - INFO -   已预加载 180 batches...
2026-04-16 23:04:36,048 - INFO - 预加载完成: 188 batches (112.48s)
2026-04-16 23:05:17,550 - INFO - epoch complete!
2026-04-16 23:05:17,551 - INFO - evaluating now!
2026-04-16 23:05:17,551 - INFO - 数据集较小，正在预加载 valid 数据到 GPU 显存...
2026-04-16 23:05:23,638 - INFO -   已预加载 10 batches...
2026-04-16 23:05:29,683 - INFO -   已预加载 20 batches...
2026-04-16 23:05:33,897 - INFO - 预加载完成: 27 batches (16.35s)
2026-04-16 23:05:35,019 - INFO - Epoch [0/300] train_loss: 5.6579, val_loss: 3.8964, lr: 0.000997, 171.46s
2026-04-16 23:05:35,039 - INFO - Saved model at 0
2026-04-16 23:05:35,040 - INFO - Val loss decrease from inf to 3.8964, saving to ./libcity/cache/W002/model_cache/MCSTWeather_METR_LA_epoch0.tar
2026-04-16 23:06:09,093 - INFO - epoch complete!
2026-04-16 23:06:09,093 - INFO - evaluating now!
2026-04-16 23:06:10,221 - INFO - Epoch [1/300] train_loss: 3.9607, val_loss: 3.5824, lr: 0.000989, 35.18s
2026-04-16 23:06:10,240 - INFO - Saved model at 1
2026-04-16 23:06:10,241 - INFO - Val loss decrease from 3.8964 to 3.5824, saving to ./libcity/cache/W002/model_cache/MCSTWeather_METR_LA_epoch1.tar
2026-04-16 23:06:44,128 - INFO - epoch complete!
2026-04-16 23:06:44,128 - INFO - evaluating now!
2026-04-16 23:06:45,255 - INFO - Epoch [2/300] train_loss: 3.6869, val_loss: 3.5249, lr: 0.000976, 35.01s
2026-04-16 23:06:45,274 - INFO - Saved model at 2
2026-04-16 23:06:45,275 - INFO - Val loss decrease from 3.5824 to 3.5249, saving to ./libcity/cache/W002/model_cache/MCSTWeather_METR_LA_epoch2.tar
2026-04-16 23:07:19,301 - INFO - epoch complete!
2026-04-16 23:07:19,301 - INFO - evaluating now!
2026-04-16 23:07:20,422 - INFO - Epoch [3/300] train_loss: 3.5451, val_loss: 3.3796, lr: 0.000957, 35.15s
2026-04-16 23:07:20,441 - INFO - Saved model at 3
2026-04-16 23:07:20,441 - INFO - Val loss decrease from 3.5249 to 3.3796, saving to ./libcity/cache/W002/model_cache/MCSTWeather_METR_LA_epoch3.tar
2026-04-16 23:07:55,132 - INFO - epoch complete!
2026-04-16 23:07:55,132 - INFO - evaluating now!
2026-04-16 23:07:56,272 - INFO - Epoch [4/300] train_loss: 3.4399, val_loss: 3.3425, lr: 0.000933, 35.83s
2026-04-16 23:07:56,295 - INFO - Saved model at 4
2026-04-16 23:07:56,295 - INFO - Val loss decrease from 3.3796 to 3.3425, saving to ./libcity/cache/W002/model_cache/MCSTWeather_METR_LA_epoch4.tar
2026-04-16 23:08:30,648 - INFO - epoch complete!
2026-04-16 23:08:30,652 - INFO - evaluating now!
2026-04-16 23:08:31,917 - INFO - Epoch [5/300] train_loss: 3.3292, val_loss: 3.2373, lr: 0.000905, 35.62s
2026-04-16 23:08:31,936 - INFO - Saved model at 5
2026-04-16 23:08:31,936 - INFO - Val loss decrease from 3.3425 to 3.2373, saving to ./libcity/cache/W002/model_cache/MCSTWeather_METR_LA_epoch5.tar
2026-04-16 23:09:06,137 - INFO - epoch complete!
2026-04-16 23:09:06,137 - INFO - evaluating now!
2026-04-16 23:09:07,269 - INFO - Epoch [6/300] train_loss: 3.2372, val_loss: 3.1817, lr: 0.000872, 35.33s
2026-04-16 23:09:07,293 - INFO - Saved model at 6
2026-04-16 23:09:07,293 - INFO - Val loss decrease from 3.2373 to 3.1817, saving to ./libcity/cache/W002/model_cache/MCSTWeather_METR_LA_epoch6.tar
2026-04-16 23:09:41,218 - INFO - epoch complete!
2026-04-16 23:09:41,218 - INFO - evaluating now!
2026-04-16 23:09:42,479 - INFO - Epoch [7/300] train_loss: 3.1831, val_loss: 3.1879, lr: 0.000835, 35.19s
2026-04-16 23:10:16,524 - INFO - epoch complete!
2026-04-16 23:10:16,524 - INFO - evaluating now!
2026-04-16 23:10:17,651 - INFO - Epoch [8/300] train_loss: 3.1494, val_loss: 3.1274, lr: 0.000794, 35.17s
2026-04-16 23:10:17,671 - INFO - Saved model at 8
2026-04-16 23:10:17,671 - INFO - Val loss decrease from 3.1817 to 3.1274, saving to ./libcity/cache/W002/model_cache/MCSTWeather_METR_LA_epoch8.tar
2026-04-16 23:10:51,522 - INFO - epoch complete!
2026-04-16 23:10:51,523 - INFO - evaluating now!
2026-04-16 23:10:52,685 - INFO - Epoch [9/300] train_loss: 3.1204, val_loss: 3.1121, lr: 0.000750, 35.01s
2026-04-16 23:10:52,708 - INFO - Saved model at 9
2026-04-16 23:10:52,709 - INFO - Val loss decrease from 3.1274 to 3.1121, saving to ./libcity/cache/W002/model_cache/MCSTWeather_METR_LA_epoch9.tar
2026-04-16 23:11:27,336 - INFO - epoch complete!
2026-04-16 23:11:27,336 - INFO - evaluating now!
2026-04-16 23:11:28,487 - INFO - Epoch [10/300] train_loss: 3.0829, val_loss: 3.0805, lr: 0.000703, 35.78s
2026-04-16 23:11:28,510 - INFO - Saved model at 10
2026-04-16 23:11:28,510 - INFO - Val loss decrease from 3.1121 to 3.0805, saving to ./libcity/cache/W002/model_cache/MCSTWeather_METR_LA_epoch10.tar
2026-04-16 23:12:02,877 - INFO - epoch complete!
2026-04-16 23:12:02,877 - INFO - evaluating now!
2026-04-16 23:12:04,256 - INFO - Epoch [11/300] train_loss: 3.0540, val_loss: 3.0775, lr: 0.000655, 35.75s
2026-04-16 23:12:04,277 - INFO - Saved model at 11
2026-04-16 23:12:04,277 - INFO - Val loss decrease from 3.0805 to 3.0775, saving to ./libcity/cache/W002/model_cache/MCSTWeather_METR_LA_epoch11.tar
2026-04-16 23:12:38,615 - INFO - epoch complete!
2026-04-16 23:12:38,615 - INFO - evaluating now!
2026-04-16 23:12:39,759 - INFO - Epoch [12/300] train_loss: 3.0345, val_loss: 3.0508, lr: 0.000604, 35.48s
2026-04-16 23:12:39,781 - INFO - Saved model at 12
2026-04-16 23:12:39,782 - INFO - Val loss decrease from 3.0775 to 3.0508, saving to ./libcity/cache/W002/model_cache/MCSTWeather_METR_LA_epoch12.tar
2026-04-16 23:13:14,016 - INFO - epoch complete!
2026-04-16 23:13:14,017 - INFO - evaluating now!
2026-04-16 23:13:15,357 - INFO - Epoch [13/300] train_loss: 3.0142, val_loss: 3.0703, lr: 0.000552, 35.57s
2026-04-16 23:13:49,608 - INFO - epoch complete!
2026-04-16 23:13:49,608 - INFO - evaluating now!
2026-04-16 23:13:50,734 - INFO - Epoch [14/300] train_loss: 2.9977, val_loss: 3.0592, lr: 0.000500, 35.37s
2026-04-16 23:14:24,669 - INFO - epoch complete!
2026-04-16 23:14:24,669 - INFO - evaluating now!
2026-04-16 23:14:25,794 - INFO - Epoch [15/300] train_loss: 2.9819, val_loss: 3.0658, lr: 0.000448, 35.06s
2026-04-16 23:14:59,633 - INFO - epoch complete!
2026-04-16 23:14:59,633 - INFO - evaluating now!
2026-04-16 23:15:00,763 - INFO - Epoch [16/300] train_loss: 2.9685, val_loss: 3.0419, lr: 0.000396, 34.97s
2026-04-16 23:15:00,784 - INFO - Saved model at 16
2026-04-16 23:15:00,785 - INFO - Val loss decrease from 3.0508 to 3.0419, saving to ./libcity/cache/W002/model_cache/MCSTWeather_METR_LA_epoch16.tar
2026-04-16 23:15:35,148 - INFO - epoch complete!
2026-04-16 23:15:35,148 - INFO - evaluating now!
2026-04-16 23:15:36,294 - INFO - Epoch [17/300] train_loss: 2.9567, val_loss: 3.0494, lr: 0.000345, 35.51s
2026-04-16 23:16:10,856 - INFO - epoch complete!
2026-04-16 23:16:10,857 - INFO - evaluating now!
2026-04-16 23:16:12,001 - INFO - Epoch [18/300] train_loss: 2.9462, val_loss: 3.0614, lr: 0.000297, 35.71s
2026-04-16 23:16:46,339 - INFO - epoch complete!
2026-04-16 23:16:46,340 - INFO - evaluating now!
2026-04-16 23:16:47,482 - INFO - Epoch [19/300] train_loss: 2.9385, val_loss: 3.0661, lr: 0.000250, 35.48s
2026-04-16 23:17:21,552 - INFO - epoch complete!
2026-04-16 23:17:21,552 - INFO - evaluating now!
2026-04-16 23:17:22,816 - INFO - Epoch [20/300] train_loss: 2.9301, val_loss: 3.0438, lr: 0.000206, 35.33s
2026-04-16 23:17:56,898 - INFO - epoch complete!
2026-04-16 23:17:56,899 - INFO - evaluating now!
2026-04-16 23:17:58,040 - INFO - Epoch [21/300] train_loss: 2.9227, val_loss: 3.0472, lr: 0.000165, 35.22s
2026-04-16 23:18:32,475 - INFO - epoch complete!
2026-04-16 23:18:32,476 - INFO - evaluating now!
2026-04-16 23:18:33,814 - INFO - Epoch [22/300] train_loss: 2.9167, val_loss: 3.0440, lr: 0.000128, 35.77s
2026-04-16 23:19:08,032 - INFO - epoch complete!
2026-04-16 23:19:08,033 - INFO - evaluating now!
2026-04-16 23:19:09,182 - INFO - Epoch [23/300] train_loss: 2.9104, val_loss: 3.0357, lr: 0.000095, 35.37s
2026-04-16 23:19:09,206 - INFO - Saved model at 23
2026-04-16 23:19:09,206 - INFO - Val loss decrease from 3.0419 to 3.0357, saving to ./libcity/cache/W002/model_cache/MCSTWeather_METR_LA_epoch23.tar
2026-04-16 23:19:43,130 - INFO - epoch complete!
2026-04-16 23:19:43,130 - INFO - evaluating now!
2026-04-16 23:19:44,463 - INFO - Epoch [24/300] train_loss: 2.9054, val_loss: 3.0301, lr: 0.000067, 35.26s
2026-04-16 23:19:44,487 - INFO - Saved model at 24
2026-04-16 23:19:44,487 - INFO - Val loss decrease from 3.0357 to 3.0301, saving to ./libcity/cache/W002/model_cache/MCSTWeather_METR_LA_epoch24.tar
2026-04-16 23:20:19,103 - INFO - epoch complete!
2026-04-16 23:20:19,104 - INFO - evaluating now!
2026-04-16 23:20:20,253 - INFO - Epoch [25/300] train_loss: 2.9013, val_loss: 3.0370, lr: 0.000043, 35.77s
2026-04-16 23:20:54,351 - INFO - epoch complete!
2026-04-16 23:20:54,352 - INFO - evaluating now!
2026-04-16 23:20:55,479 - INFO - Epoch [26/300] train_loss: 2.8986, val_loss: 3.0358, lr: 0.000024, 35.23s
2026-04-16 23:21:29,769 - INFO - epoch complete!
2026-04-16 23:21:29,770 - INFO - evaluating now!
2026-04-16 23:21:30,913 - INFO - Epoch [27/300] train_loss: 2.8947, val_loss: 3.0357, lr: 0.000011, 35.43s
2026-04-16 23:22:04,911 - INFO - epoch complete!
2026-04-16 23:22:04,912 - INFO - evaluating now!
2026-04-16 23:22:06,253 - INFO - Epoch [28/300] train_loss: 2.8937, val_loss: 3.0387, lr: 0.000003, 35.34s
2026-04-16 23:22:40,841 - INFO - epoch complete!
2026-04-16 23:22:40,841 - INFO - evaluating now!
2026-04-16 23:22:42,015 - INFO - Epoch [29/300] train_loss: 2.8923, val_loss: 3.0352, lr: 0.000000, 35.76s
