2026-04-27 20:13:26,692 - INFO - Log directory: ./libcity/log
2026-04-27 20:13:26,692 - INFO - Begin pipeline, task=traffic_state_pred, model_name=SimpleMamba, dataset_name=METR_LA, exp_id=Simple001, epoch=0
2026-04-27 20:13:26,692 - INFO - {'task': 'traffic_state_pred', 'model': 'SimpleMamba', 'dataset': 'METR_LA', 'saved_model': True, 'train': True, 'exp_id': 'Simple001', 'seed': 0, 'fusion_mode': 'weighted', 'dataset_class': 'TrafficStatePointDataset', 'executor': 'TrafficStateExecutorOptimized', 'evaluator': 'TrafficStateEvaluator', 'input_window': 12, 'output_window': 12, 'input_embedding_dim': 24, 'tod_embedding_dim': 24, 'dow_embedding_dim': 24, 'spatial_embedding_dim': 16, 'adaptive_embedding_dim': 80, 'd_model': 96, 'd_state': 32, 'd_conv': 4, 'expand': 2, 'dropout': 0.1, 'weather_embed_dim': 64, 'use_weather': True, 'weather_file': None, 'add_time_in_day': True, 'add_day_in_week': True, 'steps_per_day': 288, 'max_epoch': 300, 'batch_size': 128, 'learning_rate': 0.001, 'optimizer': 'adam', 'lr_decay': True, 'lr_scheduler': 'cosineannealinglr', 'patience': 30, 'use_early_stop': True, 'scaler': 'standard', 'load_external': False, 'normal_external': False, 'ext_scaler': 'none', 'timestamp': True, 'cache_dataset': True, 'num_workers': 0, 'pad_with_last_sample': True, 'train_rate': 0.7, 'eval_rate': 0.1, 'robustness_test': False, 'noise_type': 'gaussian', 'disturb_rate': 0.5, 'noise_mean': [5], 'noise_SD': [10], 'gpu': True, 'gpu_id': 0, 'train_loss': 'none', 'epoch': 0, 'learner': 'adam', 'weight_decay': 0.0001, 'lr_epsilon': 1e-08, 'lr_beta1': 0.9, 'lr_beta2': 0.999, 'lr_alpha': 0.99, 'lr_momentum': 0, 'lr_decay_ratio': 0.1, 'steps': [10, 30, 50, 80], 'step_size': 10, 'lr_T_max': 30, 'lr_eta_min': 0, 'lr_patience': 5, 'lr_threshold': 0.0001, 'clip_grad_norm': True, 'max_grad_norm': 5.0, 'log_level': 'INFO', 'log_every': 1, 'load_best_epoch': True, 'hyper_tune': False, 'fp16': True, 'gradient_accumulation_steps': 1, 'metrics': ['MAE', 'MAPE', 'MSE', 'RMSE', 'masked_MAE', 'masked_MAPE', 'masked_MSE', 'masked_RMSE', 'R2', 'EVAR'], 'evaluator_mode': 'single', 'save_mode': ['csv'], 'geo': {'including_types': ['Point'], 'Point': {}}, 'rel': {'including_types': ['geo'], 'geo': {'cost': 'num'}}, 'dyna': {'including_types': ['state'], 'state': {'entity_id': 'geo_id', 'traffic_speed': 'num'}}, 'data_col': ['traffic_speed'], 'weight_col': 'cost', 'data_files': ['METR_LA'], 'geo_file': 'METR_LA', 'rel_file': 'METR_LA', 'output_dim': 1, 'time_intervals': 300, 'init_weight_inf_or_zero': 'inf', 'set_weight_link_or_dist': 'dist', 'calculate_weight_adj': True, 'weight_adj_epsilon': 0.1, 'device': device(type='cuda', index=0)}
2026-04-27 20:13:27,028 - INFO - Loaded file METR_LA.geo, num_nodes=207
2026-04-27 20:13:27,034 - INFO - set_weight_link_or_dist: dist
2026-04-27 20:13:27,034 - INFO - init_weight_inf_or_zero: inf
2026-04-27 20:13:27,049 - INFO - Loaded file METR_LA.rel, shape=(207, 207)
2026-04-27 20:13:27,049 - INFO - Start Calculate the weight by Gauss kernel!
2026-04-27 20:13:27,050 - INFO - Loading ./libcity/cache/dataset_cache/point_based_METR_LA_12_12_0.7_0.1_standard_128_False_True_True_True_timestamp.npz
2026-04-27 20:13:29,210 - INFO - Loaded timestamp info from cache: start_time=2012-03-01T00:00:00.000000000, total_time_steps=34272, time_intervals=300
2026-04-27 20:13:29,210 - INFO - train	x: (23974, 12, 207, 1), y: (23974, 12, 207, 1)
2026-04-27 20:13:29,210 - INFO - eval	x: (3425, 12, 207, 1), y: (3425, 12, 207, 1)
2026-04-27 20:13:29,210 - INFO - test	x: (6850, 12, 207, 1), y: (6850, 12, 207, 1)
2026-04-27 20:13:29,493 - INFO - StandardScaler mean: 54.40592829587626, std: 19.493739270573094
2026-04-27 20:13:29,493 - INFO - NoneScaler
2026-04-27 20:13:33,626 - INFO - Weather data loaded from ./raw_data/METR_LA/weather.csv
2026-04-27 20:13:33,626 - INFO - Weather features: ['temp_range', 'temp_avg', 'apparent_temp_diff', 'humidity_level', 'humidity_change', 'humidity_range', 'wind_gust_ratio', 'wind_avg', 'wind_speed', 'pressure_diff', 'pressure_change', 'pressure_level', 'has_precipitation', 'precipitation_level', 'wind_dir_sin', 'wind_dir_cos', 'weather_phenomena_count', 'has_severe_weather', 'hour', 'hour_sin', 'hour_cos']
2026-04-27 20:13:33,775 - INFO - SimpleMamba model initialized with weather_embed_dim=64
2026-04-27 20:13:34,138 - INFO - SimpleMamba(
  (input_proj): Linear(in_features=0, out_features=24, bias=True)
  (tod_embedding): Embedding(288, 24)
  (dow_embedding): Embedding(7, 24)
  (mamba_input_proj): Linear(in_features=24, out_features=96, bias=True)
  (weather_feature_proj): Sequential(
    (0): Linear(in_features=21, out_features=128, bias=True)
    (1): ReLU()
    (2): Dropout(p=0.1, inplace=False)
    (3): Linear(in_features=128, out_features=64, bias=True)
  )
  (weather_spatial_expand): Linear(in_features=64, out_features=64, bias=True)
  (mamba_block): SimpleMambaWeatherBlock(
    (layer_norm): LayerNorm((96,), eps=1e-05, elementwise_affine=True)
    (mamba_weather): MambaWeatherBlock(
      (in_proj): Linear(in_features=96, out_features=384, bias=False)
      (conv1d): Conv1d(192, 192, kernel_size=(4,), stride=(1,), padding=(3,), groups=192)
      (act): SiLU()
      (x_proj): Linear(in_features=256, out_features=70, bias=False)
      (dt_proj): Linear(in_features=6, out_features=192, bias=True)
      (out_proj): Linear(in_features=192, out_features=96, bias=False)
      (weather_proj): Linear(in_features=64, out_features=64, bias=True)
    )
    (dropout): Dropout(p=0.1, inplace=False)
    (feed_forward): Sequential(
      (0): Linear(in_features=96, out_features=384, bias=True)
      (1): GELU(approximate='none')
      (2): Dropout(p=0.1, inplace=False)
      (3): Linear(in_features=384, out_features=96, bias=True)
    )
    (ff_norm): LayerNorm((96,), eps=1e-05, elementwise_affine=True)
    (ff_dropout): Dropout(p=0.1, inplace=False)
  )
  (temporal_proj): Linear(in_features=12, out_features=12, bias=True)
  (output_proj): Linear(in_features=96, out_features=1, bias=True)
  (final_layer_norm): LayerNorm((96,), eps=1e-05, elementwise_affine=True)
)
2026-04-27 20:13:34,138 - INFO - spatial_embedding	torch.Size([207, 16])	cuda:0	True
2026-04-27 20:13:34,138 - INFO - adaptive_embedding	torch.Size([12, 207, 80])	cuda:0	True
2026-04-27 20:13:34,138 - INFO - input_proj.weight	torch.Size([24, 0])	cuda:0	True
2026-04-27 20:13:34,138 - INFO - input_proj.bias	torch.Size([24])	cuda:0	True
2026-04-27 20:13:34,138 - INFO - tod_embedding.weight	torch.Size([288, 24])	cuda:0	True
2026-04-27 20:13:34,138 - INFO - dow_embedding.weight	torch.Size([7, 24])	cuda:0	True
2026-04-27 20:13:34,138 - INFO - mamba_input_proj.weight	torch.Size([96, 24])	cuda:0	True
2026-04-27 20:13:34,138 - INFO - mamba_input_proj.bias	torch.Size([96])	cuda:0	True
2026-04-27 20:13:34,139 - INFO - weather_feature_proj.0.weight	torch.Size([128, 21])	cuda:0	True
2026-04-27 20:13:34,139 - INFO - weather_feature_proj.0.bias	torch.Size([128])	cuda:0	True
2026-04-27 20:13:34,139 - INFO - weather_feature_proj.3.weight	torch.Size([64, 128])	cuda:0	True
2026-04-27 20:13:34,139 - INFO - weather_feature_proj.3.bias	torch.Size([64])	cuda:0	True
2026-04-27 20:13:34,139 - INFO - weather_spatial_expand.weight	torch.Size([64, 64])	cuda:0	True
2026-04-27 20:13:34,139 - INFO - weather_spatial_expand.bias	torch.Size([64])	cuda:0	True
2026-04-27 20:13:34,139 - INFO - mamba_block.layer_norm.weight	torch.Size([96])	cuda:0	True
2026-04-27 20:13:34,139 - INFO - mamba_block.layer_norm.bias	torch.Size([96])	cuda:0	True
2026-04-27 20:13:34,139 - INFO - mamba_block.mamba_weather.A_log	torch.Size([192, 32])	cuda:0	True
2026-04-27 20:13:34,139 - INFO - mamba_block.mamba_weather.D	torch.Size([192])	cuda:0	True
2026-04-27 20:13:34,139 - INFO - mamba_block.mamba_weather.in_proj.weight	torch.Size([384, 96])	cuda:0	True
2026-04-27 20:13:34,139 - INFO - mamba_block.mamba_weather.conv1d.weight	torch.Size([192, 1, 4])	cuda:0	True
2026-04-27 20:13:34,139 - INFO - mamba_block.mamba_weather.conv1d.bias	torch.Size([192])	cuda:0	True
2026-04-27 20:13:34,139 - INFO - mamba_block.mamba_weather.x_proj.weight	torch.Size([70, 256])	cuda:0	True
2026-04-27 20:13:34,139 - INFO - mamba_block.mamba_weather.dt_proj.weight	torch.Size([192, 6])	cuda:0	True
2026-04-27 20:13:34,139 - INFO - mamba_block.mamba_weather.dt_proj.bias	torch.Size([192])	cuda:0	True
2026-04-27 20:13:34,139 - INFO - mamba_block.mamba_weather.out_proj.weight	torch.Size([96, 192])	cuda:0	True
2026-04-27 20:13:34,139 - INFO - mamba_block.mamba_weather.weather_proj.weight	torch.Size([64, 64])	cuda:0	True
2026-04-27 20:13:34,139 - INFO - mamba_block.mamba_weather.weather_proj.bias	torch.Size([64])	cuda:0	True
2026-04-27 20:13:34,139 - INFO - mamba_block.feed_forward.0.weight	torch.Size([384, 96])	cuda:0	True
2026-04-27 20:13:34,139 - INFO - mamba_block.feed_forward.0.bias	torch.Size([384])	cuda:0	True
2026-04-27 20:13:34,139 - INFO - mamba_block.feed_forward.3.weight	torch.Size([96, 384])	cuda:0	True
2026-04-27 20:13:34,139 - INFO - mamba_block.feed_forward.3.bias	torch.Size([96])	cuda:0	True
2026-04-27 20:13:34,140 - INFO - mamba_block.ff_norm.weight	torch.Size([96])	cuda:0	True
2026-04-27 20:13:34,140 - INFO - mamba_block.ff_norm.bias	torch.Size([96])	cuda:0	True
2026-04-27 20:13:34,140 - INFO - temporal_proj.weight	torch.Size([12, 12])	cuda:0	True
2026-04-27 20:13:34,140 - INFO - temporal_proj.bias	torch.Size([12])	cuda:0	True
2026-04-27 20:13:34,140 - INFO - output_proj.weight	torch.Size([1, 96])	cuda:0	True
2026-04-27 20:13:34,140 - INFO - output_proj.bias	torch.Size([1])	cuda:0	True
2026-04-27 20:13:34,140 - INFO - final_layer_norm.weight	torch.Size([96])	cuda:0	True
2026-04-27 20:13:34,140 - INFO - final_layer_norm.bias	torch.Size([96])	cuda:0	True
2026-04-27 20:13:34,140 - INFO - Total parameter numbers: 387821
2026-04-27 20:13:34,140 - INFO - You select `adam` optimizer.
2026-04-27 20:13:34,140 - INFO - You select `cosineannealinglr` lr_scheduler.
2026-04-27 20:13:34,140 - WARNING - Received none train loss func and will use the loss func defined in the model.
2026-04-27 20:13:34,140 - INFO - Gradient accumulation steps: 1
2026-04-27 20:13:34,140 - INFO - FP16 mixed precision training: True
2026-04-27 20:13:34,140 - INFO - Using torch.cuda.amp.GradScaler for FP16 training
2026-04-27 20:13:34,141 - INFO - Enabled cuDNN benchmark mode
2026-04-27 20:13:34,141 - INFO - Enabled TF32 for faster training on Ampere GPUs
2026-04-27 20:13:34,141 - INFO - Executor 已初始化 GPU 数据预加载功能（PEMSD4 专用）
2026-04-27 20:13:34,141 - INFO - Start training ...
2026-04-27 20:13:34,141 - INFO - num_batches:188
2026-04-27 20:13:34,141 - INFO - 数据集较小，正在预加载 train 数据到 GPU 显存...
2026-04-27 20:13:39,348 - INFO -   已预加载 10 batches...
2026-04-27 20:13:44,587 - INFO -   已预加载 20 batches...
2026-04-27 20:13:49,831 - INFO -   已预加载 30 batches...
2026-04-27 20:13:55,154 - INFO -   已预加载 40 batches...
2026-04-27 20:14:00,670 - INFO -   已预加载 50 batches...
2026-04-27 20:14:06,292 - INFO -   已预加载 60 batches...
2026-04-27 20:14:11,789 - INFO -   已预加载 70 batches...
2026-04-27 20:14:17,029 - INFO -   已预加载 80 batches...
2026-04-27 20:14:22,542 - INFO -   已预加载 90 batches...
2026-04-27 20:14:28,004 - INFO -   已预加载 100 batches...
2026-04-27 20:14:33,471 - INFO -   已预加载 110 batches...
2026-04-27 20:14:38,923 - INFO -   已预加载 120 batches...
2026-04-27 20:14:44,362 - INFO -   已预加载 130 batches...
2026-04-27 20:14:49,805 - INFO -   已预加载 140 batches...
2026-04-27 20:14:55,211 - INFO -   已预加载 150 batches...
2026-04-27 20:15:00,627 - INFO -   已预加载 160 batches...
2026-04-27 20:15:06,042 - INFO -   已预加载 170 batches...
2026-04-27 20:15:11,456 - INFO -   已预加载 180 batches...
2026-04-27 20:15:15,793 - INFO - 预加载完成: 188 batches (101.65s)
2026-04-27 20:15:36,277 - INFO - epoch complete!
2026-04-27 20:15:36,277 - INFO - evaluating now!
2026-04-27 20:15:36,277 - INFO - 数据集较小，正在预加载 valid 数据到 GPU 显存...
2026-04-27 20:15:41,714 - INFO -   已预加载 10 batches...
2026-04-27 20:15:47,161 - INFO -   已预加载 20 batches...
2026-04-27 20:15:50,972 - INFO - 预加载完成: 27 batches (14.69s)
2026-04-27 20:15:51,709 - INFO - Epoch [0/300] train_loss: 8.5984, val_loss: 7.9747, lr: 0.000997, 137.57s
2026-04-27 20:15:51,721 - INFO - Saved model at 0
2026-04-27 20:15:51,721 - INFO - Val loss decrease from inf to 7.9747, saving to ./libcity/cache/Simple001/model_cache/SimpleMamba_METR_LA_epoch0.tar
2026-04-27 20:16:09,560 - INFO - epoch complete!
2026-04-27 20:16:09,560 - INFO - evaluating now!
2026-04-27 20:16:10,305 - INFO - Epoch [1/300] train_loss: 7.8748, val_loss: 7.9487, lr: 0.000989, 18.58s
2026-04-27 20:16:10,315 - INFO - Saved model at 1
2026-04-27 20:16:10,315 - INFO - Val loss decrease from 7.9747 to 7.9487, saving to ./libcity/cache/Simple001/model_cache/SimpleMamba_METR_LA_epoch1.tar
2026-04-27 20:16:28,119 - INFO - epoch complete!
2026-04-27 20:16:28,119 - INFO - evaluating now!
2026-04-27 20:16:28,855 - INFO - Epoch [2/300] train_loss: 7.8669, val_loss: 7.9539, lr: 0.000976, 18.54s
2026-04-27 20:16:46,577 - INFO - epoch complete!
2026-04-27 20:16:46,577 - INFO - evaluating now!
2026-04-27 20:16:47,306 - INFO - Epoch [3/300] train_loss: 7.8627, val_loss: 8.0068, lr: 0.000957, 18.45s
2026-04-27 20:17:05,064 - INFO - epoch complete!
2026-04-27 20:17:05,064 - INFO - evaluating now!
2026-04-27 20:17:05,799 - INFO - Epoch [4/300] train_loss: 7.8591, val_loss: 7.9772, lr: 0.000933, 18.49s
2026-04-27 20:17:23,584 - INFO - epoch complete!
2026-04-27 20:17:23,584 - INFO - evaluating now!
2026-04-27 20:17:24,317 - INFO - Epoch [5/300] train_loss: 7.8539, val_loss: 7.9604, lr: 0.000905, 18.52s
2026-04-27 20:17:42,154 - INFO - epoch complete!
2026-04-27 20:17:42,154 - INFO - evaluating now!
2026-04-27 20:17:42,886 - INFO - Epoch [6/300] train_loss: 7.8509, val_loss: 7.9696, lr: 0.000872, 18.57s
2026-04-27 20:18:00,684 - INFO - epoch complete!
2026-04-27 20:18:00,684 - INFO - evaluating now!
2026-04-27 20:18:01,420 - INFO - Epoch [7/300] train_loss: 7.8485, val_loss: 7.9862, lr: 0.000835, 18.53s
2026-04-27 20:18:19,043 - INFO - epoch complete!
2026-04-27 20:18:19,044 - INFO - evaluating now!
2026-04-27 20:18:19,777 - INFO - Epoch [8/300] train_loss: 7.8467, val_loss: 7.9868, lr: 0.000794, 18.36s
2026-04-27 20:18:37,560 - INFO - epoch complete!
2026-04-27 20:18:37,561 - INFO - evaluating now!
2026-04-27 20:18:38,303 - INFO - Epoch [9/300] train_loss: 7.8448, val_loss: 7.9706, lr: 0.000750, 18.53s
2026-04-27 20:18:56,059 - INFO - epoch complete!
2026-04-27 20:18:56,059 - INFO - evaluating now!
2026-04-27 20:18:56,793 - INFO - Epoch [10/300] train_loss: 7.8438, val_loss: 7.9994, lr: 0.000703, 18.49s
2026-04-27 20:19:14,549 - INFO - epoch complete!
2026-04-27 20:19:14,549 - INFO - evaluating now!
2026-04-27 20:19:15,283 - INFO - Epoch [11/300] train_loss: 7.8426, val_loss: 7.9828, lr: 0.000655, 18.49s
2026-04-27 20:19:33,043 - INFO - epoch complete!
2026-04-27 20:19:33,044 - INFO - evaluating now!
2026-04-27 20:19:33,777 - INFO - Epoch [12/300] train_loss: 7.8417, val_loss: 7.9970, lr: 0.000604, 18.49s
2026-04-27 20:19:51,418 - INFO - epoch complete!
2026-04-27 20:19:51,419 - INFO - evaluating now!
2026-04-27 20:19:52,152 - INFO - Epoch [13/300] train_loss: 7.8408, val_loss: 7.9978, lr: 0.000552, 18.37s
2026-04-27 20:20:09,975 - INFO - epoch complete!
2026-04-27 20:20:09,976 - INFO - evaluating now!
2026-04-27 20:20:10,719 - INFO - Epoch [14/300] train_loss: 7.8402, val_loss: 8.0048, lr: 0.000500, 18.57s
2026-04-27 20:20:28,628 - INFO - epoch complete!
2026-04-27 20:20:28,628 - INFO - evaluating now!
2026-04-27 20:20:29,376 - INFO - Epoch [15/300] train_loss: 7.8395, val_loss: 8.0084, lr: 0.000448, 18.66s
2026-04-27 20:20:47,517 - INFO - epoch complete!
2026-04-27 20:20:47,518 - INFO - evaluating now!
2026-04-27 20:20:48,457 - INFO - Epoch [16/300] train_loss: 7.8390, val_loss: 8.0180, lr: 0.000396, 19.08s
2026-04-27 20:21:06,274 - INFO - epoch complete!
2026-04-27 20:21:06,274 - INFO - evaluating now!
2026-04-27 20:21:07,019 - INFO - Epoch [17/300] train_loss: 7.8387, val_loss: 8.0195, lr: 0.000345, 18.56s
2026-04-27 20:21:24,815 - INFO - epoch complete!
2026-04-27 20:21:24,816 - INFO - evaluating now!
2026-04-27 20:21:25,551 - INFO - Epoch [18/300] train_loss: 7.8386, val_loss: 8.0348, lr: 0.000297, 18.53s
2026-04-27 20:21:43,369 - INFO - epoch complete!
2026-04-27 20:21:43,369 - INFO - evaluating now!
2026-04-27 20:21:44,100 - INFO - Epoch [19/300] train_loss: 7.8387, val_loss: 8.0307, lr: 0.000250, 18.55s
2026-04-27 20:22:01,874 - INFO - epoch complete!
2026-04-27 20:22:01,875 - INFO - evaluating now!
2026-04-27 20:22:02,610 - INFO - Epoch [20/300] train_loss: 7.8385, val_loss: 8.0224, lr: 0.000206, 18.51s
2026-04-27 20:22:20,516 - INFO - epoch complete!
2026-04-27 20:22:20,517 - INFO - evaluating now!
2026-04-27 20:22:21,245 - INFO - Epoch [21/300] train_loss: 7.8379, val_loss: 8.0278, lr: 0.000165, 18.63s
2026-04-27 20:22:38,861 - INFO - epoch complete!
2026-04-27 20:22:38,861 - INFO - evaluating now!
2026-04-27 20:22:39,592 - INFO - Epoch [22/300] train_loss: 7.8373, val_loss: 8.0321, lr: 0.000128, 18.35s
2026-04-27 20:22:57,212 - INFO - epoch complete!
2026-04-27 20:22:57,213 - INFO - evaluating now!
2026-04-27 20:22:57,941 - INFO - Epoch [23/300] train_loss: 7.8372, val_loss: 8.0297, lr: 0.000095, 18.35s
2026-04-27 20:23:15,651 - INFO - epoch complete!
2026-04-27 20:23:15,652 - INFO - evaluating now!
2026-04-27 20:23:16,381 - INFO - Epoch [24/300] train_loss: 7.8369, val_loss: 8.0285, lr: 0.000067, 18.44s
2026-04-27 20:23:34,094 - INFO - epoch complete!
2026-04-27 20:23:34,094 - INFO - evaluating now!
2026-04-27 20:23:34,951 - INFO - Epoch [25/300] train_loss: 7.8366, val_loss: 8.0209, lr: 0.000043, 18.57s
2026-04-27 20:23:52,685 - INFO - epoch complete!
2026-04-27 20:23:52,685 - INFO - evaluating now!
2026-04-27 20:23:53,415 - INFO - Epoch [26/300] train_loss: 7.8364, val_loss: 8.0186, lr: 0.000024, 18.46s
2026-04-27 20:24:11,030 - INFO - epoch complete!
2026-04-27 20:24:11,031 - INFO - evaluating now!
2026-04-27 20:24:11,761 - INFO - Epoch [27/300] train_loss: 7.8360, val_loss: 8.0192, lr: 0.000011, 18.35s
2026-04-27 20:24:29,493 - INFO - epoch complete!
2026-04-27 20:24:29,494 - INFO - evaluating now!
2026-04-27 20:24:30,224 - INFO - Epoch [28/300] train_loss: 7.8357, val_loss: 8.0184, lr: 0.000003, 18.46s
2026-04-27 20:24:47,823 - INFO - epoch complete!
2026-04-27 20:24:47,824 - INFO - evaluating now!
2026-04-27 20:24:48,553 - INFO - Epoch [29/300] train_loss: 7.8357, val_loss: 8.0193, lr: 0.000000, 18.33s
2026-04-27 20:25:06,411 - INFO - epoch complete!
2026-04-27 20:25:06,411 - INFO - evaluating now!
2026-04-27 20:25:07,147 - INFO - Epoch [30/300] train_loss: 7.8356, val_loss: 8.0193, lr: 0.000003, 18.59s
2026-04-27 20:25:25,059 - INFO - epoch complete!
2026-04-27 20:25:25,059 - INFO - evaluating now!
2026-04-27 20:25:25,794 - INFO - Epoch [31/300] train_loss: 7.8357, val_loss: 8.0193, lr: 0.000011, 18.65s
2026-04-27 20:25:25,794 - WARNING - Early stopping at epoch: 31
2026-04-27 20:25:25,794 - INFO - Trained totally 32 epochs, average train time is 21.034s, average eval time is 1.204s
2026-04-27 20:25:25,794 - INFO - Training ended. Best epoch: 1, min val loss: 7.9487
2026-04-27 20:25:25,805 - INFO - 已恢复梯度缩放器状态
2026-04-27 20:25:25,805 - INFO - 已恢复学习率调度器状态 (当前学习率: 0.000989)
2026-04-27 20:25:25,805 - INFO - 已恢复最佳epoch记录: 1
2026-04-27 20:25:25,805 - INFO - 已恢复最小验证损失: 7.9487
2026-04-27 20:25:25,805 - INFO - 已恢复early stopping等待计数: 0
2026-04-27 20:25:25,805 - INFO - Loaded model at 1
2026-04-27 20:25:25,805 - INFO - Saved model at ./libcity/cache/Simple001/model_cache/SimpleMamba_METR_LA.m
2026-04-27 20:25:25,814 - INFO - Start evaluating ...
2026-04-27 20:25:26,334 - ERROR - Error during prediction/scaling for batch 0: 'NoneType' object is not subscriptable
2026-04-27 20:25:26,853 - ERROR - Error during prediction/scaling for batch 1: 'NoneType' object is not subscriptable
2026-04-27 20:25:27,374 - ERROR - Error during prediction/scaling for batch 2: 'NoneType' object is not subscriptable
2026-04-27 20:25:27,890 - ERROR - Error during prediction/scaling for batch 3: 'NoneType' object is not subscriptable
2026-04-27 20:25:28,410 - ERROR - Error during prediction/scaling for batch 4: 'NoneType' object is not subscriptable
2026-04-27 20:25:28,930 - ERROR - Error during prediction/scaling for batch 5: 'NoneType' object is not subscriptable
2026-04-27 20:25:29,451 - ERROR - Error during prediction/scaling for batch 6: 'NoneType' object is not subscriptable
2026-04-27 20:25:29,971 - ERROR - Error during prediction/scaling for batch 7: 'NoneType' object is not subscriptable
2026-04-27 20:25:30,499 - ERROR - Error during prediction/scaling for batch 8: 'NoneType' object is not subscriptable
2026-04-27 20:25:31,043 - ERROR - Error during prediction/scaling for batch 9: 'NoneType' object is not subscriptable
2026-04-27 20:25:31,585 - ERROR - Error during prediction/scaling for batch 10: 'NoneType' object is not subscriptable
2026-04-27 20:25:32,125 - ERROR - Error during prediction/scaling for batch 11: 'NoneType' object is not subscriptable
2026-04-27 20:25:32,664 - ERROR - Error during prediction/scaling for batch 12: 'NoneType' object is not subscriptable
2026-04-27 20:25:33,204 - ERROR - Error during prediction/scaling for batch 13: 'NoneType' object is not subscriptable
2026-04-27 20:25:33,745 - ERROR - Error during prediction/scaling for batch 14: 'NoneType' object is not subscriptable
2026-04-27 20:25:34,288 - ERROR - Error during prediction/scaling for batch 15: 'NoneType' object is not subscriptable
2026-04-27 20:25:34,828 - ERROR - Error during prediction/scaling for batch 16: 'NoneType' object is not subscriptable
2026-04-27 20:25:35,369 - ERROR - Error during prediction/scaling for batch 17: 'NoneType' object is not subscriptable
2026-04-27 20:25:35,909 - ERROR - Error during prediction/scaling for batch 18: 'NoneType' object is not subscriptable
2026-04-27 20:25:36,452 - ERROR - Error during prediction/scaling for batch 19: 'NoneType' object is not subscriptable
2026-04-27 20:25:36,992 - ERROR - Error during prediction/scaling for batch 20: 'NoneType' object is not subscriptable
2026-04-27 20:25:37,655 - ERROR - Error during prediction/scaling for batch 21: 'NoneType' object is not subscriptable
2026-04-27 20:25:38,196 - ERROR - Error during prediction/scaling for batch 22: 'NoneType' object is not subscriptable
2026-04-27 20:25:38,736 - ERROR - Error during prediction/scaling for batch 23: 'NoneType' object is not subscriptable
2026-04-27 20:25:39,275 - ERROR - Error during prediction/scaling for batch 24: 'NoneType' object is not subscriptable
2026-04-27 20:25:39,816 - ERROR - Error during prediction/scaling for batch 25: 'NoneType' object is not subscriptable
2026-04-27 20:25:40,354 - ERROR - Error during prediction/scaling for batch 26: 'NoneType' object is not subscriptable
2026-04-27 20:25:40,896 - ERROR - Error during prediction/scaling for batch 27: 'NoneType' object is not subscriptable
2026-04-27 20:25:41,440 - ERROR - Error during prediction/scaling for batch 28: 'NoneType' object is not subscriptable
2026-04-27 20:25:41,981 - ERROR - Error during prediction/scaling for batch 29: 'NoneType' object is not subscriptable
2026-04-27 20:25:42,521 - ERROR - Error during prediction/scaling for batch 30: 'NoneType' object is not subscriptable
2026-04-27 20:25:43,060 - ERROR - Error during prediction/scaling for batch 31: 'NoneType' object is not subscriptable
2026-04-27 20:25:43,601 - ERROR - Error during prediction/scaling for batch 32: 'NoneType' object is not subscriptable
2026-04-27 20:25:44,143 - ERROR - Error during prediction/scaling for batch 33: 'NoneType' object is not subscriptable
2026-04-27 20:25:44,684 - ERROR - Error during prediction/scaling for batch 34: 'NoneType' object is not subscriptable
2026-04-27 20:25:45,226 - ERROR - Error during prediction/scaling for batch 35: 'NoneType' object is not subscriptable
2026-04-27 20:25:45,767 - ERROR - Error during prediction/scaling for batch 36: 'NoneType' object is not subscriptable
2026-04-27 20:25:46,306 - ERROR - Error during prediction/scaling for batch 37: 'NoneType' object is not subscriptable
2026-04-27 20:25:46,845 - ERROR - Error during prediction/scaling for batch 38: 'NoneType' object is not subscriptable
2026-04-27 20:25:47,386 - ERROR - Error during prediction/scaling for batch 39: 'NoneType' object is not subscriptable
2026-04-27 20:25:47,928 - ERROR - Error during prediction/scaling for batch 40: 'NoneType' object is not subscriptable
2026-04-27 20:25:48,468 - ERROR - Error during prediction/scaling for batch 41: 'NoneType' object is not subscriptable
2026-04-27 20:25:49,009 - ERROR - Error during prediction/scaling for batch 42: 'NoneType' object is not subscriptable
2026-04-27 20:25:49,551 - ERROR - Error during prediction/scaling for batch 43: 'NoneType' object is not subscriptable
2026-04-27 20:25:50,091 - ERROR - Error during prediction/scaling for batch 44: 'NoneType' object is not subscriptable
2026-04-27 20:25:50,634 - ERROR - Error during prediction/scaling for batch 45: 'NoneType' object is not subscriptable
2026-04-27 20:25:51,175 - ERROR - Error during prediction/scaling for batch 46: 'NoneType' object is not subscriptable
2026-04-27 20:25:51,716 - ERROR - Error during prediction/scaling for batch 47: 'NoneType' object is not subscriptable
2026-04-27 20:25:52,254 - ERROR - Error during prediction/scaling for batch 48: 'NoneType' object is not subscriptable
2026-04-27 20:25:52,795 - ERROR - Error during prediction/scaling for batch 49: 'NoneType' object is not subscriptable
2026-04-27 20:25:53,334 - ERROR - Error during prediction/scaling for batch 50: 'NoneType' object is not subscriptable
2026-04-27 20:25:53,874 - ERROR - Error during prediction/scaling for batch 51: 'NoneType' object is not subscriptable
2026-04-27 20:25:54,412 - ERROR - Error during prediction/scaling for batch 52: 'NoneType' object is not subscriptable
2026-04-27 20:25:54,950 - ERROR - Error during prediction/scaling for batch 53: 'NoneType' object is not subscriptable
2026-04-27 20:25:54,950 - WARNING - Prediction/scaling failed for 54/54 batches.
2026-04-27 20:25:54,950 - ERROR - Evaluation failed: No results collected, possibly due to errors in all batches.
2026-04-27 20:25:54,951 - INFO - Copied log file to cache: ./libcity/cache/Simple001/logs/Simple001-SimpleMamba-METR_LA-Apr-27-2026_20-13-26.log
2026-04-27 20:25:54,951 - INFO - Copied log file to cache: ./libcity/cache/Simple001/logs/Simple001-SimpleMamba-METR_LA-Apr-27-2026_19-50-04.log
2026-04-27 20:25:54,951 - INFO - Copied log file to cache: ./libcity/cache/Simple001/logs/Simple001-SimpleMambaWeatherBlock-METR_LA-Apr-27-2026_18-35-46.log
2026-04-27 20:25:54,951 - INFO - Copied log file to cache: ./libcity/cache/Simple001/logs/Simple001-SimpleMambaWeatherBlock-METR_LA-Apr-27-2026_18-31-03.log
2026-04-27 20:25:54,951 - INFO - Copied log file to cache: ./libcity/cache/Simple001/logs/Simple001-SimpleMamba-METR_LA-Apr-27-2026_19-41-59.log
2026-04-27 20:25:54,951 - INFO - Copied log file to cache: ./libcity/cache/Simple001/logs/Simple001-SimpleMamba-METR_LA-Apr-27-2026_19-36-49.log
2026-04-27 20:25:54,952 - INFO - Copied log file to cache: ./libcity/cache/Simple001/logs/Simple001-SimpleMambaWeatherBlock-METR_LA-Apr-27-2026_18-24-45.log
2026-04-27 20:25:54,952 - INFO - Created training summary: ./libcity/cache/Simple001/logs/training_summary.txt
2026-04-27 20:25:56,120 - INFO - Generated visualization: ./libcity/cache/Simple001/logs/loss_curve.png
2026-04-27 20:25:56,120 - INFO - Generated visualization: ./libcity/cache/Simple001/logs/loss_curve_log_scale.png
